[2025-06-05T16:10:27.743+0000] {processor.py:186} INFO - Started process (PID=4599) to work on /opt/airflow/dags/dag_order_process.py
[2025-06-05T16:10:27.745+0000] {processor.py:914} INFO - Processing file /opt/airflow/dags/dag_order_process.py for tasks to queue
[2025-06-05T16:10:27.747+0000] {logging_mixin.py:190} INFO - [2025-06-05T16:10:27.747+0000] {dagbag.py:588} INFO - Filling up the DagBag from /opt/airflow/dags/dag_order_process.py
[2025-06-05T16:10:27.775+0000] {processor.py:925} INFO - DAG(s) 'dag_order_process' retrieved from /opt/airflow/dags/dag_order_process.py
[2025-06-05T16:10:27.811+0000] {logging_mixin.py:190} INFO - [2025-06-05T16:10:27.810+0000] {dag.py:3239} INFO - Sync 1 DAGs
[2025-06-05T16:10:27.838+0000] {logging_mixin.py:190} INFO - [2025-06-05T16:10:27.838+0000] {dag.py:4180} INFO - Setting next_dagrun for dag_order_process to None, run_after=None
[2025-06-05T16:10:27.872+0000] {processor.py:208} INFO - Processing /opt/airflow/dags/dag_order_process.py took 0.138 seconds
[2025-06-05T16:10:58.769+0000] {processor.py:186} INFO - Started process (PID=4664) to work on /opt/airflow/dags/dag_order_process.py
[2025-06-05T16:10:58.771+0000] {processor.py:914} INFO - Processing file /opt/airflow/dags/dag_order_process.py for tasks to queue
[2025-06-05T16:10:58.774+0000] {logging_mixin.py:190} INFO - [2025-06-05T16:10:58.773+0000] {dagbag.py:588} INFO - Filling up the DagBag from /opt/airflow/dags/dag_order_process.py
[2025-06-05T16:10:58.814+0000] {processor.py:925} INFO - DAG(s) 'dag_order_process' retrieved from /opt/airflow/dags/dag_order_process.py
[2025-06-05T16:10:58.843+0000] {logging_mixin.py:190} INFO - [2025-06-05T16:10:58.842+0000] {dag.py:3239} INFO - Sync 1 DAGs
[2025-06-05T16:10:58.868+0000] {logging_mixin.py:190} INFO - [2025-06-05T16:10:58.867+0000] {dag.py:4180} INFO - Setting next_dagrun for dag_order_process to None, run_after=None
[2025-06-05T16:10:58.899+0000] {processor.py:208} INFO - Processing /opt/airflow/dags/dag_order_process.py took 0.140 seconds
[2025-06-05T16:11:29.007+0000] {processor.py:186} INFO - Started process (PID=4729) to work on /opt/airflow/dags/dag_order_process.py
[2025-06-05T16:11:29.009+0000] {processor.py:914} INFO - Processing file /opt/airflow/dags/dag_order_process.py for tasks to queue
[2025-06-05T16:11:29.011+0000] {logging_mixin.py:190} INFO - [2025-06-05T16:11:29.010+0000] {dagbag.py:588} INFO - Filling up the DagBag from /opt/airflow/dags/dag_order_process.py
[2025-06-05T16:11:29.037+0000] {processor.py:925} INFO - DAG(s) 'dag_order_process' retrieved from /opt/airflow/dags/dag_order_process.py
[2025-06-05T16:11:29.067+0000] {logging_mixin.py:190} INFO - [2025-06-05T16:11:29.066+0000] {dag.py:3239} INFO - Sync 1 DAGs
[2025-06-05T16:11:29.090+0000] {logging_mixin.py:190} INFO - [2025-06-05T16:11:29.090+0000] {dag.py:4180} INFO - Setting next_dagrun for dag_order_process to None, run_after=None
[2025-06-05T16:11:29.120+0000] {processor.py:208} INFO - Processing /opt/airflow/dags/dag_order_process.py took 0.125 seconds
[2025-06-05T16:11:59.388+0000] {processor.py:186} INFO - Started process (PID=4794) to work on /opt/airflow/dags/dag_order_process.py
[2025-06-05T16:11:59.390+0000] {processor.py:914} INFO - Processing file /opt/airflow/dags/dag_order_process.py for tasks to queue
[2025-06-05T16:11:59.392+0000] {logging_mixin.py:190} INFO - [2025-06-05T16:11:59.391+0000] {dagbag.py:588} INFO - Filling up the DagBag from /opt/airflow/dags/dag_order_process.py
[2025-06-05T16:11:59.418+0000] {processor.py:925} INFO - DAG(s) 'dag_order_process' retrieved from /opt/airflow/dags/dag_order_process.py
[2025-06-05T16:11:59.448+0000] {logging_mixin.py:190} INFO - [2025-06-05T16:11:59.447+0000] {dag.py:3239} INFO - Sync 1 DAGs
[2025-06-05T16:11:59.471+0000] {logging_mixin.py:190} INFO - [2025-06-05T16:11:59.471+0000] {dag.py:4180} INFO - Setting next_dagrun for dag_order_process to None, run_after=None
[2025-06-05T16:11:59.502+0000] {processor.py:208} INFO - Processing /opt/airflow/dags/dag_order_process.py took 0.126 seconds
[2025-06-05T16:12:30.391+0000] {processor.py:186} INFO - Started process (PID=4859) to work on /opt/airflow/dags/dag_order_process.py
[2025-06-05T16:12:30.393+0000] {processor.py:914} INFO - Processing file /opt/airflow/dags/dag_order_process.py for tasks to queue
[2025-06-05T16:12:30.395+0000] {logging_mixin.py:190} INFO - [2025-06-05T16:12:30.394+0000] {dagbag.py:588} INFO - Filling up the DagBag from /opt/airflow/dags/dag_order_process.py
[2025-06-05T16:12:30.418+0000] {processor.py:925} INFO - DAG(s) 'dag_order_process' retrieved from /opt/airflow/dags/dag_order_process.py
[2025-06-05T16:12:30.448+0000] {logging_mixin.py:190} INFO - [2025-06-05T16:12:30.448+0000] {dag.py:3239} INFO - Sync 1 DAGs
[2025-06-05T16:12:30.474+0000] {logging_mixin.py:190} INFO - [2025-06-05T16:12:30.473+0000] {dag.py:4180} INFO - Setting next_dagrun for dag_order_process to None, run_after=None
[2025-06-05T16:12:30.506+0000] {processor.py:208} INFO - Processing /opt/airflow/dags/dag_order_process.py took 0.124 seconds
[2025-06-05T16:13:00.757+0000] {processor.py:186} INFO - Started process (PID=4924) to work on /opt/airflow/dags/dag_order_process.py
[2025-06-05T16:13:00.758+0000] {processor.py:914} INFO - Processing file /opt/airflow/dags/dag_order_process.py for tasks to queue
[2025-06-05T16:13:00.761+0000] {logging_mixin.py:190} INFO - [2025-06-05T16:13:00.760+0000] {dagbag.py:588} INFO - Filling up the DagBag from /opt/airflow/dags/dag_order_process.py
[2025-06-05T16:13:00.788+0000] {processor.py:925} INFO - DAG(s) 'dag_order_process' retrieved from /opt/airflow/dags/dag_order_process.py
[2025-06-05T16:13:00.819+0000] {logging_mixin.py:190} INFO - [2025-06-05T16:13:00.818+0000] {dag.py:3239} INFO - Sync 1 DAGs
[2025-06-05T16:13:00.845+0000] {logging_mixin.py:190} INFO - [2025-06-05T16:13:00.844+0000] {dag.py:4180} INFO - Setting next_dagrun for dag_order_process to None, run_after=None
[2025-06-05T16:13:00.876+0000] {processor.py:208} INFO - Processing /opt/airflow/dags/dag_order_process.py took 0.129 seconds
[2025-06-05T16:13:31.324+0000] {processor.py:186} INFO - Started process (PID=4989) to work on /opt/airflow/dags/dag_order_process.py
[2025-06-05T16:13:31.326+0000] {processor.py:914} INFO - Processing file /opt/airflow/dags/dag_order_process.py for tasks to queue
[2025-06-05T16:13:31.329+0000] {logging_mixin.py:190} INFO - [2025-06-05T16:13:31.328+0000] {dagbag.py:588} INFO - Filling up the DagBag from /opt/airflow/dags/dag_order_process.py
[2025-06-05T16:13:31.352+0000] {processor.py:925} INFO - DAG(s) 'dag_order_process' retrieved from /opt/airflow/dags/dag_order_process.py
[2025-06-05T16:13:31.382+0000] {logging_mixin.py:190} INFO - [2025-06-05T16:13:31.382+0000] {dag.py:3239} INFO - Sync 1 DAGs
[2025-06-05T16:13:31.406+0000] {logging_mixin.py:190} INFO - [2025-06-05T16:13:31.405+0000] {dag.py:4180} INFO - Setting next_dagrun for dag_order_process to None, run_after=None
[2025-06-05T16:13:31.438+0000] {processor.py:208} INFO - Processing /opt/airflow/dags/dag_order_process.py took 0.123 seconds
[2025-06-05T16:14:02.196+0000] {processor.py:186} INFO - Started process (PID=5054) to work on /opt/airflow/dags/dag_order_process.py
[2025-06-05T16:14:02.197+0000] {processor.py:914} INFO - Processing file /opt/airflow/dags/dag_order_process.py for tasks to queue
[2025-06-05T16:14:02.200+0000] {logging_mixin.py:190} INFO - [2025-06-05T16:14:02.199+0000] {dagbag.py:588} INFO - Filling up the DagBag from /opt/airflow/dags/dag_order_process.py
[2025-06-05T16:14:02.226+0000] {processor.py:925} INFO - DAG(s) 'dag_order_process' retrieved from /opt/airflow/dags/dag_order_process.py
[2025-06-05T16:14:02.259+0000] {logging_mixin.py:190} INFO - [2025-06-05T16:14:02.258+0000] {dag.py:3239} INFO - Sync 1 DAGs
[2025-06-05T16:14:02.285+0000] {logging_mixin.py:190} INFO - [2025-06-05T16:14:02.285+0000] {dag.py:4180} INFO - Setting next_dagrun for dag_order_process to None, run_after=None
[2025-06-05T16:14:02.319+0000] {processor.py:208} INFO - Processing /opt/airflow/dags/dag_order_process.py took 0.133 seconds
[2025-06-05T16:14:43.322+0000] {processor.py:186} INFO - Started process (PID=5119) to work on /opt/airflow/dags/dag_order_process.py
[2025-06-05T16:14:43.324+0000] {processor.py:914} INFO - Processing file /opt/airflow/dags/dag_order_process.py for tasks to queue
[2025-06-05T16:14:43.326+0000] {logging_mixin.py:190} INFO - [2025-06-05T16:14:43.325+0000] {dagbag.py:588} INFO - Filling up the DagBag from /opt/airflow/dags/dag_order_process.py
[2025-06-05T16:14:43.355+0000] {processor.py:925} INFO - DAG(s) 'dag_order_process' retrieved from /opt/airflow/dags/dag_order_process.py
[2025-06-05T16:14:43.391+0000] {logging_mixin.py:190} INFO - [2025-06-05T16:14:43.391+0000] {dag.py:3239} INFO - Sync 1 DAGs
[2025-06-05T16:14:43.426+0000] {logging_mixin.py:190} INFO - [2025-06-05T16:14:43.425+0000] {dag.py:4180} INFO - Setting next_dagrun for dag_order_process to None, run_after=None
[2025-06-05T16:14:43.462+0000] {processor.py:208} INFO - Processing /opt/airflow/dags/dag_order_process.py took 0.150 seconds
[2025-06-05T16:15:13.600+0000] {processor.py:186} INFO - Started process (PID=5184) to work on /opt/airflow/dags/dag_order_process.py
[2025-06-05T16:15:13.602+0000] {processor.py:914} INFO - Processing file /opt/airflow/dags/dag_order_process.py for tasks to queue
[2025-06-05T16:15:13.604+0000] {logging_mixin.py:190} INFO - [2025-06-05T16:15:13.604+0000] {dagbag.py:588} INFO - Filling up the DagBag from /opt/airflow/dags/dag_order_process.py
[2025-06-05T16:15:13.629+0000] {processor.py:925} INFO - DAG(s) 'dag_order_process' retrieved from /opt/airflow/dags/dag_order_process.py
[2025-06-05T16:15:13.660+0000] {logging_mixin.py:190} INFO - [2025-06-05T16:15:13.660+0000] {dag.py:3239} INFO - Sync 1 DAGs
[2025-06-05T16:15:13.684+0000] {logging_mixin.py:190} INFO - [2025-06-05T16:15:13.684+0000] {dag.py:4180} INFO - Setting next_dagrun for dag_order_process to None, run_after=None
[2025-06-05T16:15:13.715+0000] {processor.py:208} INFO - Processing /opt/airflow/dags/dag_order_process.py took 0.127 seconds
[2025-06-05T16:15:43.943+0000] {processor.py:186} INFO - Started process (PID=5249) to work on /opt/airflow/dags/dag_order_process.py
[2025-06-05T16:15:43.945+0000] {processor.py:914} INFO - Processing file /opt/airflow/dags/dag_order_process.py for tasks to queue
[2025-06-05T16:15:43.948+0000] {logging_mixin.py:190} INFO - [2025-06-05T16:15:43.948+0000] {dagbag.py:588} INFO - Filling up the DagBag from /opt/airflow/dags/dag_order_process.py
[2025-06-05T16:15:43.982+0000] {processor.py:925} INFO - DAG(s) 'dag_order_process' retrieved from /opt/airflow/dags/dag_order_process.py
[2025-06-05T16:15:44.045+0000] {logging_mixin.py:190} INFO - [2025-06-05T16:15:44.044+0000] {dag.py:3239} INFO - Sync 1 DAGs
[2025-06-05T16:15:44.080+0000] {logging_mixin.py:190} INFO - [2025-06-05T16:15:44.079+0000] {dag.py:4180} INFO - Setting next_dagrun for dag_order_process to None, run_after=None
[2025-06-05T16:15:44.113+0000] {processor.py:208} INFO - Processing /opt/airflow/dags/dag_order_process.py took 0.179 seconds
