[2025-06-05T16:10:32.022+0000] {processor.py:186} INFO - Started process (PID=4619) to work on /home/airflow/.local/lib/python3.12/site-packages/airflow/example_dags/example_bash_operator.py
[2025-06-05T16:10:32.024+0000] {processor.py:914} INFO - Processing file /home/airflow/.local/lib/python3.12/site-packages/airflow/example_dags/example_bash_operator.py for tasks to queue
[2025-06-05T16:10:32.026+0000] {logging_mixin.py:190} INFO - [2025-06-05T16:10:32.026+0000] {dagbag.py:588} INFO - Filling up the DagBag from /home/airflow/.local/lib/python3.12/site-packages/airflow/example_dags/example_bash_operator.py
[2025-06-05T16:10:32.052+0000] {processor.py:925} INFO - DAG(s) 'example_bash_operator' retrieved from /home/airflow/.local/lib/python3.12/site-packages/airflow/example_dags/example_bash_operator.py
[2025-06-05T16:10:32.102+0000] {logging_mixin.py:190} INFO - [2025-06-05T16:10:32.101+0000] {dag.py:3239} INFO - Sync 1 DAGs
[2025-06-05T16:10:32.367+0000] {logging_mixin.py:190} INFO - [2025-06-05T16:10:32.367+0000] {dag.py:4180} INFO - Setting next_dagrun for example_bash_operator to 2025-06-04 00:00:00+00:00, run_after=2025-06-05 00:00:00+00:00
[2025-06-05T16:10:32.398+0000] {processor.py:208} INFO - Processing /home/airflow/.local/lib/python3.12/site-packages/airflow/example_dags/example_bash_operator.py took 0.386 seconds
[2025-06-05T16:11:02.742+0000] {processor.py:186} INFO - Started process (PID=4684) to work on /home/airflow/.local/lib/python3.12/site-packages/airflow/example_dags/example_bash_operator.py
[2025-06-05T16:11:02.743+0000] {processor.py:914} INFO - Processing file /home/airflow/.local/lib/python3.12/site-packages/airflow/example_dags/example_bash_operator.py for tasks to queue
[2025-06-05T16:11:02.746+0000] {logging_mixin.py:190} INFO - [2025-06-05T16:11:02.745+0000] {dagbag.py:588} INFO - Filling up the DagBag from /home/airflow/.local/lib/python3.12/site-packages/airflow/example_dags/example_bash_operator.py
[2025-06-05T16:11:02.768+0000] {processor.py:925} INFO - DAG(s) 'example_bash_operator' retrieved from /home/airflow/.local/lib/python3.12/site-packages/airflow/example_dags/example_bash_operator.py
[2025-06-05T16:11:02.814+0000] {logging_mixin.py:190} INFO - [2025-06-05T16:11:02.813+0000] {dag.py:3239} INFO - Sync 1 DAGs
[2025-06-05T16:11:03.078+0000] {logging_mixin.py:190} INFO - [2025-06-05T16:11:03.078+0000] {dag.py:4180} INFO - Setting next_dagrun for example_bash_operator to 2025-06-04 00:00:00+00:00, run_after=2025-06-05 00:00:00+00:00
[2025-06-05T16:11:03.109+0000] {processor.py:208} INFO - Processing /home/airflow/.local/lib/python3.12/site-packages/airflow/example_dags/example_bash_operator.py took 0.377 seconds
[2025-06-05T16:11:33.625+0000] {processor.py:186} INFO - Started process (PID=4749) to work on /home/airflow/.local/lib/python3.12/site-packages/airflow/example_dags/example_bash_operator.py
[2025-06-05T16:11:33.626+0000] {processor.py:914} INFO - Processing file /home/airflow/.local/lib/python3.12/site-packages/airflow/example_dags/example_bash_operator.py for tasks to queue
[2025-06-05T16:11:33.628+0000] {logging_mixin.py:190} INFO - [2025-06-05T16:11:33.628+0000] {dagbag.py:588} INFO - Filling up the DagBag from /home/airflow/.local/lib/python3.12/site-packages/airflow/example_dags/example_bash_operator.py
[2025-06-05T16:11:33.651+0000] {processor.py:925} INFO - DAG(s) 'example_bash_operator' retrieved from /home/airflow/.local/lib/python3.12/site-packages/airflow/example_dags/example_bash_operator.py
[2025-06-05T16:11:33.692+0000] {logging_mixin.py:190} INFO - [2025-06-05T16:11:33.691+0000] {dag.py:3239} INFO - Sync 1 DAGs
[2025-06-05T16:11:33.729+0000] {logging_mixin.py:190} INFO - [2025-06-05T16:11:33.729+0000] {dag.py:4180} INFO - Setting next_dagrun for example_bash_operator to 2025-06-04 00:00:00+00:00, run_after=2025-06-05 00:00:00+00:00
[2025-06-05T16:11:33.764+0000] {processor.py:208} INFO - Processing /home/airflow/.local/lib/python3.12/site-packages/airflow/example_dags/example_bash_operator.py took 0.149 seconds
[2025-06-05T16:12:04.272+0000] {processor.py:186} INFO - Started process (PID=4814) to work on /home/airflow/.local/lib/python3.12/site-packages/airflow/example_dags/example_bash_operator.py
[2025-06-05T16:12:04.274+0000] {processor.py:914} INFO - Processing file /home/airflow/.local/lib/python3.12/site-packages/airflow/example_dags/example_bash_operator.py for tasks to queue
[2025-06-05T16:12:04.276+0000] {logging_mixin.py:190} INFO - [2025-06-05T16:12:04.276+0000] {dagbag.py:588} INFO - Filling up the DagBag from /home/airflow/.local/lib/python3.12/site-packages/airflow/example_dags/example_bash_operator.py
[2025-06-05T16:12:04.299+0000] {processor.py:925} INFO - DAG(s) 'example_bash_operator' retrieved from /home/airflow/.local/lib/python3.12/site-packages/airflow/example_dags/example_bash_operator.py
[2025-06-05T16:12:04.343+0000] {logging_mixin.py:190} INFO - [2025-06-05T16:12:04.343+0000] {dag.py:3239} INFO - Sync 1 DAGs
[2025-06-05T16:12:04.382+0000] {logging_mixin.py:190} INFO - [2025-06-05T16:12:04.381+0000] {dag.py:4180} INFO - Setting next_dagrun for example_bash_operator to 2025-06-04 00:00:00+00:00, run_after=2025-06-05 00:00:00+00:00
[2025-06-05T16:12:04.415+0000] {processor.py:208} INFO - Processing /home/airflow/.local/lib/python3.12/site-packages/airflow/example_dags/example_bash_operator.py took 0.153 seconds
[2025-06-05T16:12:34.984+0000] {processor.py:186} INFO - Started process (PID=4879) to work on /home/airflow/.local/lib/python3.12/site-packages/airflow/example_dags/example_bash_operator.py
[2025-06-05T16:12:34.985+0000] {processor.py:914} INFO - Processing file /home/airflow/.local/lib/python3.12/site-packages/airflow/example_dags/example_bash_operator.py for tasks to queue
[2025-06-05T16:12:34.988+0000] {logging_mixin.py:190} INFO - [2025-06-05T16:12:34.987+0000] {dagbag.py:588} INFO - Filling up the DagBag from /home/airflow/.local/lib/python3.12/site-packages/airflow/example_dags/example_bash_operator.py
[2025-06-05T16:12:35.012+0000] {processor.py:925} INFO - DAG(s) 'example_bash_operator' retrieved from /home/airflow/.local/lib/python3.12/site-packages/airflow/example_dags/example_bash_operator.py
[2025-06-05T16:12:35.057+0000] {logging_mixin.py:190} INFO - [2025-06-05T16:12:35.057+0000] {dag.py:3239} INFO - Sync 1 DAGs
[2025-06-05T16:12:35.096+0000] {logging_mixin.py:190} INFO - [2025-06-05T16:12:35.096+0000] {dag.py:4180} INFO - Setting next_dagrun for example_bash_operator to 2025-06-04 00:00:00+00:00, run_after=2025-06-05 00:00:00+00:00
[2025-06-05T16:12:35.139+0000] {processor.py:208} INFO - Processing /home/airflow/.local/lib/python3.12/site-packages/airflow/example_dags/example_bash_operator.py took 0.167 seconds
[2025-06-05T16:13:05.383+0000] {processor.py:186} INFO - Started process (PID=4944) to work on /home/airflow/.local/lib/python3.12/site-packages/airflow/example_dags/example_bash_operator.py
[2025-06-05T16:13:05.385+0000] {processor.py:914} INFO - Processing file /home/airflow/.local/lib/python3.12/site-packages/airflow/example_dags/example_bash_operator.py for tasks to queue
[2025-06-05T16:13:05.387+0000] {logging_mixin.py:190} INFO - [2025-06-05T16:13:05.386+0000] {dagbag.py:588} INFO - Filling up the DagBag from /home/airflow/.local/lib/python3.12/site-packages/airflow/example_dags/example_bash_operator.py
[2025-06-05T16:13:05.408+0000] {processor.py:925} INFO - DAG(s) 'example_bash_operator' retrieved from /home/airflow/.local/lib/python3.12/site-packages/airflow/example_dags/example_bash_operator.py
[2025-06-05T16:13:05.452+0000] {logging_mixin.py:190} INFO - [2025-06-05T16:13:05.452+0000] {dag.py:3239} INFO - Sync 1 DAGs
[2025-06-05T16:13:05.490+0000] {logging_mixin.py:190} INFO - [2025-06-05T16:13:05.490+0000] {dag.py:4180} INFO - Setting next_dagrun for example_bash_operator to 2025-06-04 00:00:00+00:00, run_after=2025-06-05 00:00:00+00:00
[2025-06-05T16:13:05.519+0000] {processor.py:208} INFO - Processing /home/airflow/.local/lib/python3.12/site-packages/airflow/example_dags/example_bash_operator.py took 0.145 seconds
[2025-06-05T16:13:35.972+0000] {processor.py:186} INFO - Started process (PID=5009) to work on /home/airflow/.local/lib/python3.12/site-packages/airflow/example_dags/example_bash_operator.py
[2025-06-05T16:13:35.974+0000] {processor.py:914} INFO - Processing file /home/airflow/.local/lib/python3.12/site-packages/airflow/example_dags/example_bash_operator.py for tasks to queue
[2025-06-05T16:13:35.976+0000] {logging_mixin.py:190} INFO - [2025-06-05T16:13:35.975+0000] {dagbag.py:588} INFO - Filling up the DagBag from /home/airflow/.local/lib/python3.12/site-packages/airflow/example_dags/example_bash_operator.py
[2025-06-05T16:13:35.999+0000] {processor.py:925} INFO - DAG(s) 'example_bash_operator' retrieved from /home/airflow/.local/lib/python3.12/site-packages/airflow/example_dags/example_bash_operator.py
[2025-06-05T16:13:36.043+0000] {logging_mixin.py:190} INFO - [2025-06-05T16:13:36.043+0000] {dag.py:3239} INFO - Sync 1 DAGs
[2025-06-05T16:13:36.084+0000] {logging_mixin.py:190} INFO - [2025-06-05T16:13:36.083+0000] {dag.py:4180} INFO - Setting next_dagrun for example_bash_operator to 2025-06-04 00:00:00+00:00, run_after=2025-06-05 00:00:00+00:00
[2025-06-05T16:13:36.113+0000] {processor.py:208} INFO - Processing /home/airflow/.local/lib/python3.12/site-packages/airflow/example_dags/example_bash_operator.py took 0.151 seconds
[2025-06-05T16:14:06.837+0000] {processor.py:186} INFO - Started process (PID=5074) to work on /home/airflow/.local/lib/python3.12/site-packages/airflow/example_dags/example_bash_operator.py
[2025-06-05T16:14:06.839+0000] {processor.py:914} INFO - Processing file /home/airflow/.local/lib/python3.12/site-packages/airflow/example_dags/example_bash_operator.py for tasks to queue
[2025-06-05T16:14:06.841+0000] {logging_mixin.py:190} INFO - [2025-06-05T16:14:06.840+0000] {dagbag.py:588} INFO - Filling up the DagBag from /home/airflow/.local/lib/python3.12/site-packages/airflow/example_dags/example_bash_operator.py
[2025-06-05T16:14:06.863+0000] {processor.py:925} INFO - DAG(s) 'example_bash_operator' retrieved from /home/airflow/.local/lib/python3.12/site-packages/airflow/example_dags/example_bash_operator.py
[2025-06-05T16:14:06.905+0000] {logging_mixin.py:190} INFO - [2025-06-05T16:14:06.905+0000] {dag.py:3239} INFO - Sync 1 DAGs
[2025-06-05T16:14:06.944+0000] {logging_mixin.py:190} INFO - [2025-06-05T16:14:06.944+0000] {dag.py:4180} INFO - Setting next_dagrun for example_bash_operator to 2025-06-04 00:00:00+00:00, run_after=2025-06-05 00:00:00+00:00
[2025-06-05T16:14:06.974+0000] {processor.py:208} INFO - Processing /home/airflow/.local/lib/python3.12/site-packages/airflow/example_dags/example_bash_operator.py took 0.147 seconds
[2025-06-05T16:14:45.198+0000] {processor.py:186} INFO - Started process (PID=5139) to work on /home/airflow/.local/lib/python3.12/site-packages/airflow/example_dags/example_bash_operator.py
[2025-06-05T16:14:45.200+0000] {processor.py:914} INFO - Processing file /home/airflow/.local/lib/python3.12/site-packages/airflow/example_dags/example_bash_operator.py for tasks to queue
[2025-06-05T16:14:45.205+0000] {logging_mixin.py:190} INFO - [2025-06-05T16:14:45.204+0000] {dagbag.py:588} INFO - Filling up the DagBag from /home/airflow/.local/lib/python3.12/site-packages/airflow/example_dags/example_bash_operator.py
[2025-06-05T16:14:45.247+0000] {processor.py:925} INFO - DAG(s) 'example_bash_operator' retrieved from /home/airflow/.local/lib/python3.12/site-packages/airflow/example_dags/example_bash_operator.py
[2025-06-05T16:14:45.320+0000] {logging_mixin.py:190} INFO - [2025-06-05T16:14:45.319+0000] {dag.py:3239} INFO - Sync 1 DAGs
[2025-06-05T16:14:45.370+0000] {logging_mixin.py:190} INFO - [2025-06-05T16:14:45.369+0000] {dag.py:4180} INFO - Setting next_dagrun for example_bash_operator to 2025-06-04 00:00:00+00:00, run_after=2025-06-05 00:00:00+00:00
[2025-06-05T16:14:45.398+0000] {processor.py:208} INFO - Processing /home/airflow/.local/lib/python3.12/site-packages/airflow/example_dags/example_bash_operator.py took 0.212 seconds
[2025-06-05T16:15:15.686+0000] {processor.py:186} INFO - Started process (PID=5204) to work on /home/airflow/.local/lib/python3.12/site-packages/airflow/example_dags/example_bash_operator.py
[2025-06-05T16:15:15.688+0000] {processor.py:914} INFO - Processing file /home/airflow/.local/lib/python3.12/site-packages/airflow/example_dags/example_bash_operator.py for tasks to queue
[2025-06-05T16:15:15.690+0000] {logging_mixin.py:190} INFO - [2025-06-05T16:15:15.689+0000] {dagbag.py:588} INFO - Filling up the DagBag from /home/airflow/.local/lib/python3.12/site-packages/airflow/example_dags/example_bash_operator.py
[2025-06-05T16:15:15.714+0000] {processor.py:925} INFO - DAG(s) 'example_bash_operator' retrieved from /home/airflow/.local/lib/python3.12/site-packages/airflow/example_dags/example_bash_operator.py
[2025-06-05T16:15:15.757+0000] {logging_mixin.py:190} INFO - [2025-06-05T16:15:15.757+0000] {dag.py:3239} INFO - Sync 1 DAGs
[2025-06-05T16:15:15.798+0000] {logging_mixin.py:190} INFO - [2025-06-05T16:15:15.798+0000] {dag.py:4180} INFO - Setting next_dagrun for example_bash_operator to 2025-06-04 00:00:00+00:00, run_after=2025-06-05 00:00:00+00:00
[2025-06-05T16:15:15.831+0000] {processor.py:208} INFO - Processing /home/airflow/.local/lib/python3.12/site-packages/airflow/example_dags/example_bash_operator.py took 0.155 seconds
[2025-06-05T16:15:46.079+0000] {processor.py:186} INFO - Started process (PID=5269) to work on /home/airflow/.local/lib/python3.12/site-packages/airflow/example_dags/example_bash_operator.py
[2025-06-05T16:15:46.080+0000] {processor.py:914} INFO - Processing file /home/airflow/.local/lib/python3.12/site-packages/airflow/example_dags/example_bash_operator.py for tasks to queue
[2025-06-05T16:15:46.083+0000] {logging_mixin.py:190} INFO - [2025-06-05T16:15:46.082+0000] {dagbag.py:588} INFO - Filling up the DagBag from /home/airflow/.local/lib/python3.12/site-packages/airflow/example_dags/example_bash_operator.py
[2025-06-05T16:15:46.106+0000] {processor.py:925} INFO - DAG(s) 'example_bash_operator' retrieved from /home/airflow/.local/lib/python3.12/site-packages/airflow/example_dags/example_bash_operator.py
[2025-06-05T16:15:46.152+0000] {logging_mixin.py:190} INFO - [2025-06-05T16:15:46.151+0000] {dag.py:3239} INFO - Sync 1 DAGs
[2025-06-05T16:15:46.192+0000] {logging_mixin.py:190} INFO - [2025-06-05T16:15:46.192+0000] {dag.py:4180} INFO - Setting next_dagrun for example_bash_operator to 2025-06-04 00:00:00+00:00, run_after=2025-06-05 00:00:00+00:00
[2025-06-05T16:15:46.221+0000] {processor.py:208} INFO - Processing /home/airflow/.local/lib/python3.12/site-packages/airflow/example_dags/example_bash_operator.py took 0.153 seconds
