[2025-06-05T16:10:37.670+0000] {processor.py:186} INFO - Started process (PID=4640) to work on /home/airflow/.local/lib/python3.12/site-packages/airflow/example_dags/example_dynamic_task_mapping.py
[2025-06-05T16:10:37.672+0000] {processor.py:914} INFO - Processing file /home/airflow/.local/lib/python3.12/site-packages/airflow/example_dags/example_dynamic_task_mapping.py for tasks to queue
[2025-06-05T16:10:37.674+0000] {logging_mixin.py:190} INFO - [2025-06-05T16:10:37.674+0000] {dagbag.py:588} INFO - Filling up the DagBag from /home/airflow/.local/lib/python3.12/site-packages/airflow/example_dags/example_dynamic_task_mapping.py
[2025-06-05T16:10:37.691+0000] {processor.py:925} INFO - DAG(s) 'example_dynamic_task_mapping' retrieved from /home/airflow/.local/lib/python3.12/site-packages/airflow/example_dags/example_dynamic_task_mapping.py
[2025-06-05T16:10:37.724+0000] {logging_mixin.py:190} INFO - [2025-06-05T16:10:37.723+0000] {dag.py:3239} INFO - Sync 1 DAGs
[2025-06-05T16:10:37.752+0000] {logging_mixin.py:190} INFO - [2025-06-05T16:10:37.751+0000] {dag.py:4180} INFO - Setting next_dagrun for example_dynamic_task_mapping to None, run_after=None
[2025-06-05T16:10:37.796+0000] {processor.py:208} INFO - Processing /home/airflow/.local/lib/python3.12/site-packages/airflow/example_dags/example_dynamic_task_mapping.py took 0.136 seconds
[2025-06-05T16:11:10.011+0000] {processor.py:186} INFO - Started process (PID=4705) to work on /home/airflow/.local/lib/python3.12/site-packages/airflow/example_dags/example_dynamic_task_mapping.py
[2025-06-05T16:11:10.013+0000] {processor.py:914} INFO - Processing file /home/airflow/.local/lib/python3.12/site-packages/airflow/example_dags/example_dynamic_task_mapping.py for tasks to queue
[2025-06-05T16:11:10.015+0000] {logging_mixin.py:190} INFO - [2025-06-05T16:11:10.015+0000] {dagbag.py:588} INFO - Filling up the DagBag from /home/airflow/.local/lib/python3.12/site-packages/airflow/example_dags/example_dynamic_task_mapping.py
[2025-06-05T16:11:10.033+0000] {processor.py:925} INFO - DAG(s) 'example_dynamic_task_mapping' retrieved from /home/airflow/.local/lib/python3.12/site-packages/airflow/example_dags/example_dynamic_task_mapping.py
[2025-06-05T16:11:10.066+0000] {logging_mixin.py:190} INFO - [2025-06-05T16:11:10.066+0000] {dag.py:3239} INFO - Sync 1 DAGs
[2025-06-05T16:11:10.338+0000] {logging_mixin.py:190} INFO - [2025-06-05T16:11:10.337+0000] {dag.py:4180} INFO - Setting next_dagrun for example_dynamic_task_mapping to None, run_after=None
[2025-06-05T16:11:10.366+0000] {processor.py:208} INFO - Processing /home/airflow/.local/lib/python3.12/site-packages/airflow/example_dags/example_dynamic_task_mapping.py took 0.366 seconds
[2025-06-05T16:11:40.892+0000] {processor.py:186} INFO - Started process (PID=4770) to work on /home/airflow/.local/lib/python3.12/site-packages/airflow/example_dags/example_dynamic_task_mapping.py
[2025-06-05T16:11:40.894+0000] {processor.py:914} INFO - Processing file /home/airflow/.local/lib/python3.12/site-packages/airflow/example_dags/example_dynamic_task_mapping.py for tasks to queue
[2025-06-05T16:11:40.896+0000] {logging_mixin.py:190} INFO - [2025-06-05T16:11:40.895+0000] {dagbag.py:588} INFO - Filling up the DagBag from /home/airflow/.local/lib/python3.12/site-packages/airflow/example_dags/example_dynamic_task_mapping.py
[2025-06-05T16:11:40.911+0000] {processor.py:925} INFO - DAG(s) 'example_dynamic_task_mapping' retrieved from /home/airflow/.local/lib/python3.12/site-packages/airflow/example_dags/example_dynamic_task_mapping.py
[2025-06-05T16:11:40.943+0000] {logging_mixin.py:190} INFO - [2025-06-05T16:11:40.943+0000] {dag.py:3239} INFO - Sync 1 DAGs
[2025-06-05T16:11:40.966+0000] {logging_mixin.py:190} INFO - [2025-06-05T16:11:40.966+0000] {dag.py:4180} INFO - Setting next_dagrun for example_dynamic_task_mapping to None, run_after=None
[2025-06-05T16:11:40.997+0000] {processor.py:208} INFO - Processing /home/airflow/.local/lib/python3.12/site-packages/airflow/example_dags/example_dynamic_task_mapping.py took 0.114 seconds
[2025-06-05T16:12:11.066+0000] {processor.py:186} INFO - Started process (PID=4834) to work on /home/airflow/.local/lib/python3.12/site-packages/airflow/example_dags/example_dynamic_task_mapping.py
[2025-06-05T16:12:11.067+0000] {processor.py:914} INFO - Processing file /home/airflow/.local/lib/python3.12/site-packages/airflow/example_dags/example_dynamic_task_mapping.py for tasks to queue
[2025-06-05T16:12:11.070+0000] {logging_mixin.py:190} INFO - [2025-06-05T16:12:11.069+0000] {dagbag.py:588} INFO - Filling up the DagBag from /home/airflow/.local/lib/python3.12/site-packages/airflow/example_dags/example_dynamic_task_mapping.py
[2025-06-05T16:12:11.085+0000] {processor.py:925} INFO - DAG(s) 'example_dynamic_task_mapping' retrieved from /home/airflow/.local/lib/python3.12/site-packages/airflow/example_dags/example_dynamic_task_mapping.py
[2025-06-05T16:12:11.113+0000] {logging_mixin.py:190} INFO - [2025-06-05T16:12:11.113+0000] {dag.py:3239} INFO - Sync 1 DAGs
[2025-06-05T16:12:11.136+0000] {logging_mixin.py:190} INFO - [2025-06-05T16:12:11.135+0000] {dag.py:4180} INFO - Setting next_dagrun for example_dynamic_task_mapping to None, run_after=None
[2025-06-05T16:12:11.165+0000] {processor.py:208} INFO - Processing /home/airflow/.local/lib/python3.12/site-packages/airflow/example_dags/example_dynamic_task_mapping.py took 0.109 seconds
[2025-06-05T16:12:41.790+0000] {processor.py:186} INFO - Started process (PID=4899) to work on /home/airflow/.local/lib/python3.12/site-packages/airflow/example_dags/example_dynamic_task_mapping.py
[2025-06-05T16:12:41.792+0000] {processor.py:914} INFO - Processing file /home/airflow/.local/lib/python3.12/site-packages/airflow/example_dags/example_dynamic_task_mapping.py for tasks to queue
[2025-06-05T16:12:41.794+0000] {logging_mixin.py:190} INFO - [2025-06-05T16:12:41.793+0000] {dagbag.py:588} INFO - Filling up the DagBag from /home/airflow/.local/lib/python3.12/site-packages/airflow/example_dags/example_dynamic_task_mapping.py
[2025-06-05T16:12:41.810+0000] {processor.py:925} INFO - DAG(s) 'example_dynamic_task_mapping' retrieved from /home/airflow/.local/lib/python3.12/site-packages/airflow/example_dags/example_dynamic_task_mapping.py
[2025-06-05T16:12:41.843+0000] {logging_mixin.py:190} INFO - [2025-06-05T16:12:41.842+0000] {dag.py:3239} INFO - Sync 1 DAGs
[2025-06-05T16:12:41.865+0000] {logging_mixin.py:190} INFO - [2025-06-05T16:12:41.865+0000] {dag.py:4180} INFO - Setting next_dagrun for example_dynamic_task_mapping to None, run_after=None
[2025-06-05T16:12:41.896+0000] {processor.py:208} INFO - Processing /home/airflow/.local/lib/python3.12/site-packages/airflow/example_dags/example_dynamic_task_mapping.py took 0.116 seconds
[2025-06-05T16:13:12.166+0000] {processor.py:186} INFO - Started process (PID=4964) to work on /home/airflow/.local/lib/python3.12/site-packages/airflow/example_dags/example_dynamic_task_mapping.py
[2025-06-05T16:13:12.168+0000] {processor.py:914} INFO - Processing file /home/airflow/.local/lib/python3.12/site-packages/airflow/example_dags/example_dynamic_task_mapping.py for tasks to queue
[2025-06-05T16:13:12.170+0000] {logging_mixin.py:190} INFO - [2025-06-05T16:13:12.170+0000] {dagbag.py:588} INFO - Filling up the DagBag from /home/airflow/.local/lib/python3.12/site-packages/airflow/example_dags/example_dynamic_task_mapping.py
[2025-06-05T16:13:12.186+0000] {processor.py:925} INFO - DAG(s) 'example_dynamic_task_mapping' retrieved from /home/airflow/.local/lib/python3.12/site-packages/airflow/example_dags/example_dynamic_task_mapping.py
[2025-06-05T16:13:12.216+0000] {logging_mixin.py:190} INFO - [2025-06-05T16:13:12.216+0000] {dag.py:3239} INFO - Sync 1 DAGs
[2025-06-05T16:13:12.239+0000] {logging_mixin.py:190} INFO - [2025-06-05T16:13:12.239+0000] {dag.py:4180} INFO - Setting next_dagrun for example_dynamic_task_mapping to None, run_after=None
[2025-06-05T16:13:12.268+0000] {processor.py:208} INFO - Processing /home/airflow/.local/lib/python3.12/site-packages/airflow/example_dags/example_dynamic_task_mapping.py took 0.112 seconds
[2025-06-05T16:13:42.978+0000] {processor.py:186} INFO - Started process (PID=5029) to work on /home/airflow/.local/lib/python3.12/site-packages/airflow/example_dags/example_dynamic_task_mapping.py
[2025-06-05T16:13:42.980+0000] {processor.py:914} INFO - Processing file /home/airflow/.local/lib/python3.12/site-packages/airflow/example_dags/example_dynamic_task_mapping.py for tasks to queue
[2025-06-05T16:13:42.983+0000] {logging_mixin.py:190} INFO - [2025-06-05T16:13:42.983+0000] {dagbag.py:588} INFO - Filling up the DagBag from /home/airflow/.local/lib/python3.12/site-packages/airflow/example_dags/example_dynamic_task_mapping.py
[2025-06-05T16:13:43.002+0000] {processor.py:925} INFO - DAG(s) 'example_dynamic_task_mapping' retrieved from /home/airflow/.local/lib/python3.12/site-packages/airflow/example_dags/example_dynamic_task_mapping.py
[2025-06-05T16:13:43.040+0000] {logging_mixin.py:190} INFO - [2025-06-05T16:13:43.040+0000] {dag.py:3239} INFO - Sync 1 DAGs
[2025-06-05T16:13:43.069+0000] {logging_mixin.py:190} INFO - [2025-06-05T16:13:43.068+0000] {dag.py:4180} INFO - Setting next_dagrun for example_dynamic_task_mapping to None, run_after=None
[2025-06-05T16:13:43.106+0000] {processor.py:208} INFO - Processing /home/airflow/.local/lib/python3.12/site-packages/airflow/example_dags/example_dynamic_task_mapping.py took 0.140 seconds
[2025-06-05T16:14:13.774+0000] {processor.py:186} INFO - Started process (PID=5093) to work on /home/airflow/.local/lib/python3.12/site-packages/airflow/example_dags/example_dynamic_task_mapping.py
[2025-06-05T16:14:13.776+0000] {processor.py:914} INFO - Processing file /home/airflow/.local/lib/python3.12/site-packages/airflow/example_dags/example_dynamic_task_mapping.py for tasks to queue
[2025-06-05T16:14:13.778+0000] {logging_mixin.py:190} INFO - [2025-06-05T16:14:13.778+0000] {dagbag.py:588} INFO - Filling up the DagBag from /home/airflow/.local/lib/python3.12/site-packages/airflow/example_dags/example_dynamic_task_mapping.py
[2025-06-05T16:14:13.794+0000] {processor.py:925} INFO - DAG(s) 'example_dynamic_task_mapping' retrieved from /home/airflow/.local/lib/python3.12/site-packages/airflow/example_dags/example_dynamic_task_mapping.py
[2025-06-05T16:14:13.828+0000] {logging_mixin.py:190} INFO - [2025-06-05T16:14:13.827+0000] {dag.py:3239} INFO - Sync 1 DAGs
[2025-06-05T16:14:13.851+0000] {logging_mixin.py:190} INFO - [2025-06-05T16:14:13.850+0000] {dag.py:4180} INFO - Setting next_dagrun for example_dynamic_task_mapping to None, run_after=None
[2025-06-05T16:14:13.879+0000] {processor.py:208} INFO - Processing /home/airflow/.local/lib/python3.12/site-packages/airflow/example_dags/example_dynamic_task_mapping.py took 0.115 seconds
[2025-06-05T16:14:47.856+0000] {processor.py:186} INFO - Started process (PID=5159) to work on /home/airflow/.local/lib/python3.12/site-packages/airflow/example_dags/example_dynamic_task_mapping.py
[2025-06-05T16:14:47.858+0000] {processor.py:914} INFO - Processing file /home/airflow/.local/lib/python3.12/site-packages/airflow/example_dags/example_dynamic_task_mapping.py for tasks to queue
[2025-06-05T16:14:47.860+0000] {logging_mixin.py:190} INFO - [2025-06-05T16:14:47.860+0000] {dagbag.py:588} INFO - Filling up the DagBag from /home/airflow/.local/lib/python3.12/site-packages/airflow/example_dags/example_dynamic_task_mapping.py
[2025-06-05T16:14:47.878+0000] {processor.py:925} INFO - DAG(s) 'example_dynamic_task_mapping' retrieved from /home/airflow/.local/lib/python3.12/site-packages/airflow/example_dags/example_dynamic_task_mapping.py
[2025-06-05T16:14:47.909+0000] {logging_mixin.py:190} INFO - [2025-06-05T16:14:47.908+0000] {dag.py:3239} INFO - Sync 1 DAGs
[2025-06-05T16:14:47.932+0000] {logging_mixin.py:190} INFO - [2025-06-05T16:14:47.932+0000] {dag.py:4180} INFO - Setting next_dagrun for example_dynamic_task_mapping to None, run_after=None
[2025-06-05T16:14:47.963+0000] {processor.py:208} INFO - Processing /home/airflow/.local/lib/python3.12/site-packages/airflow/example_dags/example_dynamic_task_mapping.py took 0.117 seconds
[2025-06-05T16:15:19.514+0000] {processor.py:186} INFO - Started process (PID=5224) to work on /home/airflow/.local/lib/python3.12/site-packages/airflow/example_dags/example_dynamic_task_mapping.py
[2025-06-05T16:15:19.516+0000] {processor.py:914} INFO - Processing file /home/airflow/.local/lib/python3.12/site-packages/airflow/example_dags/example_dynamic_task_mapping.py for tasks to queue
[2025-06-05T16:15:19.518+0000] {logging_mixin.py:190} INFO - [2025-06-05T16:15:19.517+0000] {dagbag.py:588} INFO - Filling up the DagBag from /home/airflow/.local/lib/python3.12/site-packages/airflow/example_dags/example_dynamic_task_mapping.py
[2025-06-05T16:15:19.534+0000] {processor.py:925} INFO - DAG(s) 'example_dynamic_task_mapping' retrieved from /home/airflow/.local/lib/python3.12/site-packages/airflow/example_dags/example_dynamic_task_mapping.py
[2025-06-05T16:15:19.567+0000] {logging_mixin.py:190} INFO - [2025-06-05T16:15:19.567+0000] {dag.py:3239} INFO - Sync 1 DAGs
[2025-06-05T16:15:19.595+0000] {logging_mixin.py:190} INFO - [2025-06-05T16:15:19.595+0000] {dag.py:4180} INFO - Setting next_dagrun for example_dynamic_task_mapping to None, run_after=None
[2025-06-05T16:15:19.641+0000] {processor.py:208} INFO - Processing /home/airflow/.local/lib/python3.12/site-packages/airflow/example_dags/example_dynamic_task_mapping.py took 0.136 seconds
[2025-06-05T16:15:50.805+0000] {processor.py:186} INFO - Started process (PID=5289) to work on /home/airflow/.local/lib/python3.12/site-packages/airflow/example_dags/example_dynamic_task_mapping.py
[2025-06-05T16:15:50.807+0000] {processor.py:914} INFO - Processing file /home/airflow/.local/lib/python3.12/site-packages/airflow/example_dags/example_dynamic_task_mapping.py for tasks to queue
[2025-06-05T16:15:50.809+0000] {logging_mixin.py:190} INFO - [2025-06-05T16:15:50.808+0000] {dagbag.py:588} INFO - Filling up the DagBag from /home/airflow/.local/lib/python3.12/site-packages/airflow/example_dags/example_dynamic_task_mapping.py
[2025-06-05T16:15:50.825+0000] {processor.py:925} INFO - DAG(s) 'example_dynamic_task_mapping' retrieved from /home/airflow/.local/lib/python3.12/site-packages/airflow/example_dags/example_dynamic_task_mapping.py
[2025-06-05T16:15:50.856+0000] {logging_mixin.py:190} INFO - [2025-06-05T16:15:50.855+0000] {dag.py:3239} INFO - Sync 1 DAGs
[2025-06-05T16:15:50.879+0000] {logging_mixin.py:190} INFO - [2025-06-05T16:15:50.879+0000] {dag.py:4180} INFO - Setting next_dagrun for example_dynamic_task_mapping to None, run_after=None
[2025-06-05T16:15:50.912+0000] {processor.py:208} INFO - Processing /home/airflow/.local/lib/python3.12/site-packages/airflow/example_dags/example_dynamic_task_mapping.py took 0.118 seconds
