[2025-06-05T16:10:35.929+0000] {processor.py:186} INFO - Started process (PID=4630) to work on /home/airflow/.local/lib/python3.12/site-packages/airflow/example_dags/example_python_operator.py
[2025-06-05T16:10:35.930+0000] {processor.py:914} INFO - Processing file /home/airflow/.local/lib/python3.12/site-packages/airflow/example_dags/example_python_operator.py for tasks to queue
[2025-06-05T16:10:35.933+0000] {logging_mixin.py:190} INFO - [2025-06-05T16:10:35.932+0000] {dagbag.py:588} INFO - Filling up the DagBag from /home/airflow/.local/lib/python3.12/site-packages/airflow/example_dags/example_python_operator.py
[2025-06-05T16:10:35.957+0000] {processor.py:925} INFO - DAG(s) 'example_python_operator' retrieved from /home/airflow/.local/lib/python3.12/site-packages/airflow/example_dags/example_python_operator.py
[2025-06-05T16:10:35.991+0000] {logging_mixin.py:190} INFO - [2025-06-05T16:10:35.991+0000] {dag.py:3239} INFO - Sync 1 DAGs
[2025-06-05T16:10:36.269+0000] {logging_mixin.py:190} INFO - [2025-06-05T16:10:36.269+0000] {dag.py:4180} INFO - Setting next_dagrun for example_python_operator to None, run_after=None
[2025-06-05T16:10:36.297+0000] {processor.py:208} INFO - Processing /home/airflow/.local/lib/python3.12/site-packages/airflow/example_dags/example_python_operator.py took 0.379 seconds
[2025-06-05T16:11:06.776+0000] {processor.py:186} INFO - Started process (PID=4695) to work on /home/airflow/.local/lib/python3.12/site-packages/airflow/example_dags/example_python_operator.py
[2025-06-05T16:11:06.778+0000] {processor.py:914} INFO - Processing file /home/airflow/.local/lib/python3.12/site-packages/airflow/example_dags/example_python_operator.py for tasks to queue
[2025-06-05T16:11:06.780+0000] {logging_mixin.py:190} INFO - [2025-06-05T16:11:06.780+0000] {dagbag.py:588} INFO - Filling up the DagBag from /home/airflow/.local/lib/python3.12/site-packages/airflow/example_dags/example_python_operator.py
[2025-06-05T16:11:06.800+0000] {processor.py:925} INFO - DAG(s) 'example_python_operator' retrieved from /home/airflow/.local/lib/python3.12/site-packages/airflow/example_dags/example_python_operator.py
[2025-06-05T16:11:06.839+0000] {logging_mixin.py:190} INFO - [2025-06-05T16:11:06.838+0000] {dag.py:3239} INFO - Sync 1 DAGs
[2025-06-05T16:11:07.102+0000] {logging_mixin.py:190} INFO - [2025-06-05T16:11:07.101+0000] {dag.py:4180} INFO - Setting next_dagrun for example_python_operator to None, run_after=None
[2025-06-05T16:11:07.129+0000] {processor.py:208} INFO - Processing /home/airflow/.local/lib/python3.12/site-packages/airflow/example_dags/example_python_operator.py took 0.363 seconds
[2025-06-05T16:11:37.476+0000] {processor.py:186} INFO - Started process (PID=4760) to work on /home/airflow/.local/lib/python3.12/site-packages/airflow/example_dags/example_python_operator.py
[2025-06-05T16:11:37.478+0000] {processor.py:914} INFO - Processing file /home/airflow/.local/lib/python3.12/site-packages/airflow/example_dags/example_python_operator.py for tasks to queue
[2025-06-05T16:11:37.480+0000] {logging_mixin.py:190} INFO - [2025-06-05T16:11:37.479+0000] {dagbag.py:588} INFO - Filling up the DagBag from /home/airflow/.local/lib/python3.12/site-packages/airflow/example_dags/example_python_operator.py
[2025-06-05T16:11:37.503+0000] {processor.py:925} INFO - DAG(s) 'example_python_operator' retrieved from /home/airflow/.local/lib/python3.12/site-packages/airflow/example_dags/example_python_operator.py
[2025-06-05T16:11:37.540+0000] {logging_mixin.py:190} INFO - [2025-06-05T16:11:37.540+0000] {dag.py:3239} INFO - Sync 1 DAGs
[2025-06-05T16:11:37.574+0000] {logging_mixin.py:190} INFO - [2025-06-05T16:11:37.573+0000] {dag.py:4180} INFO - Setting next_dagrun for example_python_operator to None, run_after=None
[2025-06-05T16:11:37.605+0000] {processor.py:208} INFO - Processing /home/airflow/.local/lib/python3.12/site-packages/airflow/example_dags/example_python_operator.py took 0.139 seconds
[2025-06-05T16:12:08.296+0000] {processor.py:186} INFO - Started process (PID=4824) to work on /home/airflow/.local/lib/python3.12/site-packages/airflow/example_dags/example_python_operator.py
[2025-06-05T16:12:08.298+0000] {processor.py:914} INFO - Processing file /home/airflow/.local/lib/python3.12/site-packages/airflow/example_dags/example_python_operator.py for tasks to queue
[2025-06-05T16:12:08.300+0000] {logging_mixin.py:190} INFO - [2025-06-05T16:12:08.299+0000] {dagbag.py:588} INFO - Filling up the DagBag from /home/airflow/.local/lib/python3.12/site-packages/airflow/example_dags/example_python_operator.py
[2025-06-05T16:12:08.320+0000] {processor.py:925} INFO - DAG(s) 'example_python_operator' retrieved from /home/airflow/.local/lib/python3.12/site-packages/airflow/example_dags/example_python_operator.py
[2025-06-05T16:12:08.356+0000] {logging_mixin.py:190} INFO - [2025-06-05T16:12:08.356+0000] {dag.py:3239} INFO - Sync 1 DAGs
[2025-06-05T16:12:08.380+0000] {logging_mixin.py:190} INFO - [2025-06-05T16:12:08.379+0000] {dag.py:4180} INFO - Setting next_dagrun for example_python_operator to None, run_after=None
[2025-06-05T16:12:08.412+0000] {processor.py:208} INFO - Processing /home/airflow/.local/lib/python3.12/site-packages/airflow/example_dags/example_python_operator.py took 0.126 seconds
[2025-06-05T16:12:38.835+0000] {processor.py:186} INFO - Started process (PID=4888) to work on /home/airflow/.local/lib/python3.12/site-packages/airflow/example_dags/example_python_operator.py
[2025-06-05T16:12:38.836+0000] {processor.py:914} INFO - Processing file /home/airflow/.local/lib/python3.12/site-packages/airflow/example_dags/example_python_operator.py for tasks to queue
[2025-06-05T16:12:38.838+0000] {logging_mixin.py:190} INFO - [2025-06-05T16:12:38.838+0000] {dagbag.py:588} INFO - Filling up the DagBag from /home/airflow/.local/lib/python3.12/site-packages/airflow/example_dags/example_python_operator.py
[2025-06-05T16:12:38.858+0000] {processor.py:925} INFO - DAG(s) 'example_python_operator' retrieved from /home/airflow/.local/lib/python3.12/site-packages/airflow/example_dags/example_python_operator.py
[2025-06-05T16:12:38.895+0000] {logging_mixin.py:190} INFO - [2025-06-05T16:12:38.895+0000] {dag.py:3239} INFO - Sync 1 DAGs
[2025-06-05T16:12:38.918+0000] {logging_mixin.py:190} INFO - [2025-06-05T16:12:38.917+0000] {dag.py:4180} INFO - Setting next_dagrun for example_python_operator to None, run_after=None
[2025-06-05T16:12:38.952+0000] {processor.py:208} INFO - Processing /home/airflow/.local/lib/python3.12/site-packages/airflow/example_dags/example_python_operator.py took 0.129 seconds
[2025-06-05T16:13:09.034+0000] {processor.py:186} INFO - Started process (PID=4953) to work on /home/airflow/.local/lib/python3.12/site-packages/airflow/example_dags/example_python_operator.py
[2025-06-05T16:13:09.036+0000] {processor.py:914} INFO - Processing file /home/airflow/.local/lib/python3.12/site-packages/airflow/example_dags/example_python_operator.py for tasks to queue
[2025-06-05T16:13:09.038+0000] {logging_mixin.py:190} INFO - [2025-06-05T16:13:09.038+0000] {dagbag.py:588} INFO - Filling up the DagBag from /home/airflow/.local/lib/python3.12/site-packages/airflow/example_dags/example_python_operator.py
[2025-06-05T16:13:09.058+0000] {processor.py:925} INFO - DAG(s) 'example_python_operator' retrieved from /home/airflow/.local/lib/python3.12/site-packages/airflow/example_dags/example_python_operator.py
[2025-06-05T16:13:09.092+0000] {logging_mixin.py:190} INFO - [2025-06-05T16:13:09.091+0000] {dag.py:3239} INFO - Sync 1 DAGs
[2025-06-05T16:13:09.116+0000] {logging_mixin.py:190} INFO - [2025-06-05T16:13:09.116+0000] {dag.py:4180} INFO - Setting next_dagrun for example_python_operator to None, run_after=None
[2025-06-05T16:13:09.146+0000] {processor.py:208} INFO - Processing /home/airflow/.local/lib/python3.12/site-packages/airflow/example_dags/example_python_operator.py took 0.121 seconds
[2025-06-05T16:13:39.837+0000] {processor.py:186} INFO - Started process (PID=5018) to work on /home/airflow/.local/lib/python3.12/site-packages/airflow/example_dags/example_python_operator.py
[2025-06-05T16:13:39.839+0000] {processor.py:914} INFO - Processing file /home/airflow/.local/lib/python3.12/site-packages/airflow/example_dags/example_python_operator.py for tasks to queue
[2025-06-05T16:13:39.841+0000] {logging_mixin.py:190} INFO - [2025-06-05T16:13:39.841+0000] {dagbag.py:588} INFO - Filling up the DagBag from /home/airflow/.local/lib/python3.12/site-packages/airflow/example_dags/example_python_operator.py
[2025-06-05T16:13:39.862+0000] {processor.py:925} INFO - DAG(s) 'example_python_operator' retrieved from /home/airflow/.local/lib/python3.12/site-packages/airflow/example_dags/example_python_operator.py
[2025-06-05T16:13:39.899+0000] {logging_mixin.py:190} INFO - [2025-06-05T16:13:39.898+0000] {dag.py:3239} INFO - Sync 1 DAGs
[2025-06-05T16:13:39.924+0000] {logging_mixin.py:190} INFO - [2025-06-05T16:13:39.924+0000] {dag.py:4180} INFO - Setting next_dagrun for example_python_operator to None, run_after=None
[2025-06-05T16:13:39.960+0000] {processor.py:208} INFO - Processing /home/airflow/.local/lib/python3.12/site-packages/airflow/example_dags/example_python_operator.py took 0.132 seconds
[2025-06-05T16:14:10.657+0000] {processor.py:186} INFO - Started process (PID=5083) to work on /home/airflow/.local/lib/python3.12/site-packages/airflow/example_dags/example_python_operator.py
[2025-06-05T16:14:10.659+0000] {processor.py:914} INFO - Processing file /home/airflow/.local/lib/python3.12/site-packages/airflow/example_dags/example_python_operator.py for tasks to queue
[2025-06-05T16:14:10.661+0000] {logging_mixin.py:190} INFO - [2025-06-05T16:14:10.660+0000] {dagbag.py:588} INFO - Filling up the DagBag from /home/airflow/.local/lib/python3.12/site-packages/airflow/example_dags/example_python_operator.py
[2025-06-05T16:14:10.686+0000] {processor.py:925} INFO - DAG(s) 'example_python_operator' retrieved from /home/airflow/.local/lib/python3.12/site-packages/airflow/example_dags/example_python_operator.py
[2025-06-05T16:14:10.720+0000] {logging_mixin.py:190} INFO - [2025-06-05T16:14:10.720+0000] {dag.py:3239} INFO - Sync 1 DAGs
[2025-06-05T16:14:10.745+0000] {logging_mixin.py:190} INFO - [2025-06-05T16:14:10.745+0000] {dag.py:4180} INFO - Setting next_dagrun for example_python_operator to None, run_after=None
[2025-06-05T16:14:10.781+0000] {processor.py:208} INFO - Processing /home/airflow/.local/lib/python3.12/site-packages/airflow/example_dags/example_python_operator.py took 0.135 seconds
[2025-06-05T16:14:46.260+0000] {processor.py:186} INFO - Started process (PID=5148) to work on /home/airflow/.local/lib/python3.12/site-packages/airflow/example_dags/example_python_operator.py
[2025-06-05T16:14:46.262+0000] {processor.py:914} INFO - Processing file /home/airflow/.local/lib/python3.12/site-packages/airflow/example_dags/example_python_operator.py for tasks to queue
[2025-06-05T16:14:46.264+0000] {logging_mixin.py:190} INFO - [2025-06-05T16:14:46.264+0000] {dagbag.py:588} INFO - Filling up the DagBag from /home/airflow/.local/lib/python3.12/site-packages/airflow/example_dags/example_python_operator.py
[2025-06-05T16:14:46.285+0000] {processor.py:925} INFO - DAG(s) 'example_python_operator' retrieved from /home/airflow/.local/lib/python3.12/site-packages/airflow/example_dags/example_python_operator.py
[2025-06-05T16:14:46.318+0000] {logging_mixin.py:190} INFO - [2025-06-05T16:14:46.318+0000] {dag.py:3239} INFO - Sync 1 DAGs
[2025-06-05T16:14:46.343+0000] {logging_mixin.py:190} INFO - [2025-06-05T16:14:46.343+0000] {dag.py:4180} INFO - Setting next_dagrun for example_python_operator to None, run_after=None
[2025-06-05T16:14:46.374+0000] {processor.py:208} INFO - Processing /home/airflow/.local/lib/python3.12/site-packages/airflow/example_dags/example_python_operator.py took 0.124 seconds
[2025-06-05T16:15:16.614+0000] {processor.py:186} INFO - Started process (PID=5213) to work on /home/airflow/.local/lib/python3.12/site-packages/airflow/example_dags/example_python_operator.py
[2025-06-05T16:15:16.615+0000] {processor.py:914} INFO - Processing file /home/airflow/.local/lib/python3.12/site-packages/airflow/example_dags/example_python_operator.py for tasks to queue
[2025-06-05T16:15:16.618+0000] {logging_mixin.py:190} INFO - [2025-06-05T16:15:16.617+0000] {dagbag.py:588} INFO - Filling up the DagBag from /home/airflow/.local/lib/python3.12/site-packages/airflow/example_dags/example_python_operator.py
[2025-06-05T16:15:16.639+0000] {processor.py:925} INFO - DAG(s) 'example_python_operator' retrieved from /home/airflow/.local/lib/python3.12/site-packages/airflow/example_dags/example_python_operator.py
[2025-06-05T16:15:16.674+0000] {logging_mixin.py:190} INFO - [2025-06-05T16:15:16.673+0000] {dag.py:3239} INFO - Sync 1 DAGs
[2025-06-05T16:15:16.699+0000] {logging_mixin.py:190} INFO - [2025-06-05T16:15:16.699+0000] {dag.py:4180} INFO - Setting next_dagrun for example_python_operator to None, run_after=None
[2025-06-05T16:15:16.735+0000] {processor.py:208} INFO - Processing /home/airflow/.local/lib/python3.12/site-packages/airflow/example_dags/example_python_operator.py took 0.132 seconds
[2025-06-05T16:15:46.939+0000] {processor.py:186} INFO - Started process (PID=5278) to work on /home/airflow/.local/lib/python3.12/site-packages/airflow/example_dags/example_python_operator.py
[2025-06-05T16:15:46.941+0000] {processor.py:914} INFO - Processing file /home/airflow/.local/lib/python3.12/site-packages/airflow/example_dags/example_python_operator.py for tasks to queue
[2025-06-05T16:15:46.943+0000] {logging_mixin.py:190} INFO - [2025-06-05T16:15:46.943+0000] {dagbag.py:588} INFO - Filling up the DagBag from /home/airflow/.local/lib/python3.12/site-packages/airflow/example_dags/example_python_operator.py
[2025-06-05T16:15:46.964+0000] {processor.py:925} INFO - DAG(s) 'example_python_operator' retrieved from /home/airflow/.local/lib/python3.12/site-packages/airflow/example_dags/example_python_operator.py
[2025-06-05T16:15:46.998+0000] {logging_mixin.py:190} INFO - [2025-06-05T16:15:46.998+0000] {dag.py:3239} INFO - Sync 1 DAGs
[2025-06-05T16:15:47.023+0000] {logging_mixin.py:190} INFO - [2025-06-05T16:15:47.022+0000] {dag.py:4180} INFO - Setting next_dagrun for example_python_operator to None, run_after=None
[2025-06-05T16:15:47.055+0000] {processor.py:208} INFO - Processing /home/airflow/.local/lib/python3.12/site-packages/airflow/example_dags/example_python_operator.py took 0.125 seconds
