[2025-06-05T16:10:34.514+0000] {processor.py:186} INFO - Started process (PID=4626) to work on /home/airflow/.local/lib/python3.12/site-packages/airflow/example_dags/example_display_name.py
[2025-06-05T16:10:34.516+0000] {processor.py:914} INFO - Processing file /home/airflow/.local/lib/python3.12/site-packages/airflow/example_dags/example_display_name.py for tasks to queue
[2025-06-05T16:10:34.519+0000] {logging_mixin.py:190} INFO - [2025-06-05T16:10:34.518+0000] {dagbag.py:588} INFO - Filling up the DagBag from /home/airflow/.local/lib/python3.12/site-packages/airflow/example_dags/example_display_name.py
[2025-06-05T16:10:34.536+0000] {processor.py:925} INFO - DAG(s) 'example_display_name' retrieved from /home/airflow/.local/lib/python3.12/site-packages/airflow/example_dags/example_display_name.py
[2025-06-05T16:10:34.568+0000] {logging_mixin.py:190} INFO - [2025-06-05T16:10:34.568+0000] {dag.py:3239} INFO - Sync 1 DAGs
[2025-06-05T16:10:34.854+0000] {logging_mixin.py:190} INFO - [2025-06-05T16:10:34.853+0000] {dag.py:4180} INFO - Setting next_dagrun for example_display_name to None, run_after=None
[2025-06-05T16:10:34.883+0000] {processor.py:208} INFO - Processing /home/airflow/.local/lib/python3.12/site-packages/airflow/example_dags/example_display_name.py took 0.380 seconds
[2025-06-05T16:11:05.199+0000] {processor.py:186} INFO - Started process (PID=4691) to work on /home/airflow/.local/lib/python3.12/site-packages/airflow/example_dags/example_display_name.py
[2025-06-05T16:11:05.201+0000] {processor.py:914} INFO - Processing file /home/airflow/.local/lib/python3.12/site-packages/airflow/example_dags/example_display_name.py for tasks to queue
[2025-06-05T16:11:05.203+0000] {logging_mixin.py:190} INFO - [2025-06-05T16:11:05.203+0000] {dagbag.py:588} INFO - Filling up the DagBag from /home/airflow/.local/lib/python3.12/site-packages/airflow/example_dags/example_display_name.py
[2025-06-05T16:11:05.217+0000] {processor.py:925} INFO - DAG(s) 'example_display_name' retrieved from /home/airflow/.local/lib/python3.12/site-packages/airflow/example_dags/example_display_name.py
[2025-06-05T16:11:05.251+0000] {logging_mixin.py:190} INFO - [2025-06-05T16:11:05.250+0000] {dag.py:3239} INFO - Sync 1 DAGs
[2025-06-05T16:11:05.279+0000] {logging_mixin.py:190} INFO - [2025-06-05T16:11:05.279+0000] {dag.py:4180} INFO - Setting next_dagrun for example_display_name to None, run_after=None
[2025-06-05T16:11:05.553+0000] {processor.py:208} INFO - Processing /home/airflow/.local/lib/python3.12/site-packages/airflow/example_dags/example_display_name.py took 0.364 seconds
[2025-06-05T16:11:36.250+0000] {processor.py:186} INFO - Started process (PID=4755) to work on /home/airflow/.local/lib/python3.12/site-packages/airflow/example_dags/example_display_name.py
[2025-06-05T16:11:36.251+0000] {processor.py:914} INFO - Processing file /home/airflow/.local/lib/python3.12/site-packages/airflow/example_dags/example_display_name.py for tasks to queue
[2025-06-05T16:11:36.253+0000] {logging_mixin.py:190} INFO - [2025-06-05T16:11:36.253+0000] {dagbag.py:588} INFO - Filling up the DagBag from /home/airflow/.local/lib/python3.12/site-packages/airflow/example_dags/example_display_name.py
[2025-06-05T16:11:36.266+0000] {processor.py:925} INFO - DAG(s) 'example_display_name' retrieved from /home/airflow/.local/lib/python3.12/site-packages/airflow/example_dags/example_display_name.py
[2025-06-05T16:11:36.299+0000] {logging_mixin.py:190} INFO - [2025-06-05T16:11:36.298+0000] {dag.py:3239} INFO - Sync 1 DAGs
[2025-06-05T16:11:36.326+0000] {logging_mixin.py:190} INFO - [2025-06-05T16:11:36.326+0000] {dag.py:4180} INFO - Setting next_dagrun for example_display_name to None, run_after=None
[2025-06-05T16:11:36.360+0000] {processor.py:208} INFO - Processing /home/airflow/.local/lib/python3.12/site-packages/airflow/example_dags/example_display_name.py took 0.120 seconds
[2025-06-05T16:12:06.918+0000] {processor.py:186} INFO - Started process (PID=4820) to work on /home/airflow/.local/lib/python3.12/site-packages/airflow/example_dags/example_display_name.py
[2025-06-05T16:12:06.919+0000] {processor.py:914} INFO - Processing file /home/airflow/.local/lib/python3.12/site-packages/airflow/example_dags/example_display_name.py for tasks to queue
[2025-06-05T16:12:06.922+0000] {logging_mixin.py:190} INFO - [2025-06-05T16:12:06.922+0000] {dagbag.py:588} INFO - Filling up the DagBag from /home/airflow/.local/lib/python3.12/site-packages/airflow/example_dags/example_display_name.py
[2025-06-05T16:12:06.935+0000] {processor.py:925} INFO - DAG(s) 'example_display_name' retrieved from /home/airflow/.local/lib/python3.12/site-packages/airflow/example_dags/example_display_name.py
[2025-06-05T16:12:06.967+0000] {logging_mixin.py:190} INFO - [2025-06-05T16:12:06.966+0000] {dag.py:3239} INFO - Sync 1 DAGs
[2025-06-05T16:12:06.990+0000] {logging_mixin.py:190} INFO - [2025-06-05T16:12:06.990+0000] {dag.py:4180} INFO - Setting next_dagrun for example_display_name to None, run_after=None
[2025-06-05T16:12:07.023+0000] {processor.py:208} INFO - Processing /home/airflow/.local/lib/python3.12/site-packages/airflow/example_dags/example_display_name.py took 0.115 seconds
[2025-06-05T16:12:37.635+0000] {processor.py:186} INFO - Started process (PID=4885) to work on /home/airflow/.local/lib/python3.12/site-packages/airflow/example_dags/example_display_name.py
[2025-06-05T16:12:37.637+0000] {processor.py:914} INFO - Processing file /home/airflow/.local/lib/python3.12/site-packages/airflow/example_dags/example_display_name.py for tasks to queue
[2025-06-05T16:12:37.639+0000] {logging_mixin.py:190} INFO - [2025-06-05T16:12:37.638+0000] {dagbag.py:588} INFO - Filling up the DagBag from /home/airflow/.local/lib/python3.12/site-packages/airflow/example_dags/example_display_name.py
[2025-06-05T16:12:37.652+0000] {processor.py:925} INFO - DAG(s) 'example_display_name' retrieved from /home/airflow/.local/lib/python3.12/site-packages/airflow/example_dags/example_display_name.py
[2025-06-05T16:12:37.682+0000] {logging_mixin.py:190} INFO - [2025-06-05T16:12:37.682+0000] {dag.py:3239} INFO - Sync 1 DAGs
[2025-06-05T16:12:37.708+0000] {logging_mixin.py:190} INFO - [2025-06-05T16:12:37.707+0000] {dag.py:4180} INFO - Setting next_dagrun for example_display_name to None, run_after=None
[2025-06-05T16:12:37.739+0000] {processor.py:208} INFO - Processing /home/airflow/.local/lib/python3.12/site-packages/airflow/example_dags/example_display_name.py took 0.116 seconds
[2025-06-05T16:13:07.997+0000] {processor.py:186} INFO - Started process (PID=4950) to work on /home/airflow/.local/lib/python3.12/site-packages/airflow/example_dags/example_display_name.py
[2025-06-05T16:13:07.999+0000] {processor.py:914} INFO - Processing file /home/airflow/.local/lib/python3.12/site-packages/airflow/example_dags/example_display_name.py for tasks to queue
[2025-06-05T16:13:08.001+0000] {logging_mixin.py:190} INFO - [2025-06-05T16:13:08.001+0000] {dagbag.py:588} INFO - Filling up the DagBag from /home/airflow/.local/lib/python3.12/site-packages/airflow/example_dags/example_display_name.py
[2025-06-05T16:13:08.017+0000] {processor.py:925} INFO - DAG(s) 'example_display_name' retrieved from /home/airflow/.local/lib/python3.12/site-packages/airflow/example_dags/example_display_name.py
[2025-06-05T16:13:08.050+0000] {logging_mixin.py:190} INFO - [2025-06-05T16:13:08.050+0000] {dag.py:3239} INFO - Sync 1 DAGs
[2025-06-05T16:13:08.075+0000] {logging_mixin.py:190} INFO - [2025-06-05T16:13:08.075+0000] {dag.py:4180} INFO - Setting next_dagrun for example_display_name to None, run_after=None
[2025-06-05T16:13:08.108+0000] {processor.py:208} INFO - Processing /home/airflow/.local/lib/python3.12/site-packages/airflow/example_dags/example_display_name.py took 0.121 seconds
[2025-06-05T16:13:38.633+0000] {processor.py:186} INFO - Started process (PID=5015) to work on /home/airflow/.local/lib/python3.12/site-packages/airflow/example_dags/example_display_name.py
[2025-06-05T16:13:38.635+0000] {processor.py:914} INFO - Processing file /home/airflow/.local/lib/python3.12/site-packages/airflow/example_dags/example_display_name.py for tasks to queue
[2025-06-05T16:13:38.638+0000] {logging_mixin.py:190} INFO - [2025-06-05T16:13:38.637+0000] {dagbag.py:588} INFO - Filling up the DagBag from /home/airflow/.local/lib/python3.12/site-packages/airflow/example_dags/example_display_name.py
[2025-06-05T16:13:38.654+0000] {processor.py:925} INFO - DAG(s) 'example_display_name' retrieved from /home/airflow/.local/lib/python3.12/site-packages/airflow/example_dags/example_display_name.py
[2025-06-05T16:13:38.693+0000] {logging_mixin.py:190} INFO - [2025-06-05T16:13:38.692+0000] {dag.py:3239} INFO - Sync 1 DAGs
[2025-06-05T16:13:38.724+0000] {logging_mixin.py:190} INFO - [2025-06-05T16:13:38.724+0000] {dag.py:4180} INFO - Setting next_dagrun for example_display_name to None, run_after=None
[2025-06-05T16:13:38.759+0000] {processor.py:208} INFO - Processing /home/airflow/.local/lib/python3.12/site-packages/airflow/example_dags/example_display_name.py took 0.140 seconds
[2025-06-05T16:14:09.464+0000] {processor.py:186} INFO - Started process (PID=5080) to work on /home/airflow/.local/lib/python3.12/site-packages/airflow/example_dags/example_display_name.py
[2025-06-05T16:14:09.466+0000] {processor.py:914} INFO - Processing file /home/airflow/.local/lib/python3.12/site-packages/airflow/example_dags/example_display_name.py for tasks to queue
[2025-06-05T16:14:09.469+0000] {logging_mixin.py:190} INFO - [2025-06-05T16:14:09.468+0000] {dagbag.py:588} INFO - Filling up the DagBag from /home/airflow/.local/lib/python3.12/site-packages/airflow/example_dags/example_display_name.py
[2025-06-05T16:14:09.482+0000] {processor.py:925} INFO - DAG(s) 'example_display_name' retrieved from /home/airflow/.local/lib/python3.12/site-packages/airflow/example_dags/example_display_name.py
[2025-06-05T16:14:09.514+0000] {logging_mixin.py:190} INFO - [2025-06-05T16:14:09.514+0000] {dag.py:3239} INFO - Sync 1 DAGs
[2025-06-05T16:14:09.542+0000] {logging_mixin.py:190} INFO - [2025-06-05T16:14:09.542+0000] {dag.py:4180} INFO - Setting next_dagrun for example_display_name to None, run_after=None
[2025-06-05T16:14:09.573+0000] {processor.py:208} INFO - Processing /home/airflow/.local/lib/python3.12/site-packages/airflow/example_dags/example_display_name.py took 0.118 seconds
[2025-06-05T16:14:45.916+0000] {processor.py:186} INFO - Started process (PID=5145) to work on /home/airflow/.local/lib/python3.12/site-packages/airflow/example_dags/example_display_name.py
[2025-06-05T16:14:45.918+0000] {processor.py:914} INFO - Processing file /home/airflow/.local/lib/python3.12/site-packages/airflow/example_dags/example_display_name.py for tasks to queue
[2025-06-05T16:14:45.921+0000] {logging_mixin.py:190} INFO - [2025-06-05T16:14:45.920+0000] {dagbag.py:588} INFO - Filling up the DagBag from /home/airflow/.local/lib/python3.12/site-packages/airflow/example_dags/example_display_name.py
[2025-06-05T16:14:45.936+0000] {processor.py:925} INFO - DAG(s) 'example_display_name' retrieved from /home/airflow/.local/lib/python3.12/site-packages/airflow/example_dags/example_display_name.py
[2025-06-05T16:14:45.971+0000] {logging_mixin.py:190} INFO - [2025-06-05T16:14:45.970+0000] {dag.py:3239} INFO - Sync 1 DAGs
[2025-06-05T16:14:45.999+0000] {logging_mixin.py:190} INFO - [2025-06-05T16:14:45.999+0000] {dag.py:4180} INFO - Setting next_dagrun for example_display_name to None, run_after=None
[2025-06-05T16:14:46.039+0000] {processor.py:208} INFO - Processing /home/airflow/.local/lib/python3.12/site-packages/airflow/example_dags/example_display_name.py took 0.134 seconds
[2025-06-05T16:15:16.290+0000] {processor.py:186} INFO - Started process (PID=5210) to work on /home/airflow/.local/lib/python3.12/site-packages/airflow/example_dags/example_display_name.py
[2025-06-05T16:15:16.292+0000] {processor.py:914} INFO - Processing file /home/airflow/.local/lib/python3.12/site-packages/airflow/example_dags/example_display_name.py for tasks to queue
[2025-06-05T16:15:16.294+0000] {logging_mixin.py:190} INFO - [2025-06-05T16:15:16.294+0000] {dagbag.py:588} INFO - Filling up the DagBag from /home/airflow/.local/lib/python3.12/site-packages/airflow/example_dags/example_display_name.py
[2025-06-05T16:15:16.308+0000] {processor.py:925} INFO - DAG(s) 'example_display_name' retrieved from /home/airflow/.local/lib/python3.12/site-packages/airflow/example_dags/example_display_name.py
[2025-06-05T16:15:16.342+0000] {logging_mixin.py:190} INFO - [2025-06-05T16:15:16.340+0000] {dag.py:3239} INFO - Sync 1 DAGs
[2025-06-05T16:15:16.368+0000] {logging_mixin.py:190} INFO - [2025-06-05T16:15:16.368+0000] {dag.py:4180} INFO - Setting next_dagrun for example_display_name to None, run_after=None
[2025-06-05T16:15:16.402+0000] {processor.py:208} INFO - Processing /home/airflow/.local/lib/python3.12/site-packages/airflow/example_dags/example_display_name.py took 0.122 seconds
[2025-06-05T16:15:46.658+0000] {processor.py:186} INFO - Started process (PID=5275) to work on /home/airflow/.local/lib/python3.12/site-packages/airflow/example_dags/example_display_name.py
[2025-06-05T16:15:46.660+0000] {processor.py:914} INFO - Processing file /home/airflow/.local/lib/python3.12/site-packages/airflow/example_dags/example_display_name.py for tasks to queue
[2025-06-05T16:15:46.662+0000] {logging_mixin.py:190} INFO - [2025-06-05T16:15:46.662+0000] {dagbag.py:588} INFO - Filling up the DagBag from /home/airflow/.local/lib/python3.12/site-packages/airflow/example_dags/example_display_name.py
[2025-06-05T16:15:46.676+0000] {processor.py:925} INFO - DAG(s) 'example_display_name' retrieved from /home/airflow/.local/lib/python3.12/site-packages/airflow/example_dags/example_display_name.py
[2025-06-05T16:15:46.709+0000] {logging_mixin.py:190} INFO - [2025-06-05T16:15:46.708+0000] {dag.py:3239} INFO - Sync 1 DAGs
[2025-06-05T16:15:46.733+0000] {logging_mixin.py:190} INFO - [2025-06-05T16:15:46.733+0000] {dag.py:4180} INFO - Setting next_dagrun for example_display_name to None, run_after=None
[2025-06-05T16:15:46.766+0000] {processor.py:208} INFO - Processing /home/airflow/.local/lib/python3.12/site-packages/airflow/example_dags/example_display_name.py took 0.119 seconds
