[2025-06-05T16:10:38.959+0000] {processor.py:186} INFO - Started process (PID=4642) to work on /home/airflow/.local/lib/python3.12/site-packages/airflow/example_dags/example_datasets.py
[2025-06-05T16:10:38.961+0000] {processor.py:914} INFO - Processing file /home/airflow/.local/lib/python3.12/site-packages/airflow/example_dags/example_datasets.py for tasks to queue
[2025-06-05T16:10:38.964+0000] {logging_mixin.py:190} INFO - [2025-06-05T16:10:38.963+0000] {dagbag.py:588} INFO - Filling up the DagBag from /home/airflow/.local/lib/python3.12/site-packages/airflow/example_dags/example_datasets.py
[2025-06-05T16:10:39.961+0000] {processor.py:925} INFO - DAG(s) 'dataset_produces_2', 'dataset_consumes_unknown_never_scheduled', 'consume_1_or_2_with_dataset_expressions', 'dataset_consumes_1_and_2', 'conditional_dataset_and_time_based_timetable', 'consume_1_or_both_2_and_3_with_dataset_expressions', 'dataset_produces_1', 'consume_1_and_2_with_dataset_expressions', 'dataset_consumes_1_never_scheduled', 'dataset_consumes_1' retrieved from /home/airflow/.local/lib/python3.12/site-packages/airflow/example_dags/example_datasets.py
[2025-06-05T16:10:40.029+0000] {logging_mixin.py:190} INFO - [2025-06-05T16:10:40.029+0000] {dag.py:3239} INFO - Sync 10 DAGs
[2025-06-05T16:10:40.073+0000] {logging_mixin.py:190} INFO - [2025-06-05T16:10:40.073+0000] {dag.py:4180} INFO - Setting next_dagrun for conditional_dataset_and_time_based_timetable to 2025-06-04 01:00:00+00:00, run_after=2025-06-04 01:00:00+00:00
[2025-06-05T16:10:40.081+0000] {logging_mixin.py:190} INFO - [2025-06-05T16:10:40.080+0000] {dag.py:4180} INFO - Setting next_dagrun for consume_1_and_2_with_dataset_expressions to None, run_after=None
[2025-06-05T16:10:40.085+0000] {logging_mixin.py:190} INFO - [2025-06-05T16:10:40.084+0000] {dag.py:4180} INFO - Setting next_dagrun for consume_1_or_2_with_dataset_expressions to None, run_after=None
[2025-06-05T16:10:40.088+0000] {logging_mixin.py:190} INFO - [2025-06-05T16:10:40.087+0000] {dag.py:4180} INFO - Setting next_dagrun for consume_1_or_both_2_and_3_with_dataset_expressions to None, run_after=None
[2025-06-05T16:10:40.091+0000] {logging_mixin.py:190} INFO - [2025-06-05T16:10:40.091+0000] {dag.py:4180} INFO - Setting next_dagrun for dataset_consumes_1 to None, run_after=None
[2025-06-05T16:10:40.094+0000] {logging_mixin.py:190} INFO - [2025-06-05T16:10:40.094+0000] {dag.py:4180} INFO - Setting next_dagrun for dataset_consumes_1_and_2 to None, run_after=None
[2025-06-05T16:10:40.098+0000] {logging_mixin.py:190} INFO - [2025-06-05T16:10:40.097+0000] {dag.py:4180} INFO - Setting next_dagrun for dataset_consumes_1_never_scheduled to None, run_after=None
[2025-06-05T16:10:40.101+0000] {logging_mixin.py:190} INFO - [2025-06-05T16:10:40.100+0000] {dag.py:4180} INFO - Setting next_dagrun for dataset_consumes_unknown_never_scheduled to None, run_after=None
[2025-06-05T16:10:40.106+0000] {logging_mixin.py:190} INFO - [2025-06-05T16:10:40.106+0000] {dag.py:4180} INFO - Setting next_dagrun for dataset_produces_1 to 2025-06-04 00:00:00+00:00, run_after=2025-06-05 00:00:00+00:00
[2025-06-05T16:10:40.109+0000] {logging_mixin.py:190} INFO - [2025-06-05T16:10:40.109+0000] {dag.py:4180} INFO - Setting next_dagrun for dataset_produces_2 to None, run_after=None
[2025-06-05T16:10:40.212+0000] {processor.py:208} INFO - Processing /home/airflow/.local/lib/python3.12/site-packages/airflow/example_dags/example_datasets.py took 1.267 seconds
[2025-06-05T16:11:10.436+0000] {processor.py:186} INFO - Started process (PID=4707) to work on /home/airflow/.local/lib/python3.12/site-packages/airflow/example_dags/example_datasets.py
[2025-06-05T16:11:10.438+0000] {processor.py:914} INFO - Processing file /home/airflow/.local/lib/python3.12/site-packages/airflow/example_dags/example_datasets.py for tasks to queue
[2025-06-05T16:11:10.441+0000] {logging_mixin.py:190} INFO - [2025-06-05T16:11:10.440+0000] {dagbag.py:588} INFO - Filling up the DagBag from /home/airflow/.local/lib/python3.12/site-packages/airflow/example_dags/example_datasets.py
[2025-06-05T16:11:11.352+0000] {processor.py:925} INFO - DAG(s) 'conditional_dataset_and_time_based_timetable', 'dataset_consumes_1_and_2', 'dataset_consumes_unknown_never_scheduled', 'consume_1_or_2_with_dataset_expressions', 'dataset_produces_1', 'dataset_consumes_1', 'dataset_produces_2', 'consume_1_or_both_2_and_3_with_dataset_expressions', 'consume_1_and_2_with_dataset_expressions', 'dataset_consumes_1_never_scheduled' retrieved from /home/airflow/.local/lib/python3.12/site-packages/airflow/example_dags/example_datasets.py
[2025-06-05T16:11:11.435+0000] {logging_mixin.py:190} INFO - [2025-06-05T16:11:11.434+0000] {dag.py:3239} INFO - Sync 10 DAGs
[2025-06-05T16:11:11.481+0000] {logging_mixin.py:190} INFO - [2025-06-05T16:11:11.480+0000] {dag.py:4180} INFO - Setting next_dagrun for conditional_dataset_and_time_based_timetable to 2025-06-04 01:00:00+00:00, run_after=2025-06-04 01:00:00+00:00
[2025-06-05T16:11:11.487+0000] {logging_mixin.py:190} INFO - [2025-06-05T16:11:11.487+0000] {dag.py:4180} INFO - Setting next_dagrun for consume_1_and_2_with_dataset_expressions to None, run_after=None
[2025-06-05T16:11:11.490+0000] {logging_mixin.py:190} INFO - [2025-06-05T16:11:11.490+0000] {dag.py:4180} INFO - Setting next_dagrun for consume_1_or_2_with_dataset_expressions to None, run_after=None
[2025-06-05T16:11:11.492+0000] {logging_mixin.py:190} INFO - [2025-06-05T16:11:11.492+0000] {dag.py:4180} INFO - Setting next_dagrun for consume_1_or_both_2_and_3_with_dataset_expressions to None, run_after=None
[2025-06-05T16:11:11.495+0000] {logging_mixin.py:190} INFO - [2025-06-05T16:11:11.494+0000] {dag.py:4180} INFO - Setting next_dagrun for dataset_consumes_1 to None, run_after=None
[2025-06-05T16:11:11.497+0000] {logging_mixin.py:190} INFO - [2025-06-05T16:11:11.496+0000] {dag.py:4180} INFO - Setting next_dagrun for dataset_consumes_1_and_2 to None, run_after=None
[2025-06-05T16:11:11.499+0000] {logging_mixin.py:190} INFO - [2025-06-05T16:11:11.498+0000] {dag.py:4180} INFO - Setting next_dagrun for dataset_consumes_1_never_scheduled to None, run_after=None
[2025-06-05T16:11:11.501+0000] {logging_mixin.py:190} INFO - [2025-06-05T16:11:11.501+0000] {dag.py:4180} INFO - Setting next_dagrun for dataset_consumes_unknown_never_scheduled to None, run_after=None
[2025-06-05T16:11:11.505+0000] {logging_mixin.py:190} INFO - [2025-06-05T16:11:11.505+0000] {dag.py:4180} INFO - Setting next_dagrun for dataset_produces_1 to 2025-06-04 00:00:00+00:00, run_after=2025-06-05 00:00:00+00:00
[2025-06-05T16:11:11.507+0000] {logging_mixin.py:190} INFO - [2025-06-05T16:11:11.507+0000] {dag.py:4180} INFO - Setting next_dagrun for dataset_produces_2 to None, run_after=None
[2025-06-05T16:11:11.566+0000] {processor.py:208} INFO - Processing /home/airflow/.local/lib/python3.12/site-packages/airflow/example_dags/example_datasets.py took 1.144 seconds
[2025-06-05T16:11:42.232+0000] {processor.py:186} INFO - Started process (PID=4772) to work on /home/airflow/.local/lib/python3.12/site-packages/airflow/example_dags/example_datasets.py
[2025-06-05T16:11:42.234+0000] {processor.py:914} INFO - Processing file /home/airflow/.local/lib/python3.12/site-packages/airflow/example_dags/example_datasets.py for tasks to queue
[2025-06-05T16:11:42.236+0000] {logging_mixin.py:190} INFO - [2025-06-05T16:11:42.236+0000] {dagbag.py:588} INFO - Filling up the DagBag from /home/airflow/.local/lib/python3.12/site-packages/airflow/example_dags/example_datasets.py
[2025-06-05T16:11:42.859+0000] {processor.py:925} INFO - DAG(s) 'dataset_produces_1', 'dataset_produces_2', 'conditional_dataset_and_time_based_timetable', 'consume_1_or_both_2_and_3_with_dataset_expressions', 'consume_1_or_2_with_dataset_expressions', 'dataset_consumes_1_never_scheduled', 'consume_1_and_2_with_dataset_expressions', 'dataset_consumes_1', 'dataset_consumes_unknown_never_scheduled', 'dataset_consumes_1_and_2' retrieved from /home/airflow/.local/lib/python3.12/site-packages/airflow/example_dags/example_datasets.py
[2025-06-05T16:11:42.935+0000] {logging_mixin.py:190} INFO - [2025-06-05T16:11:42.935+0000] {dag.py:3239} INFO - Sync 10 DAGs
[2025-06-05T16:11:42.981+0000] {logging_mixin.py:190} INFO - [2025-06-05T16:11:42.981+0000] {dag.py:4180} INFO - Setting next_dagrun for conditional_dataset_and_time_based_timetable to 2025-06-04 01:00:00+00:00, run_after=2025-06-04 01:00:00+00:00
[2025-06-05T16:11:42.988+0000] {logging_mixin.py:190} INFO - [2025-06-05T16:11:42.988+0000] {dag.py:4180} INFO - Setting next_dagrun for consume_1_and_2_with_dataset_expressions to None, run_after=None
[2025-06-05T16:11:42.991+0000] {logging_mixin.py:190} INFO - [2025-06-05T16:11:42.991+0000] {dag.py:4180} INFO - Setting next_dagrun for consume_1_or_2_with_dataset_expressions to None, run_after=None
[2025-06-05T16:11:42.993+0000] {logging_mixin.py:190} INFO - [2025-06-05T16:11:42.993+0000] {dag.py:4180} INFO - Setting next_dagrun for consume_1_or_both_2_and_3_with_dataset_expressions to None, run_after=None
[2025-06-05T16:11:42.996+0000] {logging_mixin.py:190} INFO - [2025-06-05T16:11:42.995+0000] {dag.py:4180} INFO - Setting next_dagrun for dataset_consumes_1 to None, run_after=None
[2025-06-05T16:11:42.998+0000] {logging_mixin.py:190} INFO - [2025-06-05T16:11:42.998+0000] {dag.py:4180} INFO - Setting next_dagrun for dataset_consumes_1_and_2 to None, run_after=None
[2025-06-05T16:11:43.000+0000] {logging_mixin.py:190} INFO - [2025-06-05T16:11:43.000+0000] {dag.py:4180} INFO - Setting next_dagrun for dataset_consumes_1_never_scheduled to None, run_after=None
[2025-06-05T16:11:43.002+0000] {logging_mixin.py:190} INFO - [2025-06-05T16:11:43.002+0000] {dag.py:4180} INFO - Setting next_dagrun for dataset_consumes_unknown_never_scheduled to None, run_after=None
[2025-06-05T16:11:43.007+0000] {logging_mixin.py:190} INFO - [2025-06-05T16:11:43.007+0000] {dag.py:4180} INFO - Setting next_dagrun for dataset_produces_1 to 2025-06-04 00:00:00+00:00, run_after=2025-06-05 00:00:00+00:00
[2025-06-05T16:11:43.010+0000] {logging_mixin.py:190} INFO - [2025-06-05T16:11:43.010+0000] {dag.py:4180} INFO - Setting next_dagrun for dataset_produces_2 to None, run_after=None
[2025-06-05T16:11:43.073+0000] {processor.py:208} INFO - Processing /home/airflow/.local/lib/python3.12/site-packages/airflow/example_dags/example_datasets.py took 0.851 seconds
[2025-06-05T16:12:13.260+0000] {processor.py:186} INFO - Started process (PID=4838) to work on /home/airflow/.local/lib/python3.12/site-packages/airflow/example_dags/example_datasets.py
[2025-06-05T16:12:13.262+0000] {processor.py:914} INFO - Processing file /home/airflow/.local/lib/python3.12/site-packages/airflow/example_dags/example_datasets.py for tasks to queue
[2025-06-05T16:12:13.265+0000] {logging_mixin.py:190} INFO - [2025-06-05T16:12:13.264+0000] {dagbag.py:588} INFO - Filling up the DagBag from /home/airflow/.local/lib/python3.12/site-packages/airflow/example_dags/example_datasets.py
[2025-06-05T16:12:13.935+0000] {processor.py:925} INFO - DAG(s) 'dataset_produces_2', 'dataset_consumes_1_never_scheduled', 'consume_1_and_2_with_dataset_expressions', 'conditional_dataset_and_time_based_timetable', 'dataset_consumes_1_and_2', 'consume_1_or_2_with_dataset_expressions', 'consume_1_or_both_2_and_3_with_dataset_expressions', 'dataset_produces_1', 'dataset_consumes_1', 'dataset_consumes_unknown_never_scheduled' retrieved from /home/airflow/.local/lib/python3.12/site-packages/airflow/example_dags/example_datasets.py
[2025-06-05T16:12:14.011+0000] {logging_mixin.py:190} INFO - [2025-06-05T16:12:14.010+0000] {dag.py:3239} INFO - Sync 10 DAGs
[2025-06-05T16:12:14.057+0000] {logging_mixin.py:190} INFO - [2025-06-05T16:12:14.056+0000] {dag.py:4180} INFO - Setting next_dagrun for conditional_dataset_and_time_based_timetable to 2025-06-04 01:00:00+00:00, run_after=2025-06-04 01:00:00+00:00
[2025-06-05T16:12:14.063+0000] {logging_mixin.py:190} INFO - [2025-06-05T16:12:14.063+0000] {dag.py:4180} INFO - Setting next_dagrun for consume_1_and_2_with_dataset_expressions to None, run_after=None
[2025-06-05T16:12:14.066+0000] {logging_mixin.py:190} INFO - [2025-06-05T16:12:14.065+0000] {dag.py:4180} INFO - Setting next_dagrun for consume_1_or_2_with_dataset_expressions to None, run_after=None
[2025-06-05T16:12:14.069+0000] {logging_mixin.py:190} INFO - [2025-06-05T16:12:14.068+0000] {dag.py:4180} INFO - Setting next_dagrun for consume_1_or_both_2_and_3_with_dataset_expressions to None, run_after=None
[2025-06-05T16:12:14.073+0000] {logging_mixin.py:190} INFO - [2025-06-05T16:12:14.072+0000] {dag.py:4180} INFO - Setting next_dagrun for dataset_consumes_1 to None, run_after=None
[2025-06-05T16:12:14.076+0000] {logging_mixin.py:190} INFO - [2025-06-05T16:12:14.075+0000] {dag.py:4180} INFO - Setting next_dagrun for dataset_consumes_1_and_2 to None, run_after=None
[2025-06-05T16:12:14.078+0000] {logging_mixin.py:190} INFO - [2025-06-05T16:12:14.078+0000] {dag.py:4180} INFO - Setting next_dagrun for dataset_consumes_1_never_scheduled to None, run_after=None
[2025-06-05T16:12:14.081+0000] {logging_mixin.py:190} INFO - [2025-06-05T16:12:14.080+0000] {dag.py:4180} INFO - Setting next_dagrun for dataset_consumes_unknown_never_scheduled to None, run_after=None
[2025-06-05T16:12:14.085+0000] {logging_mixin.py:190} INFO - [2025-06-05T16:12:14.085+0000] {dag.py:4180} INFO - Setting next_dagrun for dataset_produces_1 to 2025-06-04 00:00:00+00:00, run_after=2025-06-05 00:00:00+00:00
[2025-06-05T16:12:14.087+0000] {logging_mixin.py:190} INFO - [2025-06-05T16:12:14.087+0000] {dag.py:4180} INFO - Setting next_dagrun for dataset_produces_2 to None, run_after=None
[2025-06-05T16:12:14.147+0000] {processor.py:208} INFO - Processing /home/airflow/.local/lib/python3.12/site-packages/airflow/example_dags/example_datasets.py took 0.897 seconds
[2025-06-05T16:12:44.651+0000] {processor.py:186} INFO - Started process (PID=4903) to work on /home/airflow/.local/lib/python3.12/site-packages/airflow/example_dags/example_datasets.py
[2025-06-05T16:12:44.653+0000] {processor.py:914} INFO - Processing file /home/airflow/.local/lib/python3.12/site-packages/airflow/example_dags/example_datasets.py for tasks to queue
[2025-06-05T16:12:44.656+0000] {logging_mixin.py:190} INFO - [2025-06-05T16:12:44.655+0000] {dagbag.py:588} INFO - Filling up the DagBag from /home/airflow/.local/lib/python3.12/site-packages/airflow/example_dags/example_datasets.py
[2025-06-05T16:12:45.324+0000] {processor.py:925} INFO - DAG(s) 'dataset_consumes_1', 'dataset_produces_2', 'consume_1_or_both_2_and_3_with_dataset_expressions', 'consume_1_or_2_with_dataset_expressions', 'dataset_consumes_1_and_2', 'conditional_dataset_and_time_based_timetable', 'dataset_consumes_unknown_never_scheduled', 'consume_1_and_2_with_dataset_expressions', 'dataset_consumes_1_never_scheduled', 'dataset_produces_1' retrieved from /home/airflow/.local/lib/python3.12/site-packages/airflow/example_dags/example_datasets.py
[2025-06-05T16:12:45.401+0000] {logging_mixin.py:190} INFO - [2025-06-05T16:12:45.400+0000] {dag.py:3239} INFO - Sync 10 DAGs
[2025-06-05T16:12:45.443+0000] {logging_mixin.py:190} INFO - [2025-06-05T16:12:45.442+0000] {dag.py:4180} INFO - Setting next_dagrun for conditional_dataset_and_time_based_timetable to 2025-06-04 01:00:00+00:00, run_after=2025-06-04 01:00:00+00:00
[2025-06-05T16:12:45.449+0000] {logging_mixin.py:190} INFO - [2025-06-05T16:12:45.449+0000] {dag.py:4180} INFO - Setting next_dagrun for consume_1_and_2_with_dataset_expressions to None, run_after=None
[2025-06-05T16:12:45.454+0000] {logging_mixin.py:190} INFO - [2025-06-05T16:12:45.454+0000] {dag.py:4180} INFO - Setting next_dagrun for consume_1_or_2_with_dataset_expressions to None, run_after=None
[2025-06-05T16:12:45.456+0000] {logging_mixin.py:190} INFO - [2025-06-05T16:12:45.456+0000] {dag.py:4180} INFO - Setting next_dagrun for consume_1_or_both_2_and_3_with_dataset_expressions to None, run_after=None
[2025-06-05T16:12:45.458+0000] {logging_mixin.py:190} INFO - [2025-06-05T16:12:45.458+0000] {dag.py:4180} INFO - Setting next_dagrun for dataset_consumes_1 to None, run_after=None
[2025-06-05T16:12:45.460+0000] {logging_mixin.py:190} INFO - [2025-06-05T16:12:45.460+0000] {dag.py:4180} INFO - Setting next_dagrun for dataset_consumes_1_and_2 to None, run_after=None
[2025-06-05T16:12:45.462+0000] {logging_mixin.py:190} INFO - [2025-06-05T16:12:45.462+0000] {dag.py:4180} INFO - Setting next_dagrun for dataset_consumes_1_never_scheduled to None, run_after=None
[2025-06-05T16:12:45.465+0000] {logging_mixin.py:190} INFO - [2025-06-05T16:12:45.464+0000] {dag.py:4180} INFO - Setting next_dagrun for dataset_consumes_unknown_never_scheduled to None, run_after=None
[2025-06-05T16:12:45.469+0000] {logging_mixin.py:190} INFO - [2025-06-05T16:12:45.468+0000] {dag.py:4180} INFO - Setting next_dagrun for dataset_produces_1 to 2025-06-04 00:00:00+00:00, run_after=2025-06-05 00:00:00+00:00
[2025-06-05T16:12:45.471+0000] {logging_mixin.py:190} INFO - [2025-06-05T16:12:45.471+0000] {dag.py:4180} INFO - Setting next_dagrun for dataset_produces_2 to None, run_after=None
[2025-06-05T16:12:45.527+0000] {processor.py:208} INFO - Processing /home/airflow/.local/lib/python3.12/site-packages/airflow/example_dags/example_datasets.py took 0.885 seconds
[2025-06-05T16:13:15.623+0000] {processor.py:186} INFO - Started process (PID=4970) to work on /home/airflow/.local/lib/python3.12/site-packages/airflow/example_dags/example_datasets.py
[2025-06-05T16:13:15.626+0000] {processor.py:914} INFO - Processing file /home/airflow/.local/lib/python3.12/site-packages/airflow/example_dags/example_datasets.py for tasks to queue
[2025-06-05T16:13:15.628+0000] {logging_mixin.py:190} INFO - [2025-06-05T16:13:15.628+0000] {dagbag.py:588} INFO - Filling up the DagBag from /home/airflow/.local/lib/python3.12/site-packages/airflow/example_dags/example_datasets.py
[2025-06-05T16:13:16.265+0000] {processor.py:925} INFO - DAG(s) 'dataset_produces_1', 'consume_1_or_both_2_and_3_with_dataset_expressions', 'consume_1_and_2_with_dataset_expressions', 'dataset_produces_2', 'consume_1_or_2_with_dataset_expressions', 'dataset_consumes_unknown_never_scheduled', 'conditional_dataset_and_time_based_timetable', 'dataset_consumes_1', 'dataset_consumes_1_never_scheduled', 'dataset_consumes_1_and_2' retrieved from /home/airflow/.local/lib/python3.12/site-packages/airflow/example_dags/example_datasets.py
[2025-06-05T16:13:16.342+0000] {logging_mixin.py:190} INFO - [2025-06-05T16:13:16.341+0000] {dag.py:3239} INFO - Sync 10 DAGs
[2025-06-05T16:13:16.395+0000] {logging_mixin.py:190} INFO - [2025-06-05T16:13:16.394+0000] {dag.py:4180} INFO - Setting next_dagrun for conditional_dataset_and_time_based_timetable to 2025-06-04 01:00:00+00:00, run_after=2025-06-04 01:00:00+00:00
[2025-06-05T16:13:16.403+0000] {logging_mixin.py:190} INFO - [2025-06-05T16:13:16.402+0000] {dag.py:4180} INFO - Setting next_dagrun for consume_1_and_2_with_dataset_expressions to None, run_after=None
[2025-06-05T16:13:16.406+0000] {logging_mixin.py:190} INFO - [2025-06-05T16:13:16.406+0000] {dag.py:4180} INFO - Setting next_dagrun for consume_1_or_2_with_dataset_expressions to None, run_after=None
[2025-06-05T16:13:16.409+0000] {logging_mixin.py:190} INFO - [2025-06-05T16:13:16.409+0000] {dag.py:4180} INFO - Setting next_dagrun for consume_1_or_both_2_and_3_with_dataset_expressions to None, run_after=None
[2025-06-05T16:13:16.412+0000] {logging_mixin.py:190} INFO - [2025-06-05T16:13:16.412+0000] {dag.py:4180} INFO - Setting next_dagrun for dataset_consumes_1 to None, run_after=None
[2025-06-05T16:13:16.415+0000] {logging_mixin.py:190} INFO - [2025-06-05T16:13:16.415+0000] {dag.py:4180} INFO - Setting next_dagrun for dataset_consumes_1_and_2 to None, run_after=None
[2025-06-05T16:13:16.418+0000] {logging_mixin.py:190} INFO - [2025-06-05T16:13:16.417+0000] {dag.py:4180} INFO - Setting next_dagrun for dataset_consumes_1_never_scheduled to None, run_after=None
[2025-06-05T16:13:16.420+0000] {logging_mixin.py:190} INFO - [2025-06-05T16:13:16.420+0000] {dag.py:4180} INFO - Setting next_dagrun for dataset_consumes_unknown_never_scheduled to None, run_after=None
[2025-06-05T16:13:16.426+0000] {logging_mixin.py:190} INFO - [2025-06-05T16:13:16.425+0000] {dag.py:4180} INFO - Setting next_dagrun for dataset_produces_1 to 2025-06-04 00:00:00+00:00, run_after=2025-06-05 00:00:00+00:00
[2025-06-05T16:13:16.429+0000] {logging_mixin.py:190} INFO - [2025-06-05T16:13:16.428+0000] {dag.py:4180} INFO - Setting next_dagrun for dataset_produces_2 to None, run_after=None
[2025-06-05T16:13:16.507+0000] {processor.py:208} INFO - Processing /home/airflow/.local/lib/python3.12/site-packages/airflow/example_dags/example_datasets.py took 0.894 seconds
[2025-06-05T16:13:46.647+0000] {processor.py:186} INFO - Started process (PID=5037) to work on /home/airflow/.local/lib/python3.12/site-packages/airflow/example_dags/example_datasets.py
[2025-06-05T16:13:46.649+0000] {processor.py:914} INFO - Processing file /home/airflow/.local/lib/python3.12/site-packages/airflow/example_dags/example_datasets.py for tasks to queue
[2025-06-05T16:13:46.651+0000] {logging_mixin.py:190} INFO - [2025-06-05T16:13:46.651+0000] {dagbag.py:588} INFO - Filling up the DagBag from /home/airflow/.local/lib/python3.12/site-packages/airflow/example_dags/example_datasets.py
[2025-06-05T16:13:47.260+0000] {processor.py:925} INFO - DAG(s) 'dataset_consumes_1_and_2', 'dataset_produces_2', 'consume_1_or_both_2_and_3_with_dataset_expressions', 'consume_1_or_2_with_dataset_expressions', 'conditional_dataset_and_time_based_timetable', 'dataset_consumes_unknown_never_scheduled', 'dataset_produces_1', 'dataset_consumes_1', 'consume_1_and_2_with_dataset_expressions', 'dataset_consumes_1_never_scheduled' retrieved from /home/airflow/.local/lib/python3.12/site-packages/airflow/example_dags/example_datasets.py
[2025-06-05T16:13:47.333+0000] {logging_mixin.py:190} INFO - [2025-06-05T16:13:47.333+0000] {dag.py:3239} INFO - Sync 10 DAGs
[2025-06-05T16:13:47.374+0000] {logging_mixin.py:190} INFO - [2025-06-05T16:13:47.374+0000] {dag.py:4180} INFO - Setting next_dagrun for conditional_dataset_and_time_based_timetable to 2025-06-04 01:00:00+00:00, run_after=2025-06-04 01:00:00+00:00
[2025-06-05T16:13:47.381+0000] {logging_mixin.py:190} INFO - [2025-06-05T16:13:47.380+0000] {dag.py:4180} INFO - Setting next_dagrun for consume_1_and_2_with_dataset_expressions to None, run_after=None
[2025-06-05T16:13:47.384+0000] {logging_mixin.py:190} INFO - [2025-06-05T16:13:47.383+0000] {dag.py:4180} INFO - Setting next_dagrun for consume_1_or_2_with_dataset_expressions to None, run_after=None
[2025-06-05T16:13:47.386+0000] {logging_mixin.py:190} INFO - [2025-06-05T16:13:47.386+0000] {dag.py:4180} INFO - Setting next_dagrun for consume_1_or_both_2_and_3_with_dataset_expressions to None, run_after=None
[2025-06-05T16:13:47.389+0000] {logging_mixin.py:190} INFO - [2025-06-05T16:13:47.388+0000] {dag.py:4180} INFO - Setting next_dagrun for dataset_consumes_1 to None, run_after=None
[2025-06-05T16:13:47.391+0000] {logging_mixin.py:190} INFO - [2025-06-05T16:13:47.391+0000] {dag.py:4180} INFO - Setting next_dagrun for dataset_consumes_1_and_2 to None, run_after=None
[2025-06-05T16:13:47.393+0000] {logging_mixin.py:190} INFO - [2025-06-05T16:13:47.393+0000] {dag.py:4180} INFO - Setting next_dagrun for dataset_consumes_1_never_scheduled to None, run_after=None
[2025-06-05T16:13:47.395+0000] {logging_mixin.py:190} INFO - [2025-06-05T16:13:47.395+0000] {dag.py:4180} INFO - Setting next_dagrun for dataset_consumes_unknown_never_scheduled to None, run_after=None
[2025-06-05T16:13:47.400+0000] {logging_mixin.py:190} INFO - [2025-06-05T16:13:47.399+0000] {dag.py:4180} INFO - Setting next_dagrun for dataset_produces_1 to 2025-06-04 00:00:00+00:00, run_after=2025-06-05 00:00:00+00:00
[2025-06-05T16:13:47.402+0000] {logging_mixin.py:190} INFO - [2025-06-05T16:13:47.402+0000] {dag.py:4180} INFO - Setting next_dagrun for dataset_produces_2 to None, run_after=None
[2025-06-05T16:13:47.458+0000] {processor.py:208} INFO - Processing /home/airflow/.local/lib/python3.12/site-packages/airflow/example_dags/example_datasets.py took 0.821 seconds
[2025-06-05T16:14:17.892+0000] {processor.py:186} INFO - Started process (PID=5102) to work on /home/airflow/.local/lib/python3.12/site-packages/airflow/example_dags/example_datasets.py
[2025-06-05T16:14:17.894+0000] {processor.py:914} INFO - Processing file /home/airflow/.local/lib/python3.12/site-packages/airflow/example_dags/example_datasets.py for tasks to queue
[2025-06-05T16:14:17.896+0000] {logging_mixin.py:190} INFO - [2025-06-05T16:14:17.896+0000] {dagbag.py:588} INFO - Filling up the DagBag from /home/airflow/.local/lib/python3.12/site-packages/airflow/example_dags/example_datasets.py
[2025-06-05T16:14:18.509+0000] {processor.py:925} INFO - DAG(s) 'consume_1_and_2_with_dataset_expressions', 'dataset_consumes_1', 'conditional_dataset_and_time_based_timetable', 'consume_1_or_both_2_and_3_with_dataset_expressions', 'dataset_consumes_1_and_2', 'consume_1_or_2_with_dataset_expressions', 'dataset_consumes_1_never_scheduled', 'dataset_consumes_unknown_never_scheduled', 'dataset_produces_1', 'dataset_produces_2' retrieved from /home/airflow/.local/lib/python3.12/site-packages/airflow/example_dags/example_datasets.py
[2025-06-05T16:14:18.580+0000] {logging_mixin.py:190} INFO - [2025-06-05T16:14:18.579+0000] {dag.py:3239} INFO - Sync 10 DAGs
[2025-06-05T16:14:18.622+0000] {logging_mixin.py:190} INFO - [2025-06-05T16:14:18.622+0000] {dag.py:4180} INFO - Setting next_dagrun for conditional_dataset_and_time_based_timetable to 2025-06-04 01:00:00+00:00, run_after=2025-06-04 01:00:00+00:00
[2025-06-05T16:14:18.628+0000] {logging_mixin.py:190} INFO - [2025-06-05T16:14:18.628+0000] {dag.py:4180} INFO - Setting next_dagrun for consume_1_and_2_with_dataset_expressions to None, run_after=None
[2025-06-05T16:14:18.631+0000] {logging_mixin.py:190} INFO - [2025-06-05T16:14:18.631+0000] {dag.py:4180} INFO - Setting next_dagrun for consume_1_or_2_with_dataset_expressions to None, run_after=None
[2025-06-05T16:14:18.633+0000] {logging_mixin.py:190} INFO - [2025-06-05T16:14:18.633+0000] {dag.py:4180} INFO - Setting next_dagrun for consume_1_or_both_2_and_3_with_dataset_expressions to None, run_after=None
[2025-06-05T16:14:18.635+0000] {logging_mixin.py:190} INFO - [2025-06-05T16:14:18.635+0000] {dag.py:4180} INFO - Setting next_dagrun for dataset_consumes_1 to None, run_after=None
[2025-06-05T16:14:18.638+0000] {logging_mixin.py:190} INFO - [2025-06-05T16:14:18.637+0000] {dag.py:4180} INFO - Setting next_dagrun for dataset_consumes_1_and_2 to None, run_after=None
[2025-06-05T16:14:18.640+0000] {logging_mixin.py:190} INFO - [2025-06-05T16:14:18.640+0000] {dag.py:4180} INFO - Setting next_dagrun for dataset_consumes_1_never_scheduled to None, run_after=None
[2025-06-05T16:14:18.642+0000] {logging_mixin.py:190} INFO - [2025-06-05T16:14:18.642+0000] {dag.py:4180} INFO - Setting next_dagrun for dataset_consumes_unknown_never_scheduled to None, run_after=None
[2025-06-05T16:14:18.647+0000] {logging_mixin.py:190} INFO - [2025-06-05T16:14:18.646+0000] {dag.py:4180} INFO - Setting next_dagrun for dataset_produces_1 to 2025-06-04 00:00:00+00:00, run_after=2025-06-05 00:00:00+00:00
[2025-06-05T16:14:18.649+0000] {logging_mixin.py:190} INFO - [2025-06-05T16:14:18.649+0000] {dag.py:4180} INFO - Setting next_dagrun for dataset_produces_2 to None, run_after=None
[2025-06-05T16:14:18.707+0000] {processor.py:208} INFO - Processing /home/airflow/.local/lib/python3.12/site-packages/airflow/example_dags/example_datasets.py took 0.824 seconds
[2025-06-05T16:14:49.261+0000] {processor.py:186} INFO - Started process (PID=5168) to work on /home/airflow/.local/lib/python3.12/site-packages/airflow/example_dags/example_datasets.py
[2025-06-05T16:14:49.263+0000] {processor.py:914} INFO - Processing file /home/airflow/.local/lib/python3.12/site-packages/airflow/example_dags/example_datasets.py for tasks to queue
[2025-06-05T16:14:49.266+0000] {logging_mixin.py:190} INFO - [2025-06-05T16:14:49.265+0000] {dagbag.py:588} INFO - Filling up the DagBag from /home/airflow/.local/lib/python3.12/site-packages/airflow/example_dags/example_datasets.py
[2025-06-05T16:14:49.883+0000] {processor.py:925} INFO - DAG(s) 'conditional_dataset_and_time_based_timetable', 'dataset_consumes_1_never_scheduled', 'dataset_consumes_unknown_never_scheduled', 'consume_1_or_2_with_dataset_expressions', 'consume_1_or_both_2_and_3_with_dataset_expressions', 'dataset_produces_1', 'consume_1_and_2_with_dataset_expressions', 'dataset_consumes_1', 'dataset_consumes_1_and_2', 'dataset_produces_2' retrieved from /home/airflow/.local/lib/python3.12/site-packages/airflow/example_dags/example_datasets.py
[2025-06-05T16:14:49.960+0000] {logging_mixin.py:190} INFO - [2025-06-05T16:14:49.959+0000] {dag.py:3239} INFO - Sync 10 DAGs
[2025-06-05T16:14:50.003+0000] {logging_mixin.py:190} INFO - [2025-06-05T16:14:50.003+0000] {dag.py:4180} INFO - Setting next_dagrun for conditional_dataset_and_time_based_timetable to 2025-06-04 01:00:00+00:00, run_after=2025-06-04 01:00:00+00:00
[2025-06-05T16:14:50.009+0000] {logging_mixin.py:190} INFO - [2025-06-05T16:14:50.009+0000] {dag.py:4180} INFO - Setting next_dagrun for consume_1_and_2_with_dataset_expressions to None, run_after=None
[2025-06-05T16:14:50.012+0000] {logging_mixin.py:190} INFO - [2025-06-05T16:14:50.012+0000] {dag.py:4180} INFO - Setting next_dagrun for consume_1_or_2_with_dataset_expressions to None, run_after=None
[2025-06-05T16:14:50.015+0000] {logging_mixin.py:190} INFO - [2025-06-05T16:14:50.014+0000] {dag.py:4180} INFO - Setting next_dagrun for consume_1_or_both_2_and_3_with_dataset_expressions to None, run_after=None
[2025-06-05T16:14:50.017+0000] {logging_mixin.py:190} INFO - [2025-06-05T16:14:50.017+0000] {dag.py:4180} INFO - Setting next_dagrun for dataset_consumes_1 to None, run_after=None
[2025-06-05T16:14:50.020+0000] {logging_mixin.py:190} INFO - [2025-06-05T16:14:50.019+0000] {dag.py:4180} INFO - Setting next_dagrun for dataset_consumes_1_and_2 to None, run_after=None
[2025-06-05T16:14:50.022+0000] {logging_mixin.py:190} INFO - [2025-06-05T16:14:50.022+0000] {dag.py:4180} INFO - Setting next_dagrun for dataset_consumes_1_never_scheduled to None, run_after=None
[2025-06-05T16:14:50.024+0000] {logging_mixin.py:190} INFO - [2025-06-05T16:14:50.024+0000] {dag.py:4180} INFO - Setting next_dagrun for dataset_consumes_unknown_never_scheduled to None, run_after=None
[2025-06-05T16:14:50.029+0000] {logging_mixin.py:190} INFO - [2025-06-05T16:14:50.028+0000] {dag.py:4180} INFO - Setting next_dagrun for dataset_produces_1 to 2025-06-04 00:00:00+00:00, run_after=2025-06-05 00:00:00+00:00
[2025-06-05T16:14:50.031+0000] {logging_mixin.py:190} INFO - [2025-06-05T16:14:50.031+0000] {dag.py:4180} INFO - Setting next_dagrun for dataset_produces_2 to None, run_after=None
[2025-06-05T16:14:50.085+0000] {processor.py:208} INFO - Processing /home/airflow/.local/lib/python3.12/site-packages/airflow/example_dags/example_datasets.py took 0.834 seconds
[2025-06-05T16:15:22.003+0000] {processor.py:186} INFO - Started process (PID=5236) to work on /home/airflow/.local/lib/python3.12/site-packages/airflow/example_dags/example_datasets.py
[2025-06-05T16:15:22.005+0000] {processor.py:914} INFO - Processing file /home/airflow/.local/lib/python3.12/site-packages/airflow/example_dags/example_datasets.py for tasks to queue
[2025-06-05T16:15:22.007+0000] {logging_mixin.py:190} INFO - [2025-06-05T16:15:22.007+0000] {dagbag.py:588} INFO - Filling up the DagBag from /home/airflow/.local/lib/python3.12/site-packages/airflow/example_dags/example_datasets.py
[2025-06-05T16:15:22.707+0000] {processor.py:925} INFO - DAG(s) 'dataset_produces_2', 'consume_1_or_2_with_dataset_expressions', 'dataset_consumes_unknown_never_scheduled', 'dataset_produces_1', 'consume_1_and_2_with_dataset_expressions', 'dataset_consumes_1_never_scheduled', 'dataset_consumes_1', 'dataset_consumes_1_and_2', 'conditional_dataset_and_time_based_timetable', 'consume_1_or_both_2_and_3_with_dataset_expressions' retrieved from /home/airflow/.local/lib/python3.12/site-packages/airflow/example_dags/example_datasets.py
[2025-06-05T16:15:22.780+0000] {logging_mixin.py:190} INFO - [2025-06-05T16:15:22.779+0000] {dag.py:3239} INFO - Sync 10 DAGs
[2025-06-05T16:15:22.825+0000] {logging_mixin.py:190} INFO - [2025-06-05T16:15:22.825+0000] {dag.py:4180} INFO - Setting next_dagrun for conditional_dataset_and_time_based_timetable to 2025-06-04 01:00:00+00:00, run_after=2025-06-04 01:00:00+00:00
[2025-06-05T16:15:22.834+0000] {logging_mixin.py:190} INFO - [2025-06-05T16:15:22.834+0000] {dag.py:4180} INFO - Setting next_dagrun for consume_1_and_2_with_dataset_expressions to None, run_after=None
[2025-06-05T16:15:22.837+0000] {logging_mixin.py:190} INFO - [2025-06-05T16:15:22.836+0000] {dag.py:4180} INFO - Setting next_dagrun for consume_1_or_2_with_dataset_expressions to None, run_after=None
[2025-06-05T16:15:22.839+0000] {logging_mixin.py:190} INFO - [2025-06-05T16:15:22.839+0000] {dag.py:4180} INFO - Setting next_dagrun for consume_1_or_both_2_and_3_with_dataset_expressions to None, run_after=None
[2025-06-05T16:15:22.841+0000] {logging_mixin.py:190} INFO - [2025-06-05T16:15:22.841+0000] {dag.py:4180} INFO - Setting next_dagrun for dataset_consumes_1 to None, run_after=None
[2025-06-05T16:15:22.843+0000] {logging_mixin.py:190} INFO - [2025-06-05T16:15:22.843+0000] {dag.py:4180} INFO - Setting next_dagrun for dataset_consumes_1_and_2 to None, run_after=None
[2025-06-05T16:15:22.845+0000] {logging_mixin.py:190} INFO - [2025-06-05T16:15:22.845+0000] {dag.py:4180} INFO - Setting next_dagrun for dataset_consumes_1_never_scheduled to None, run_after=None
[2025-06-05T16:15:22.848+0000] {logging_mixin.py:190} INFO - [2025-06-05T16:15:22.847+0000] {dag.py:4180} INFO - Setting next_dagrun for dataset_consumes_unknown_never_scheduled to None, run_after=None
[2025-06-05T16:15:22.852+0000] {logging_mixin.py:190} INFO - [2025-06-05T16:15:22.851+0000] {dag.py:4180} INFO - Setting next_dagrun for dataset_produces_1 to 2025-06-04 00:00:00+00:00, run_after=2025-06-05 00:00:00+00:00
[2025-06-05T16:15:22.854+0000] {logging_mixin.py:190} INFO - [2025-06-05T16:15:22.854+0000] {dag.py:4180} INFO - Setting next_dagrun for dataset_produces_2 to None, run_after=None
[2025-06-05T16:15:22.909+0000] {processor.py:208} INFO - Processing /home/airflow/.local/lib/python3.12/site-packages/airflow/example_dags/example_datasets.py took 0.916 seconds
[2025-06-05T16:15:53.187+0000] {processor.py:186} INFO - Started process (PID=5301) to work on /home/airflow/.local/lib/python3.12/site-packages/airflow/example_dags/example_datasets.py
[2025-06-05T16:15:53.191+0000] {processor.py:914} INFO - Processing file /home/airflow/.local/lib/python3.12/site-packages/airflow/example_dags/example_datasets.py for tasks to queue
[2025-06-05T16:15:53.194+0000] {logging_mixin.py:190} INFO - [2025-06-05T16:15:53.194+0000] {dagbag.py:588} INFO - Filling up the DagBag from /home/airflow/.local/lib/python3.12/site-packages/airflow/example_dags/example_datasets.py
