[2025-06-05T16:10:36.384+0000] {processor.py:186} INFO - Started process (PID=4633) to work on /home/airflow/.local/lib/python3.12/site-packages/airflow/example_dags/example_branch_datetime_operator.py
[2025-06-05T16:10:36.386+0000] {processor.py:914} INFO - Processing file /home/airflow/.local/lib/python3.12/site-packages/airflow/example_dags/example_branch_datetime_operator.py for tasks to queue
[2025-06-05T16:10:36.388+0000] {logging_mixin.py:190} INFO - [2025-06-05T16:10:36.388+0000] {dagbag.py:588} INFO - Filling up the DagBag from /home/airflow/.local/lib/python3.12/site-packages/airflow/example_dags/example_branch_datetime_operator.py
[2025-06-05T16:10:36.409+0000] {processor.py:925} INFO - DAG(s) 'example_branch_datetime_operator_2', 'example_branch_datetime_operator_3', 'example_branch_datetime_operator' retrieved from /home/airflow/.local/lib/python3.12/site-packages/airflow/example_dags/example_branch_datetime_operator.py
[2025-06-05T16:10:36.466+0000] {logging_mixin.py:190} INFO - [2025-06-05T16:10:36.465+0000] {dag.py:3239} INFO - Sync 3 DAGs
[2025-06-05T16:10:36.776+0000] {logging_mixin.py:190} INFO - [2025-06-05T16:10:36.775+0000] {dag.py:4180} INFO - Setting next_dagrun for example_branch_datetime_operator to 2025-06-04 00:00:00+00:00, run_after=2025-06-05 00:00:00+00:00
[2025-06-05T16:10:36.784+0000] {logging_mixin.py:190} INFO - [2025-06-05T16:10:36.784+0000] {dag.py:4180} INFO - Setting next_dagrun for example_branch_datetime_operator_2 to 2025-06-04 00:00:00+00:00, run_after=2025-06-05 00:00:00+00:00
[2025-06-05T16:10:36.789+0000] {logging_mixin.py:190} INFO - [2025-06-05T16:10:36.788+0000] {dag.py:4180} INFO - Setting next_dagrun for example_branch_datetime_operator_3 to 2025-06-04 00:00:00+00:00, run_after=2025-06-05 00:00:00+00:00
[2025-06-05T16:10:36.815+0000] {processor.py:208} INFO - Processing /home/airflow/.local/lib/python3.12/site-packages/airflow/example_dags/example_branch_datetime_operator.py took 0.441 seconds
[2025-06-05T16:11:07.607+0000] {processor.py:186} INFO - Started process (PID=4698) to work on /home/airflow/.local/lib/python3.12/site-packages/airflow/example_dags/example_branch_datetime_operator.py
[2025-06-05T16:11:07.609+0000] {processor.py:914} INFO - Processing file /home/airflow/.local/lib/python3.12/site-packages/airflow/example_dags/example_branch_datetime_operator.py for tasks to queue
[2025-06-05T16:11:07.611+0000] {logging_mixin.py:190} INFO - [2025-06-05T16:11:07.611+0000] {dagbag.py:588} INFO - Filling up the DagBag from /home/airflow/.local/lib/python3.12/site-packages/airflow/example_dags/example_branch_datetime_operator.py
[2025-06-05T16:11:07.632+0000] {processor.py:925} INFO - DAG(s) 'example_branch_datetime_operator_3', 'example_branch_datetime_operator', 'example_branch_datetime_operator_2' retrieved from /home/airflow/.local/lib/python3.12/site-packages/airflow/example_dags/example_branch_datetime_operator.py
[2025-06-05T16:11:07.675+0000] {logging_mixin.py:190} INFO - [2025-06-05T16:11:07.675+0000] {dag.py:3239} INFO - Sync 3 DAGs
[2025-06-05T16:11:07.945+0000] {logging_mixin.py:190} INFO - [2025-06-05T16:11:07.945+0000] {dag.py:4180} INFO - Setting next_dagrun for example_branch_datetime_operator to 2025-06-04 00:00:00+00:00, run_after=2025-06-05 00:00:00+00:00
[2025-06-05T16:11:07.952+0000] {logging_mixin.py:190} INFO - [2025-06-05T16:11:07.952+0000] {dag.py:4180} INFO - Setting next_dagrun for example_branch_datetime_operator_2 to 2025-06-04 00:00:00+00:00, run_after=2025-06-05 00:00:00+00:00
[2025-06-05T16:11:07.956+0000] {logging_mixin.py:190} INFO - [2025-06-05T16:11:07.956+0000] {dag.py:4180} INFO - Setting next_dagrun for example_branch_datetime_operator_3 to 2025-06-04 00:00:00+00:00, run_after=2025-06-05 00:00:00+00:00
[2025-06-05T16:11:07.982+0000] {processor.py:208} INFO - Processing /home/airflow/.local/lib/python3.12/site-packages/airflow/example_dags/example_branch_datetime_operator.py took 0.386 seconds
[2025-06-05T16:11:38.158+0000] {processor.py:186} INFO - Started process (PID=4763) to work on /home/airflow/.local/lib/python3.12/site-packages/airflow/example_dags/example_branch_datetime_operator.py
[2025-06-05T16:11:38.159+0000] {processor.py:914} INFO - Processing file /home/airflow/.local/lib/python3.12/site-packages/airflow/example_dags/example_branch_datetime_operator.py for tasks to queue
[2025-06-05T16:11:38.162+0000] {logging_mixin.py:190} INFO - [2025-06-05T16:11:38.161+0000] {dagbag.py:588} INFO - Filling up the DagBag from /home/airflow/.local/lib/python3.12/site-packages/airflow/example_dags/example_branch_datetime_operator.py
[2025-06-05T16:11:38.183+0000] {processor.py:925} INFO - DAG(s) 'example_branch_datetime_operator', 'example_branch_datetime_operator_2', 'example_branch_datetime_operator_3' retrieved from /home/airflow/.local/lib/python3.12/site-packages/airflow/example_dags/example_branch_datetime_operator.py
[2025-06-05T16:11:38.228+0000] {logging_mixin.py:190} INFO - [2025-06-05T16:11:38.227+0000] {dag.py:3239} INFO - Sync 3 DAGs
[2025-06-05T16:11:38.281+0000] {logging_mixin.py:190} INFO - [2025-06-05T16:11:38.280+0000] {dag.py:4180} INFO - Setting next_dagrun for example_branch_datetime_operator to 2025-06-04 00:00:00+00:00, run_after=2025-06-05 00:00:00+00:00
[2025-06-05T16:11:38.290+0000] {logging_mixin.py:190} INFO - [2025-06-05T16:11:38.289+0000] {dag.py:4180} INFO - Setting next_dagrun for example_branch_datetime_operator_2 to 2025-06-04 00:00:00+00:00, run_after=2025-06-05 00:00:00+00:00
[2025-06-05T16:11:38.294+0000] {logging_mixin.py:190} INFO - [2025-06-05T16:11:38.294+0000] {dag.py:4180} INFO - Setting next_dagrun for example_branch_datetime_operator_3 to 2025-06-04 00:00:00+00:00, run_after=2025-06-05 00:00:00+00:00
[2025-06-05T16:11:38.322+0000] {processor.py:208} INFO - Processing /home/airflow/.local/lib/python3.12/site-packages/airflow/example_dags/example_branch_datetime_operator.py took 0.174 seconds
[2025-06-05T16:12:08.930+0000] {processor.py:186} INFO - Started process (PID=4828) to work on /home/airflow/.local/lib/python3.12/site-packages/airflow/example_dags/example_branch_datetime_operator.py
[2025-06-05T16:12:08.932+0000] {processor.py:914} INFO - Processing file /home/airflow/.local/lib/python3.12/site-packages/airflow/example_dags/example_branch_datetime_operator.py for tasks to queue
[2025-06-05T16:12:08.935+0000] {logging_mixin.py:190} INFO - [2025-06-05T16:12:08.934+0000] {dagbag.py:588} INFO - Filling up the DagBag from /home/airflow/.local/lib/python3.12/site-packages/airflow/example_dags/example_branch_datetime_operator.py
[2025-06-05T16:12:08.956+0000] {processor.py:925} INFO - DAG(s) 'example_branch_datetime_operator_3', 'example_branch_datetime_operator_2', 'example_branch_datetime_operator' retrieved from /home/airflow/.local/lib/python3.12/site-packages/airflow/example_dags/example_branch_datetime_operator.py
[2025-06-05T16:12:09.005+0000] {logging_mixin.py:190} INFO - [2025-06-05T16:12:09.005+0000] {dag.py:3239} INFO - Sync 3 DAGs
[2025-06-05T16:12:09.048+0000] {logging_mixin.py:190} INFO - [2025-06-05T16:12:09.047+0000] {dag.py:4180} INFO - Setting next_dagrun for example_branch_datetime_operator to 2025-06-04 00:00:00+00:00, run_after=2025-06-05 00:00:00+00:00
[2025-06-05T16:12:09.059+0000] {logging_mixin.py:190} INFO - [2025-06-05T16:12:09.058+0000] {dag.py:4180} INFO - Setting next_dagrun for example_branch_datetime_operator_2 to 2025-06-04 00:00:00+00:00, run_after=2025-06-05 00:00:00+00:00
[2025-06-05T16:12:09.063+0000] {logging_mixin.py:190} INFO - [2025-06-05T16:12:09.063+0000] {dag.py:4180} INFO - Setting next_dagrun for example_branch_datetime_operator_3 to 2025-06-04 00:00:00+00:00, run_after=2025-06-05 00:00:00+00:00
[2025-06-05T16:12:09.092+0000] {processor.py:208} INFO - Processing /home/airflow/.local/lib/python3.12/site-packages/airflow/example_dags/example_branch_datetime_operator.py took 0.173 seconds
[2025-06-05T16:12:39.378+0000] {processor.py:186} INFO - Started process (PID=4892) to work on /home/airflow/.local/lib/python3.12/site-packages/airflow/example_dags/example_branch_datetime_operator.py
[2025-06-05T16:12:39.380+0000] {processor.py:914} INFO - Processing file /home/airflow/.local/lib/python3.12/site-packages/airflow/example_dags/example_branch_datetime_operator.py for tasks to queue
[2025-06-05T16:12:39.382+0000] {logging_mixin.py:190} INFO - [2025-06-05T16:12:39.382+0000] {dagbag.py:588} INFO - Filling up the DagBag from /home/airflow/.local/lib/python3.12/site-packages/airflow/example_dags/example_branch_datetime_operator.py
[2025-06-05T16:12:39.403+0000] {processor.py:925} INFO - DAG(s) 'example_branch_datetime_operator_2', 'example_branch_datetime_operator_3', 'example_branch_datetime_operator' retrieved from /home/airflow/.local/lib/python3.12/site-packages/airflow/example_dags/example_branch_datetime_operator.py
[2025-06-05T16:12:39.448+0000] {logging_mixin.py:190} INFO - [2025-06-05T16:12:39.447+0000] {dag.py:3239} INFO - Sync 3 DAGs
[2025-06-05T16:12:39.487+0000] {logging_mixin.py:190} INFO - [2025-06-05T16:12:39.487+0000] {dag.py:4180} INFO - Setting next_dagrun for example_branch_datetime_operator to 2025-06-04 00:00:00+00:00, run_after=2025-06-05 00:00:00+00:00
[2025-06-05T16:12:39.496+0000] {logging_mixin.py:190} INFO - [2025-06-05T16:12:39.496+0000] {dag.py:4180} INFO - Setting next_dagrun for example_branch_datetime_operator_2 to 2025-06-04 00:00:00+00:00, run_after=2025-06-05 00:00:00+00:00
[2025-06-05T16:12:39.500+0000] {logging_mixin.py:190} INFO - [2025-06-05T16:12:39.500+0000] {dag.py:4180} INFO - Setting next_dagrun for example_branch_datetime_operator_3 to 2025-06-04 00:00:00+00:00, run_after=2025-06-05 00:00:00+00:00
[2025-06-05T16:12:39.529+0000] {processor.py:208} INFO - Processing /home/airflow/.local/lib/python3.12/site-packages/airflow/example_dags/example_branch_datetime_operator.py took 0.161 seconds
[2025-06-05T16:13:09.597+0000] {processor.py:186} INFO - Started process (PID=4956) to work on /home/airflow/.local/lib/python3.12/site-packages/airflow/example_dags/example_branch_datetime_operator.py
[2025-06-05T16:13:09.599+0000] {processor.py:914} INFO - Processing file /home/airflow/.local/lib/python3.12/site-packages/airflow/example_dags/example_branch_datetime_operator.py for tasks to queue
[2025-06-05T16:13:09.601+0000] {logging_mixin.py:190} INFO - [2025-06-05T16:13:09.600+0000] {dagbag.py:588} INFO - Filling up the DagBag from /home/airflow/.local/lib/python3.12/site-packages/airflow/example_dags/example_branch_datetime_operator.py
[2025-06-05T16:13:09.622+0000] {processor.py:925} INFO - DAG(s) 'example_branch_datetime_operator_2', 'example_branch_datetime_operator', 'example_branch_datetime_operator_3' retrieved from /home/airflow/.local/lib/python3.12/site-packages/airflow/example_dags/example_branch_datetime_operator.py
[2025-06-05T16:13:09.665+0000] {logging_mixin.py:190} INFO - [2025-06-05T16:13:09.665+0000] {dag.py:3239} INFO - Sync 3 DAGs
[2025-06-05T16:13:09.709+0000] {logging_mixin.py:190} INFO - [2025-06-05T16:13:09.708+0000] {dag.py:4180} INFO - Setting next_dagrun for example_branch_datetime_operator to 2025-06-04 00:00:00+00:00, run_after=2025-06-05 00:00:00+00:00
[2025-06-05T16:13:09.717+0000] {logging_mixin.py:190} INFO - [2025-06-05T16:13:09.716+0000] {dag.py:4180} INFO - Setting next_dagrun for example_branch_datetime_operator_2 to 2025-06-04 00:00:00+00:00, run_after=2025-06-05 00:00:00+00:00
[2025-06-05T16:13:09.721+0000] {logging_mixin.py:190} INFO - [2025-06-05T16:13:09.721+0000] {dag.py:4180} INFO - Setting next_dagrun for example_branch_datetime_operator_3 to 2025-06-04 00:00:00+00:00, run_after=2025-06-05 00:00:00+00:00
[2025-06-05T16:13:09.749+0000] {processor.py:208} INFO - Processing /home/airflow/.local/lib/python3.12/site-packages/airflow/example_dags/example_branch_datetime_operator.py took 0.162 seconds
[2025-06-05T16:13:40.240+0000] {processor.py:186} INFO - Started process (PID=5021) to work on /home/airflow/.local/lib/python3.12/site-packages/airflow/example_dags/example_branch_datetime_operator.py
[2025-06-05T16:13:40.242+0000] {processor.py:914} INFO - Processing file /home/airflow/.local/lib/python3.12/site-packages/airflow/example_dags/example_branch_datetime_operator.py for tasks to queue
[2025-06-05T16:13:40.245+0000] {logging_mixin.py:190} INFO - [2025-06-05T16:13:40.244+0000] {dagbag.py:588} INFO - Filling up the DagBag from /home/airflow/.local/lib/python3.12/site-packages/airflow/example_dags/example_branch_datetime_operator.py
[2025-06-05T16:13:40.269+0000] {processor.py:925} INFO - DAG(s) 'example_branch_datetime_operator', 'example_branch_datetime_operator_3', 'example_branch_datetime_operator_2' retrieved from /home/airflow/.local/lib/python3.12/site-packages/airflow/example_dags/example_branch_datetime_operator.py
[2025-06-05T16:13:40.323+0000] {logging_mixin.py:190} INFO - [2025-06-05T16:13:40.323+0000] {dag.py:3239} INFO - Sync 3 DAGs
[2025-06-05T16:13:40.368+0000] {logging_mixin.py:190} INFO - [2025-06-05T16:13:40.368+0000] {dag.py:4180} INFO - Setting next_dagrun for example_branch_datetime_operator to 2025-06-04 00:00:00+00:00, run_after=2025-06-05 00:00:00+00:00
[2025-06-05T16:13:40.377+0000] {logging_mixin.py:190} INFO - [2025-06-05T16:13:40.376+0000] {dag.py:4180} INFO - Setting next_dagrun for example_branch_datetime_operator_2 to 2025-06-04 00:00:00+00:00, run_after=2025-06-05 00:00:00+00:00
[2025-06-05T16:13:40.382+0000] {logging_mixin.py:190} INFO - [2025-06-05T16:13:40.381+0000] {dag.py:4180} INFO - Setting next_dagrun for example_branch_datetime_operator_3 to 2025-06-04 00:00:00+00:00, run_after=2025-06-05 00:00:00+00:00
[2025-06-05T16:13:40.410+0000] {processor.py:208} INFO - Processing /home/airflow/.local/lib/python3.12/site-packages/airflow/example_dags/example_branch_datetime_operator.py took 0.182 seconds
[2025-06-05T16:14:11.044+0000] {processor.py:186} INFO - Started process (PID=5086) to work on /home/airflow/.local/lib/python3.12/site-packages/airflow/example_dags/example_branch_datetime_operator.py
[2025-06-05T16:14:11.045+0000] {processor.py:914} INFO - Processing file /home/airflow/.local/lib/python3.12/site-packages/airflow/example_dags/example_branch_datetime_operator.py for tasks to queue
[2025-06-05T16:14:11.048+0000] {logging_mixin.py:190} INFO - [2025-06-05T16:14:11.047+0000] {dagbag.py:588} INFO - Filling up the DagBag from /home/airflow/.local/lib/python3.12/site-packages/airflow/example_dags/example_branch_datetime_operator.py
[2025-06-05T16:14:11.068+0000] {processor.py:925} INFO - DAG(s) 'example_branch_datetime_operator', 'example_branch_datetime_operator_2', 'example_branch_datetime_operator_3' retrieved from /home/airflow/.local/lib/python3.12/site-packages/airflow/example_dags/example_branch_datetime_operator.py
[2025-06-05T16:14:11.111+0000] {logging_mixin.py:190} INFO - [2025-06-05T16:14:11.110+0000] {dag.py:3239} INFO - Sync 3 DAGs
[2025-06-05T16:14:11.151+0000] {logging_mixin.py:190} INFO - [2025-06-05T16:14:11.151+0000] {dag.py:4180} INFO - Setting next_dagrun for example_branch_datetime_operator to 2025-06-04 00:00:00+00:00, run_after=2025-06-05 00:00:00+00:00
[2025-06-05T16:14:11.159+0000] {logging_mixin.py:190} INFO - [2025-06-05T16:14:11.159+0000] {dag.py:4180} INFO - Setting next_dagrun for example_branch_datetime_operator_2 to 2025-06-04 00:00:00+00:00, run_after=2025-06-05 00:00:00+00:00
[2025-06-05T16:14:11.164+0000] {logging_mixin.py:190} INFO - [2025-06-05T16:14:11.164+0000] {dag.py:4180} INFO - Setting next_dagrun for example_branch_datetime_operator_3 to 2025-06-04 00:00:00+00:00, run_after=2025-06-05 00:00:00+00:00
[2025-06-05T16:14:11.192+0000] {processor.py:208} INFO - Processing /home/airflow/.local/lib/python3.12/site-packages/airflow/example_dags/example_branch_datetime_operator.py took 0.158 seconds
[2025-06-05T16:14:46.497+0000] {processor.py:186} INFO - Started process (PID=5151) to work on /home/airflow/.local/lib/python3.12/site-packages/airflow/example_dags/example_branch_datetime_operator.py
[2025-06-05T16:14:46.499+0000] {processor.py:914} INFO - Processing file /home/airflow/.local/lib/python3.12/site-packages/airflow/example_dags/example_branch_datetime_operator.py for tasks to queue
[2025-06-05T16:14:46.501+0000] {logging_mixin.py:190} INFO - [2025-06-05T16:14:46.500+0000] {dagbag.py:588} INFO - Filling up the DagBag from /home/airflow/.local/lib/python3.12/site-packages/airflow/example_dags/example_branch_datetime_operator.py
[2025-06-05T16:14:46.521+0000] {processor.py:925} INFO - DAG(s) 'example_branch_datetime_operator_3', 'example_branch_datetime_operator_2', 'example_branch_datetime_operator' retrieved from /home/airflow/.local/lib/python3.12/site-packages/airflow/example_dags/example_branch_datetime_operator.py
[2025-06-05T16:14:46.564+0000] {logging_mixin.py:190} INFO - [2025-06-05T16:14:46.563+0000] {dag.py:3239} INFO - Sync 3 DAGs
[2025-06-05T16:14:46.604+0000] {logging_mixin.py:190} INFO - [2025-06-05T16:14:46.603+0000] {dag.py:4180} INFO - Setting next_dagrun for example_branch_datetime_operator to 2025-06-04 00:00:00+00:00, run_after=2025-06-05 00:00:00+00:00
[2025-06-05T16:14:46.612+0000] {logging_mixin.py:190} INFO - [2025-06-05T16:14:46.612+0000] {dag.py:4180} INFO - Setting next_dagrun for example_branch_datetime_operator_2 to 2025-06-04 00:00:00+00:00, run_after=2025-06-05 00:00:00+00:00
[2025-06-05T16:14:46.616+0000] {logging_mixin.py:190} INFO - [2025-06-05T16:14:46.615+0000] {dag.py:4180} INFO - Setting next_dagrun for example_branch_datetime_operator_3 to 2025-06-04 00:00:00+00:00, run_after=2025-06-05 00:00:00+00:00
[2025-06-05T16:14:46.641+0000] {processor.py:208} INFO - Processing /home/airflow/.local/lib/python3.12/site-packages/airflow/example_dags/example_branch_datetime_operator.py took 0.155 seconds
[2025-06-05T16:15:16.879+0000] {processor.py:186} INFO - Started process (PID=5216) to work on /home/airflow/.local/lib/python3.12/site-packages/airflow/example_dags/example_branch_datetime_operator.py
[2025-06-05T16:15:16.881+0000] {processor.py:914} INFO - Processing file /home/airflow/.local/lib/python3.12/site-packages/airflow/example_dags/example_branch_datetime_operator.py for tasks to queue
[2025-06-05T16:15:16.884+0000] {logging_mixin.py:190} INFO - [2025-06-05T16:15:16.883+0000] {dagbag.py:588} INFO - Filling up the DagBag from /home/airflow/.local/lib/python3.12/site-packages/airflow/example_dags/example_branch_datetime_operator.py
[2025-06-05T16:15:16.905+0000] {processor.py:925} INFO - DAG(s) 'example_branch_datetime_operator_2', 'example_branch_datetime_operator', 'example_branch_datetime_operator_3' retrieved from /home/airflow/.local/lib/python3.12/site-packages/airflow/example_dags/example_branch_datetime_operator.py
[2025-06-05T16:15:16.951+0000] {logging_mixin.py:190} INFO - [2025-06-05T16:15:16.950+0000] {dag.py:3239} INFO - Sync 3 DAGs
[2025-06-05T16:15:16.996+0000] {logging_mixin.py:190} INFO - [2025-06-05T16:15:16.996+0000] {dag.py:4180} INFO - Setting next_dagrun for example_branch_datetime_operator to 2025-06-04 00:00:00+00:00, run_after=2025-06-05 00:00:00+00:00
[2025-06-05T16:15:17.005+0000] {logging_mixin.py:190} INFO - [2025-06-05T16:15:17.005+0000] {dag.py:4180} INFO - Setting next_dagrun for example_branch_datetime_operator_2 to 2025-06-04 00:00:00+00:00, run_after=2025-06-05 00:00:00+00:00
[2025-06-05T16:15:17.011+0000] {logging_mixin.py:190} INFO - [2025-06-05T16:15:17.011+0000] {dag.py:4180} INFO - Setting next_dagrun for example_branch_datetime_operator_3 to 2025-06-04 00:00:00+00:00, run_after=2025-06-05 00:00:00+00:00
[2025-06-05T16:15:17.039+0000] {processor.py:208} INFO - Processing /home/airflow/.local/lib/python3.12/site-packages/airflow/example_dags/example_branch_datetime_operator.py took 0.170 seconds
[2025-06-05T16:15:47.196+0000] {processor.py:186} INFO - Started process (PID=5281) to work on /home/airflow/.local/lib/python3.12/site-packages/airflow/example_dags/example_branch_datetime_operator.py
[2025-06-05T16:15:47.198+0000] {processor.py:914} INFO - Processing file /home/airflow/.local/lib/python3.12/site-packages/airflow/example_dags/example_branch_datetime_operator.py for tasks to queue
[2025-06-05T16:15:47.200+0000] {logging_mixin.py:190} INFO - [2025-06-05T16:15:47.199+0000] {dagbag.py:588} INFO - Filling up the DagBag from /home/airflow/.local/lib/python3.12/site-packages/airflow/example_dags/example_branch_datetime_operator.py
[2025-06-05T16:15:47.222+0000] {processor.py:925} INFO - DAG(s) 'example_branch_datetime_operator_2', 'example_branch_datetime_operator_3', 'example_branch_datetime_operator' retrieved from /home/airflow/.local/lib/python3.12/site-packages/airflow/example_dags/example_branch_datetime_operator.py
[2025-06-05T16:15:47.265+0000] {logging_mixin.py:190} INFO - [2025-06-05T16:15:47.265+0000] {dag.py:3239} INFO - Sync 3 DAGs
[2025-06-05T16:15:47.305+0000] {logging_mixin.py:190} INFO - [2025-06-05T16:15:47.305+0000] {dag.py:4180} INFO - Setting next_dagrun for example_branch_datetime_operator to 2025-06-04 00:00:00+00:00, run_after=2025-06-05 00:00:00+00:00
[2025-06-05T16:15:47.314+0000] {logging_mixin.py:190} INFO - [2025-06-05T16:15:47.314+0000] {dag.py:4180} INFO - Setting next_dagrun for example_branch_datetime_operator_2 to 2025-06-04 00:00:00+00:00, run_after=2025-06-05 00:00:00+00:00
[2025-06-05T16:15:47.318+0000] {logging_mixin.py:190} INFO - [2025-06-05T16:15:47.318+0000] {dag.py:4180} INFO - Setting next_dagrun for example_branch_datetime_operator_3 to 2025-06-04 00:00:00+00:00, run_after=2025-06-05 00:00:00+00:00
[2025-06-05T16:15:47.347+0000] {processor.py:208} INFO - Processing /home/airflow/.local/lib/python3.12/site-packages/airflow/example_dags/example_branch_datetime_operator.py took 0.162 seconds
