[2025-06-05T16:10:30.546+0000] {processor.py:186} INFO - Started process (PID=4612) to work on /home/airflow/.local/lib/python3.12/site-packages/airflow/example_dags/example_params_ui_tutorial.py
[2025-06-05T16:10:30.547+0000] {processor.py:914} INFO - Processing file /home/airflow/.local/lib/python3.12/site-packages/airflow/example_dags/example_params_ui_tutorial.py for tasks to queue
[2025-06-05T16:10:30.551+0000] {logging_mixin.py:190} INFO - [2025-06-05T16:10:30.550+0000] {dagbag.py:588} INFO - Filling up the DagBag from /home/airflow/.local/lib/python3.12/site-packages/airflow/example_dags/example_params_ui_tutorial.py
[2025-06-05T16:10:30.566+0000] {processor.py:925} INFO - DAG(s) 'example_params_ui_tutorial' retrieved from /home/airflow/.local/lib/python3.12/site-packages/airflow/example_dags/example_params_ui_tutorial.py
[2025-06-05T16:10:30.637+0000] {logging_mixin.py:190} INFO - [2025-06-05T16:10:30.636+0000] {dag.py:3239} INFO - Sync 1 DAGs
[2025-06-05T16:10:30.662+0000] {logging_mixin.py:190} INFO - [2025-06-05T16:10:30.661+0000] {dag.py:4180} INFO - Setting next_dagrun for example_params_ui_tutorial to None, run_after=None
[2025-06-05T16:10:30.917+0000] {processor.py:208} INFO - Processing /home/airflow/.local/lib/python3.12/site-packages/airflow/example_dags/example_params_ui_tutorial.py took 0.383 seconds
[2025-06-05T16:11:01.547+0000] {processor.py:186} INFO - Started process (PID=4677) to work on /home/airflow/.local/lib/python3.12/site-packages/airflow/example_dags/example_params_ui_tutorial.py
[2025-06-05T16:11:01.549+0000] {processor.py:914} INFO - Processing file /home/airflow/.local/lib/python3.12/site-packages/airflow/example_dags/example_params_ui_tutorial.py for tasks to queue
[2025-06-05T16:11:01.552+0000] {logging_mixin.py:190} INFO - [2025-06-05T16:11:01.551+0000] {dagbag.py:588} INFO - Filling up the DagBag from /home/airflow/.local/lib/python3.12/site-packages/airflow/example_dags/example_params_ui_tutorial.py
[2025-06-05T16:11:01.567+0000] {processor.py:925} INFO - DAG(s) 'example_params_ui_tutorial' retrieved from /home/airflow/.local/lib/python3.12/site-packages/airflow/example_dags/example_params_ui_tutorial.py
[2025-06-05T16:11:01.642+0000] {logging_mixin.py:190} INFO - [2025-06-05T16:11:01.642+0000] {dag.py:3239} INFO - Sync 1 DAGs
[2025-06-05T16:11:01.667+0000] {logging_mixin.py:190} INFO - [2025-06-05T16:11:01.667+0000] {dag.py:4180} INFO - Setting next_dagrun for example_params_ui_tutorial to None, run_after=None
[2025-06-05T16:11:01.702+0000] {processor.py:208} INFO - Processing /home/airflow/.local/lib/python3.12/site-packages/airflow/example_dags/example_params_ui_tutorial.py took 0.165 seconds
[2025-06-05T16:11:31.881+0000] {processor.py:186} INFO - Started process (PID=4742) to work on /home/airflow/.local/lib/python3.12/site-packages/airflow/example_dags/example_params_ui_tutorial.py
[2025-06-05T16:11:31.883+0000] {processor.py:914} INFO - Processing file /home/airflow/.local/lib/python3.12/site-packages/airflow/example_dags/example_params_ui_tutorial.py for tasks to queue
[2025-06-05T16:11:31.885+0000] {logging_mixin.py:190} INFO - [2025-06-05T16:11:31.884+0000] {dagbag.py:588} INFO - Filling up the DagBag from /home/airflow/.local/lib/python3.12/site-packages/airflow/example_dags/example_params_ui_tutorial.py
[2025-06-05T16:11:31.901+0000] {processor.py:925} INFO - DAG(s) 'example_params_ui_tutorial' retrieved from /home/airflow/.local/lib/python3.12/site-packages/airflow/example_dags/example_params_ui_tutorial.py
[2025-06-05T16:11:31.973+0000] {logging_mixin.py:190} INFO - [2025-06-05T16:11:31.972+0000] {dag.py:3239} INFO - Sync 1 DAGs
[2025-06-05T16:11:31.996+0000] {logging_mixin.py:190} INFO - [2025-06-05T16:11:31.996+0000] {dag.py:4180} INFO - Setting next_dagrun for example_params_ui_tutorial to None, run_after=None
[2025-06-05T16:11:32.027+0000] {processor.py:208} INFO - Processing /home/airflow/.local/lib/python3.12/site-packages/airflow/example_dags/example_params_ui_tutorial.py took 0.155 seconds
[2025-06-05T16:12:02.618+0000] {processor.py:186} INFO - Started process (PID=4807) to work on /home/airflow/.local/lib/python3.12/site-packages/airflow/example_dags/example_params_ui_tutorial.py
[2025-06-05T16:12:02.619+0000] {processor.py:914} INFO - Processing file /home/airflow/.local/lib/python3.12/site-packages/airflow/example_dags/example_params_ui_tutorial.py for tasks to queue
[2025-06-05T16:12:02.622+0000] {logging_mixin.py:190} INFO - [2025-06-05T16:12:02.621+0000] {dagbag.py:588} INFO - Filling up the DagBag from /home/airflow/.local/lib/python3.12/site-packages/airflow/example_dags/example_params_ui_tutorial.py
[2025-06-05T16:12:02.637+0000] {processor.py:925} INFO - DAG(s) 'example_params_ui_tutorial' retrieved from /home/airflow/.local/lib/python3.12/site-packages/airflow/example_dags/example_params_ui_tutorial.py
[2025-06-05T16:12:02.707+0000] {logging_mixin.py:190} INFO - [2025-06-05T16:12:02.707+0000] {dag.py:3239} INFO - Sync 1 DAGs
[2025-06-05T16:12:02.734+0000] {logging_mixin.py:190} INFO - [2025-06-05T16:12:02.734+0000] {dag.py:4180} INFO - Setting next_dagrun for example_params_ui_tutorial to None, run_after=None
[2025-06-05T16:12:02.767+0000] {processor.py:208} INFO - Processing /home/airflow/.local/lib/python3.12/site-packages/airflow/example_dags/example_params_ui_tutorial.py took 0.158 seconds
[2025-06-05T16:12:33.292+0000] {processor.py:186} INFO - Started process (PID=4872) to work on /home/airflow/.local/lib/python3.12/site-packages/airflow/example_dags/example_params_ui_tutorial.py
[2025-06-05T16:12:33.293+0000] {processor.py:914} INFO - Processing file /home/airflow/.local/lib/python3.12/site-packages/airflow/example_dags/example_params_ui_tutorial.py for tasks to queue
[2025-06-05T16:12:33.296+0000] {logging_mixin.py:190} INFO - [2025-06-05T16:12:33.295+0000] {dagbag.py:588} INFO - Filling up the DagBag from /home/airflow/.local/lib/python3.12/site-packages/airflow/example_dags/example_params_ui_tutorial.py
[2025-06-05T16:12:33.311+0000] {processor.py:925} INFO - DAG(s) 'example_params_ui_tutorial' retrieved from /home/airflow/.local/lib/python3.12/site-packages/airflow/example_dags/example_params_ui_tutorial.py
[2025-06-05T16:12:33.383+0000] {logging_mixin.py:190} INFO - [2025-06-05T16:12:33.382+0000] {dag.py:3239} INFO - Sync 1 DAGs
[2025-06-05T16:12:33.407+0000] {logging_mixin.py:190} INFO - [2025-06-05T16:12:33.407+0000] {dag.py:4180} INFO - Setting next_dagrun for example_params_ui_tutorial to None, run_after=None
[2025-06-05T16:12:33.438+0000] {processor.py:208} INFO - Processing /home/airflow/.local/lib/python3.12/site-packages/airflow/example_dags/example_params_ui_tutorial.py took 0.156 seconds
[2025-06-05T16:13:03.636+0000] {processor.py:186} INFO - Started process (PID=4937) to work on /home/airflow/.local/lib/python3.12/site-packages/airflow/example_dags/example_params_ui_tutorial.py
[2025-06-05T16:13:03.637+0000] {processor.py:914} INFO - Processing file /home/airflow/.local/lib/python3.12/site-packages/airflow/example_dags/example_params_ui_tutorial.py for tasks to queue
[2025-06-05T16:13:03.640+0000] {logging_mixin.py:190} INFO - [2025-06-05T16:13:03.639+0000] {dagbag.py:588} INFO - Filling up the DagBag from /home/airflow/.local/lib/python3.12/site-packages/airflow/example_dags/example_params_ui_tutorial.py
[2025-06-05T16:13:03.656+0000] {processor.py:925} INFO - DAG(s) 'example_params_ui_tutorial' retrieved from /home/airflow/.local/lib/python3.12/site-packages/airflow/example_dags/example_params_ui_tutorial.py
[2025-06-05T16:13:03.741+0000] {logging_mixin.py:190} INFO - [2025-06-05T16:13:03.741+0000] {dag.py:3239} INFO - Sync 1 DAGs
[2025-06-05T16:13:03.765+0000] {logging_mixin.py:190} INFO - [2025-06-05T16:13:03.765+0000] {dag.py:4180} INFO - Setting next_dagrun for example_params_ui_tutorial to None, run_after=None
[2025-06-05T16:13:03.796+0000] {processor.py:208} INFO - Processing /home/airflow/.local/lib/python3.12/site-packages/airflow/example_dags/example_params_ui_tutorial.py took 0.170 seconds
[2025-06-05T16:13:34.216+0000] {processor.py:186} INFO - Started process (PID=5002) to work on /home/airflow/.local/lib/python3.12/site-packages/airflow/example_dags/example_params_ui_tutorial.py
[2025-06-05T16:13:34.218+0000] {processor.py:914} INFO - Processing file /home/airflow/.local/lib/python3.12/site-packages/airflow/example_dags/example_params_ui_tutorial.py for tasks to queue
[2025-06-05T16:13:34.220+0000] {logging_mixin.py:190} INFO - [2025-06-05T16:13:34.219+0000] {dagbag.py:588} INFO - Filling up the DagBag from /home/airflow/.local/lib/python3.12/site-packages/airflow/example_dags/example_params_ui_tutorial.py
[2025-06-05T16:13:34.235+0000] {processor.py:925} INFO - DAG(s) 'example_params_ui_tutorial' retrieved from /home/airflow/.local/lib/python3.12/site-packages/airflow/example_dags/example_params_ui_tutorial.py
[2025-06-05T16:13:34.311+0000] {logging_mixin.py:190} INFO - [2025-06-05T16:13:34.311+0000] {dag.py:3239} INFO - Sync 1 DAGs
[2025-06-05T16:13:34.337+0000] {logging_mixin.py:190} INFO - [2025-06-05T16:13:34.336+0000] {dag.py:4180} INFO - Setting next_dagrun for example_params_ui_tutorial to None, run_after=None
[2025-06-05T16:13:34.369+0000] {processor.py:208} INFO - Processing /home/airflow/.local/lib/python3.12/site-packages/airflow/example_dags/example_params_ui_tutorial.py took 0.162 seconds
[2025-06-05T16:14:05.110+0000] {processor.py:186} INFO - Started process (PID=5067) to work on /home/airflow/.local/lib/python3.12/site-packages/airflow/example_dags/example_params_ui_tutorial.py
[2025-06-05T16:14:05.111+0000] {processor.py:914} INFO - Processing file /home/airflow/.local/lib/python3.12/site-packages/airflow/example_dags/example_params_ui_tutorial.py for tasks to queue
[2025-06-05T16:14:05.114+0000] {logging_mixin.py:190} INFO - [2025-06-05T16:14:05.113+0000] {dagbag.py:588} INFO - Filling up the DagBag from /home/airflow/.local/lib/python3.12/site-packages/airflow/example_dags/example_params_ui_tutorial.py
[2025-06-05T16:14:05.129+0000] {processor.py:925} INFO - DAG(s) 'example_params_ui_tutorial' retrieved from /home/airflow/.local/lib/python3.12/site-packages/airflow/example_dags/example_params_ui_tutorial.py
[2025-06-05T16:14:05.199+0000] {logging_mixin.py:190} INFO - [2025-06-05T16:14:05.199+0000] {dag.py:3239} INFO - Sync 1 DAGs
[2025-06-05T16:14:05.224+0000] {logging_mixin.py:190} INFO - [2025-06-05T16:14:05.223+0000] {dag.py:4180} INFO - Setting next_dagrun for example_params_ui_tutorial to None, run_after=None
[2025-06-05T16:14:05.255+0000] {processor.py:208} INFO - Processing /home/airflow/.local/lib/python3.12/site-packages/airflow/example_dags/example_params_ui_tutorial.py took 0.156 seconds
[2025-06-05T16:14:44.539+0000] {processor.py:186} INFO - Started process (PID=5132) to work on /home/airflow/.local/lib/python3.12/site-packages/airflow/example_dags/example_params_ui_tutorial.py
[2025-06-05T16:14:44.541+0000] {processor.py:914} INFO - Processing file /home/airflow/.local/lib/python3.12/site-packages/airflow/example_dags/example_params_ui_tutorial.py for tasks to queue
[2025-06-05T16:14:44.543+0000] {logging_mixin.py:190} INFO - [2025-06-05T16:14:44.542+0000] {dagbag.py:588} INFO - Filling up the DagBag from /home/airflow/.local/lib/python3.12/site-packages/airflow/example_dags/example_params_ui_tutorial.py
[2025-06-05T16:14:44.558+0000] {processor.py:925} INFO - DAG(s) 'example_params_ui_tutorial' retrieved from /home/airflow/.local/lib/python3.12/site-packages/airflow/example_dags/example_params_ui_tutorial.py
[2025-06-05T16:14:44.628+0000] {logging_mixin.py:190} INFO - [2025-06-05T16:14:44.627+0000] {dag.py:3239} INFO - Sync 1 DAGs
[2025-06-05T16:14:44.652+0000] {logging_mixin.py:190} INFO - [2025-06-05T16:14:44.651+0000] {dag.py:4180} INFO - Setting next_dagrun for example_params_ui_tutorial to None, run_after=None
[2025-06-05T16:14:44.682+0000] {processor.py:208} INFO - Processing /home/airflow/.local/lib/python3.12/site-packages/airflow/example_dags/example_params_ui_tutorial.py took 0.153 seconds
[2025-06-05T16:15:14.877+0000] {processor.py:186} INFO - Started process (PID=5197) to work on /home/airflow/.local/lib/python3.12/site-packages/airflow/example_dags/example_params_ui_tutorial.py
[2025-06-05T16:15:14.879+0000] {processor.py:914} INFO - Processing file /home/airflow/.local/lib/python3.12/site-packages/airflow/example_dags/example_params_ui_tutorial.py for tasks to queue
[2025-06-05T16:15:14.881+0000] {logging_mixin.py:190} INFO - [2025-06-05T16:15:14.881+0000] {dagbag.py:588} INFO - Filling up the DagBag from /home/airflow/.local/lib/python3.12/site-packages/airflow/example_dags/example_params_ui_tutorial.py
[2025-06-05T16:15:14.897+0000] {processor.py:925} INFO - DAG(s) 'example_params_ui_tutorial' retrieved from /home/airflow/.local/lib/python3.12/site-packages/airflow/example_dags/example_params_ui_tutorial.py
[2025-06-05T16:15:14.969+0000] {logging_mixin.py:190} INFO - [2025-06-05T16:15:14.969+0000] {dag.py:3239} INFO - Sync 1 DAGs
[2025-06-05T16:15:14.994+0000] {logging_mixin.py:190} INFO - [2025-06-05T16:15:14.994+0000] {dag.py:4180} INFO - Setting next_dagrun for example_params_ui_tutorial to None, run_after=None
[2025-06-05T16:15:15.024+0000] {processor.py:208} INFO - Processing /home/airflow/.local/lib/python3.12/site-packages/airflow/example_dags/example_params_ui_tutorial.py took 0.157 seconds
[2025-06-05T16:15:45.143+0000] {processor.py:186} INFO - Started process (PID=5261) to work on /home/airflow/.local/lib/python3.12/site-packages/airflow/example_dags/example_params_ui_tutorial.py
[2025-06-05T16:15:45.145+0000] {processor.py:914} INFO - Processing file /home/airflow/.local/lib/python3.12/site-packages/airflow/example_dags/example_params_ui_tutorial.py for tasks to queue
[2025-06-05T16:15:45.148+0000] {logging_mixin.py:190} INFO - [2025-06-05T16:15:45.147+0000] {dagbag.py:588} INFO - Filling up the DagBag from /home/airflow/.local/lib/python3.12/site-packages/airflow/example_dags/example_params_ui_tutorial.py
[2025-06-05T16:15:45.167+0000] {processor.py:925} INFO - DAG(s) 'example_params_ui_tutorial' retrieved from /home/airflow/.local/lib/python3.12/site-packages/airflow/example_dags/example_params_ui_tutorial.py
[2025-06-05T16:15:45.261+0000] {logging_mixin.py:190} INFO - [2025-06-05T16:15:45.261+0000] {dag.py:3239} INFO - Sync 1 DAGs
[2025-06-05T16:15:45.288+0000] {logging_mixin.py:190} INFO - [2025-06-05T16:15:45.288+0000] {dag.py:4180} INFO - Setting next_dagrun for example_params_ui_tutorial to None, run_after=None
[2025-06-05T16:15:45.319+0000] {processor.py:208} INFO - Processing /home/airflow/.local/lib/python3.12/site-packages/airflow/example_dags/example_params_ui_tutorial.py took 0.189 seconds
