[2025-06-05T16:10:32.460+0000] {processor.py:186} INFO - Started process (PID=4621) to work on /home/airflow/.local/lib/python3.12/site-packages/airflow/example_dags/example_branch_operator.py
[2025-06-05T16:10:32.462+0000] {processor.py:914} INFO - Processing file /home/airflow/.local/lib/python3.12/site-packages/airflow/example_dags/example_branch_operator.py for tasks to queue
[2025-06-05T16:10:32.464+0000] {logging_mixin.py:190} INFO - [2025-06-05T16:10:32.464+0000] {dagbag.py:588} INFO - Filling up the DagBag from /home/airflow/.local/lib/python3.12/site-packages/airflow/example_dags/example_branch_operator.py
[2025-06-05T16:10:32.496+0000] {processor.py:925} INFO - DAG(s) 'example_branch_operator' retrieved from /home/airflow/.local/lib/python3.12/site-packages/airflow/example_dags/example_branch_operator.py
[2025-06-05T16:10:32.548+0000] {logging_mixin.py:190} INFO - [2025-06-05T16:10:32.547+0000] {dag.py:3239} INFO - Sync 1 DAGs
[2025-06-05T16:10:32.816+0000] {logging_mixin.py:190} INFO - [2025-06-05T16:10:32.815+0000] {dag.py:4180} INFO - Setting next_dagrun for example_branch_operator to 2025-06-04 00:00:00+00:00, run_after=2025-06-05 00:00:00+00:00
[2025-06-05T16:10:32.848+0000] {processor.py:208} INFO - Processing /home/airflow/.local/lib/python3.12/site-packages/airflow/example_dags/example_branch_operator.py took 0.398 seconds
[2025-06-05T16:11:02.906+0000] {processor.py:186} INFO - Started process (PID=4686) to work on /home/airflow/.local/lib/python3.12/site-packages/airflow/example_dags/example_branch_operator.py
[2025-06-05T16:11:02.908+0000] {processor.py:914} INFO - Processing file /home/airflow/.local/lib/python3.12/site-packages/airflow/example_dags/example_branch_operator.py for tasks to queue
[2025-06-05T16:11:02.911+0000] {logging_mixin.py:190} INFO - [2025-06-05T16:11:02.910+0000] {dagbag.py:588} INFO - Filling up the DagBag from /home/airflow/.local/lib/python3.12/site-packages/airflow/example_dags/example_branch_operator.py
[2025-06-05T16:11:02.939+0000] {processor.py:925} INFO - DAG(s) 'example_branch_operator' retrieved from /home/airflow/.local/lib/python3.12/site-packages/airflow/example_dags/example_branch_operator.py
[2025-06-05T16:11:02.985+0000] {logging_mixin.py:190} INFO - [2025-06-05T16:11:02.985+0000] {dag.py:3239} INFO - Sync 1 DAGs
[2025-06-05T16:11:03.288+0000] {logging_mixin.py:190} INFO - [2025-06-05T16:11:03.288+0000] {dag.py:4180} INFO - Setting next_dagrun for example_branch_operator to 2025-06-04 00:00:00+00:00, run_after=2025-06-05 00:00:00+00:00
[2025-06-05T16:11:03.322+0000] {processor.py:208} INFO - Processing /home/airflow/.local/lib/python3.12/site-packages/airflow/example_dags/example_branch_operator.py took 0.426 seconds
[2025-06-05T16:11:33.820+0000] {processor.py:186} INFO - Started process (PID=4751) to work on /home/airflow/.local/lib/python3.12/site-packages/airflow/example_dags/example_branch_operator.py
[2025-06-05T16:11:33.822+0000] {processor.py:914} INFO - Processing file /home/airflow/.local/lib/python3.12/site-packages/airflow/example_dags/example_branch_operator.py for tasks to queue
[2025-06-05T16:11:33.825+0000] {logging_mixin.py:190} INFO - [2025-06-05T16:11:33.824+0000] {dagbag.py:588} INFO - Filling up the DagBag from /home/airflow/.local/lib/python3.12/site-packages/airflow/example_dags/example_branch_operator.py
[2025-06-05T16:11:33.854+0000] {processor.py:925} INFO - DAG(s) 'example_branch_operator' retrieved from /home/airflow/.local/lib/python3.12/site-packages/airflow/example_dags/example_branch_operator.py
[2025-06-05T16:11:33.900+0000] {logging_mixin.py:190} INFO - [2025-06-05T16:11:33.900+0000] {dag.py:3239} INFO - Sync 1 DAGs
[2025-06-05T16:11:33.940+0000] {logging_mixin.py:190} INFO - [2025-06-05T16:11:33.940+0000] {dag.py:4180} INFO - Setting next_dagrun for example_branch_operator to 2025-06-04 00:00:00+00:00, run_after=2025-06-05 00:00:00+00:00
[2025-06-05T16:11:33.971+0000] {processor.py:208} INFO - Processing /home/airflow/.local/lib/python3.12/site-packages/airflow/example_dags/example_branch_operator.py took 0.161 seconds
[2025-06-05T16:12:04.472+0000] {processor.py:186} INFO - Started process (PID=4816) to work on /home/airflow/.local/lib/python3.12/site-packages/airflow/example_dags/example_branch_operator.py
[2025-06-05T16:12:04.474+0000] {processor.py:914} INFO - Processing file /home/airflow/.local/lib/python3.12/site-packages/airflow/example_dags/example_branch_operator.py for tasks to queue
[2025-06-05T16:12:04.476+0000] {logging_mixin.py:190} INFO - [2025-06-05T16:12:04.476+0000] {dagbag.py:588} INFO - Filling up the DagBag from /home/airflow/.local/lib/python3.12/site-packages/airflow/example_dags/example_branch_operator.py
[2025-06-05T16:12:04.509+0000] {processor.py:925} INFO - DAG(s) 'example_branch_operator' retrieved from /home/airflow/.local/lib/python3.12/site-packages/airflow/example_dags/example_branch_operator.py
[2025-06-05T16:12:04.556+0000] {logging_mixin.py:190} INFO - [2025-06-05T16:12:04.555+0000] {dag.py:3239} INFO - Sync 1 DAGs
[2025-06-05T16:12:04.599+0000] {logging_mixin.py:190} INFO - [2025-06-05T16:12:04.599+0000] {dag.py:4180} INFO - Setting next_dagrun for example_branch_operator to 2025-06-04 00:00:00+00:00, run_after=2025-06-05 00:00:00+00:00
[2025-06-05T16:12:04.639+0000] {processor.py:208} INFO - Processing /home/airflow/.local/lib/python3.12/site-packages/airflow/example_dags/example_branch_operator.py took 0.177 seconds
[2025-06-05T16:12:35.201+0000] {processor.py:186} INFO - Started process (PID=4881) to work on /home/airflow/.local/lib/python3.12/site-packages/airflow/example_dags/example_branch_operator.py
[2025-06-05T16:12:35.203+0000] {processor.py:914} INFO - Processing file /home/airflow/.local/lib/python3.12/site-packages/airflow/example_dags/example_branch_operator.py for tasks to queue
[2025-06-05T16:12:35.206+0000] {logging_mixin.py:190} INFO - [2025-06-05T16:12:35.205+0000] {dagbag.py:588} INFO - Filling up the DagBag from /home/airflow/.local/lib/python3.12/site-packages/airflow/example_dags/example_branch_operator.py
[2025-06-05T16:12:35.242+0000] {processor.py:925} INFO - DAG(s) 'example_branch_operator' retrieved from /home/airflow/.local/lib/python3.12/site-packages/airflow/example_dags/example_branch_operator.py
[2025-06-05T16:12:35.294+0000] {logging_mixin.py:190} INFO - [2025-06-05T16:12:35.293+0000] {dag.py:3239} INFO - Sync 1 DAGs
[2025-06-05T16:12:35.338+0000] {logging_mixin.py:190} INFO - [2025-06-05T16:12:35.338+0000] {dag.py:4180} INFO - Setting next_dagrun for example_branch_operator to 2025-06-04 00:00:00+00:00, run_after=2025-06-05 00:00:00+00:00
[2025-06-05T16:12:35.369+0000] {processor.py:208} INFO - Processing /home/airflow/.local/lib/python3.12/site-packages/airflow/example_dags/example_branch_operator.py took 0.178 seconds
[2025-06-05T16:13:05.577+0000] {processor.py:186} INFO - Started process (PID=4946) to work on /home/airflow/.local/lib/python3.12/site-packages/airflow/example_dags/example_branch_operator.py
[2025-06-05T16:13:05.579+0000] {processor.py:914} INFO - Processing file /home/airflow/.local/lib/python3.12/site-packages/airflow/example_dags/example_branch_operator.py for tasks to queue
[2025-06-05T16:13:05.582+0000] {logging_mixin.py:190} INFO - [2025-06-05T16:13:05.581+0000] {dagbag.py:588} INFO - Filling up the DagBag from /home/airflow/.local/lib/python3.12/site-packages/airflow/example_dags/example_branch_operator.py
[2025-06-05T16:13:05.611+0000] {processor.py:925} INFO - DAG(s) 'example_branch_operator' retrieved from /home/airflow/.local/lib/python3.12/site-packages/airflow/example_dags/example_branch_operator.py
[2025-06-05T16:13:05.657+0000] {logging_mixin.py:190} INFO - [2025-06-05T16:13:05.657+0000] {dag.py:3239} INFO - Sync 1 DAGs
[2025-06-05T16:13:05.696+0000] {logging_mixin.py:190} INFO - [2025-06-05T16:13:05.696+0000] {dag.py:4180} INFO - Setting next_dagrun for example_branch_operator to 2025-06-04 00:00:00+00:00, run_after=2025-06-05 00:00:00+00:00
[2025-06-05T16:13:05.727+0000] {processor.py:208} INFO - Processing /home/airflow/.local/lib/python3.12/site-packages/airflow/example_dags/example_branch_operator.py took 0.160 seconds
[2025-06-05T16:13:36.171+0000] {processor.py:186} INFO - Started process (PID=5011) to work on /home/airflow/.local/lib/python3.12/site-packages/airflow/example_dags/example_branch_operator.py
[2025-06-05T16:13:36.173+0000] {processor.py:914} INFO - Processing file /home/airflow/.local/lib/python3.12/site-packages/airflow/example_dags/example_branch_operator.py for tasks to queue
[2025-06-05T16:13:36.175+0000] {logging_mixin.py:190} INFO - [2025-06-05T16:13:36.175+0000] {dagbag.py:588} INFO - Filling up the DagBag from /home/airflow/.local/lib/python3.12/site-packages/airflow/example_dags/example_branch_operator.py
[2025-06-05T16:13:36.208+0000] {processor.py:925} INFO - DAG(s) 'example_branch_operator' retrieved from /home/airflow/.local/lib/python3.12/site-packages/airflow/example_dags/example_branch_operator.py
[2025-06-05T16:13:36.257+0000] {logging_mixin.py:190} INFO - [2025-06-05T16:13:36.256+0000] {dag.py:3239} INFO - Sync 1 DAGs
[2025-06-05T16:13:36.301+0000] {logging_mixin.py:190} INFO - [2025-06-05T16:13:36.301+0000] {dag.py:4180} INFO - Setting next_dagrun for example_branch_operator to 2025-06-04 00:00:00+00:00, run_after=2025-06-05 00:00:00+00:00
[2025-06-05T16:13:36.331+0000] {processor.py:208} INFO - Processing /home/airflow/.local/lib/python3.12/site-packages/airflow/example_dags/example_branch_operator.py took 0.172 seconds
[2025-06-05T16:14:07.034+0000] {processor.py:186} INFO - Started process (PID=5076) to work on /home/airflow/.local/lib/python3.12/site-packages/airflow/example_dags/example_branch_operator.py
[2025-06-05T16:14:07.036+0000] {processor.py:914} INFO - Processing file /home/airflow/.local/lib/python3.12/site-packages/airflow/example_dags/example_branch_operator.py for tasks to queue
[2025-06-05T16:14:07.038+0000] {logging_mixin.py:190} INFO - [2025-06-05T16:14:07.038+0000] {dagbag.py:588} INFO - Filling up the DagBag from /home/airflow/.local/lib/python3.12/site-packages/airflow/example_dags/example_branch_operator.py
[2025-06-05T16:14:07.073+0000] {processor.py:925} INFO - DAG(s) 'example_branch_operator' retrieved from /home/airflow/.local/lib/python3.12/site-packages/airflow/example_dags/example_branch_operator.py
[2025-06-05T16:14:07.119+0000] {logging_mixin.py:190} INFO - [2025-06-05T16:14:07.119+0000] {dag.py:3239} INFO - Sync 1 DAGs
[2025-06-05T16:14:07.160+0000] {logging_mixin.py:190} INFO - [2025-06-05T16:14:07.160+0000] {dag.py:4180} INFO - Setting next_dagrun for example_branch_operator to 2025-06-04 00:00:00+00:00, run_after=2025-06-05 00:00:00+00:00
[2025-06-05T16:14:07.192+0000] {processor.py:208} INFO - Processing /home/airflow/.local/lib/python3.12/site-packages/airflow/example_dags/example_branch_operator.py took 0.168 seconds
[2025-06-05T16:14:45.459+0000] {processor.py:186} INFO - Started process (PID=5141) to work on /home/airflow/.local/lib/python3.12/site-packages/airflow/example_dags/example_branch_operator.py
[2025-06-05T16:14:45.461+0000] {processor.py:914} INFO - Processing file /home/airflow/.local/lib/python3.12/site-packages/airflow/example_dags/example_branch_operator.py for tasks to queue
[2025-06-05T16:14:45.464+0000] {logging_mixin.py:190} INFO - [2025-06-05T16:14:45.463+0000] {dagbag.py:588} INFO - Filling up the DagBag from /home/airflow/.local/lib/python3.12/site-packages/airflow/example_dags/example_branch_operator.py
[2025-06-05T16:14:45.497+0000] {processor.py:925} INFO - DAG(s) 'example_branch_operator' retrieved from /home/airflow/.local/lib/python3.12/site-packages/airflow/example_dags/example_branch_operator.py
[2025-06-05T16:14:45.546+0000] {logging_mixin.py:190} INFO - [2025-06-05T16:14:45.546+0000] {dag.py:3239} INFO - Sync 1 DAGs
[2025-06-05T16:14:45.591+0000] {logging_mixin.py:190} INFO - [2025-06-05T16:14:45.590+0000] {dag.py:4180} INFO - Setting next_dagrun for example_branch_operator to 2025-06-04 00:00:00+00:00, run_after=2025-06-05 00:00:00+00:00
[2025-06-05T16:14:45.622+0000] {processor.py:208} INFO - Processing /home/airflow/.local/lib/python3.12/site-packages/airflow/example_dags/example_branch_operator.py took 0.173 seconds
[2025-06-05T16:15:15.886+0000] {processor.py:186} INFO - Started process (PID=5206) to work on /home/airflow/.local/lib/python3.12/site-packages/airflow/example_dags/example_branch_operator.py
[2025-06-05T16:15:15.888+0000] {processor.py:914} INFO - Processing file /home/airflow/.local/lib/python3.12/site-packages/airflow/example_dags/example_branch_operator.py for tasks to queue
[2025-06-05T16:15:15.891+0000] {logging_mixin.py:190} INFO - [2025-06-05T16:15:15.890+0000] {dagbag.py:588} INFO - Filling up the DagBag from /home/airflow/.local/lib/python3.12/site-packages/airflow/example_dags/example_branch_operator.py
[2025-06-05T16:15:15.922+0000] {processor.py:925} INFO - DAG(s) 'example_branch_operator' retrieved from /home/airflow/.local/lib/python3.12/site-packages/airflow/example_dags/example_branch_operator.py
[2025-06-05T16:15:15.975+0000] {logging_mixin.py:190} INFO - [2025-06-05T16:15:15.975+0000] {dag.py:3239} INFO - Sync 1 DAGs
[2025-06-05T16:15:16.018+0000] {logging_mixin.py:190} INFO - [2025-06-05T16:15:16.018+0000] {dag.py:4180} INFO - Setting next_dagrun for example_branch_operator to 2025-06-04 00:00:00+00:00, run_after=2025-06-05 00:00:00+00:00
[2025-06-05T16:15:16.051+0000] {processor.py:208} INFO - Processing /home/airflow/.local/lib/python3.12/site-packages/airflow/example_dags/example_branch_operator.py took 0.177 seconds
[2025-06-05T16:15:46.277+0000] {processor.py:186} INFO - Started process (PID=5271) to work on /home/airflow/.local/lib/python3.12/site-packages/airflow/example_dags/example_branch_operator.py
[2025-06-05T16:15:46.279+0000] {processor.py:914} INFO - Processing file /home/airflow/.local/lib/python3.12/site-packages/airflow/example_dags/example_branch_operator.py for tasks to queue
[2025-06-05T16:15:46.281+0000] {logging_mixin.py:190} INFO - [2025-06-05T16:15:46.280+0000] {dagbag.py:588} INFO - Filling up the DagBag from /home/airflow/.local/lib/python3.12/site-packages/airflow/example_dags/example_branch_operator.py
[2025-06-05T16:15:46.312+0000] {processor.py:925} INFO - DAG(s) 'example_branch_operator' retrieved from /home/airflow/.local/lib/python3.12/site-packages/airflow/example_dags/example_branch_operator.py
[2025-06-05T16:15:46.359+0000] {logging_mixin.py:190} INFO - [2025-06-05T16:15:46.359+0000] {dag.py:3239} INFO - Sync 1 DAGs
[2025-06-05T16:15:46.398+0000] {logging_mixin.py:190} INFO - [2025-06-05T16:15:46.398+0000] {dag.py:4180} INFO - Setting next_dagrun for example_branch_operator to 2025-06-04 00:00:00+00:00, run_after=2025-06-05 00:00:00+00:00
[2025-06-05T16:15:46.429+0000] {processor.py:208} INFO - Processing /home/airflow/.local/lib/python3.12/site-packages/airflow/example_dags/example_branch_operator.py took 0.162 seconds
