[2025-06-05T16:10:29.279+0000] {processor.py:186} INFO - Started process (PID=4605) to work on /home/airflow/.local/lib/python3.12/site-packages/airflow/example_dags/example_nested_branch_dag.py
[2025-06-05T16:10:29.281+0000] {processor.py:914} INFO - Processing file /home/airflow/.local/lib/python3.12/site-packages/airflow/example_dags/example_nested_branch_dag.py for tasks to queue
[2025-06-05T16:10:29.285+0000] {logging_mixin.py:190} INFO - [2025-06-05T16:10:29.284+0000] {dagbag.py:588} INFO - Filling up the DagBag from /home/airflow/.local/lib/python3.12/site-packages/airflow/example_dags/example_nested_branch_dag.py
[2025-06-05T16:10:29.305+0000] {processor.py:925} INFO - DAG(s) 'example_nested_branch_dag' retrieved from /home/airflow/.local/lib/python3.12/site-packages/airflow/example_dags/example_nested_branch_dag.py
[2025-06-05T16:10:29.339+0000] {logging_mixin.py:190} INFO - [2025-06-05T16:10:29.338+0000] {dag.py:3239} INFO - Sync 1 DAGs
[2025-06-05T16:10:29.378+0000] {logging_mixin.py:190} INFO - [2025-06-05T16:10:29.377+0000] {dag.py:4180} INFO - Setting next_dagrun for example_nested_branch_dag to 2025-06-04 00:00:00+00:00, run_after=2025-06-05 00:00:00+00:00
[2025-06-05T16:10:29.410+0000] {processor.py:208} INFO - Processing /home/airflow/.local/lib/python3.12/site-packages/airflow/example_dags/example_nested_branch_dag.py took 0.140 seconds
[2025-06-05T16:11:00.256+0000] {processor.py:186} INFO - Started process (PID=4670) to work on /home/airflow/.local/lib/python3.12/site-packages/airflow/example_dags/example_nested_branch_dag.py
[2025-06-05T16:11:00.258+0000] {processor.py:914} INFO - Processing file /home/airflow/.local/lib/python3.12/site-packages/airflow/example_dags/example_nested_branch_dag.py for tasks to queue
[2025-06-05T16:11:00.261+0000] {logging_mixin.py:190} INFO - [2025-06-05T16:11:00.261+0000] {dagbag.py:588} INFO - Filling up the DagBag from /home/airflow/.local/lib/python3.12/site-packages/airflow/example_dags/example_nested_branch_dag.py
[2025-06-05T16:11:00.279+0000] {processor.py:925} INFO - DAG(s) 'example_nested_branch_dag' retrieved from /home/airflow/.local/lib/python3.12/site-packages/airflow/example_dags/example_nested_branch_dag.py
[2025-06-05T16:11:00.310+0000] {logging_mixin.py:190} INFO - [2025-06-05T16:11:00.310+0000] {dag.py:3239} INFO - Sync 1 DAGs
[2025-06-05T16:11:00.348+0000] {logging_mixin.py:190} INFO - [2025-06-05T16:11:00.347+0000] {dag.py:4180} INFO - Setting next_dagrun for example_nested_branch_dag to 2025-06-04 00:00:00+00:00, run_after=2025-06-05 00:00:00+00:00
[2025-06-05T16:11:00.378+0000] {processor.py:208} INFO - Processing /home/airflow/.local/lib/python3.12/site-packages/airflow/example_dags/example_nested_branch_dag.py took 0.131 seconds
[2025-06-05T16:11:30.485+0000] {processor.py:186} INFO - Started process (PID=4735) to work on /home/airflow/.local/lib/python3.12/site-packages/airflow/example_dags/example_nested_branch_dag.py
[2025-06-05T16:11:30.486+0000] {processor.py:914} INFO - Processing file /home/airflow/.local/lib/python3.12/site-packages/airflow/example_dags/example_nested_branch_dag.py for tasks to queue
[2025-06-05T16:11:30.488+0000] {logging_mixin.py:190} INFO - [2025-06-05T16:11:30.488+0000] {dagbag.py:588} INFO - Filling up the DagBag from /home/airflow/.local/lib/python3.12/site-packages/airflow/example_dags/example_nested_branch_dag.py
[2025-06-05T16:11:30.507+0000] {processor.py:925} INFO - DAG(s) 'example_nested_branch_dag' retrieved from /home/airflow/.local/lib/python3.12/site-packages/airflow/example_dags/example_nested_branch_dag.py
[2025-06-05T16:11:30.539+0000] {logging_mixin.py:190} INFO - [2025-06-05T16:11:30.539+0000] {dag.py:3239} INFO - Sync 1 DAGs
[2025-06-05T16:11:30.583+0000] {logging_mixin.py:190} INFO - [2025-06-05T16:11:30.582+0000] {dag.py:4180} INFO - Setting next_dagrun for example_nested_branch_dag to 2025-06-04 00:00:00+00:00, run_after=2025-06-05 00:00:00+00:00
[2025-06-05T16:11:30.613+0000] {processor.py:208} INFO - Processing /home/airflow/.local/lib/python3.12/site-packages/airflow/example_dags/example_nested_branch_dag.py took 0.138 seconds
[2025-06-05T16:12:00.871+0000] {processor.py:186} INFO - Started process (PID=4800) to work on /home/airflow/.local/lib/python3.12/site-packages/airflow/example_dags/example_nested_branch_dag.py
[2025-06-05T16:12:00.873+0000] {processor.py:914} INFO - Processing file /home/airflow/.local/lib/python3.12/site-packages/airflow/example_dags/example_nested_branch_dag.py for tasks to queue
[2025-06-05T16:12:00.876+0000] {logging_mixin.py:190} INFO - [2025-06-05T16:12:00.875+0000] {dagbag.py:588} INFO - Filling up the DagBag from /home/airflow/.local/lib/python3.12/site-packages/airflow/example_dags/example_nested_branch_dag.py
[2025-06-05T16:12:00.894+0000] {processor.py:925} INFO - DAG(s) 'example_nested_branch_dag' retrieved from /home/airflow/.local/lib/python3.12/site-packages/airflow/example_dags/example_nested_branch_dag.py
[2025-06-05T16:12:00.927+0000] {logging_mixin.py:190} INFO - [2025-06-05T16:12:00.926+0000] {dag.py:3239} INFO - Sync 1 DAGs
[2025-06-05T16:12:00.964+0000] {logging_mixin.py:190} INFO - [2025-06-05T16:12:00.964+0000] {dag.py:4180} INFO - Setting next_dagrun for example_nested_branch_dag to 2025-06-04 00:00:00+00:00, run_after=2025-06-05 00:00:00+00:00
[2025-06-05T16:12:00.993+0000] {processor.py:208} INFO - Processing /home/airflow/.local/lib/python3.12/site-packages/airflow/example_dags/example_nested_branch_dag.py took 0.132 seconds
[2025-06-05T16:12:31.881+0000] {processor.py:186} INFO - Started process (PID=4865) to work on /home/airflow/.local/lib/python3.12/site-packages/airflow/example_dags/example_nested_branch_dag.py
[2025-06-05T16:12:31.883+0000] {processor.py:914} INFO - Processing file /home/airflow/.local/lib/python3.12/site-packages/airflow/example_dags/example_nested_branch_dag.py for tasks to queue
[2025-06-05T16:12:31.885+0000] {logging_mixin.py:190} INFO - [2025-06-05T16:12:31.885+0000] {dagbag.py:588} INFO - Filling up the DagBag from /home/airflow/.local/lib/python3.12/site-packages/airflow/example_dags/example_nested_branch_dag.py
[2025-06-05T16:12:31.909+0000] {processor.py:925} INFO - DAG(s) 'example_nested_branch_dag' retrieved from /home/airflow/.local/lib/python3.12/site-packages/airflow/example_dags/example_nested_branch_dag.py
[2025-06-05T16:12:31.944+0000] {logging_mixin.py:190} INFO - [2025-06-05T16:12:31.944+0000] {dag.py:3239} INFO - Sync 1 DAGs
[2025-06-05T16:12:31.987+0000] {logging_mixin.py:190} INFO - [2025-06-05T16:12:31.986+0000] {dag.py:4180} INFO - Setting next_dagrun for example_nested_branch_dag to 2025-06-04 00:00:00+00:00, run_after=2025-06-05 00:00:00+00:00
[2025-06-05T16:12:32.021+0000] {processor.py:208} INFO - Processing /home/airflow/.local/lib/python3.12/site-packages/airflow/example_dags/example_nested_branch_dag.py took 0.150 seconds
[2025-06-05T16:13:02.244+0000] {processor.py:186} INFO - Started process (PID=4930) to work on /home/airflow/.local/lib/python3.12/site-packages/airflow/example_dags/example_nested_branch_dag.py
[2025-06-05T16:13:02.246+0000] {processor.py:914} INFO - Processing file /home/airflow/.local/lib/python3.12/site-packages/airflow/example_dags/example_nested_branch_dag.py for tasks to queue
[2025-06-05T16:13:02.248+0000] {logging_mixin.py:190} INFO - [2025-06-05T16:13:02.248+0000] {dagbag.py:588} INFO - Filling up the DagBag from /home/airflow/.local/lib/python3.12/site-packages/airflow/example_dags/example_nested_branch_dag.py
[2025-06-05T16:13:02.267+0000] {processor.py:925} INFO - DAG(s) 'example_nested_branch_dag' retrieved from /home/airflow/.local/lib/python3.12/site-packages/airflow/example_dags/example_nested_branch_dag.py
[2025-06-05T16:13:02.301+0000] {logging_mixin.py:190} INFO - [2025-06-05T16:13:02.301+0000] {dag.py:3239} INFO - Sync 1 DAGs
[2025-06-05T16:13:02.339+0000] {logging_mixin.py:190} INFO - [2025-06-05T16:13:02.339+0000] {dag.py:4180} INFO - Setting next_dagrun for example_nested_branch_dag to 2025-06-04 00:00:00+00:00, run_after=2025-06-05 00:00:00+00:00
[2025-06-05T16:13:02.369+0000] {processor.py:208} INFO - Processing /home/airflow/.local/lib/python3.12/site-packages/airflow/example_dags/example_nested_branch_dag.py took 0.135 seconds
[2025-06-05T16:13:32.816+0000] {processor.py:186} INFO - Started process (PID=4995) to work on /home/airflow/.local/lib/python3.12/site-packages/airflow/example_dags/example_nested_branch_dag.py
[2025-06-05T16:13:32.817+0000] {processor.py:914} INFO - Processing file /home/airflow/.local/lib/python3.12/site-packages/airflow/example_dags/example_nested_branch_dag.py for tasks to queue
[2025-06-05T16:13:32.820+0000] {logging_mixin.py:190} INFO - [2025-06-05T16:13:32.819+0000] {dagbag.py:588} INFO - Filling up the DagBag from /home/airflow/.local/lib/python3.12/site-packages/airflow/example_dags/example_nested_branch_dag.py
[2025-06-05T16:13:32.839+0000] {processor.py:925} INFO - DAG(s) 'example_nested_branch_dag' retrieved from /home/airflow/.local/lib/python3.12/site-packages/airflow/example_dags/example_nested_branch_dag.py
[2025-06-05T16:13:32.872+0000] {logging_mixin.py:190} INFO - [2025-06-05T16:13:32.872+0000] {dag.py:3239} INFO - Sync 1 DAGs
[2025-06-05T16:13:32.910+0000] {logging_mixin.py:190} INFO - [2025-06-05T16:13:32.910+0000] {dag.py:4180} INFO - Setting next_dagrun for example_nested_branch_dag to 2025-06-04 00:00:00+00:00, run_after=2025-06-05 00:00:00+00:00
[2025-06-05T16:13:32.942+0000] {processor.py:208} INFO - Processing /home/airflow/.local/lib/python3.12/site-packages/airflow/example_dags/example_nested_branch_dag.py took 0.136 seconds
[2025-06-05T16:14:03.694+0000] {processor.py:186} INFO - Started process (PID=5060) to work on /home/airflow/.local/lib/python3.12/site-packages/airflow/example_dags/example_nested_branch_dag.py
[2025-06-05T16:14:03.695+0000] {processor.py:914} INFO - Processing file /home/airflow/.local/lib/python3.12/site-packages/airflow/example_dags/example_nested_branch_dag.py for tasks to queue
[2025-06-05T16:14:03.698+0000] {logging_mixin.py:190} INFO - [2025-06-05T16:14:03.697+0000] {dagbag.py:588} INFO - Filling up the DagBag from /home/airflow/.local/lib/python3.12/site-packages/airflow/example_dags/example_nested_branch_dag.py
[2025-06-05T16:14:03.717+0000] {processor.py:925} INFO - DAG(s) 'example_nested_branch_dag' retrieved from /home/airflow/.local/lib/python3.12/site-packages/airflow/example_dags/example_nested_branch_dag.py
[2025-06-05T16:14:03.754+0000] {logging_mixin.py:190} INFO - [2025-06-05T16:14:03.753+0000] {dag.py:3239} INFO - Sync 1 DAGs
[2025-06-05T16:14:03.798+0000] {logging_mixin.py:190} INFO - [2025-06-05T16:14:03.797+0000] {dag.py:4180} INFO - Setting next_dagrun for example_nested_branch_dag to 2025-06-04 00:00:00+00:00, run_after=2025-06-05 00:00:00+00:00
[2025-06-05T16:14:03.830+0000] {processor.py:208} INFO - Processing /home/airflow/.local/lib/python3.12/site-packages/airflow/example_dags/example_nested_branch_dag.py took 0.148 seconds
[2025-06-05T16:14:43.800+0000] {processor.py:186} INFO - Started process (PID=5125) to work on /home/airflow/.local/lib/python3.12/site-packages/airflow/example_dags/example_nested_branch_dag.py
[2025-06-05T16:14:43.802+0000] {processor.py:914} INFO - Processing file /home/airflow/.local/lib/python3.12/site-packages/airflow/example_dags/example_nested_branch_dag.py for tasks to queue
[2025-06-05T16:14:43.804+0000] {logging_mixin.py:190} INFO - [2025-06-05T16:14:43.804+0000] {dagbag.py:588} INFO - Filling up the DagBag from /home/airflow/.local/lib/python3.12/site-packages/airflow/example_dags/example_nested_branch_dag.py
[2025-06-05T16:14:43.824+0000] {processor.py:925} INFO - DAG(s) 'example_nested_branch_dag' retrieved from /home/airflow/.local/lib/python3.12/site-packages/airflow/example_dags/example_nested_branch_dag.py
[2025-06-05T16:14:43.858+0000] {logging_mixin.py:190} INFO - [2025-06-05T16:14:43.857+0000] {dag.py:3239} INFO - Sync 1 DAGs
[2025-06-05T16:14:43.897+0000] {logging_mixin.py:190} INFO - [2025-06-05T16:14:43.896+0000] {dag.py:4180} INFO - Setting next_dagrun for example_nested_branch_dag to 2025-06-04 00:00:00+00:00, run_after=2025-06-05 00:00:00+00:00
[2025-06-05T16:14:43.926+0000] {processor.py:208} INFO - Processing /home/airflow/.local/lib/python3.12/site-packages/airflow/example_dags/example_nested_branch_dag.py took 0.135 seconds
[2025-06-05T16:15:14.063+0000] {processor.py:186} INFO - Started process (PID=5190) to work on /home/airflow/.local/lib/python3.12/site-packages/airflow/example_dags/example_nested_branch_dag.py
[2025-06-05T16:15:14.065+0000] {processor.py:914} INFO - Processing file /home/airflow/.local/lib/python3.12/site-packages/airflow/example_dags/example_nested_branch_dag.py for tasks to queue
[2025-06-05T16:15:14.067+0000] {logging_mixin.py:190} INFO - [2025-06-05T16:15:14.066+0000] {dagbag.py:588} INFO - Filling up the DagBag from /home/airflow/.local/lib/python3.12/site-packages/airflow/example_dags/example_nested_branch_dag.py
[2025-06-05T16:15:14.087+0000] {processor.py:925} INFO - DAG(s) 'example_nested_branch_dag' retrieved from /home/airflow/.local/lib/python3.12/site-packages/airflow/example_dags/example_nested_branch_dag.py
[2025-06-05T16:15:14.121+0000] {logging_mixin.py:190} INFO - [2025-06-05T16:15:14.121+0000] {dag.py:3239} INFO - Sync 1 DAGs
[2025-06-05T16:15:14.159+0000] {logging_mixin.py:190} INFO - [2025-06-05T16:15:14.159+0000] {dag.py:4180} INFO - Setting next_dagrun for example_nested_branch_dag to 2025-06-04 00:00:00+00:00, run_after=2025-06-05 00:00:00+00:00
[2025-06-05T16:15:14.193+0000] {processor.py:208} INFO - Processing /home/airflow/.local/lib/python3.12/site-packages/airflow/example_dags/example_nested_branch_dag.py took 0.140 seconds
[2025-06-05T16:15:44.480+0000] {processor.py:186} INFO - Started process (PID=5255) to work on /home/airflow/.local/lib/python3.12/site-packages/airflow/example_dags/example_nested_branch_dag.py
[2025-06-05T16:15:44.482+0000] {processor.py:914} INFO - Processing file /home/airflow/.local/lib/python3.12/site-packages/airflow/example_dags/example_nested_branch_dag.py for tasks to queue
[2025-06-05T16:15:44.484+0000] {logging_mixin.py:190} INFO - [2025-06-05T16:15:44.484+0000] {dagbag.py:588} INFO - Filling up the DagBag from /home/airflow/.local/lib/python3.12/site-packages/airflow/example_dags/example_nested_branch_dag.py
[2025-06-05T16:15:44.505+0000] {processor.py:925} INFO - DAG(s) 'example_nested_branch_dag' retrieved from /home/airflow/.local/lib/python3.12/site-packages/airflow/example_dags/example_nested_branch_dag.py
[2025-06-05T16:15:44.544+0000] {logging_mixin.py:190} INFO - [2025-06-05T16:15:44.544+0000] {dag.py:3239} INFO - Sync 1 DAGs
[2025-06-05T16:15:44.587+0000] {logging_mixin.py:190} INFO - [2025-06-05T16:15:44.586+0000] {dag.py:4180} INFO - Setting next_dagrun for example_nested_branch_dag to 2025-06-04 00:00:00+00:00, run_after=2025-06-05 00:00:00+00:00
[2025-06-05T16:15:44.622+0000] {processor.py:208} INFO - Processing /home/airflow/.local/lib/python3.12/site-packages/airflow/example_dags/example_nested_branch_dag.py took 0.153 seconds
