[2025-06-05T16:10:29.466+0000] {processor.py:186} INFO - Started process (PID=4608) to work on /home/airflow/.local/lib/python3.12/site-packages/airflow/example_dags/example_setup_teardown_taskflow.py
[2025-06-05T16:10:29.468+0000] {processor.py:914} INFO - Processing file /home/airflow/.local/lib/python3.12/site-packages/airflow/example_dags/example_setup_teardown_taskflow.py for tasks to queue
[2025-06-05T16:10:29.470+0000] {logging_mixin.py:190} INFO - [2025-06-05T16:10:29.469+0000] {dagbag.py:588} INFO - Filling up the DagBag from /home/airflow/.local/lib/python3.12/site-packages/airflow/example_dags/example_setup_teardown_taskflow.py
[2025-06-05T16:10:29.487+0000] {processor.py:925} INFO - DAG(s) 'example_setup_teardown_taskflow' retrieved from /home/airflow/.local/lib/python3.12/site-packages/airflow/example_dags/example_setup_teardown_taskflow.py
[2025-06-05T16:10:29.523+0000] {logging_mixin.py:190} INFO - [2025-06-05T16:10:29.523+0000] {dag.py:3239} INFO - Sync 1 DAGs
[2025-06-05T16:10:29.547+0000] {logging_mixin.py:190} INFO - [2025-06-05T16:10:29.547+0000] {dag.py:4180} INFO - Setting next_dagrun for example_setup_teardown_taskflow to None, run_after=None
[2025-06-05T16:10:29.576+0000] {processor.py:208} INFO - Processing /home/airflow/.local/lib/python3.12/site-packages/airflow/example_dags/example_setup_teardown_taskflow.py took 0.120 seconds
[2025-06-05T16:11:00.433+0000] {processor.py:186} INFO - Started process (PID=4673) to work on /home/airflow/.local/lib/python3.12/site-packages/airflow/example_dags/example_setup_teardown_taskflow.py
[2025-06-05T16:11:00.435+0000] {processor.py:914} INFO - Processing file /home/airflow/.local/lib/python3.12/site-packages/airflow/example_dags/example_setup_teardown_taskflow.py for tasks to queue
[2025-06-05T16:11:00.437+0000] {logging_mixin.py:190} INFO - [2025-06-05T16:11:00.436+0000] {dagbag.py:588} INFO - Filling up the DagBag from /home/airflow/.local/lib/python3.12/site-packages/airflow/example_dags/example_setup_teardown_taskflow.py
[2025-06-05T16:11:00.456+0000] {processor.py:925} INFO - DAG(s) 'example_setup_teardown_taskflow' retrieved from /home/airflow/.local/lib/python3.12/site-packages/airflow/example_dags/example_setup_teardown_taskflow.py
[2025-06-05T16:11:00.505+0000] {logging_mixin.py:190} INFO - [2025-06-05T16:11:00.504+0000] {dag.py:3239} INFO - Sync 1 DAGs
[2025-06-05T16:11:00.536+0000] {logging_mixin.py:190} INFO - [2025-06-05T16:11:00.536+0000] {dag.py:4180} INFO - Setting next_dagrun for example_setup_teardown_taskflow to None, run_after=None
[2025-06-05T16:11:00.577+0000] {processor.py:208} INFO - Processing /home/airflow/.local/lib/python3.12/site-packages/airflow/example_dags/example_setup_teardown_taskflow.py took 0.155 seconds
[2025-06-05T16:11:30.672+0000] {processor.py:186} INFO - Started process (PID=4738) to work on /home/airflow/.local/lib/python3.12/site-packages/airflow/example_dags/example_setup_teardown_taskflow.py
[2025-06-05T16:11:30.673+0000] {processor.py:914} INFO - Processing file /home/airflow/.local/lib/python3.12/site-packages/airflow/example_dags/example_setup_teardown_taskflow.py for tasks to queue
[2025-06-05T16:11:30.676+0000] {logging_mixin.py:190} INFO - [2025-06-05T16:11:30.675+0000] {dagbag.py:588} INFO - Filling up the DagBag from /home/airflow/.local/lib/python3.12/site-packages/airflow/example_dags/example_setup_teardown_taskflow.py
[2025-06-05T16:11:30.695+0000] {processor.py:925} INFO - DAG(s) 'example_setup_teardown_taskflow' retrieved from /home/airflow/.local/lib/python3.12/site-packages/airflow/example_dags/example_setup_teardown_taskflow.py
[2025-06-05T16:11:30.731+0000] {logging_mixin.py:190} INFO - [2025-06-05T16:11:30.731+0000] {dag.py:3239} INFO - Sync 1 DAGs
[2025-06-05T16:11:30.755+0000] {logging_mixin.py:190} INFO - [2025-06-05T16:11:30.754+0000] {dag.py:4180} INFO - Setting next_dagrun for example_setup_teardown_taskflow to None, run_after=None
[2025-06-05T16:11:30.785+0000] {processor.py:208} INFO - Processing /home/airflow/.local/lib/python3.12/site-packages/airflow/example_dags/example_setup_teardown_taskflow.py took 0.123 seconds
[2025-06-05T16:12:01.211+0000] {processor.py:186} INFO - Started process (PID=4803) to work on /home/airflow/.local/lib/python3.12/site-packages/airflow/example_dags/example_setup_teardown_taskflow.py
[2025-06-05T16:12:01.213+0000] {processor.py:914} INFO - Processing file /home/airflow/.local/lib/python3.12/site-packages/airflow/example_dags/example_setup_teardown_taskflow.py for tasks to queue
[2025-06-05T16:12:01.215+0000] {logging_mixin.py:190} INFO - [2025-06-05T16:12:01.214+0000] {dagbag.py:588} INFO - Filling up the DagBag from /home/airflow/.local/lib/python3.12/site-packages/airflow/example_dags/example_setup_teardown_taskflow.py
[2025-06-05T16:12:01.234+0000] {processor.py:925} INFO - DAG(s) 'example_setup_teardown_taskflow' retrieved from /home/airflow/.local/lib/python3.12/site-packages/airflow/example_dags/example_setup_teardown_taskflow.py
[2025-06-05T16:12:01.269+0000] {logging_mixin.py:190} INFO - [2025-06-05T16:12:01.269+0000] {dag.py:3239} INFO - Sync 1 DAGs
[2025-06-05T16:12:01.294+0000] {logging_mixin.py:190} INFO - [2025-06-05T16:12:01.294+0000] {dag.py:4180} INFO - Setting next_dagrun for example_setup_teardown_taskflow to None, run_after=None
[2025-06-05T16:12:01.328+0000] {processor.py:208} INFO - Processing /home/airflow/.local/lib/python3.12/site-packages/airflow/example_dags/example_setup_teardown_taskflow.py took 0.128 seconds
[2025-06-05T16:12:32.076+0000] {processor.py:186} INFO - Started process (PID=4868) to work on /home/airflow/.local/lib/python3.12/site-packages/airflow/example_dags/example_setup_teardown_taskflow.py
[2025-06-05T16:12:32.078+0000] {processor.py:914} INFO - Processing file /home/airflow/.local/lib/python3.12/site-packages/airflow/example_dags/example_setup_teardown_taskflow.py for tasks to queue
[2025-06-05T16:12:32.081+0000] {logging_mixin.py:190} INFO - [2025-06-05T16:12:32.080+0000] {dagbag.py:588} INFO - Filling up the DagBag from /home/airflow/.local/lib/python3.12/site-packages/airflow/example_dags/example_setup_teardown_taskflow.py
[2025-06-05T16:12:32.104+0000] {processor.py:925} INFO - DAG(s) 'example_setup_teardown_taskflow' retrieved from /home/airflow/.local/lib/python3.12/site-packages/airflow/example_dags/example_setup_teardown_taskflow.py
[2025-06-05T16:12:32.138+0000] {logging_mixin.py:190} INFO - [2025-06-05T16:12:32.138+0000] {dag.py:3239} INFO - Sync 1 DAGs
[2025-06-05T16:12:32.163+0000] {logging_mixin.py:190} INFO - [2025-06-05T16:12:32.162+0000] {dag.py:4180} INFO - Setting next_dagrun for example_setup_teardown_taskflow to None, run_after=None
[2025-06-05T16:12:32.195+0000] {processor.py:208} INFO - Processing /home/airflow/.local/lib/python3.12/site-packages/airflow/example_dags/example_setup_teardown_taskflow.py took 0.129 seconds
[2025-06-05T16:13:02.427+0000] {processor.py:186} INFO - Started process (PID=4933) to work on /home/airflow/.local/lib/python3.12/site-packages/airflow/example_dags/example_setup_teardown_taskflow.py
[2025-06-05T16:13:02.429+0000] {processor.py:914} INFO - Processing file /home/airflow/.local/lib/python3.12/site-packages/airflow/example_dags/example_setup_teardown_taskflow.py for tasks to queue
[2025-06-05T16:13:02.431+0000] {logging_mixin.py:190} INFO - [2025-06-05T16:13:02.431+0000] {dagbag.py:588} INFO - Filling up the DagBag from /home/airflow/.local/lib/python3.12/site-packages/airflow/example_dags/example_setup_teardown_taskflow.py
[2025-06-05T16:13:02.454+0000] {processor.py:925} INFO - DAG(s) 'example_setup_teardown_taskflow' retrieved from /home/airflow/.local/lib/python3.12/site-packages/airflow/example_dags/example_setup_teardown_taskflow.py
[2025-06-05T16:13:02.489+0000] {logging_mixin.py:190} INFO - [2025-06-05T16:13:02.489+0000] {dag.py:3239} INFO - Sync 1 DAGs
[2025-06-05T16:13:02.514+0000] {logging_mixin.py:190} INFO - [2025-06-05T16:13:02.514+0000] {dag.py:4180} INFO - Setting next_dagrun for example_setup_teardown_taskflow to None, run_after=None
[2025-06-05T16:13:02.544+0000] {processor.py:208} INFO - Processing /home/airflow/.local/lib/python3.12/site-packages/airflow/example_dags/example_setup_teardown_taskflow.py took 0.127 seconds
[2025-06-05T16:13:33.005+0000] {processor.py:186} INFO - Started process (PID=4998) to work on /home/airflow/.local/lib/python3.12/site-packages/airflow/example_dags/example_setup_teardown_taskflow.py
[2025-06-05T16:13:33.007+0000] {processor.py:914} INFO - Processing file /home/airflow/.local/lib/python3.12/site-packages/airflow/example_dags/example_setup_teardown_taskflow.py for tasks to queue
[2025-06-05T16:13:33.010+0000] {logging_mixin.py:190} INFO - [2025-06-05T16:13:33.010+0000] {dagbag.py:588} INFO - Filling up the DagBag from /home/airflow/.local/lib/python3.12/site-packages/airflow/example_dags/example_setup_teardown_taskflow.py
[2025-06-05T16:13:33.029+0000] {processor.py:925} INFO - DAG(s) 'example_setup_teardown_taskflow' retrieved from /home/airflow/.local/lib/python3.12/site-packages/airflow/example_dags/example_setup_teardown_taskflow.py
[2025-06-05T16:13:33.067+0000] {logging_mixin.py:190} INFO - [2025-06-05T16:13:33.067+0000] {dag.py:3239} INFO - Sync 1 DAGs
[2025-06-05T16:13:33.094+0000] {logging_mixin.py:190} INFO - [2025-06-05T16:13:33.093+0000] {dag.py:4180} INFO - Setting next_dagrun for example_setup_teardown_taskflow to None, run_after=None
[2025-06-05T16:13:33.124+0000] {processor.py:208} INFO - Processing /home/airflow/.local/lib/python3.12/site-packages/airflow/example_dags/example_setup_teardown_taskflow.py took 0.131 seconds
[2025-06-05T16:14:03.887+0000] {processor.py:186} INFO - Started process (PID=5063) to work on /home/airflow/.local/lib/python3.12/site-packages/airflow/example_dags/example_setup_teardown_taskflow.py
[2025-06-05T16:14:03.889+0000] {processor.py:914} INFO - Processing file /home/airflow/.local/lib/python3.12/site-packages/airflow/example_dags/example_setup_teardown_taskflow.py for tasks to queue
[2025-06-05T16:14:03.891+0000] {logging_mixin.py:190} INFO - [2025-06-05T16:14:03.890+0000] {dagbag.py:588} INFO - Filling up the DagBag from /home/airflow/.local/lib/python3.12/site-packages/airflow/example_dags/example_setup_teardown_taskflow.py
[2025-06-05T16:14:03.910+0000] {processor.py:925} INFO - DAG(s) 'example_setup_teardown_taskflow' retrieved from /home/airflow/.local/lib/python3.12/site-packages/airflow/example_dags/example_setup_teardown_taskflow.py
[2025-06-05T16:14:03.946+0000] {logging_mixin.py:190} INFO - [2025-06-05T16:14:03.945+0000] {dag.py:3239} INFO - Sync 1 DAGs
[2025-06-05T16:14:03.974+0000] {logging_mixin.py:190} INFO - [2025-06-05T16:14:03.973+0000] {dag.py:4180} INFO - Setting next_dagrun for example_setup_teardown_taskflow to None, run_after=None
[2025-06-05T16:14:04.011+0000] {processor.py:208} INFO - Processing /home/airflow/.local/lib/python3.12/site-packages/airflow/example_dags/example_setup_teardown_taskflow.py took 0.134 seconds
[2025-06-05T16:14:44.018+0000] {processor.py:186} INFO - Started process (PID=5128) to work on /home/airflow/.local/lib/python3.12/site-packages/airflow/example_dags/example_setup_teardown_taskflow.py
[2025-06-05T16:14:44.020+0000] {processor.py:914} INFO - Processing file /home/airflow/.local/lib/python3.12/site-packages/airflow/example_dags/example_setup_teardown_taskflow.py for tasks to queue
[2025-06-05T16:14:44.023+0000] {logging_mixin.py:190} INFO - [2025-06-05T16:14:44.022+0000] {dagbag.py:588} INFO - Filling up the DagBag from /home/airflow/.local/lib/python3.12/site-packages/airflow/example_dags/example_setup_teardown_taskflow.py
[2025-06-05T16:14:44.045+0000] {processor.py:925} INFO - DAG(s) 'example_setup_teardown_taskflow' retrieved from /home/airflow/.local/lib/python3.12/site-packages/airflow/example_dags/example_setup_teardown_taskflow.py
[2025-06-05T16:14:44.082+0000] {logging_mixin.py:190} INFO - [2025-06-05T16:14:44.081+0000] {dag.py:3239} INFO - Sync 1 DAGs
[2025-06-05T16:14:44.109+0000] {logging_mixin.py:190} INFO - [2025-06-05T16:14:44.108+0000] {dag.py:4180} INFO - Setting next_dagrun for example_setup_teardown_taskflow to None, run_after=None
[2025-06-05T16:14:44.140+0000] {processor.py:208} INFO - Processing /home/airflow/.local/lib/python3.12/site-packages/airflow/example_dags/example_setup_teardown_taskflow.py took 0.133 seconds
[2025-06-05T16:15:14.442+0000] {processor.py:186} INFO - Started process (PID=5193) to work on /home/airflow/.local/lib/python3.12/site-packages/airflow/example_dags/example_setup_teardown_taskflow.py
[2025-06-05T16:15:14.443+0000] {processor.py:914} INFO - Processing file /home/airflow/.local/lib/python3.12/site-packages/airflow/example_dags/example_setup_teardown_taskflow.py for tasks to queue
[2025-06-05T16:15:14.446+0000] {logging_mixin.py:190} INFO - [2025-06-05T16:15:14.445+0000] {dagbag.py:588} INFO - Filling up the DagBag from /home/airflow/.local/lib/python3.12/site-packages/airflow/example_dags/example_setup_teardown_taskflow.py
[2025-06-05T16:15:14.464+0000] {processor.py:925} INFO - DAG(s) 'example_setup_teardown_taskflow' retrieved from /home/airflow/.local/lib/python3.12/site-packages/airflow/example_dags/example_setup_teardown_taskflow.py
[2025-06-05T16:15:14.505+0000] {logging_mixin.py:190} INFO - [2025-06-05T16:15:14.504+0000] {dag.py:3239} INFO - Sync 1 DAGs
[2025-06-05T16:15:14.533+0000] {logging_mixin.py:190} INFO - [2025-06-05T16:15:14.533+0000] {dag.py:4180} INFO - Setting next_dagrun for example_setup_teardown_taskflow to None, run_after=None
[2025-06-05T16:15:14.581+0000] {processor.py:208} INFO - Processing /home/airflow/.local/lib/python3.12/site-packages/airflow/example_dags/example_setup_teardown_taskflow.py took 0.150 seconds
[2025-06-05T16:15:44.730+0000] {processor.py:186} INFO - Started process (PID=5258) to work on /home/airflow/.local/lib/python3.12/site-packages/airflow/example_dags/example_setup_teardown_taskflow.py
[2025-06-05T16:15:44.731+0000] {processor.py:914} INFO - Processing file /home/airflow/.local/lib/python3.12/site-packages/airflow/example_dags/example_setup_teardown_taskflow.py for tasks to queue
[2025-06-05T16:15:44.734+0000] {logging_mixin.py:190} INFO - [2025-06-05T16:15:44.733+0000] {dagbag.py:588} INFO - Filling up the DagBag from /home/airflow/.local/lib/python3.12/site-packages/airflow/example_dags/example_setup_teardown_taskflow.py
[2025-06-05T16:15:44.753+0000] {processor.py:925} INFO - DAG(s) 'example_setup_teardown_taskflow' retrieved from /home/airflow/.local/lib/python3.12/site-packages/airflow/example_dags/example_setup_teardown_taskflow.py
[2025-06-05T16:15:44.790+0000] {logging_mixin.py:190} INFO - [2025-06-05T16:15:44.790+0000] {dag.py:3239} INFO - Sync 1 DAGs
[2025-06-05T16:15:44.817+0000] {logging_mixin.py:190} INFO - [2025-06-05T16:15:44.816+0000] {dag.py:4180} INFO - Setting next_dagrun for example_setup_teardown_taskflow to None, run_after=None
[2025-06-05T16:15:44.848+0000] {processor.py:208} INFO - Processing /home/airflow/.local/lib/python3.12/site-packages/airflow/example_dags/example_setup_teardown_taskflow.py took 0.129 seconds
