[2025-06-05T16:10:32.175+0000] {processor.py:186} INFO - Started process (PID=4620) to work on /home/airflow/.local/lib/python3.12/site-packages/airflow/example_dags/example_time_delta_sensor_async.py
[2025-06-05T16:10:32.177+0000] {processor.py:914} INFO - Processing file /home/airflow/.local/lib/python3.12/site-packages/airflow/example_dags/example_time_delta_sensor_async.py for tasks to queue
[2025-06-05T16:10:32.179+0000] {logging_mixin.py:190} INFO - [2025-06-05T16:10:32.179+0000] {dagbag.py:588} INFO - Filling up the DagBag from /home/airflow/.local/lib/python3.12/site-packages/airflow/example_dags/example_time_delta_sensor_async.py
[2025-06-05T16:10:32.191+0000] {processor.py:925} INFO - DAG(s) 'example_time_delta_sensor_async' retrieved from /home/airflow/.local/lib/python3.12/site-packages/airflow/example_dags/example_time_delta_sensor_async.py
[2025-06-05T16:10:32.225+0000] {logging_mixin.py:190} INFO - [2025-06-05T16:10:32.225+0000] {dag.py:3239} INFO - Sync 1 DAGs
[2025-06-05T16:10:32.250+0000] {logging_mixin.py:190} INFO - [2025-06-05T16:10:32.250+0000] {dag.py:4180} INFO - Setting next_dagrun for example_time_delta_sensor_async to None, run_after=None
[2025-06-05T16:10:32.504+0000] {processor.py:208} INFO - Processing /home/airflow/.local/lib/python3.12/site-packages/airflow/example_dags/example_time_delta_sensor_async.py took 0.339 seconds
[2025-06-05T16:11:02.743+0000] {processor.py:186} INFO - Started process (PID=4685) to work on /home/airflow/.local/lib/python3.12/site-packages/airflow/example_dags/example_time_delta_sensor_async.py
[2025-06-05T16:11:02.745+0000] {processor.py:914} INFO - Processing file /home/airflow/.local/lib/python3.12/site-packages/airflow/example_dags/example_time_delta_sensor_async.py for tasks to queue
[2025-06-05T16:11:02.747+0000] {logging_mixin.py:190} INFO - [2025-06-05T16:11:02.746+0000] {dagbag.py:588} INFO - Filling up the DagBag from /home/airflow/.local/lib/python3.12/site-packages/airflow/example_dags/example_time_delta_sensor_async.py
[2025-06-05T16:11:02.758+0000] {processor.py:925} INFO - DAG(s) 'example_time_delta_sensor_async' retrieved from /home/airflow/.local/lib/python3.12/site-packages/airflow/example_dags/example_time_delta_sensor_async.py
[2025-06-05T16:11:02.793+0000] {logging_mixin.py:190} INFO - [2025-06-05T16:11:02.793+0000] {dag.py:3239} INFO - Sync 1 DAGs
[2025-06-05T16:11:02.818+0000] {logging_mixin.py:190} INFO - [2025-06-05T16:11:02.818+0000] {dag.py:4180} INFO - Setting next_dagrun for example_time_delta_sensor_async to None, run_after=None
[2025-06-05T16:11:02.849+0000] {processor.py:208} INFO - Processing /home/airflow/.local/lib/python3.12/site-packages/airflow/example_dags/example_time_delta_sensor_async.py took 0.115 seconds
[2025-06-05T16:11:33.783+0000] {processor.py:186} INFO - Started process (PID=4750) to work on /home/airflow/.local/lib/python3.12/site-packages/airflow/example_dags/example_time_delta_sensor_async.py
[2025-06-05T16:11:33.784+0000] {processor.py:914} INFO - Processing file /home/airflow/.local/lib/python3.12/site-packages/airflow/example_dags/example_time_delta_sensor_async.py for tasks to queue
[2025-06-05T16:11:33.786+0000] {logging_mixin.py:190} INFO - [2025-06-05T16:11:33.786+0000] {dagbag.py:588} INFO - Filling up the DagBag from /home/airflow/.local/lib/python3.12/site-packages/airflow/example_dags/example_time_delta_sensor_async.py
[2025-06-05T16:11:33.798+0000] {processor.py:925} INFO - DAG(s) 'example_time_delta_sensor_async' retrieved from /home/airflow/.local/lib/python3.12/site-packages/airflow/example_dags/example_time_delta_sensor_async.py
[2025-06-05T16:11:33.828+0000] {logging_mixin.py:190} INFO - [2025-06-05T16:11:33.828+0000] {dag.py:3239} INFO - Sync 1 DAGs
[2025-06-05T16:11:33.852+0000] {logging_mixin.py:190} INFO - [2025-06-05T16:11:33.852+0000] {dag.py:4180} INFO - Setting next_dagrun for example_time_delta_sensor_async to None, run_after=None
[2025-06-05T16:11:33.882+0000] {processor.py:208} INFO - Processing /home/airflow/.local/lib/python3.12/site-packages/airflow/example_dags/example_time_delta_sensor_async.py took 0.109 seconds
[2025-06-05T16:12:04.434+0000] {processor.py:186} INFO - Started process (PID=4815) to work on /home/airflow/.local/lib/python3.12/site-packages/airflow/example_dags/example_time_delta_sensor_async.py
[2025-06-05T16:12:04.436+0000] {processor.py:914} INFO - Processing file /home/airflow/.local/lib/python3.12/site-packages/airflow/example_dags/example_time_delta_sensor_async.py for tasks to queue
[2025-06-05T16:12:04.438+0000] {logging_mixin.py:190} INFO - [2025-06-05T16:12:04.437+0000] {dagbag.py:588} INFO - Filling up the DagBag from /home/airflow/.local/lib/python3.12/site-packages/airflow/example_dags/example_time_delta_sensor_async.py
[2025-06-05T16:12:04.450+0000] {processor.py:925} INFO - DAG(s) 'example_time_delta_sensor_async' retrieved from /home/airflow/.local/lib/python3.12/site-packages/airflow/example_dags/example_time_delta_sensor_async.py
[2025-06-05T16:12:04.482+0000] {logging_mixin.py:190} INFO - [2025-06-05T16:12:04.482+0000] {dag.py:3239} INFO - Sync 1 DAGs
[2025-06-05T16:12:04.509+0000] {logging_mixin.py:190} INFO - [2025-06-05T16:12:04.509+0000] {dag.py:4180} INFO - Setting next_dagrun for example_time_delta_sensor_async to None, run_after=None
[2025-06-05T16:12:04.540+0000] {processor.py:208} INFO - Processing /home/airflow/.local/lib/python3.12/site-packages/airflow/example_dags/example_time_delta_sensor_async.py took 0.117 seconds
[2025-06-05T16:12:35.159+0000] {processor.py:186} INFO - Started process (PID=4880) to work on /home/airflow/.local/lib/python3.12/site-packages/airflow/example_dags/example_time_delta_sensor_async.py
[2025-06-05T16:12:35.161+0000] {processor.py:914} INFO - Processing file /home/airflow/.local/lib/python3.12/site-packages/airflow/example_dags/example_time_delta_sensor_async.py for tasks to queue
[2025-06-05T16:12:35.164+0000] {logging_mixin.py:190} INFO - [2025-06-05T16:12:35.163+0000] {dagbag.py:588} INFO - Filling up the DagBag from /home/airflow/.local/lib/python3.12/site-packages/airflow/example_dags/example_time_delta_sensor_async.py
[2025-06-05T16:12:35.179+0000] {processor.py:925} INFO - DAG(s) 'example_time_delta_sensor_async' retrieved from /home/airflow/.local/lib/python3.12/site-packages/airflow/example_dags/example_time_delta_sensor_async.py
[2025-06-05T16:12:35.213+0000] {logging_mixin.py:190} INFO - [2025-06-05T16:12:35.213+0000] {dag.py:3239} INFO - Sync 1 DAGs
[2025-06-05T16:12:35.245+0000] {logging_mixin.py:190} INFO - [2025-06-05T16:12:35.244+0000] {dag.py:4180} INFO - Setting next_dagrun for example_time_delta_sensor_async to None, run_after=None
[2025-06-05T16:12:35.281+0000] {processor.py:208} INFO - Processing /home/airflow/.local/lib/python3.12/site-packages/airflow/example_dags/example_time_delta_sensor_async.py took 0.132 seconds
[2025-06-05T16:13:05.540+0000] {processor.py:186} INFO - Started process (PID=4945) to work on /home/airflow/.local/lib/python3.12/site-packages/airflow/example_dags/example_time_delta_sensor_async.py
[2025-06-05T16:13:05.541+0000] {processor.py:914} INFO - Processing file /home/airflow/.local/lib/python3.12/site-packages/airflow/example_dags/example_time_delta_sensor_async.py for tasks to queue
[2025-06-05T16:13:05.544+0000] {logging_mixin.py:190} INFO - [2025-06-05T16:13:05.543+0000] {dagbag.py:588} INFO - Filling up the DagBag from /home/airflow/.local/lib/python3.12/site-packages/airflow/example_dags/example_time_delta_sensor_async.py
[2025-06-05T16:13:05.555+0000] {processor.py:925} INFO - DAG(s) 'example_time_delta_sensor_async' retrieved from /home/airflow/.local/lib/python3.12/site-packages/airflow/example_dags/example_time_delta_sensor_async.py
[2025-06-05T16:13:05.584+0000] {logging_mixin.py:190} INFO - [2025-06-05T16:13:05.584+0000] {dag.py:3239} INFO - Sync 1 DAGs
[2025-06-05T16:13:05.608+0000] {logging_mixin.py:190} INFO - [2025-06-05T16:13:05.607+0000] {dag.py:4180} INFO - Setting next_dagrun for example_time_delta_sensor_async to None, run_after=None
[2025-06-05T16:13:05.638+0000] {processor.py:208} INFO - Processing /home/airflow/.local/lib/python3.12/site-packages/airflow/example_dags/example_time_delta_sensor_async.py took 0.107 seconds
[2025-06-05T16:13:36.137+0000] {processor.py:186} INFO - Started process (PID=5010) to work on /home/airflow/.local/lib/python3.12/site-packages/airflow/example_dags/example_time_delta_sensor_async.py
[2025-06-05T16:13:36.139+0000] {processor.py:914} INFO - Processing file /home/airflow/.local/lib/python3.12/site-packages/airflow/example_dags/example_time_delta_sensor_async.py for tasks to queue
[2025-06-05T16:13:36.141+0000] {logging_mixin.py:190} INFO - [2025-06-05T16:13:36.141+0000] {dagbag.py:588} INFO - Filling up the DagBag from /home/airflow/.local/lib/python3.12/site-packages/airflow/example_dags/example_time_delta_sensor_async.py
[2025-06-05T16:13:36.153+0000] {processor.py:925} INFO - DAG(s) 'example_time_delta_sensor_async' retrieved from /home/airflow/.local/lib/python3.12/site-packages/airflow/example_dags/example_time_delta_sensor_async.py
[2025-06-05T16:13:36.182+0000] {logging_mixin.py:190} INFO - [2025-06-05T16:13:36.182+0000] {dag.py:3239} INFO - Sync 1 DAGs
[2025-06-05T16:13:36.208+0000] {logging_mixin.py:190} INFO - [2025-06-05T16:13:36.207+0000] {dag.py:4180} INFO - Setting next_dagrun for example_time_delta_sensor_async to None, run_after=None
[2025-06-05T16:13:36.239+0000] {processor.py:208} INFO - Processing /home/airflow/.local/lib/python3.12/site-packages/airflow/example_dags/example_time_delta_sensor_async.py took 0.111 seconds
[2025-06-05T16:14:07.016+0000] {processor.py:186} INFO - Started process (PID=5075) to work on /home/airflow/.local/lib/python3.12/site-packages/airflow/example_dags/example_time_delta_sensor_async.py
[2025-06-05T16:14:07.018+0000] {processor.py:914} INFO - Processing file /home/airflow/.local/lib/python3.12/site-packages/airflow/example_dags/example_time_delta_sensor_async.py for tasks to queue
[2025-06-05T16:14:07.020+0000] {logging_mixin.py:190} INFO - [2025-06-05T16:14:07.020+0000] {dagbag.py:588} INFO - Filling up the DagBag from /home/airflow/.local/lib/python3.12/site-packages/airflow/example_dags/example_time_delta_sensor_async.py
[2025-06-05T16:14:07.032+0000] {processor.py:925} INFO - DAG(s) 'example_time_delta_sensor_async' retrieved from /home/airflow/.local/lib/python3.12/site-packages/airflow/example_dags/example_time_delta_sensor_async.py
[2025-06-05T16:14:07.064+0000] {logging_mixin.py:190} INFO - [2025-06-05T16:14:07.064+0000] {dag.py:3239} INFO - Sync 1 DAGs
[2025-06-05T16:14:07.088+0000] {logging_mixin.py:190} INFO - [2025-06-05T16:14:07.087+0000] {dag.py:4180} INFO - Setting next_dagrun for example_time_delta_sensor_async to None, run_after=None
[2025-06-05T16:14:07.120+0000] {processor.py:208} INFO - Processing /home/airflow/.local/lib/python3.12/site-packages/airflow/example_dags/example_time_delta_sensor_async.py took 0.113 seconds
[2025-06-05T16:14:45.258+0000] {processor.py:186} INFO - Started process (PID=5140) to work on /home/airflow/.local/lib/python3.12/site-packages/airflow/example_dags/example_time_delta_sensor_async.py
[2025-06-05T16:14:45.262+0000] {processor.py:914} INFO - Processing file /home/airflow/.local/lib/python3.12/site-packages/airflow/example_dags/example_time_delta_sensor_async.py for tasks to queue
[2025-06-05T16:14:45.266+0000] {logging_mixin.py:190} INFO - [2025-06-05T16:14:45.265+0000] {dagbag.py:588} INFO - Filling up the DagBag from /home/airflow/.local/lib/python3.12/site-packages/airflow/example_dags/example_time_delta_sensor_async.py
[2025-06-05T16:14:45.289+0000] {processor.py:925} INFO - DAG(s) 'example_time_delta_sensor_async' retrieved from /home/airflow/.local/lib/python3.12/site-packages/airflow/example_dags/example_time_delta_sensor_async.py
[2025-06-05T16:14:45.338+0000] {logging_mixin.py:190} INFO - [2025-06-05T16:14:45.337+0000] {dag.py:3239} INFO - Sync 1 DAGs
[2025-06-05T16:14:45.366+0000] {logging_mixin.py:190} INFO - [2025-06-05T16:14:45.365+0000] {dag.py:4180} INFO - Setting next_dagrun for example_time_delta_sensor_async to None, run_after=None
[2025-06-05T16:14:45.397+0000] {processor.py:208} INFO - Processing /home/airflow/.local/lib/python3.12/site-packages/airflow/example_dags/example_time_delta_sensor_async.py took 0.154 seconds
[2025-06-05T16:15:15.775+0000] {processor.py:186} INFO - Started process (PID=5205) to work on /home/airflow/.local/lib/python3.12/site-packages/airflow/example_dags/example_time_delta_sensor_async.py
[2025-06-05T16:15:15.777+0000] {processor.py:914} INFO - Processing file /home/airflow/.local/lib/python3.12/site-packages/airflow/example_dags/example_time_delta_sensor_async.py for tasks to queue
[2025-06-05T16:15:15.779+0000] {logging_mixin.py:190} INFO - [2025-06-05T16:15:15.778+0000] {dagbag.py:588} INFO - Filling up the DagBag from /home/airflow/.local/lib/python3.12/site-packages/airflow/example_dags/example_time_delta_sensor_async.py
[2025-06-05T16:15:15.792+0000] {processor.py:925} INFO - DAG(s) 'example_time_delta_sensor_async' retrieved from /home/airflow/.local/lib/python3.12/site-packages/airflow/example_dags/example_time_delta_sensor_async.py
[2025-06-05T16:15:15.822+0000] {logging_mixin.py:190} INFO - [2025-06-05T16:15:15.822+0000] {dag.py:3239} INFO - Sync 1 DAGs
[2025-06-05T16:15:15.849+0000] {logging_mixin.py:190} INFO - [2025-06-05T16:15:15.848+0000] {dag.py:4180} INFO - Setting next_dagrun for example_time_delta_sensor_async to None, run_after=None
[2025-06-05T16:15:15.880+0000] {processor.py:208} INFO - Processing /home/airflow/.local/lib/python3.12/site-packages/airflow/example_dags/example_time_delta_sensor_async.py took 0.115 seconds
[2025-06-05T16:15:46.158+0000] {processor.py:186} INFO - Started process (PID=5270) to work on /home/airflow/.local/lib/python3.12/site-packages/airflow/example_dags/example_time_delta_sensor_async.py
[2025-06-05T16:15:46.160+0000] {processor.py:914} INFO - Processing file /home/airflow/.local/lib/python3.12/site-packages/airflow/example_dags/example_time_delta_sensor_async.py for tasks to queue
[2025-06-05T16:15:46.163+0000] {logging_mixin.py:190} INFO - [2025-06-05T16:15:46.162+0000] {dagbag.py:588} INFO - Filling up the DagBag from /home/airflow/.local/lib/python3.12/site-packages/airflow/example_dags/example_time_delta_sensor_async.py
[2025-06-05T16:15:46.175+0000] {processor.py:925} INFO - DAG(s) 'example_time_delta_sensor_async' retrieved from /home/airflow/.local/lib/python3.12/site-packages/airflow/example_dags/example_time_delta_sensor_async.py
[2025-06-05T16:15:46.207+0000] {logging_mixin.py:190} INFO - [2025-06-05T16:15:46.206+0000] {dag.py:3239} INFO - Sync 1 DAGs
[2025-06-05T16:15:46.231+0000] {logging_mixin.py:190} INFO - [2025-06-05T16:15:46.231+0000] {dag.py:4180} INFO - Setting next_dagrun for example_time_delta_sensor_async to None, run_after=None
[2025-06-05T16:15:46.262+0000] {processor.py:208} INFO - Processing /home/airflow/.local/lib/python3.12/site-packages/airflow/example_dags/example_time_delta_sensor_async.py took 0.116 seconds
