[2025-06-05T16:10:27.874+0000] {processor.py:186} INFO - Started process (PID=4601) to work on /home/airflow/.local/lib/python3.12/site-packages/airflow/example_dags/example_skip_dag.py
[2025-06-05T16:10:27.876+0000] {processor.py:914} INFO - Processing file /home/airflow/.local/lib/python3.12/site-packages/airflow/example_dags/example_skip_dag.py for tasks to queue
[2025-06-05T16:10:27.878+0000] {logging_mixin.py:190} INFO - [2025-06-05T16:10:27.878+0000] {dagbag.py:588} INFO - Filling up the DagBag from /home/airflow/.local/lib/python3.12/site-packages/airflow/example_dags/example_skip_dag.py
[2025-06-05T16:10:27.896+0000] {processor.py:925} INFO - DAG(s) 'example_skip_dag' retrieved from /home/airflow/.local/lib/python3.12/site-packages/airflow/example_dags/example_skip_dag.py
[2025-06-05T16:10:27.934+0000] {logging_mixin.py:190} INFO - [2025-06-05T16:10:27.934+0000] {dag.py:3239} INFO - Sync 1 DAGs
[2025-06-05T16:10:27.978+0000] {logging_mixin.py:190} INFO - [2025-06-05T16:10:27.978+0000] {dag.py:4180} INFO - Setting next_dagrun for example_skip_dag to 2025-06-04 00:00:00+00:00, run_after=2025-06-05 00:00:00+00:00
[2025-06-05T16:10:28.013+0000] {processor.py:208} INFO - Processing /home/airflow/.local/lib/python3.12/site-packages/airflow/example_dags/example_skip_dag.py took 0.149 seconds
[2025-06-05T16:10:58.894+0000] {processor.py:186} INFO - Started process (PID=4666) to work on /home/airflow/.local/lib/python3.12/site-packages/airflow/example_dags/example_skip_dag.py
[2025-06-05T16:10:58.896+0000] {processor.py:914} INFO - Processing file /home/airflow/.local/lib/python3.12/site-packages/airflow/example_dags/example_skip_dag.py for tasks to queue
[2025-06-05T16:10:58.898+0000] {logging_mixin.py:190} INFO - [2025-06-05T16:10:58.898+0000] {dagbag.py:588} INFO - Filling up the DagBag from /home/airflow/.local/lib/python3.12/site-packages/airflow/example_dags/example_skip_dag.py
[2025-06-05T16:10:58.913+0000] {processor.py:925} INFO - DAG(s) 'example_skip_dag' retrieved from /home/airflow/.local/lib/python3.12/site-packages/airflow/example_dags/example_skip_dag.py
[2025-06-05T16:10:58.947+0000] {logging_mixin.py:190} INFO - [2025-06-05T16:10:58.947+0000] {dag.py:3239} INFO - Sync 1 DAGs
[2025-06-05T16:10:58.984+0000] {logging_mixin.py:190} INFO - [2025-06-05T16:10:58.984+0000] {dag.py:4180} INFO - Setting next_dagrun for example_skip_dag to 2025-06-04 00:00:00+00:00, run_after=2025-06-05 00:00:00+00:00
[2025-06-05T16:10:59.016+0000] {processor.py:208} INFO - Processing /home/airflow/.local/lib/python3.12/site-packages/airflow/example_dags/example_skip_dag.py took 0.131 seconds
[2025-06-05T16:11:29.135+0000] {processor.py:186} INFO - Started process (PID=4731) to work on /home/airflow/.local/lib/python3.12/site-packages/airflow/example_dags/example_skip_dag.py
[2025-06-05T16:11:29.137+0000] {processor.py:914} INFO - Processing file /home/airflow/.local/lib/python3.12/site-packages/airflow/example_dags/example_skip_dag.py for tasks to queue
[2025-06-05T16:11:29.139+0000] {logging_mixin.py:190} INFO - [2025-06-05T16:11:29.138+0000] {dagbag.py:588} INFO - Filling up the DagBag from /home/airflow/.local/lib/python3.12/site-packages/airflow/example_dags/example_skip_dag.py
[2025-06-05T16:11:29.154+0000] {processor.py:925} INFO - DAG(s) 'example_skip_dag' retrieved from /home/airflow/.local/lib/python3.12/site-packages/airflow/example_dags/example_skip_dag.py
[2025-06-05T16:11:29.186+0000] {logging_mixin.py:190} INFO - [2025-06-05T16:11:29.186+0000] {dag.py:3239} INFO - Sync 1 DAGs
[2025-06-05T16:11:29.222+0000] {logging_mixin.py:190} INFO - [2025-06-05T16:11:29.222+0000] {dag.py:4180} INFO - Setting next_dagrun for example_skip_dag to 2025-06-04 00:00:00+00:00, run_after=2025-06-05 00:00:00+00:00
[2025-06-05T16:11:29.252+0000] {processor.py:208} INFO - Processing /home/airflow/.local/lib/python3.12/site-packages/airflow/example_dags/example_skip_dag.py took 0.127 seconds
[2025-06-05T16:11:59.509+0000] {processor.py:186} INFO - Started process (PID=4796) to work on /home/airflow/.local/lib/python3.12/site-packages/airflow/example_dags/example_skip_dag.py
[2025-06-05T16:11:59.511+0000] {processor.py:914} INFO - Processing file /home/airflow/.local/lib/python3.12/site-packages/airflow/example_dags/example_skip_dag.py for tasks to queue
[2025-06-05T16:11:59.513+0000] {logging_mixin.py:190} INFO - [2025-06-05T16:11:59.513+0000] {dagbag.py:588} INFO - Filling up the DagBag from /home/airflow/.local/lib/python3.12/site-packages/airflow/example_dags/example_skip_dag.py
[2025-06-05T16:11:59.528+0000] {processor.py:925} INFO - DAG(s) 'example_skip_dag' retrieved from /home/airflow/.local/lib/python3.12/site-packages/airflow/example_dags/example_skip_dag.py
[2025-06-05T16:11:59.564+0000] {logging_mixin.py:190} INFO - [2025-06-05T16:11:59.563+0000] {dag.py:3239} INFO - Sync 1 DAGs
[2025-06-05T16:11:59.603+0000] {logging_mixin.py:190} INFO - [2025-06-05T16:11:59.603+0000] {dag.py:4180} INFO - Setting next_dagrun for example_skip_dag to 2025-06-04 00:00:00+00:00, run_after=2025-06-05 00:00:00+00:00
[2025-06-05T16:11:59.635+0000] {processor.py:208} INFO - Processing /home/airflow/.local/lib/python3.12/site-packages/airflow/example_dags/example_skip_dag.py took 0.135 seconds
[2025-06-05T16:12:30.511+0000] {processor.py:186} INFO - Started process (PID=4861) to work on /home/airflow/.local/lib/python3.12/site-packages/airflow/example_dags/example_skip_dag.py
[2025-06-05T16:12:30.513+0000] {processor.py:914} INFO - Processing file /home/airflow/.local/lib/python3.12/site-packages/airflow/example_dags/example_skip_dag.py for tasks to queue
[2025-06-05T16:12:30.516+0000] {logging_mixin.py:190} INFO - [2025-06-05T16:12:30.515+0000] {dagbag.py:588} INFO - Filling up the DagBag from /home/airflow/.local/lib/python3.12/site-packages/airflow/example_dags/example_skip_dag.py
[2025-06-05T16:12:30.534+0000] {processor.py:925} INFO - DAG(s) 'example_skip_dag' retrieved from /home/airflow/.local/lib/python3.12/site-packages/airflow/example_dags/example_skip_dag.py
[2025-06-05T16:12:30.568+0000] {logging_mixin.py:190} INFO - [2025-06-05T16:12:30.568+0000] {dag.py:3239} INFO - Sync 1 DAGs
[2025-06-05T16:12:30.609+0000] {logging_mixin.py:190} INFO - [2025-06-05T16:12:30.608+0000] {dag.py:4180} INFO - Setting next_dagrun for example_skip_dag to 2025-06-04 00:00:00+00:00, run_after=2025-06-05 00:00:00+00:00
[2025-06-05T16:12:30.639+0000] {processor.py:208} INFO - Processing /home/airflow/.local/lib/python3.12/site-packages/airflow/example_dags/example_skip_dag.py took 0.139 seconds
[2025-06-05T16:13:00.881+0000] {processor.py:186} INFO - Started process (PID=4926) to work on /home/airflow/.local/lib/python3.12/site-packages/airflow/example_dags/example_skip_dag.py
[2025-06-05T16:13:00.883+0000] {processor.py:914} INFO - Processing file /home/airflow/.local/lib/python3.12/site-packages/airflow/example_dags/example_skip_dag.py for tasks to queue
[2025-06-05T16:13:00.885+0000] {logging_mixin.py:190} INFO - [2025-06-05T16:13:00.885+0000] {dagbag.py:588} INFO - Filling up the DagBag from /home/airflow/.local/lib/python3.12/site-packages/airflow/example_dags/example_skip_dag.py
[2025-06-05T16:13:00.905+0000] {processor.py:925} INFO - DAG(s) 'example_skip_dag' retrieved from /home/airflow/.local/lib/python3.12/site-packages/airflow/example_dags/example_skip_dag.py
[2025-06-05T16:13:00.937+0000] {logging_mixin.py:190} INFO - [2025-06-05T16:13:00.937+0000] {dag.py:3239} INFO - Sync 1 DAGs
[2025-06-05T16:13:00.973+0000] {logging_mixin.py:190} INFO - [2025-06-05T16:13:00.972+0000] {dag.py:4180} INFO - Setting next_dagrun for example_skip_dag to 2025-06-04 00:00:00+00:00, run_after=2025-06-05 00:00:00+00:00
[2025-06-05T16:13:01.003+0000] {processor.py:208} INFO - Processing /home/airflow/.local/lib/python3.12/site-packages/airflow/example_dags/example_skip_dag.py took 0.132 seconds
[2025-06-05T16:13:31.446+0000] {processor.py:186} INFO - Started process (PID=4991) to work on /home/airflow/.local/lib/python3.12/site-packages/airflow/example_dags/example_skip_dag.py
[2025-06-05T16:13:31.448+0000] {processor.py:914} INFO - Processing file /home/airflow/.local/lib/python3.12/site-packages/airflow/example_dags/example_skip_dag.py for tasks to queue
[2025-06-05T16:13:31.450+0000] {logging_mixin.py:190} INFO - [2025-06-05T16:13:31.450+0000] {dagbag.py:588} INFO - Filling up the DagBag from /home/airflow/.local/lib/python3.12/site-packages/airflow/example_dags/example_skip_dag.py
[2025-06-05T16:13:31.466+0000] {processor.py:925} INFO - DAG(s) 'example_skip_dag' retrieved from /home/airflow/.local/lib/python3.12/site-packages/airflow/example_dags/example_skip_dag.py
[2025-06-05T16:13:31.500+0000] {logging_mixin.py:190} INFO - [2025-06-05T16:13:31.500+0000] {dag.py:3239} INFO - Sync 1 DAGs
[2025-06-05T16:13:31.536+0000] {logging_mixin.py:190} INFO - [2025-06-05T16:13:31.536+0000] {dag.py:4180} INFO - Setting next_dagrun for example_skip_dag to 2025-06-04 00:00:00+00:00, run_after=2025-06-05 00:00:00+00:00
[2025-06-05T16:13:31.567+0000] {processor.py:208} INFO - Processing /home/airflow/.local/lib/python3.12/site-packages/airflow/example_dags/example_skip_dag.py took 0.131 seconds
[2025-06-05T16:14:02.326+0000] {processor.py:186} INFO - Started process (PID=5056) to work on /home/airflow/.local/lib/python3.12/site-packages/airflow/example_dags/example_skip_dag.py
[2025-06-05T16:14:02.328+0000] {processor.py:914} INFO - Processing file /home/airflow/.local/lib/python3.12/site-packages/airflow/example_dags/example_skip_dag.py for tasks to queue
[2025-06-05T16:14:02.331+0000] {logging_mixin.py:190} INFO - [2025-06-05T16:14:02.330+0000] {dagbag.py:588} INFO - Filling up the DagBag from /home/airflow/.local/lib/python3.12/site-packages/airflow/example_dags/example_skip_dag.py
[2025-06-05T16:14:02.345+0000] {processor.py:925} INFO - DAG(s) 'example_skip_dag' retrieved from /home/airflow/.local/lib/python3.12/site-packages/airflow/example_dags/example_skip_dag.py
[2025-06-05T16:14:02.379+0000] {logging_mixin.py:190} INFO - [2025-06-05T16:14:02.378+0000] {dag.py:3239} INFO - Sync 1 DAGs
[2025-06-05T16:14:02.415+0000] {logging_mixin.py:190} INFO - [2025-06-05T16:14:02.414+0000] {dag.py:4180} INFO - Setting next_dagrun for example_skip_dag to 2025-06-04 00:00:00+00:00, run_after=2025-06-05 00:00:00+00:00
[2025-06-05T16:14:02.446+0000] {processor.py:208} INFO - Processing /home/airflow/.local/lib/python3.12/site-packages/airflow/example_dags/example_skip_dag.py took 0.130 seconds
[2025-06-05T16:14:43.457+0000] {processor.py:186} INFO - Started process (PID=5121) to work on /home/airflow/.local/lib/python3.12/site-packages/airflow/example_dags/example_skip_dag.py
[2025-06-05T16:14:43.459+0000] {processor.py:914} INFO - Processing file /home/airflow/.local/lib/python3.12/site-packages/airflow/example_dags/example_skip_dag.py for tasks to queue
[2025-06-05T16:14:43.461+0000] {logging_mixin.py:190} INFO - [2025-06-05T16:14:43.461+0000] {dagbag.py:588} INFO - Filling up the DagBag from /home/airflow/.local/lib/python3.12/site-packages/airflow/example_dags/example_skip_dag.py
[2025-06-05T16:14:43.477+0000] {processor.py:925} INFO - DAG(s) 'example_skip_dag' retrieved from /home/airflow/.local/lib/python3.12/site-packages/airflow/example_dags/example_skip_dag.py
[2025-06-05T16:14:43.510+0000] {logging_mixin.py:190} INFO - [2025-06-05T16:14:43.510+0000] {dag.py:3239} INFO - Sync 1 DAGs
[2025-06-05T16:14:43.547+0000] {logging_mixin.py:190} INFO - [2025-06-05T16:14:43.546+0000] {dag.py:4180} INFO - Setting next_dagrun for example_skip_dag to 2025-06-04 00:00:00+00:00, run_after=2025-06-05 00:00:00+00:00
[2025-06-05T16:14:43.578+0000] {processor.py:208} INFO - Processing /home/airflow/.local/lib/python3.12/site-packages/airflow/example_dags/example_skip_dag.py took 0.131 seconds
[2025-06-05T16:15:13.721+0000] {processor.py:186} INFO - Started process (PID=5186) to work on /home/airflow/.local/lib/python3.12/site-packages/airflow/example_dags/example_skip_dag.py
[2025-06-05T16:15:13.723+0000] {processor.py:914} INFO - Processing file /home/airflow/.local/lib/python3.12/site-packages/airflow/example_dags/example_skip_dag.py for tasks to queue
[2025-06-05T16:15:13.725+0000] {logging_mixin.py:190} INFO - [2025-06-05T16:15:13.724+0000] {dagbag.py:588} INFO - Filling up the DagBag from /home/airflow/.local/lib/python3.12/site-packages/airflow/example_dags/example_skip_dag.py
[2025-06-05T16:15:13.739+0000] {processor.py:925} INFO - DAG(s) 'example_skip_dag' retrieved from /home/airflow/.local/lib/python3.12/site-packages/airflow/example_dags/example_skip_dag.py
[2025-06-05T16:15:13.772+0000] {logging_mixin.py:190} INFO - [2025-06-05T16:15:13.771+0000] {dag.py:3239} INFO - Sync 1 DAGs
[2025-06-05T16:15:13.807+0000] {logging_mixin.py:190} INFO - [2025-06-05T16:15:13.807+0000] {dag.py:4180} INFO - Setting next_dagrun for example_skip_dag to 2025-06-04 00:00:00+00:00, run_after=2025-06-05 00:00:00+00:00
[2025-06-05T16:15:13.839+0000] {processor.py:208} INFO - Processing /home/airflow/.local/lib/python3.12/site-packages/airflow/example_dags/example_skip_dag.py took 0.128 seconds
[2025-06-05T16:15:44.111+0000] {processor.py:186} INFO - Started process (PID=5251) to work on /home/airflow/.local/lib/python3.12/site-packages/airflow/example_dags/example_skip_dag.py
[2025-06-05T16:15:44.112+0000] {processor.py:914} INFO - Processing file /home/airflow/.local/lib/python3.12/site-packages/airflow/example_dags/example_skip_dag.py for tasks to queue
[2025-06-05T16:15:44.115+0000] {logging_mixin.py:190} INFO - [2025-06-05T16:15:44.115+0000] {dagbag.py:588} INFO - Filling up the DagBag from /home/airflow/.local/lib/python3.12/site-packages/airflow/example_dags/example_skip_dag.py
[2025-06-05T16:15:44.130+0000] {processor.py:925} INFO - DAG(s) 'example_skip_dag' retrieved from /home/airflow/.local/lib/python3.12/site-packages/airflow/example_dags/example_skip_dag.py
[2025-06-05T16:15:44.164+0000] {logging_mixin.py:190} INFO - [2025-06-05T16:15:44.164+0000] {dag.py:3239} INFO - Sync 1 DAGs
[2025-06-05T16:15:44.210+0000] {logging_mixin.py:190} INFO - [2025-06-05T16:15:44.210+0000] {dag.py:4180} INFO - Setting next_dagrun for example_skip_dag to 2025-06-04 00:00:00+00:00, run_after=2025-06-05 00:00:00+00:00
[2025-06-05T16:15:44.242+0000] {processor.py:208} INFO - Processing /home/airflow/.local/lib/python3.12/site-packages/airflow/example_dags/example_skip_dag.py took 0.141 seconds
