[2025-06-05T16:10:36.799+0000] {processor.py:186} INFO - Started process (PID=4634) to work on /home/airflow/.local/lib/python3.12/site-packages/airflow/example_dags/example_kubernetes_executor.py
[2025-06-05T16:10:36.800+0000] {processor.py:914} INFO - Processing file /home/airflow/.local/lib/python3.12/site-packages/airflow/example_dags/example_kubernetes_executor.py for tasks to queue
[2025-06-05T16:10:36.803+0000] {logging_mixin.py:190} INFO - [2025-06-05T16:10:36.803+0000] {dagbag.py:588} INFO - Filling up the DagBag from /home/airflow/.local/lib/python3.12/site-packages/airflow/example_dags/example_kubernetes_executor.py
[2025-06-05T16:10:36.831+0000] {processor.py:925} INFO - DAG(s) 'example_kubernetes_executor' retrieved from /home/airflow/.local/lib/python3.12/site-packages/airflow/example_dags/example_kubernetes_executor.py
[2025-06-05T16:10:36.878+0000] {logging_mixin.py:190} INFO - [2025-06-05T16:10:36.878+0000] {dag.py:3239} INFO - Sync 1 DAGs
[2025-06-05T16:10:36.904+0000] {logging_mixin.py:190} INFO - [2025-06-05T16:10:36.904+0000] {dag.py:4180} INFO - Setting next_dagrun for example_kubernetes_executor to None, run_after=None
[2025-06-05T16:10:36.935+0000] {processor.py:208} INFO - Processing /home/airflow/.local/lib/python3.12/site-packages/airflow/example_dags/example_kubernetes_executor.py took 0.147 seconds
[2025-06-05T16:11:08.051+0000] {processor.py:186} INFO - Started process (PID=4699) to work on /home/airflow/.local/lib/python3.12/site-packages/airflow/example_dags/example_kubernetes_executor.py
[2025-06-05T16:11:08.053+0000] {processor.py:914} INFO - Processing file /home/airflow/.local/lib/python3.12/site-packages/airflow/example_dags/example_kubernetes_executor.py for tasks to queue
[2025-06-05T16:11:08.055+0000] {logging_mixin.py:190} INFO - [2025-06-05T16:11:08.054+0000] {dagbag.py:588} INFO - Filling up the DagBag from /home/airflow/.local/lib/python3.12/site-packages/airflow/example_dags/example_kubernetes_executor.py
[2025-06-05T16:11:08.078+0000] {processor.py:925} INFO - DAG(s) 'example_kubernetes_executor' retrieved from /home/airflow/.local/lib/python3.12/site-packages/airflow/example_dags/example_kubernetes_executor.py
[2025-06-05T16:11:08.117+0000] {logging_mixin.py:190} INFO - [2025-06-05T16:11:08.116+0000] {dag.py:3239} INFO - Sync 1 DAGs
[2025-06-05T16:11:08.366+0000] {logging_mixin.py:190} INFO - [2025-06-05T16:11:08.365+0000] {dag.py:4180} INFO - Setting next_dagrun for example_kubernetes_executor to None, run_after=None
[2025-06-05T16:11:08.398+0000] {processor.py:208} INFO - Processing /home/airflow/.local/lib/python3.12/site-packages/airflow/example_dags/example_kubernetes_executor.py took 0.357 seconds
[2025-06-05T16:11:39.179+0000] {processor.py:186} INFO - Started process (PID=4764) to work on /home/airflow/.local/lib/python3.12/site-packages/airflow/example_dags/example_kubernetes_executor.py
[2025-06-05T16:11:39.181+0000] {processor.py:914} INFO - Processing file /home/airflow/.local/lib/python3.12/site-packages/airflow/example_dags/example_kubernetes_executor.py for tasks to queue
[2025-06-05T16:11:39.184+0000] {logging_mixin.py:190} INFO - [2025-06-05T16:11:39.183+0000] {dagbag.py:588} INFO - Filling up the DagBag from /home/airflow/.local/lib/python3.12/site-packages/airflow/example_dags/example_kubernetes_executor.py
[2025-06-05T16:11:39.208+0000] {processor.py:925} INFO - DAG(s) 'example_kubernetes_executor' retrieved from /home/airflow/.local/lib/python3.12/site-packages/airflow/example_dags/example_kubernetes_executor.py
[2025-06-05T16:11:39.250+0000] {logging_mixin.py:190} INFO - [2025-06-05T16:11:39.250+0000] {dag.py:3239} INFO - Sync 1 DAGs
[2025-06-05T16:11:39.287+0000] {logging_mixin.py:190} INFO - [2025-06-05T16:11:39.286+0000] {dag.py:4180} INFO - Setting next_dagrun for example_kubernetes_executor to None, run_after=None
[2025-06-05T16:11:39.323+0000] {processor.py:208} INFO - Processing /home/airflow/.local/lib/python3.12/site-packages/airflow/example_dags/example_kubernetes_executor.py took 0.154 seconds
[2025-06-05T16:12:09.671+0000] {processor.py:186} INFO - Started process (PID=4829) to work on /home/airflow/.local/lib/python3.12/site-packages/airflow/example_dags/example_kubernetes_executor.py
[2025-06-05T16:12:09.673+0000] {processor.py:914} INFO - Processing file /home/airflow/.local/lib/python3.12/site-packages/airflow/example_dags/example_kubernetes_executor.py for tasks to queue
[2025-06-05T16:12:09.675+0000] {logging_mixin.py:190} INFO - [2025-06-05T16:12:09.675+0000] {dagbag.py:588} INFO - Filling up the DagBag from /home/airflow/.local/lib/python3.12/site-packages/airflow/example_dags/example_kubernetes_executor.py
[2025-06-05T16:12:09.699+0000] {processor.py:925} INFO - DAG(s) 'example_kubernetes_executor' retrieved from /home/airflow/.local/lib/python3.12/site-packages/airflow/example_dags/example_kubernetes_executor.py
[2025-06-05T16:12:09.739+0000] {logging_mixin.py:190} INFO - [2025-06-05T16:12:09.739+0000] {dag.py:3239} INFO - Sync 1 DAGs
[2025-06-05T16:12:09.765+0000] {logging_mixin.py:190} INFO - [2025-06-05T16:12:09.765+0000] {dag.py:4180} INFO - Setting next_dagrun for example_kubernetes_executor to None, run_after=None
[2025-06-05T16:12:09.796+0000] {processor.py:208} INFO - Processing /home/airflow/.local/lib/python3.12/site-packages/airflow/example_dags/example_kubernetes_executor.py took 0.138 seconds
[2025-06-05T16:12:40.043+0000] {processor.py:186} INFO - Started process (PID=4894) to work on /home/airflow/.local/lib/python3.12/site-packages/airflow/example_dags/example_kubernetes_executor.py
[2025-06-05T16:12:40.045+0000] {processor.py:914} INFO - Processing file /home/airflow/.local/lib/python3.12/site-packages/airflow/example_dags/example_kubernetes_executor.py for tasks to queue
[2025-06-05T16:12:40.048+0000] {logging_mixin.py:190} INFO - [2025-06-05T16:12:40.047+0000] {dagbag.py:588} INFO - Filling up the DagBag from /home/airflow/.local/lib/python3.12/site-packages/airflow/example_dags/example_kubernetes_executor.py
[2025-06-05T16:12:40.071+0000] {processor.py:925} INFO - DAG(s) 'example_kubernetes_executor' retrieved from /home/airflow/.local/lib/python3.12/site-packages/airflow/example_dags/example_kubernetes_executor.py
[2025-06-05T16:12:40.109+0000] {logging_mixin.py:190} INFO - [2025-06-05T16:12:40.109+0000] {dag.py:3239} INFO - Sync 1 DAGs
[2025-06-05T16:12:40.133+0000] {logging_mixin.py:190} INFO - [2025-06-05T16:12:40.133+0000] {dag.py:4180} INFO - Setting next_dagrun for example_kubernetes_executor to None, run_after=None
[2025-06-05T16:12:40.163+0000] {processor.py:208} INFO - Processing /home/airflow/.local/lib/python3.12/site-packages/airflow/example_dags/example_kubernetes_executor.py took 0.130 seconds
[2025-06-05T16:13:10.625+0000] {processor.py:186} INFO - Started process (PID=4958) to work on /home/airflow/.local/lib/python3.12/site-packages/airflow/example_dags/example_kubernetes_executor.py
[2025-06-05T16:13:10.627+0000] {processor.py:914} INFO - Processing file /home/airflow/.local/lib/python3.12/site-packages/airflow/example_dags/example_kubernetes_executor.py for tasks to queue
[2025-06-05T16:13:10.629+0000] {logging_mixin.py:190} INFO - [2025-06-05T16:13:10.628+0000] {dagbag.py:588} INFO - Filling up the DagBag from /home/airflow/.local/lib/python3.12/site-packages/airflow/example_dags/example_kubernetes_executor.py
[2025-06-05T16:13:10.652+0000] {processor.py:925} INFO - DAG(s) 'example_kubernetes_executor' retrieved from /home/airflow/.local/lib/python3.12/site-packages/airflow/example_dags/example_kubernetes_executor.py
[2025-06-05T16:13:10.691+0000] {logging_mixin.py:190} INFO - [2025-06-05T16:13:10.690+0000] {dag.py:3239} INFO - Sync 1 DAGs
[2025-06-05T16:13:10.714+0000] {logging_mixin.py:190} INFO - [2025-06-05T16:13:10.714+0000] {dag.py:4180} INFO - Setting next_dagrun for example_kubernetes_executor to None, run_after=None
[2025-06-05T16:13:10.744+0000] {processor.py:208} INFO - Processing /home/airflow/.local/lib/python3.12/site-packages/airflow/example_dags/example_kubernetes_executor.py took 0.129 seconds
[2025-06-05T16:13:41.270+0000] {processor.py:186} INFO - Started process (PID=5022) to work on /home/airflow/.local/lib/python3.12/site-packages/airflow/example_dags/example_kubernetes_executor.py
[2025-06-05T16:13:41.272+0000] {processor.py:914} INFO - Processing file /home/airflow/.local/lib/python3.12/site-packages/airflow/example_dags/example_kubernetes_executor.py for tasks to queue
[2025-06-05T16:13:41.275+0000] {logging_mixin.py:190} INFO - [2025-06-05T16:13:41.274+0000] {dagbag.py:588} INFO - Filling up the DagBag from /home/airflow/.local/lib/python3.12/site-packages/airflow/example_dags/example_kubernetes_executor.py
[2025-06-05T16:13:41.304+0000] {processor.py:925} INFO - DAG(s) 'example_kubernetes_executor' retrieved from /home/airflow/.local/lib/python3.12/site-packages/airflow/example_dags/example_kubernetes_executor.py
[2025-06-05T16:13:41.360+0000] {logging_mixin.py:190} INFO - [2025-06-05T16:13:41.359+0000] {dag.py:3239} INFO - Sync 1 DAGs
[2025-06-05T16:13:41.390+0000] {logging_mixin.py:190} INFO - [2025-06-05T16:13:41.390+0000] {dag.py:4180} INFO - Setting next_dagrun for example_kubernetes_executor to None, run_after=None
[2025-06-05T16:13:41.431+0000] {processor.py:208} INFO - Processing /home/airflow/.local/lib/python3.12/site-packages/airflow/example_dags/example_kubernetes_executor.py took 0.172 seconds
[2025-06-05T16:14:12.231+0000] {processor.py:186} INFO - Started process (PID=5087) to work on /home/airflow/.local/lib/python3.12/site-packages/airflow/example_dags/example_kubernetes_executor.py
[2025-06-05T16:14:12.233+0000] {processor.py:914} INFO - Processing file /home/airflow/.local/lib/python3.12/site-packages/airflow/example_dags/example_kubernetes_executor.py for tasks to queue
[2025-06-05T16:14:12.235+0000] {logging_mixin.py:190} INFO - [2025-06-05T16:14:12.235+0000] {dagbag.py:588} INFO - Filling up the DagBag from /home/airflow/.local/lib/python3.12/site-packages/airflow/example_dags/example_kubernetes_executor.py
[2025-06-05T16:14:12.258+0000] {processor.py:925} INFO - DAG(s) 'example_kubernetes_executor' retrieved from /home/airflow/.local/lib/python3.12/site-packages/airflow/example_dags/example_kubernetes_executor.py
[2025-06-05T16:14:12.298+0000] {logging_mixin.py:190} INFO - [2025-06-05T16:14:12.297+0000] {dag.py:3239} INFO - Sync 1 DAGs
[2025-06-05T16:14:12.322+0000] {logging_mixin.py:190} INFO - [2025-06-05T16:14:12.321+0000] {dag.py:4180} INFO - Setting next_dagrun for example_kubernetes_executor to None, run_after=None
[2025-06-05T16:14:12.354+0000] {processor.py:208} INFO - Processing /home/airflow/.local/lib/python3.12/site-packages/airflow/example_dags/example_kubernetes_executor.py took 0.132 seconds
[2025-06-05T16:14:46.588+0000] {processor.py:186} INFO - Started process (PID=5152) to work on /home/airflow/.local/lib/python3.12/site-packages/airflow/example_dags/example_kubernetes_executor.py
[2025-06-05T16:14:46.590+0000] {processor.py:914} INFO - Processing file /home/airflow/.local/lib/python3.12/site-packages/airflow/example_dags/example_kubernetes_executor.py for tasks to queue
[2025-06-05T16:14:46.592+0000] {logging_mixin.py:190} INFO - [2025-06-05T16:14:46.591+0000] {dagbag.py:588} INFO - Filling up the DagBag from /home/airflow/.local/lib/python3.12/site-packages/airflow/example_dags/example_kubernetes_executor.py
[2025-06-05T16:14:46.616+0000] {processor.py:925} INFO - DAG(s) 'example_kubernetes_executor' retrieved from /home/airflow/.local/lib/python3.12/site-packages/airflow/example_dags/example_kubernetes_executor.py
[2025-06-05T16:14:46.656+0000] {logging_mixin.py:190} INFO - [2025-06-05T16:14:46.655+0000] {dag.py:3239} INFO - Sync 1 DAGs
[2025-06-05T16:14:46.681+0000] {logging_mixin.py:190} INFO - [2025-06-05T16:14:46.680+0000] {dag.py:4180} INFO - Setting next_dagrun for example_kubernetes_executor to None, run_after=None
[2025-06-05T16:14:46.712+0000] {processor.py:208} INFO - Processing /home/airflow/.local/lib/python3.12/site-packages/airflow/example_dags/example_kubernetes_executor.py took 0.134 seconds
[2025-06-05T16:15:16.964+0000] {processor.py:186} INFO - Started process (PID=5217) to work on /home/airflow/.local/lib/python3.12/site-packages/airflow/example_dags/example_kubernetes_executor.py
[2025-06-05T16:15:16.966+0000] {processor.py:914} INFO - Processing file /home/airflow/.local/lib/python3.12/site-packages/airflow/example_dags/example_kubernetes_executor.py for tasks to queue
[2025-06-05T16:15:16.968+0000] {logging_mixin.py:190} INFO - [2025-06-05T16:15:16.968+0000] {dagbag.py:588} INFO - Filling up the DagBag from /home/airflow/.local/lib/python3.12/site-packages/airflow/example_dags/example_kubernetes_executor.py
[2025-06-05T16:15:16.993+0000] {processor.py:925} INFO - DAG(s) 'example_kubernetes_executor' retrieved from /home/airflow/.local/lib/python3.12/site-packages/airflow/example_dags/example_kubernetes_executor.py
[2025-06-05T16:15:17.034+0000] {logging_mixin.py:190} INFO - [2025-06-05T16:15:17.034+0000] {dag.py:3239} INFO - Sync 1 DAGs
[2025-06-05T16:15:17.060+0000] {logging_mixin.py:190} INFO - [2025-06-05T16:15:17.060+0000] {dag.py:4180} INFO - Setting next_dagrun for example_kubernetes_executor to None, run_after=None
[2025-06-05T16:15:17.090+0000] {processor.py:208} INFO - Processing /home/airflow/.local/lib/python3.12/site-packages/airflow/example_dags/example_kubernetes_executor.py took 0.136 seconds
[2025-06-05T16:15:47.280+0000] {processor.py:186} INFO - Started process (PID=5282) to work on /home/airflow/.local/lib/python3.12/site-packages/airflow/example_dags/example_kubernetes_executor.py
[2025-06-05T16:15:47.282+0000] {processor.py:914} INFO - Processing file /home/airflow/.local/lib/python3.12/site-packages/airflow/example_dags/example_kubernetes_executor.py for tasks to queue
[2025-06-05T16:15:47.284+0000] {logging_mixin.py:190} INFO - [2025-06-05T16:15:47.284+0000] {dagbag.py:588} INFO - Filling up the DagBag from /home/airflow/.local/lib/python3.12/site-packages/airflow/example_dags/example_kubernetes_executor.py
[2025-06-05T16:15:47.309+0000] {processor.py:925} INFO - DAG(s) 'example_kubernetes_executor' retrieved from /home/airflow/.local/lib/python3.12/site-packages/airflow/example_dags/example_kubernetes_executor.py
[2025-06-05T16:15:47.348+0000] {logging_mixin.py:190} INFO - [2025-06-05T16:15:47.348+0000] {dag.py:3239} INFO - Sync 1 DAGs
[2025-06-05T16:15:47.374+0000] {logging_mixin.py:190} INFO - [2025-06-05T16:15:47.373+0000] {dag.py:4180} INFO - Setting next_dagrun for example_kubernetes_executor to None, run_after=None
[2025-06-05T16:15:47.406+0000] {processor.py:208} INFO - Processing /home/airflow/.local/lib/python3.12/site-packages/airflow/example_dags/example_kubernetes_executor.py took 0.137 seconds
