[2025-06-05T16:10:31.618+0000] {processor.py:186} INFO - Started process (PID=4617) to work on /home/airflow/.local/lib/python3.12/site-packages/airflow/example_dags/example_local_kubernetes_executor.py
[2025-06-05T16:10:31.620+0000] {processor.py:914} INFO - Processing file /home/airflow/.local/lib/python3.12/site-packages/airflow/example_dags/example_local_kubernetes_executor.py for tasks to queue
[2025-06-05T16:10:31.622+0000] {logging_mixin.py:190} INFO - [2025-06-05T16:10:31.622+0000] {dagbag.py:588} INFO - Filling up the DagBag from /home/airflow/.local/lib/python3.12/site-packages/airflow/example_dags/example_local_kubernetes_executor.py
[2025-06-05T16:10:31.639+0000] {processor.py:925} INFO - DAG(s) 'example_local_kubernetes_executor' retrieved from /home/airflow/.local/lib/python3.12/site-packages/airflow/example_dags/example_local_kubernetes_executor.py
[2025-06-05T16:10:31.675+0000] {logging_mixin.py:190} INFO - [2025-06-05T16:10:31.675+0000] {dag.py:3239} INFO - Sync 1 DAGs
[2025-06-05T16:10:31.700+0000] {logging_mixin.py:190} INFO - [2025-06-05T16:10:31.700+0000] {dag.py:4180} INFO - Setting next_dagrun for example_local_kubernetes_executor to None, run_after=None
[2025-06-05T16:10:31.959+0000] {processor.py:208} INFO - Processing /home/airflow/.local/lib/python3.12/site-packages/airflow/example_dags/example_local_kubernetes_executor.py took 0.351 seconds
[2025-06-05T16:11:02.150+0000] {processor.py:186} INFO - Started process (PID=4682) to work on /home/airflow/.local/lib/python3.12/site-packages/airflow/example_dags/example_local_kubernetes_executor.py
[2025-06-05T16:11:02.151+0000] {processor.py:914} INFO - Processing file /home/airflow/.local/lib/python3.12/site-packages/airflow/example_dags/example_local_kubernetes_executor.py for tasks to queue
[2025-06-05T16:11:02.153+0000] {logging_mixin.py:190} INFO - [2025-06-05T16:11:02.153+0000] {dagbag.py:588} INFO - Filling up the DagBag from /home/airflow/.local/lib/python3.12/site-packages/airflow/example_dags/example_local_kubernetes_executor.py
[2025-06-05T16:11:02.170+0000] {processor.py:925} INFO - DAG(s) 'example_local_kubernetes_executor' retrieved from /home/airflow/.local/lib/python3.12/site-packages/airflow/example_dags/example_local_kubernetes_executor.py
[2025-06-05T16:11:02.205+0000] {logging_mixin.py:190} INFO - [2025-06-05T16:11:02.205+0000] {dag.py:3239} INFO - Sync 1 DAGs
[2025-06-05T16:11:02.233+0000] {logging_mixin.py:190} INFO - [2025-06-05T16:11:02.233+0000] {dag.py:4180} INFO - Setting next_dagrun for example_local_kubernetes_executor to None, run_after=None
[2025-06-05T16:11:02.266+0000] {processor.py:208} INFO - Processing /home/airflow/.local/lib/python3.12/site-packages/airflow/example_dags/example_local_kubernetes_executor.py took 0.126 seconds
[2025-06-05T16:11:32.439+0000] {processor.py:186} INFO - Started process (PID=4746) to work on /home/airflow/.local/lib/python3.12/site-packages/airflow/example_dags/example_local_kubernetes_executor.py
[2025-06-05T16:11:32.440+0000] {processor.py:914} INFO - Processing file /home/airflow/.local/lib/python3.12/site-packages/airflow/example_dags/example_local_kubernetes_executor.py for tasks to queue
[2025-06-05T16:11:32.442+0000] {logging_mixin.py:190} INFO - [2025-06-05T16:11:32.442+0000] {dagbag.py:588} INFO - Filling up the DagBag from /home/airflow/.local/lib/python3.12/site-packages/airflow/example_dags/example_local_kubernetes_executor.py
[2025-06-05T16:11:32.459+0000] {processor.py:925} INFO - DAG(s) 'example_local_kubernetes_executor' retrieved from /home/airflow/.local/lib/python3.12/site-packages/airflow/example_dags/example_local_kubernetes_executor.py
[2025-06-05T16:11:32.491+0000] {logging_mixin.py:190} INFO - [2025-06-05T16:11:32.490+0000] {dag.py:3239} INFO - Sync 1 DAGs
[2025-06-05T16:11:32.514+0000] {logging_mixin.py:190} INFO - [2025-06-05T16:11:32.514+0000] {dag.py:4180} INFO - Setting next_dagrun for example_local_kubernetes_executor to None, run_after=None
[2025-06-05T16:11:32.544+0000] {processor.py:208} INFO - Processing /home/airflow/.local/lib/python3.12/site-packages/airflow/example_dags/example_local_kubernetes_executor.py took 0.116 seconds
[2025-06-05T16:12:03.080+0000] {processor.py:186} INFO - Started process (PID=4811) to work on /home/airflow/.local/lib/python3.12/site-packages/airflow/example_dags/example_local_kubernetes_executor.py
[2025-06-05T16:12:03.081+0000] {processor.py:914} INFO - Processing file /home/airflow/.local/lib/python3.12/site-packages/airflow/example_dags/example_local_kubernetes_executor.py for tasks to queue
[2025-06-05T16:12:03.084+0000] {logging_mixin.py:190} INFO - [2025-06-05T16:12:03.083+0000] {dagbag.py:588} INFO - Filling up the DagBag from /home/airflow/.local/lib/python3.12/site-packages/airflow/example_dags/example_local_kubernetes_executor.py
[2025-06-05T16:12:03.100+0000] {processor.py:925} INFO - DAG(s) 'example_local_kubernetes_executor' retrieved from /home/airflow/.local/lib/python3.12/site-packages/airflow/example_dags/example_local_kubernetes_executor.py
[2025-06-05T16:12:03.132+0000] {logging_mixin.py:190} INFO - [2025-06-05T16:12:03.132+0000] {dag.py:3239} INFO - Sync 1 DAGs
[2025-06-05T16:12:03.156+0000] {logging_mixin.py:190} INFO - [2025-06-05T16:12:03.156+0000] {dag.py:4180} INFO - Setting next_dagrun for example_local_kubernetes_executor to None, run_after=None
[2025-06-05T16:12:03.187+0000] {processor.py:208} INFO - Processing /home/airflow/.local/lib/python3.12/site-packages/airflow/example_dags/example_local_kubernetes_executor.py took 0.117 seconds
[2025-06-05T16:12:33.775+0000] {processor.py:186} INFO - Started process (PID=4876) to work on /home/airflow/.local/lib/python3.12/site-packages/airflow/example_dags/example_local_kubernetes_executor.py
[2025-06-05T16:12:33.777+0000] {processor.py:914} INFO - Processing file /home/airflow/.local/lib/python3.12/site-packages/airflow/example_dags/example_local_kubernetes_executor.py for tasks to queue
[2025-06-05T16:12:33.780+0000] {logging_mixin.py:190} INFO - [2025-06-05T16:12:33.779+0000] {dagbag.py:588} INFO - Filling up the DagBag from /home/airflow/.local/lib/python3.12/site-packages/airflow/example_dags/example_local_kubernetes_executor.py
[2025-06-05T16:12:33.800+0000] {processor.py:925} INFO - DAG(s) 'example_local_kubernetes_executor' retrieved from /home/airflow/.local/lib/python3.12/site-packages/airflow/example_dags/example_local_kubernetes_executor.py
[2025-06-05T16:12:33.838+0000] {logging_mixin.py:190} INFO - [2025-06-05T16:12:33.838+0000] {dag.py:3239} INFO - Sync 1 DAGs
[2025-06-05T16:12:33.866+0000] {logging_mixin.py:190} INFO - [2025-06-05T16:12:33.865+0000] {dag.py:4180} INFO - Setting next_dagrun for example_local_kubernetes_executor to None, run_after=None
[2025-06-05T16:12:33.900+0000] {processor.py:208} INFO - Processing /home/airflow/.local/lib/python3.12/site-packages/airflow/example_dags/example_local_kubernetes_executor.py took 0.136 seconds
[2025-06-05T16:13:04.300+0000] {processor.py:186} INFO - Started process (PID=4942) to work on /home/airflow/.local/lib/python3.12/site-packages/airflow/example_dags/example_local_kubernetes_executor.py
[2025-06-05T16:13:04.302+0000] {processor.py:914} INFO - Processing file /home/airflow/.local/lib/python3.12/site-packages/airflow/example_dags/example_local_kubernetes_executor.py for tasks to queue
[2025-06-05T16:13:04.304+0000] {logging_mixin.py:190} INFO - [2025-06-05T16:13:04.304+0000] {dagbag.py:588} INFO - Filling up the DagBag from /home/airflow/.local/lib/python3.12/site-packages/airflow/example_dags/example_local_kubernetes_executor.py
[2025-06-05T16:13:04.322+0000] {processor.py:925} INFO - DAG(s) 'example_local_kubernetes_executor' retrieved from /home/airflow/.local/lib/python3.12/site-packages/airflow/example_dags/example_local_kubernetes_executor.py
[2025-06-05T16:13:04.355+0000] {logging_mixin.py:190} INFO - [2025-06-05T16:13:04.355+0000] {dag.py:3239} INFO - Sync 1 DAGs
[2025-06-05T16:13:04.380+0000] {logging_mixin.py:190} INFO - [2025-06-05T16:13:04.379+0000] {dag.py:4180} INFO - Setting next_dagrun for example_local_kubernetes_executor to None, run_after=None
[2025-06-05T16:13:04.411+0000] {processor.py:208} INFO - Processing /home/airflow/.local/lib/python3.12/site-packages/airflow/example_dags/example_local_kubernetes_executor.py took 0.120 seconds
[2025-06-05T16:13:34.881+0000] {processor.py:186} INFO - Started process (PID=5007) to work on /home/airflow/.local/lib/python3.12/site-packages/airflow/example_dags/example_local_kubernetes_executor.py
[2025-06-05T16:13:34.883+0000] {processor.py:914} INFO - Processing file /home/airflow/.local/lib/python3.12/site-packages/airflow/example_dags/example_local_kubernetes_executor.py for tasks to queue
[2025-06-05T16:13:34.885+0000] {logging_mixin.py:190} INFO - [2025-06-05T16:13:34.885+0000] {dagbag.py:588} INFO - Filling up the DagBag from /home/airflow/.local/lib/python3.12/site-packages/airflow/example_dags/example_local_kubernetes_executor.py
[2025-06-05T16:13:34.901+0000] {processor.py:925} INFO - DAG(s) 'example_local_kubernetes_executor' retrieved from /home/airflow/.local/lib/python3.12/site-packages/airflow/example_dags/example_local_kubernetes_executor.py
[2025-06-05T16:13:34.937+0000] {logging_mixin.py:190} INFO - [2025-06-05T16:13:34.937+0000] {dag.py:3239} INFO - Sync 1 DAGs
[2025-06-05T16:13:34.963+0000] {logging_mixin.py:190} INFO - [2025-06-05T16:13:34.963+0000] {dag.py:4180} INFO - Setting next_dagrun for example_local_kubernetes_executor to None, run_after=None
[2025-06-05T16:13:34.994+0000] {processor.py:208} INFO - Processing /home/airflow/.local/lib/python3.12/site-packages/airflow/example_dags/example_local_kubernetes_executor.py took 0.125 seconds
[2025-06-05T16:14:05.723+0000] {processor.py:186} INFO - Started process (PID=5072) to work on /home/airflow/.local/lib/python3.12/site-packages/airflow/example_dags/example_local_kubernetes_executor.py
[2025-06-05T16:14:05.725+0000] {processor.py:914} INFO - Processing file /home/airflow/.local/lib/python3.12/site-packages/airflow/example_dags/example_local_kubernetes_executor.py for tasks to queue
[2025-06-05T16:14:05.727+0000] {logging_mixin.py:190} INFO - [2025-06-05T16:14:05.726+0000] {dagbag.py:588} INFO - Filling up the DagBag from /home/airflow/.local/lib/python3.12/site-packages/airflow/example_dags/example_local_kubernetes_executor.py
[2025-06-05T16:14:05.743+0000] {processor.py:925} INFO - DAG(s) 'example_local_kubernetes_executor' retrieved from /home/airflow/.local/lib/python3.12/site-packages/airflow/example_dags/example_local_kubernetes_executor.py
[2025-06-05T16:14:05.782+0000] {logging_mixin.py:190} INFO - [2025-06-05T16:14:05.781+0000] {dag.py:3239} INFO - Sync 1 DAGs
[2025-06-05T16:14:05.810+0000] {logging_mixin.py:190} INFO - [2025-06-05T16:14:05.810+0000] {dag.py:4180} INFO - Setting next_dagrun for example_local_kubernetes_executor to None, run_after=None
[2025-06-05T16:14:05.847+0000] {processor.py:208} INFO - Processing /home/airflow/.local/lib/python3.12/site-packages/airflow/example_dags/example_local_kubernetes_executor.py took 0.135 seconds
[2025-06-05T16:14:45.019+0000] {processor.py:186} INFO - Started process (PID=5137) to work on /home/airflow/.local/lib/python3.12/site-packages/airflow/example_dags/example_local_kubernetes_executor.py
[2025-06-05T16:14:45.020+0000] {processor.py:914} INFO - Processing file /home/airflow/.local/lib/python3.12/site-packages/airflow/example_dags/example_local_kubernetes_executor.py for tasks to queue
[2025-06-05T16:14:45.023+0000] {logging_mixin.py:190} INFO - [2025-06-05T16:14:45.022+0000] {dagbag.py:588} INFO - Filling up the DagBag from /home/airflow/.local/lib/python3.12/site-packages/airflow/example_dags/example_local_kubernetes_executor.py
[2025-06-05T16:14:45.039+0000] {processor.py:925} INFO - DAG(s) 'example_local_kubernetes_executor' retrieved from /home/airflow/.local/lib/python3.12/site-packages/airflow/example_dags/example_local_kubernetes_executor.py
[2025-06-05T16:14:45.071+0000] {logging_mixin.py:190} INFO - [2025-06-05T16:14:45.070+0000] {dag.py:3239} INFO - Sync 1 DAGs
[2025-06-05T16:14:45.095+0000] {logging_mixin.py:190} INFO - [2025-06-05T16:14:45.094+0000] {dag.py:4180} INFO - Setting next_dagrun for example_local_kubernetes_executor to None, run_after=None
[2025-06-05T16:14:45.129+0000] {processor.py:208} INFO - Processing /home/airflow/.local/lib/python3.12/site-packages/airflow/example_dags/example_local_kubernetes_executor.py took 0.122 seconds
[2025-06-05T16:15:15.505+0000] {processor.py:186} INFO - Started process (PID=5202) to work on /home/airflow/.local/lib/python3.12/site-packages/airflow/example_dags/example_local_kubernetes_executor.py
[2025-06-05T16:15:15.507+0000] {processor.py:914} INFO - Processing file /home/airflow/.local/lib/python3.12/site-packages/airflow/example_dags/example_local_kubernetes_executor.py for tasks to queue
[2025-06-05T16:15:15.509+0000] {logging_mixin.py:190} INFO - [2025-06-05T16:15:15.509+0000] {dagbag.py:588} INFO - Filling up the DagBag from /home/airflow/.local/lib/python3.12/site-packages/airflow/example_dags/example_local_kubernetes_executor.py
[2025-06-05T16:15:15.529+0000] {processor.py:925} INFO - DAG(s) 'example_local_kubernetes_executor' retrieved from /home/airflow/.local/lib/python3.12/site-packages/airflow/example_dags/example_local_kubernetes_executor.py
[2025-06-05T16:15:15.565+0000] {logging_mixin.py:190} INFO - [2025-06-05T16:15:15.565+0000] {dag.py:3239} INFO - Sync 1 DAGs
[2025-06-05T16:15:15.594+0000] {logging_mixin.py:190} INFO - [2025-06-05T16:15:15.594+0000] {dag.py:4180} INFO - Setting next_dagrun for example_local_kubernetes_executor to None, run_after=None
[2025-06-05T16:15:15.628+0000] {processor.py:208} INFO - Processing /home/airflow/.local/lib/python3.12/site-packages/airflow/example_dags/example_local_kubernetes_executor.py took 0.134 seconds
[2025-06-05T16:15:45.916+0000] {processor.py:186} INFO - Started process (PID=5267) to work on /home/airflow/.local/lib/python3.12/site-packages/airflow/example_dags/example_local_kubernetes_executor.py
[2025-06-05T16:15:45.918+0000] {processor.py:914} INFO - Processing file /home/airflow/.local/lib/python3.12/site-packages/airflow/example_dags/example_local_kubernetes_executor.py for tasks to queue
[2025-06-05T16:15:45.920+0000] {logging_mixin.py:190} INFO - [2025-06-05T16:15:45.919+0000] {dagbag.py:588} INFO - Filling up the DagBag from /home/airflow/.local/lib/python3.12/site-packages/airflow/example_dags/example_local_kubernetes_executor.py
[2025-06-05T16:15:45.936+0000] {processor.py:925} INFO - DAG(s) 'example_local_kubernetes_executor' retrieved from /home/airflow/.local/lib/python3.12/site-packages/airflow/example_dags/example_local_kubernetes_executor.py
[2025-06-05T16:15:45.970+0000] {logging_mixin.py:190} INFO - [2025-06-05T16:15:45.969+0000] {dag.py:3239} INFO - Sync 1 DAGs
[2025-06-05T16:15:45.994+0000] {logging_mixin.py:190} INFO - [2025-06-05T16:15:45.993+0000] {dag.py:4180} INFO - Setting next_dagrun for example_local_kubernetes_executor to None, run_after=None
[2025-06-05T16:15:46.023+0000] {processor.py:208} INFO - Processing /home/airflow/.local/lib/python3.12/site-packages/airflow/example_dags/example_local_kubernetes_executor.py took 0.118 seconds
