[2025-06-05T16:10:30.786+0000] {processor.py:186} INFO - Started process (PID=4613) to work on /home/airflow/.local/lib/python3.12/site-packages/airflow/example_dags/example_complex.py
[2025-06-05T16:10:30.788+0000] {processor.py:914} INFO - Processing file /home/airflow/.local/lib/python3.12/site-packages/airflow/example_dags/example_complex.py for tasks to queue
[2025-06-05T16:10:30.790+0000] {logging_mixin.py:190} INFO - [2025-06-05T16:10:30.790+0000] {dagbag.py:588} INFO - Filling up the DagBag from /home/airflow/.local/lib/python3.12/site-packages/airflow/example_dags/example_complex.py
[2025-06-05T16:10:30.810+0000] {processor.py:925} INFO - DAG(s) 'example_complex' retrieved from /home/airflow/.local/lib/python3.12/site-packages/airflow/example_dags/example_complex.py
[2025-06-05T16:10:30.860+0000] {logging_mixin.py:190} INFO - [2025-06-05T16:10:30.859+0000] {dag.py:3239} INFO - Sync 1 DAGs
[2025-06-05T16:10:31.114+0000] {logging_mixin.py:190} INFO - [2025-06-05T16:10:31.113+0000] {dag.py:4180} INFO - Setting next_dagrun for example_complex to None, run_after=None
[2025-06-05T16:10:31.144+0000] {processor.py:208} INFO - Processing /home/airflow/.local/lib/python3.12/site-packages/airflow/example_dags/example_complex.py took 0.368 seconds
[2025-06-05T16:11:01.549+0000] {processor.py:186} INFO - Started process (PID=4678) to work on /home/airflow/.local/lib/python3.12/site-packages/airflow/example_dags/example_complex.py
[2025-06-05T16:11:01.551+0000] {processor.py:914} INFO - Processing file /home/airflow/.local/lib/python3.12/site-packages/airflow/example_dags/example_complex.py for tasks to queue
[2025-06-05T16:11:01.553+0000] {logging_mixin.py:190} INFO - [2025-06-05T16:11:01.553+0000] {dagbag.py:588} INFO - Filling up the DagBag from /home/airflow/.local/lib/python3.12/site-packages/airflow/example_dags/example_complex.py
[2025-06-05T16:11:01.573+0000] {processor.py:925} INFO - DAG(s) 'example_complex' retrieved from /home/airflow/.local/lib/python3.12/site-packages/airflow/example_dags/example_complex.py
[2025-06-05T16:11:01.624+0000] {logging_mixin.py:190} INFO - [2025-06-05T16:11:01.624+0000] {dag.py:3239} INFO - Sync 1 DAGs
[2025-06-05T16:11:01.650+0000] {logging_mixin.py:190} INFO - [2025-06-05T16:11:01.650+0000] {dag.py:4180} INFO - Setting next_dagrun for example_complex to None, run_after=None
[2025-06-05T16:11:01.927+0000] {processor.py:208} INFO - Processing /home/airflow/.local/lib/python3.12/site-packages/airflow/example_dags/example_complex.py took 0.387 seconds
[2025-06-05T16:11:32.080+0000] {processor.py:186} INFO - Started process (PID=4743) to work on /home/airflow/.local/lib/python3.12/site-packages/airflow/example_dags/example_complex.py
[2025-06-05T16:11:32.082+0000] {processor.py:914} INFO - Processing file /home/airflow/.local/lib/python3.12/site-packages/airflow/example_dags/example_complex.py for tasks to queue
[2025-06-05T16:11:32.085+0000] {logging_mixin.py:190} INFO - [2025-06-05T16:11:32.084+0000] {dagbag.py:588} INFO - Filling up the DagBag from /home/airflow/.local/lib/python3.12/site-packages/airflow/example_dags/example_complex.py
[2025-06-05T16:11:32.106+0000] {processor.py:925} INFO - DAG(s) 'example_complex' retrieved from /home/airflow/.local/lib/python3.12/site-packages/airflow/example_dags/example_complex.py
[2025-06-05T16:11:32.157+0000] {logging_mixin.py:190} INFO - [2025-06-05T16:11:32.156+0000] {dag.py:3239} INFO - Sync 1 DAGs
[2025-06-05T16:11:32.195+0000] {logging_mixin.py:190} INFO - [2025-06-05T16:11:32.194+0000] {dag.py:4180} INFO - Setting next_dagrun for example_complex to None, run_after=None
[2025-06-05T16:11:32.227+0000] {processor.py:208} INFO - Processing /home/airflow/.local/lib/python3.12/site-packages/airflow/example_dags/example_complex.py took 0.160 seconds
[2025-06-05T16:12:02.821+0000] {processor.py:186} INFO - Started process (PID=4808) to work on /home/airflow/.local/lib/python3.12/site-packages/airflow/example_dags/example_complex.py
[2025-06-05T16:12:02.822+0000] {processor.py:914} INFO - Processing file /home/airflow/.local/lib/python3.12/site-packages/airflow/example_dags/example_complex.py for tasks to queue
[2025-06-05T16:12:02.824+0000] {logging_mixin.py:190} INFO - [2025-06-05T16:12:02.824+0000] {dagbag.py:588} INFO - Filling up the DagBag from /home/airflow/.local/lib/python3.12/site-packages/airflow/example_dags/example_complex.py
[2025-06-05T16:12:02.844+0000] {processor.py:925} INFO - DAG(s) 'example_complex' retrieved from /home/airflow/.local/lib/python3.12/site-packages/airflow/example_dags/example_complex.py
[2025-06-05T16:12:02.895+0000] {logging_mixin.py:190} INFO - [2025-06-05T16:12:02.895+0000] {dag.py:3239} INFO - Sync 1 DAGs
[2025-06-05T16:12:02.920+0000] {logging_mixin.py:190} INFO - [2025-06-05T16:12:02.919+0000] {dag.py:4180} INFO - Setting next_dagrun for example_complex to None, run_after=None
[2025-06-05T16:12:02.949+0000] {processor.py:208} INFO - Processing /home/airflow/.local/lib/python3.12/site-packages/airflow/example_dags/example_complex.py took 0.138 seconds
[2025-06-05T16:12:33.490+0000] {processor.py:186} INFO - Started process (PID=4873) to work on /home/airflow/.local/lib/python3.12/site-packages/airflow/example_dags/example_complex.py
[2025-06-05T16:12:33.492+0000] {processor.py:914} INFO - Processing file /home/airflow/.local/lib/python3.12/site-packages/airflow/example_dags/example_complex.py for tasks to queue
[2025-06-05T16:12:33.494+0000] {logging_mixin.py:190} INFO - [2025-06-05T16:12:33.494+0000] {dagbag.py:588} INFO - Filling up the DagBag from /home/airflow/.local/lib/python3.12/site-packages/airflow/example_dags/example_complex.py
[2025-06-05T16:12:33.514+0000] {processor.py:925} INFO - DAG(s) 'example_complex' retrieved from /home/airflow/.local/lib/python3.12/site-packages/airflow/example_dags/example_complex.py
[2025-06-05T16:12:33.563+0000] {logging_mixin.py:190} INFO - [2025-06-05T16:12:33.563+0000] {dag.py:3239} INFO - Sync 1 DAGs
[2025-06-05T16:12:33.590+0000] {logging_mixin.py:190} INFO - [2025-06-05T16:12:33.589+0000] {dag.py:4180} INFO - Setting next_dagrun for example_complex to None, run_after=None
[2025-06-05T16:12:33.624+0000] {processor.py:208} INFO - Processing /home/airflow/.local/lib/python3.12/site-packages/airflow/example_dags/example_complex.py took 0.145 seconds
[2025-06-05T16:13:03.847+0000] {processor.py:186} INFO - Started process (PID=4938) to work on /home/airflow/.local/lib/python3.12/site-packages/airflow/example_dags/example_complex.py
[2025-06-05T16:13:03.848+0000] {processor.py:914} INFO - Processing file /home/airflow/.local/lib/python3.12/site-packages/airflow/example_dags/example_complex.py for tasks to queue
[2025-06-05T16:13:03.851+0000] {logging_mixin.py:190} INFO - [2025-06-05T16:13:03.850+0000] {dagbag.py:588} INFO - Filling up the DagBag from /home/airflow/.local/lib/python3.12/site-packages/airflow/example_dags/example_complex.py
[2025-06-05T16:13:03.871+0000] {processor.py:925} INFO - DAG(s) 'example_complex' retrieved from /home/airflow/.local/lib/python3.12/site-packages/airflow/example_dags/example_complex.py
[2025-06-05T16:13:03.922+0000] {logging_mixin.py:190} INFO - [2025-06-05T16:13:03.921+0000] {dag.py:3239} INFO - Sync 1 DAGs
[2025-06-05T16:13:03.947+0000] {logging_mixin.py:190} INFO - [2025-06-05T16:13:03.946+0000] {dag.py:4180} INFO - Setting next_dagrun for example_complex to None, run_after=None
[2025-06-05T16:13:03.978+0000] {processor.py:208} INFO - Processing /home/airflow/.local/lib/python3.12/site-packages/airflow/example_dags/example_complex.py took 0.141 seconds
[2025-06-05T16:13:34.421+0000] {processor.py:186} INFO - Started process (PID=5003) to work on /home/airflow/.local/lib/python3.12/site-packages/airflow/example_dags/example_complex.py
[2025-06-05T16:13:34.423+0000] {processor.py:914} INFO - Processing file /home/airflow/.local/lib/python3.12/site-packages/airflow/example_dags/example_complex.py for tasks to queue
[2025-06-05T16:13:34.426+0000] {logging_mixin.py:190} INFO - [2025-06-05T16:13:34.425+0000] {dagbag.py:588} INFO - Filling up the DagBag from /home/airflow/.local/lib/python3.12/site-packages/airflow/example_dags/example_complex.py
[2025-06-05T16:13:34.446+0000] {processor.py:925} INFO - DAG(s) 'example_complex' retrieved from /home/airflow/.local/lib/python3.12/site-packages/airflow/example_dags/example_complex.py
[2025-06-05T16:13:34.508+0000] {logging_mixin.py:190} INFO - [2025-06-05T16:13:34.508+0000] {dag.py:3239} INFO - Sync 1 DAGs
[2025-06-05T16:13:34.533+0000] {logging_mixin.py:190} INFO - [2025-06-05T16:13:34.533+0000] {dag.py:4180} INFO - Setting next_dagrun for example_complex to None, run_after=None
[2025-06-05T16:13:34.563+0000] {processor.py:208} INFO - Processing /home/airflow/.local/lib/python3.12/site-packages/airflow/example_dags/example_complex.py took 0.152 seconds
[2025-06-05T16:14:05.307+0000] {processor.py:186} INFO - Started process (PID=5068) to work on /home/airflow/.local/lib/python3.12/site-packages/airflow/example_dags/example_complex.py
[2025-06-05T16:14:05.309+0000] {processor.py:914} INFO - Processing file /home/airflow/.local/lib/python3.12/site-packages/airflow/example_dags/example_complex.py for tasks to queue
[2025-06-05T16:14:05.311+0000] {logging_mixin.py:190} INFO - [2025-06-05T16:14:05.310+0000] {dagbag.py:588} INFO - Filling up the DagBag from /home/airflow/.local/lib/python3.12/site-packages/airflow/example_dags/example_complex.py
[2025-06-05T16:14:05.330+0000] {processor.py:925} INFO - DAG(s) 'example_complex' retrieved from /home/airflow/.local/lib/python3.12/site-packages/airflow/example_dags/example_complex.py
[2025-06-05T16:14:05.382+0000] {logging_mixin.py:190} INFO - [2025-06-05T16:14:05.382+0000] {dag.py:3239} INFO - Sync 1 DAGs
[2025-06-05T16:14:05.407+0000] {logging_mixin.py:190} INFO - [2025-06-05T16:14:05.407+0000] {dag.py:4180} INFO - Setting next_dagrun for example_complex to None, run_after=None
[2025-06-05T16:14:05.439+0000] {processor.py:208} INFO - Processing /home/airflow/.local/lib/python3.12/site-packages/airflow/example_dags/example_complex.py took 0.142 seconds
[2025-06-05T16:14:44.652+0000] {processor.py:186} INFO - Started process (PID=5133) to work on /home/airflow/.local/lib/python3.12/site-packages/airflow/example_dags/example_complex.py
[2025-06-05T16:14:44.653+0000] {processor.py:914} INFO - Processing file /home/airflow/.local/lib/python3.12/site-packages/airflow/example_dags/example_complex.py for tasks to queue
[2025-06-05T16:14:44.656+0000] {logging_mixin.py:190} INFO - [2025-06-05T16:14:44.655+0000] {dagbag.py:588} INFO - Filling up the DagBag from /home/airflow/.local/lib/python3.12/site-packages/airflow/example_dags/example_complex.py
[2025-06-05T16:14:44.675+0000] {processor.py:925} INFO - DAG(s) 'example_complex' retrieved from /home/airflow/.local/lib/python3.12/site-packages/airflow/example_dags/example_complex.py
[2025-06-05T16:14:44.724+0000] {logging_mixin.py:190} INFO - [2025-06-05T16:14:44.724+0000] {dag.py:3239} INFO - Sync 1 DAGs
[2025-06-05T16:14:44.748+0000] {logging_mixin.py:190} INFO - [2025-06-05T16:14:44.748+0000] {dag.py:4180} INFO - Setting next_dagrun for example_complex to None, run_after=None
[2025-06-05T16:14:44.780+0000] {processor.py:208} INFO - Processing /home/airflow/.local/lib/python3.12/site-packages/airflow/example_dags/example_complex.py took 0.138 seconds
[2025-06-05T16:15:15.077+0000] {processor.py:186} INFO - Started process (PID=5198) to work on /home/airflow/.local/lib/python3.12/site-packages/airflow/example_dags/example_complex.py
[2025-06-05T16:15:15.078+0000] {processor.py:914} INFO - Processing file /home/airflow/.local/lib/python3.12/site-packages/airflow/example_dags/example_complex.py for tasks to queue
[2025-06-05T16:15:15.081+0000] {logging_mixin.py:190} INFO - [2025-06-05T16:15:15.080+0000] {dagbag.py:588} INFO - Filling up the DagBag from /home/airflow/.local/lib/python3.12/site-packages/airflow/example_dags/example_complex.py
[2025-06-05T16:15:15.101+0000] {processor.py:925} INFO - DAG(s) 'example_complex' retrieved from /home/airflow/.local/lib/python3.12/site-packages/airflow/example_dags/example_complex.py
[2025-06-05T16:15:15.152+0000] {logging_mixin.py:190} INFO - [2025-06-05T16:15:15.151+0000] {dag.py:3239} INFO - Sync 1 DAGs
[2025-06-05T16:15:15.176+0000] {logging_mixin.py:190} INFO - [2025-06-05T16:15:15.175+0000] {dag.py:4180} INFO - Setting next_dagrun for example_complex to None, run_after=None
[2025-06-05T16:15:15.207+0000] {processor.py:208} INFO - Processing /home/airflow/.local/lib/python3.12/site-packages/airflow/example_dags/example_complex.py took 0.142 seconds
[2025-06-05T16:15:45.388+0000] {processor.py:186} INFO - Started process (PID=5263) to work on /home/airflow/.local/lib/python3.12/site-packages/airflow/example_dags/example_complex.py
[2025-06-05T16:15:45.389+0000] {processor.py:914} INFO - Processing file /home/airflow/.local/lib/python3.12/site-packages/airflow/example_dags/example_complex.py for tasks to queue
[2025-06-05T16:15:45.391+0000] {logging_mixin.py:190} INFO - [2025-06-05T16:15:45.391+0000] {dagbag.py:588} INFO - Filling up the DagBag from /home/airflow/.local/lib/python3.12/site-packages/airflow/example_dags/example_complex.py
[2025-06-05T16:15:45.411+0000] {processor.py:925} INFO - DAG(s) 'example_complex' retrieved from /home/airflow/.local/lib/python3.12/site-packages/airflow/example_dags/example_complex.py
[2025-06-05T16:15:45.461+0000] {logging_mixin.py:190} INFO - [2025-06-05T16:15:45.461+0000] {dag.py:3239} INFO - Sync 1 DAGs
[2025-06-05T16:15:45.485+0000] {logging_mixin.py:190} INFO - [2025-06-05T16:15:45.484+0000] {dag.py:4180} INFO - Setting next_dagrun for example_complex to None, run_after=None
[2025-06-05T16:15:45.518+0000] {processor.py:208} INFO - Processing /home/airflow/.local/lib/python3.12/site-packages/airflow/example_dags/example_complex.py took 0.140 seconds
