[2025-06-05T16:10:35.112+0000] {processor.py:186} INFO - Started process (PID=4628) to work on /home/airflow/.local/lib/python3.12/site-packages/airflow/example_dags/example_sensors.py
[2025-06-05T16:10:35.114+0000] {processor.py:914} INFO - Processing file /home/airflow/.local/lib/python3.12/site-packages/airflow/example_dags/example_sensors.py for tasks to queue
[2025-06-05T16:10:35.116+0000] {logging_mixin.py:190} INFO - [2025-06-05T16:10:35.115+0000] {dagbag.py:588} INFO - Filling up the DagBag from /home/airflow/.local/lib/python3.12/site-packages/airflow/example_dags/example_sensors.py
[2025-06-05T16:10:35.135+0000] {processor.py:925} INFO - DAG(s) 'example_sensors' retrieved from /home/airflow/.local/lib/python3.12/site-packages/airflow/example_dags/example_sensors.py
[2025-06-05T16:10:35.411+0000] {logging_mixin.py:190} INFO - [2025-06-05T16:10:35.410+0000] {dag.py:3239} INFO - Sync 1 DAGs
[2025-06-05T16:10:35.431+0000] {logging_mixin.py:190} INFO - [2025-06-05T16:10:35.430+0000] {dag.py:4180} INFO - Setting next_dagrun for example_sensors to None, run_after=None
[2025-06-05T16:10:35.459+0000] {processor.py:208} INFO - Processing /home/airflow/.local/lib/python3.12/site-packages/airflow/example_dags/example_sensors.py took 0.357 seconds
[2025-06-05T16:11:05.620+0000] {processor.py:186} INFO - Started process (PID=4692) to work on /home/airflow/.local/lib/python3.12/site-packages/airflow/example_dags/example_sensors.py
[2025-06-05T16:11:05.622+0000] {processor.py:914} INFO - Processing file /home/airflow/.local/lib/python3.12/site-packages/airflow/example_dags/example_sensors.py for tasks to queue
[2025-06-05T16:11:05.625+0000] {logging_mixin.py:190} INFO - [2025-06-05T16:11:05.624+0000] {dagbag.py:588} INFO - Filling up the DagBag from /home/airflow/.local/lib/python3.12/site-packages/airflow/example_dags/example_sensors.py
[2025-06-05T16:11:05.645+0000] {processor.py:925} INFO - DAG(s) 'example_sensors' retrieved from /home/airflow/.local/lib/python3.12/site-packages/airflow/example_dags/example_sensors.py
[2025-06-05T16:11:05.691+0000] {logging_mixin.py:190} INFO - [2025-06-05T16:11:05.690+0000] {dag.py:3239} INFO - Sync 1 DAGs
[2025-06-05T16:11:05.955+0000] {logging_mixin.py:190} INFO - [2025-06-05T16:11:05.955+0000] {dag.py:4180} INFO - Setting next_dagrun for example_sensors to None, run_after=None
[2025-06-05T16:11:05.986+0000] {processor.py:208} INFO - Processing /home/airflow/.local/lib/python3.12/site-packages/airflow/example_dags/example_sensors.py took 0.376 seconds
[2025-06-05T16:11:36.255+0000] {processor.py:186} INFO - Started process (PID=4756) to work on /home/airflow/.local/lib/python3.12/site-packages/airflow/example_dags/example_sensors.py
[2025-06-05T16:11:36.256+0000] {processor.py:914} INFO - Processing file /home/airflow/.local/lib/python3.12/site-packages/airflow/example_dags/example_sensors.py for tasks to queue
[2025-06-05T16:11:36.258+0000] {logging_mixin.py:190} INFO - [2025-06-05T16:11:36.258+0000] {dagbag.py:588} INFO - Filling up the DagBag from /home/airflow/.local/lib/python3.12/site-packages/airflow/example_dags/example_sensors.py
[2025-06-05T16:11:36.278+0000] {processor.py:925} INFO - DAG(s) 'example_sensors' retrieved from /home/airflow/.local/lib/python3.12/site-packages/airflow/example_dags/example_sensors.py
[2025-06-05T16:11:36.327+0000] {logging_mixin.py:190} INFO - [2025-06-05T16:11:36.326+0000] {dag.py:3239} INFO - Sync 1 DAGs
[2025-06-05T16:11:36.353+0000] {logging_mixin.py:190} INFO - [2025-06-05T16:11:36.352+0000] {dag.py:4180} INFO - Setting next_dagrun for example_sensors to None, run_after=None
[2025-06-05T16:11:36.387+0000] {processor.py:208} INFO - Processing /home/airflow/.local/lib/python3.12/site-packages/airflow/example_dags/example_sensors.py took 0.142 seconds
[2025-06-05T16:12:06.918+0000] {processor.py:186} INFO - Started process (PID=4821) to work on /home/airflow/.local/lib/python3.12/site-packages/airflow/example_dags/example_sensors.py
[2025-06-05T16:12:06.919+0000] {processor.py:914} INFO - Processing file /home/airflow/.local/lib/python3.12/site-packages/airflow/example_dags/example_sensors.py for tasks to queue
[2025-06-05T16:12:06.922+0000] {logging_mixin.py:190} INFO - [2025-06-05T16:12:06.921+0000] {dagbag.py:588} INFO - Filling up the DagBag from /home/airflow/.local/lib/python3.12/site-packages/airflow/example_dags/example_sensors.py
[2025-06-05T16:12:06.941+0000] {processor.py:925} INFO - DAG(s) 'example_sensors' retrieved from /home/airflow/.local/lib/python3.12/site-packages/airflow/example_dags/example_sensors.py
[2025-06-05T16:12:06.982+0000] {logging_mixin.py:190} INFO - [2025-06-05T16:12:06.981+0000] {dag.py:3239} INFO - Sync 1 DAGs
[2025-06-05T16:12:07.004+0000] {logging_mixin.py:190} INFO - [2025-06-05T16:12:07.003+0000] {dag.py:4180} INFO - Setting next_dagrun for example_sensors to None, run_after=None
[2025-06-05T16:12:07.037+0000] {processor.py:208} INFO - Processing /home/airflow/.local/lib/python3.12/site-packages/airflow/example_dags/example_sensors.py took 0.130 seconds
[2025-06-05T16:12:37.641+0000] {processor.py:186} INFO - Started process (PID=4886) to work on /home/airflow/.local/lib/python3.12/site-packages/airflow/example_dags/example_sensors.py
[2025-06-05T16:12:37.643+0000] {processor.py:914} INFO - Processing file /home/airflow/.local/lib/python3.12/site-packages/airflow/example_dags/example_sensors.py for tasks to queue
[2025-06-05T16:12:37.645+0000] {logging_mixin.py:190} INFO - [2025-06-05T16:12:37.645+0000] {dagbag.py:588} INFO - Filling up the DagBag from /home/airflow/.local/lib/python3.12/site-packages/airflow/example_dags/example_sensors.py
[2025-06-05T16:12:37.664+0000] {processor.py:925} INFO - DAG(s) 'example_sensors' retrieved from /home/airflow/.local/lib/python3.12/site-packages/airflow/example_dags/example_sensors.py
[2025-06-05T16:12:37.705+0000] {logging_mixin.py:190} INFO - [2025-06-05T16:12:37.705+0000] {dag.py:3239} INFO - Sync 1 DAGs
[2025-06-05T16:12:37.727+0000] {logging_mixin.py:190} INFO - [2025-06-05T16:12:37.727+0000] {dag.py:4180} INFO - Setting next_dagrun for example_sensors to None, run_after=None
[2025-06-05T16:12:37.758+0000] {processor.py:208} INFO - Processing /home/airflow/.local/lib/python3.12/site-packages/airflow/example_dags/example_sensors.py took 0.128 seconds
[2025-06-05T16:13:08.001+0000] {processor.py:186} INFO - Started process (PID=4951) to work on /home/airflow/.local/lib/python3.12/site-packages/airflow/example_dags/example_sensors.py
[2025-06-05T16:13:08.002+0000] {processor.py:914} INFO - Processing file /home/airflow/.local/lib/python3.12/site-packages/airflow/example_dags/example_sensors.py for tasks to queue
[2025-06-05T16:13:08.004+0000] {logging_mixin.py:190} INFO - [2025-06-05T16:13:08.004+0000] {dagbag.py:588} INFO - Filling up the DagBag from /home/airflow/.local/lib/python3.12/site-packages/airflow/example_dags/example_sensors.py
[2025-06-05T16:13:08.025+0000] {processor.py:925} INFO - DAG(s) 'example_sensors' retrieved from /home/airflow/.local/lib/python3.12/site-packages/airflow/example_dags/example_sensors.py
[2025-06-05T16:13:08.067+0000] {logging_mixin.py:190} INFO - [2025-06-05T16:13:08.067+0000] {dag.py:3239} INFO - Sync 1 DAGs
[2025-06-05T16:13:08.089+0000] {logging_mixin.py:190} INFO - [2025-06-05T16:13:08.089+0000] {dag.py:4180} INFO - Setting next_dagrun for example_sensors to None, run_after=None
[2025-06-05T16:13:08.119+0000] {processor.py:208} INFO - Processing /home/airflow/.local/lib/python3.12/site-packages/airflow/example_dags/example_sensors.py took 0.129 seconds
[2025-06-05T16:13:38.637+0000] {processor.py:186} INFO - Started process (PID=5016) to work on /home/airflow/.local/lib/python3.12/site-packages/airflow/example_dags/example_sensors.py
[2025-06-05T16:13:38.639+0000] {processor.py:914} INFO - Processing file /home/airflow/.local/lib/python3.12/site-packages/airflow/example_dags/example_sensors.py for tasks to queue
[2025-06-05T16:13:38.642+0000] {logging_mixin.py:190} INFO - [2025-06-05T16:13:38.641+0000] {dagbag.py:588} INFO - Filling up the DagBag from /home/airflow/.local/lib/python3.12/site-packages/airflow/example_dags/example_sensors.py
[2025-06-05T16:13:38.669+0000] {processor.py:925} INFO - DAG(s) 'example_sensors' retrieved from /home/airflow/.local/lib/python3.12/site-packages/airflow/example_dags/example_sensors.py
[2025-06-05T16:13:38.721+0000] {logging_mixin.py:190} INFO - [2025-06-05T16:13:38.721+0000] {dag.py:3239} INFO - Sync 1 DAGs
[2025-06-05T16:13:38.748+0000] {logging_mixin.py:190} INFO - [2025-06-05T16:13:38.747+0000] {dag.py:4180} INFO - Setting next_dagrun for example_sensors to None, run_after=None
[2025-06-05T16:13:38.785+0000] {processor.py:208} INFO - Processing /home/airflow/.local/lib/python3.12/site-packages/airflow/example_dags/example_sensors.py took 0.159 seconds
[2025-06-05T16:14:09.466+0000] {processor.py:186} INFO - Started process (PID=5081) to work on /home/airflow/.local/lib/python3.12/site-packages/airflow/example_dags/example_sensors.py
[2025-06-05T16:14:09.468+0000] {processor.py:914} INFO - Processing file /home/airflow/.local/lib/python3.12/site-packages/airflow/example_dags/example_sensors.py for tasks to queue
[2025-06-05T16:14:09.471+0000] {logging_mixin.py:190} INFO - [2025-06-05T16:14:09.470+0000] {dagbag.py:588} INFO - Filling up the DagBag from /home/airflow/.local/lib/python3.12/site-packages/airflow/example_dags/example_sensors.py
[2025-06-05T16:14:09.491+0000] {processor.py:925} INFO - DAG(s) 'example_sensors' retrieved from /home/airflow/.local/lib/python3.12/site-packages/airflow/example_dags/example_sensors.py
[2025-06-05T16:14:09.539+0000] {logging_mixin.py:190} INFO - [2025-06-05T16:14:09.538+0000] {dag.py:3239} INFO - Sync 1 DAGs
[2025-06-05T16:14:09.562+0000] {logging_mixin.py:190} INFO - [2025-06-05T16:14:09.561+0000] {dag.py:4180} INFO - Setting next_dagrun for example_sensors to None, run_after=None
[2025-06-05T16:14:09.592+0000] {processor.py:208} INFO - Processing /home/airflow/.local/lib/python3.12/site-packages/airflow/example_dags/example_sensors.py took 0.137 seconds
[2025-06-05T16:14:46.091+0000] {processor.py:186} INFO - Started process (PID=5146) to work on /home/airflow/.local/lib/python3.12/site-packages/airflow/example_dags/example_sensors.py
[2025-06-05T16:14:46.093+0000] {processor.py:914} INFO - Processing file /home/airflow/.local/lib/python3.12/site-packages/airflow/example_dags/example_sensors.py for tasks to queue
[2025-06-05T16:14:46.095+0000] {logging_mixin.py:190} INFO - [2025-06-05T16:14:46.094+0000] {dagbag.py:588} INFO - Filling up the DagBag from /home/airflow/.local/lib/python3.12/site-packages/airflow/example_dags/example_sensors.py
[2025-06-05T16:14:46.114+0000] {processor.py:925} INFO - DAG(s) 'example_sensors' retrieved from /home/airflow/.local/lib/python3.12/site-packages/airflow/example_dags/example_sensors.py
[2025-06-05T16:14:46.155+0000] {logging_mixin.py:190} INFO - [2025-06-05T16:14:46.155+0000] {dag.py:3239} INFO - Sync 1 DAGs
[2025-06-05T16:14:46.178+0000] {logging_mixin.py:190} INFO - [2025-06-05T16:14:46.178+0000] {dag.py:4180} INFO - Setting next_dagrun for example_sensors to None, run_after=None
[2025-06-05T16:14:46.207+0000] {processor.py:208} INFO - Processing /home/airflow/.local/lib/python3.12/site-packages/airflow/example_dags/example_sensors.py took 0.126 seconds
[2025-06-05T16:15:16.419+0000] {processor.py:186} INFO - Started process (PID=5211) to work on /home/airflow/.local/lib/python3.12/site-packages/airflow/example_dags/example_sensors.py
[2025-06-05T16:15:16.421+0000] {processor.py:914} INFO - Processing file /home/airflow/.local/lib/python3.12/site-packages/airflow/example_dags/example_sensors.py for tasks to queue
[2025-06-05T16:15:16.425+0000] {logging_mixin.py:190} INFO - [2025-06-05T16:15:16.424+0000] {dagbag.py:588} INFO - Filling up the DagBag from /home/airflow/.local/lib/python3.12/site-packages/airflow/example_dags/example_sensors.py
[2025-06-05T16:15:16.450+0000] {processor.py:925} INFO - DAG(s) 'example_sensors' retrieved from /home/airflow/.local/lib/python3.12/site-packages/airflow/example_dags/example_sensors.py
[2025-06-05T16:15:16.496+0000] {logging_mixin.py:190} INFO - [2025-06-05T16:15:16.495+0000] {dag.py:3239} INFO - Sync 1 DAGs
[2025-06-05T16:15:16.520+0000] {logging_mixin.py:190} INFO - [2025-06-05T16:15:16.520+0000] {dag.py:4180} INFO - Setting next_dagrun for example_sensors to None, run_after=None
[2025-06-05T16:15:16.555+0000] {processor.py:208} INFO - Processing /home/airflow/.local/lib/python3.12/site-packages/airflow/example_dags/example_sensors.py took 0.148 seconds
[2025-06-05T16:15:46.762+0000] {processor.py:186} INFO - Started process (PID=5276) to work on /home/airflow/.local/lib/python3.12/site-packages/airflow/example_dags/example_sensors.py
[2025-06-05T16:15:46.764+0000] {processor.py:914} INFO - Processing file /home/airflow/.local/lib/python3.12/site-packages/airflow/example_dags/example_sensors.py for tasks to queue
[2025-06-05T16:15:46.766+0000] {logging_mixin.py:190} INFO - [2025-06-05T16:15:46.766+0000] {dagbag.py:588} INFO - Filling up the DagBag from /home/airflow/.local/lib/python3.12/site-packages/airflow/example_dags/example_sensors.py
[2025-06-05T16:15:46.787+0000] {processor.py:925} INFO - DAG(s) 'example_sensors' retrieved from /home/airflow/.local/lib/python3.12/site-packages/airflow/example_dags/example_sensors.py
[2025-06-05T16:15:46.829+0000] {logging_mixin.py:190} INFO - [2025-06-05T16:15:46.828+0000] {dag.py:3239} INFO - Sync 1 DAGs
[2025-06-05T16:15:46.852+0000] {logging_mixin.py:190} INFO - [2025-06-05T16:15:46.851+0000] {dag.py:4180} INFO - Setting next_dagrun for example_sensors to None, run_after=None
[2025-06-05T16:15:46.883+0000] {processor.py:208} INFO - Processing /home/airflow/.local/lib/python3.12/site-packages/airflow/example_dags/example_sensors.py took 0.132 seconds
