[2025-06-05T16:10:38.959+0000] {processor.py:186} INFO - Started process (PID=4643) to work on /home/airflow/.local/lib/python3.12/site-packages/airflow/example_dags/example_inlet_event_extra.py
[2025-06-05T16:10:38.961+0000] {processor.py:914} INFO - Processing file /home/airflow/.local/lib/python3.12/site-packages/airflow/example_dags/example_inlet_event_extra.py for tasks to queue
[2025-06-05T16:10:38.964+0000] {logging_mixin.py:190} INFO - [2025-06-05T16:10:38.963+0000] {dagbag.py:588} INFO - Filling up the DagBag from /home/airflow/.local/lib/python3.12/site-packages/airflow/example_dags/example_inlet_event_extra.py
[2025-06-05T16:10:39.957+0000] {processor.py:925} INFO - DAG(s) 'read_dataset_event_from_classic', 'read_dataset_event' retrieved from /home/airflow/.local/lib/python3.12/site-packages/airflow/example_dags/example_inlet_event_extra.py
[2025-06-05T16:10:39.992+0000] {logging_mixin.py:190} INFO - [2025-06-05T16:10:39.992+0000] {dag.py:3239} INFO - Sync 2 DAGs
[2025-06-05T16:10:40.033+0000] {logging_mixin.py:190} INFO - [2025-06-05T16:10:40.032+0000] {dag.py:4180} INFO - Setting next_dagrun for read_dataset_event to 2025-06-04 00:00:00+00:00, run_after=2025-06-05 00:00:00+00:00
[2025-06-05T16:10:40.041+0000] {logging_mixin.py:190} INFO - [2025-06-05T16:10:40.041+0000] {dag.py:4180} INFO - Setting next_dagrun for read_dataset_event_from_classic to 2025-06-04 00:00:00+00:00, run_after=2025-06-05 00:00:00+00:00
[2025-06-05T16:10:40.070+0000] {processor.py:208} INFO - Processing /home/airflow/.local/lib/python3.12/site-packages/airflow/example_dags/example_inlet_event_extra.py took 1.124 seconds
[2025-06-05T16:11:10.556+0000] {processor.py:186} INFO - Started process (PID=4708) to work on /home/airflow/.local/lib/python3.12/site-packages/airflow/example_dags/example_inlet_event_extra.py
[2025-06-05T16:11:10.558+0000] {processor.py:914} INFO - Processing file /home/airflow/.local/lib/python3.12/site-packages/airflow/example_dags/example_inlet_event_extra.py for tasks to queue
[2025-06-05T16:11:10.560+0000] {logging_mixin.py:190} INFO - [2025-06-05T16:11:10.559+0000] {dagbag.py:588} INFO - Filling up the DagBag from /home/airflow/.local/lib/python3.12/site-packages/airflow/example_dags/example_inlet_event_extra.py
[2025-06-05T16:11:11.452+0000] {processor.py:925} INFO - DAG(s) 'read_dataset_event', 'read_dataset_event_from_classic' retrieved from /home/airflow/.local/lib/python3.12/site-packages/airflow/example_dags/example_inlet_event_extra.py
[2025-06-05T16:11:11.485+0000] {logging_mixin.py:190} INFO - [2025-06-05T16:11:11.485+0000] {dag.py:3239} INFO - Sync 2 DAGs
[2025-06-05T16:11:11.525+0000] {logging_mixin.py:190} INFO - [2025-06-05T16:11:11.525+0000] {dag.py:4180} INFO - Setting next_dagrun for read_dataset_event to 2025-06-04 00:00:00+00:00, run_after=2025-06-05 00:00:00+00:00
[2025-06-05T16:11:11.534+0000] {logging_mixin.py:190} INFO - [2025-06-05T16:11:11.534+0000] {dag.py:4180} INFO - Setting next_dagrun for read_dataset_event_from_classic to 2025-06-04 00:00:00+00:00, run_after=2025-06-05 00:00:00+00:00
[2025-06-05T16:11:11.564+0000] {processor.py:208} INFO - Processing /home/airflow/.local/lib/python3.12/site-packages/airflow/example_dags/example_inlet_event_extra.py took 1.024 seconds
[2025-06-05T16:11:42.235+0000] {processor.py:186} INFO - Started process (PID=4773) to work on /home/airflow/.local/lib/python3.12/site-packages/airflow/example_dags/example_inlet_event_extra.py
[2025-06-05T16:11:42.236+0000] {processor.py:914} INFO - Processing file /home/airflow/.local/lib/python3.12/site-packages/airflow/example_dags/example_inlet_event_extra.py for tasks to queue
[2025-06-05T16:11:42.238+0000] {logging_mixin.py:190} INFO - [2025-06-05T16:11:42.238+0000] {dagbag.py:588} INFO - Filling up the DagBag from /home/airflow/.local/lib/python3.12/site-packages/airflow/example_dags/example_inlet_event_extra.py
[2025-06-05T16:11:42.853+0000] {processor.py:925} INFO - DAG(s) 'read_dataset_event', 'read_dataset_event_from_classic' retrieved from /home/airflow/.local/lib/python3.12/site-packages/airflow/example_dags/example_inlet_event_extra.py
[2025-06-05T16:11:42.889+0000] {logging_mixin.py:190} INFO - [2025-06-05T16:11:42.889+0000] {dag.py:3239} INFO - Sync 2 DAGs
[2025-06-05T16:11:42.933+0000] {logging_mixin.py:190} INFO - [2025-06-05T16:11:42.933+0000] {dag.py:4180} INFO - Setting next_dagrun for read_dataset_event to 2025-06-04 00:00:00+00:00, run_after=2025-06-05 00:00:00+00:00
[2025-06-05T16:11:42.942+0000] {logging_mixin.py:190} INFO - [2025-06-05T16:11:42.941+0000] {dag.py:4180} INFO - Setting next_dagrun for read_dataset_event_from_classic to 2025-06-04 00:00:00+00:00, run_after=2025-06-05 00:00:00+00:00
[2025-06-05T16:11:42.971+0000] {processor.py:208} INFO - Processing /home/airflow/.local/lib/python3.12/site-packages/airflow/example_dags/example_inlet_event_extra.py took 0.745 seconds
[2025-06-05T16:12:13.087+0000] {processor.py:186} INFO - Started process (PID=4837) to work on /home/airflow/.local/lib/python3.12/site-packages/airflow/example_dags/example_inlet_event_extra.py
[2025-06-05T16:12:13.088+0000] {processor.py:914} INFO - Processing file /home/airflow/.local/lib/python3.12/site-packages/airflow/example_dags/example_inlet_event_extra.py for tasks to queue
[2025-06-05T16:12:13.091+0000] {logging_mixin.py:190} INFO - [2025-06-05T16:12:13.091+0000] {dagbag.py:588} INFO - Filling up the DagBag from /home/airflow/.local/lib/python3.12/site-packages/airflow/example_dags/example_inlet_event_extra.py
[2025-06-05T16:12:13.751+0000] {processor.py:925} INFO - DAG(s) 'read_dataset_event_from_classic', 'read_dataset_event' retrieved from /home/airflow/.local/lib/python3.12/site-packages/airflow/example_dags/example_inlet_event_extra.py
[2025-06-05T16:12:13.792+0000] {logging_mixin.py:190} INFO - [2025-06-05T16:12:13.792+0000] {dag.py:3239} INFO - Sync 2 DAGs
[2025-06-05T16:12:13.844+0000] {logging_mixin.py:190} INFO - [2025-06-05T16:12:13.843+0000] {dag.py:4180} INFO - Setting next_dagrun for read_dataset_event to 2025-06-04 00:00:00+00:00, run_after=2025-06-05 00:00:00+00:00
[2025-06-05T16:12:13.853+0000] {logging_mixin.py:190} INFO - [2025-06-05T16:12:13.852+0000] {dag.py:4180} INFO - Setting next_dagrun for read_dataset_event_from_classic to 2025-06-04 00:00:00+00:00, run_after=2025-06-05 00:00:00+00:00
[2025-06-05T16:12:13.883+0000] {processor.py:208} INFO - Processing /home/airflow/.local/lib/python3.12/site-packages/airflow/example_dags/example_inlet_event_extra.py took 0.806 seconds
[2025-06-05T16:12:44.020+0000] {processor.py:186} INFO - Started process (PID=4902) to work on /home/airflow/.local/lib/python3.12/site-packages/airflow/example_dags/example_inlet_event_extra.py
[2025-06-05T16:12:44.022+0000] {processor.py:914} INFO - Processing file /home/airflow/.local/lib/python3.12/site-packages/airflow/example_dags/example_inlet_event_extra.py for tasks to queue
[2025-06-05T16:12:44.024+0000] {logging_mixin.py:190} INFO - [2025-06-05T16:12:44.023+0000] {dagbag.py:588} INFO - Filling up the DagBag from /home/airflow/.local/lib/python3.12/site-packages/airflow/example_dags/example_inlet_event_extra.py
[2025-06-05T16:12:44.642+0000] {processor.py:925} INFO - DAG(s) 'read_dataset_event', 'read_dataset_event_from_classic' retrieved from /home/airflow/.local/lib/python3.12/site-packages/airflow/example_dags/example_inlet_event_extra.py
[2025-06-05T16:12:44.679+0000] {logging_mixin.py:190} INFO - [2025-06-05T16:12:44.679+0000] {dag.py:3239} INFO - Sync 2 DAGs
[2025-06-05T16:12:44.721+0000] {logging_mixin.py:190} INFO - [2025-06-05T16:12:44.720+0000] {dag.py:4180} INFO - Setting next_dagrun for read_dataset_event to 2025-06-04 00:00:00+00:00, run_after=2025-06-05 00:00:00+00:00
[2025-06-05T16:12:44.731+0000] {logging_mixin.py:190} INFO - [2025-06-05T16:12:44.730+0000] {dag.py:4180} INFO - Setting next_dagrun for read_dataset_event_from_classic to 2025-06-04 00:00:00+00:00, run_after=2025-06-05 00:00:00+00:00
[2025-06-05T16:12:44.761+0000] {processor.py:208} INFO - Processing /home/airflow/.local/lib/python3.12/site-packages/airflow/example_dags/example_inlet_event_extra.py took 0.752 seconds
[2025-06-05T16:13:15.243+0000] {processor.py:186} INFO - Started process (PID=4967) to work on /home/airflow/.local/lib/python3.12/site-packages/airflow/example_dags/example_inlet_event_extra.py
[2025-06-05T16:13:15.245+0000] {processor.py:914} INFO - Processing file /home/airflow/.local/lib/python3.12/site-packages/airflow/example_dags/example_inlet_event_extra.py for tasks to queue
[2025-06-05T16:13:15.247+0000] {logging_mixin.py:190} INFO - [2025-06-05T16:13:15.247+0000] {dagbag.py:588} INFO - Filling up the DagBag from /home/airflow/.local/lib/python3.12/site-packages/airflow/example_dags/example_inlet_event_extra.py
[2025-06-05T16:13:15.861+0000] {processor.py:925} INFO - DAG(s) 'read_dataset_event_from_classic', 'read_dataset_event' retrieved from /home/airflow/.local/lib/python3.12/site-packages/airflow/example_dags/example_inlet_event_extra.py
[2025-06-05T16:13:15.904+0000] {logging_mixin.py:190} INFO - [2025-06-05T16:13:15.903+0000] {dag.py:3239} INFO - Sync 2 DAGs
[2025-06-05T16:13:15.944+0000] {logging_mixin.py:190} INFO - [2025-06-05T16:13:15.944+0000] {dag.py:4180} INFO - Setting next_dagrun for read_dataset_event to 2025-06-04 00:00:00+00:00, run_after=2025-06-05 00:00:00+00:00
[2025-06-05T16:13:15.953+0000] {logging_mixin.py:190} INFO - [2025-06-05T16:13:15.953+0000] {dag.py:4180} INFO - Setting next_dagrun for read_dataset_event_from_classic to 2025-06-04 00:00:00+00:00, run_after=2025-06-05 00:00:00+00:00
[2025-06-05T16:13:15.983+0000] {processor.py:208} INFO - Processing /home/airflow/.local/lib/python3.12/site-packages/airflow/example_dags/example_inlet_event_extra.py took 0.751 seconds
[2025-06-05T16:13:46.298+0000] {processor.py:186} INFO - Started process (PID=5034) to work on /home/airflow/.local/lib/python3.12/site-packages/airflow/example_dags/example_inlet_event_extra.py
[2025-06-05T16:13:46.299+0000] {processor.py:914} INFO - Processing file /home/airflow/.local/lib/python3.12/site-packages/airflow/example_dags/example_inlet_event_extra.py for tasks to queue
[2025-06-05T16:13:46.302+0000] {logging_mixin.py:190} INFO - [2025-06-05T16:13:46.301+0000] {dagbag.py:588} INFO - Filling up the DagBag from /home/airflow/.local/lib/python3.12/site-packages/airflow/example_dags/example_inlet_event_extra.py
[2025-06-05T16:13:46.908+0000] {processor.py:925} INFO - DAG(s) 'read_dataset_event_from_classic', 'read_dataset_event' retrieved from /home/airflow/.local/lib/python3.12/site-packages/airflow/example_dags/example_inlet_event_extra.py
[2025-06-05T16:13:46.948+0000] {logging_mixin.py:190} INFO - [2025-06-05T16:13:46.947+0000] {dag.py:3239} INFO - Sync 2 DAGs
[2025-06-05T16:13:46.990+0000] {logging_mixin.py:190} INFO - [2025-06-05T16:13:46.990+0000] {dag.py:4180} INFO - Setting next_dagrun for read_dataset_event to 2025-06-04 00:00:00+00:00, run_after=2025-06-05 00:00:00+00:00
[2025-06-05T16:13:46.999+0000] {logging_mixin.py:190} INFO - [2025-06-05T16:13:46.999+0000] {dag.py:4180} INFO - Setting next_dagrun for read_dataset_event_from_classic to 2025-06-04 00:00:00+00:00, run_after=2025-06-05 00:00:00+00:00
[2025-06-05T16:13:47.029+0000] {processor.py:208} INFO - Processing /home/airflow/.local/lib/python3.12/site-packages/airflow/example_dags/example_inlet_event_extra.py took 0.741 seconds
[2025-06-05T16:14:17.104+0000] {processor.py:186} INFO - Started process (PID=5101) to work on /home/airflow/.local/lib/python3.12/site-packages/airflow/example_dags/example_inlet_event_extra.py
[2025-06-05T16:14:17.106+0000] {processor.py:914} INFO - Processing file /home/airflow/.local/lib/python3.12/site-packages/airflow/example_dags/example_inlet_event_extra.py for tasks to queue
[2025-06-05T16:14:17.108+0000] {logging_mixin.py:190} INFO - [2025-06-05T16:14:17.107+0000] {dagbag.py:588} INFO - Filling up the DagBag from /home/airflow/.local/lib/python3.12/site-packages/airflow/example_dags/example_inlet_event_extra.py
[2025-06-05T16:14:17.710+0000] {processor.py:925} INFO - DAG(s) 'read_dataset_event_from_classic', 'read_dataset_event' retrieved from /home/airflow/.local/lib/python3.12/site-packages/airflow/example_dags/example_inlet_event_extra.py
[2025-06-05T16:14:17.746+0000] {logging_mixin.py:190} INFO - [2025-06-05T16:14:17.745+0000] {dag.py:3239} INFO - Sync 2 DAGs
[2025-06-05T16:14:17.788+0000] {logging_mixin.py:190} INFO - [2025-06-05T16:14:17.788+0000] {dag.py:4180} INFO - Setting next_dagrun for read_dataset_event to 2025-06-04 00:00:00+00:00, run_after=2025-06-05 00:00:00+00:00
[2025-06-05T16:14:17.797+0000] {logging_mixin.py:190} INFO - [2025-06-05T16:14:17.797+0000] {dag.py:4180} INFO - Setting next_dagrun for read_dataset_event_from_classic to 2025-06-04 00:00:00+00:00, run_after=2025-06-05 00:00:00+00:00
[2025-06-05T16:14:17.825+0000] {processor.py:208} INFO - Processing /home/airflow/.local/lib/python3.12/site-packages/airflow/example_dags/example_inlet_event_extra.py took 0.732 seconds
[2025-06-05T16:14:48.287+0000] {processor.py:186} INFO - Started process (PID=5164) to work on /home/airflow/.local/lib/python3.12/site-packages/airflow/example_dags/example_inlet_event_extra.py
[2025-06-05T16:14:48.288+0000] {processor.py:914} INFO - Processing file /home/airflow/.local/lib/python3.12/site-packages/airflow/example_dags/example_inlet_event_extra.py for tasks to queue
[2025-06-05T16:14:48.291+0000] {logging_mixin.py:190} INFO - [2025-06-05T16:14:48.290+0000] {dagbag.py:588} INFO - Filling up the DagBag from /home/airflow/.local/lib/python3.12/site-packages/airflow/example_dags/example_inlet_event_extra.py
[2025-06-05T16:14:48.915+0000] {processor.py:925} INFO - DAG(s) 'read_dataset_event_from_classic', 'read_dataset_event' retrieved from /home/airflow/.local/lib/python3.12/site-packages/airflow/example_dags/example_inlet_event_extra.py
[2025-06-05T16:14:48.950+0000] {logging_mixin.py:190} INFO - [2025-06-05T16:14:48.949+0000] {dag.py:3239} INFO - Sync 2 DAGs
[2025-06-05T16:14:48.992+0000] {logging_mixin.py:190} INFO - [2025-06-05T16:14:48.992+0000] {dag.py:4180} INFO - Setting next_dagrun for read_dataset_event to 2025-06-04 00:00:00+00:00, run_after=2025-06-05 00:00:00+00:00
[2025-06-05T16:14:49.001+0000] {logging_mixin.py:190} INFO - [2025-06-05T16:14:49.001+0000] {dag.py:4180} INFO - Setting next_dagrun for read_dataset_event_from_classic to 2025-06-04 00:00:00+00:00, run_after=2025-06-05 00:00:00+00:00
[2025-06-05T16:14:49.031+0000] {processor.py:208} INFO - Processing /home/airflow/.local/lib/python3.12/site-packages/airflow/example_dags/example_inlet_event_extra.py took 0.754 seconds
[2025-06-05T16:15:19.936+0000] {processor.py:186} INFO - Started process (PID=5227) to work on /home/airflow/.local/lib/python3.12/site-packages/airflow/example_dags/example_inlet_event_extra.py
[2025-06-05T16:15:19.937+0000] {processor.py:914} INFO - Processing file /home/airflow/.local/lib/python3.12/site-packages/airflow/example_dags/example_inlet_event_extra.py for tasks to queue
[2025-06-05T16:15:19.941+0000] {logging_mixin.py:190} INFO - [2025-06-05T16:15:19.940+0000] {dagbag.py:588} INFO - Filling up the DagBag from /home/airflow/.local/lib/python3.12/site-packages/airflow/example_dags/example_inlet_event_extra.py
[2025-06-05T16:15:20.718+0000] {processor.py:925} INFO - DAG(s) 'read_dataset_event_from_classic', 'read_dataset_event' retrieved from /home/airflow/.local/lib/python3.12/site-packages/airflow/example_dags/example_inlet_event_extra.py
[2025-06-05T16:15:20.768+0000] {logging_mixin.py:190} INFO - [2025-06-05T16:15:20.767+0000] {dag.py:3239} INFO - Sync 2 DAGs
[2025-06-05T16:15:20.833+0000] {logging_mixin.py:190} INFO - [2025-06-05T16:15:20.832+0000] {dag.py:4180} INFO - Setting next_dagrun for read_dataset_event to 2025-06-04 00:00:00+00:00, run_after=2025-06-05 00:00:00+00:00
[2025-06-05T16:15:20.842+0000] {logging_mixin.py:190} INFO - [2025-06-05T16:15:20.842+0000] {dag.py:4180} INFO - Setting next_dagrun for read_dataset_event_from_classic to 2025-06-04 00:00:00+00:00, run_after=2025-06-05 00:00:00+00:00
[2025-06-05T16:15:20.875+0000] {processor.py:208} INFO - Processing /home/airflow/.local/lib/python3.12/site-packages/airflow/example_dags/example_inlet_event_extra.py took 0.952 seconds
[2025-06-05T16:15:51.064+0000] {processor.py:186} INFO - Started process (PID=5292) to work on /home/airflow/.local/lib/python3.12/site-packages/airflow/example_dags/example_inlet_event_extra.py
[2025-06-05T16:15:51.066+0000] {processor.py:914} INFO - Processing file /home/airflow/.local/lib/python3.12/site-packages/airflow/example_dags/example_inlet_event_extra.py for tasks to queue
[2025-06-05T16:15:51.068+0000] {logging_mixin.py:190} INFO - [2025-06-05T16:15:51.068+0000] {dagbag.py:588} INFO - Filling up the DagBag from /home/airflow/.local/lib/python3.12/site-packages/airflow/example_dags/example_inlet_event_extra.py
[2025-06-05T16:15:51.926+0000] {processor.py:925} INFO - DAG(s) 'read_dataset_event_from_classic', 'read_dataset_event' retrieved from /home/airflow/.local/lib/python3.12/site-packages/airflow/example_dags/example_inlet_event_extra.py
[2025-06-05T16:15:52.008+0000] {logging_mixin.py:190} INFO - [2025-06-05T16:15:52.007+0000] {dag.py:3239} INFO - Sync 2 DAGs
[2025-06-05T16:15:52.094+0000] {logging_mixin.py:190} INFO - [2025-06-05T16:15:52.093+0000] {dag.py:4180} INFO - Setting next_dagrun for read_dataset_event to 2025-06-04 00:00:00+00:00, run_after=2025-06-05 00:00:00+00:00
[2025-06-05T16:15:52.117+0000] {logging_mixin.py:190} INFO - [2025-06-05T16:15:52.114+0000] {dag.py:4180} INFO - Setting next_dagrun for read_dataset_event_from_classic to 2025-06-04 00:00:00+00:00, run_after=2025-06-05 00:00:00+00:00
[2025-06-05T16:15:52.188+0000] {processor.py:208} INFO - Processing /home/airflow/.local/lib/python3.12/site-packages/airflow/example_dags/example_inlet_event_extra.py took 1.134 seconds
