[2025-06-05T16:10:37.327+0000] {processor.py:186} INFO - Started process (PID=4638) to work on /home/airflow/.local/lib/python3.12/site-packages/airflow/example_dags/example_latest_only_with_trigger.py
[2025-06-05T16:10:37.329+0000] {processor.py:914} INFO - Processing file /home/airflow/.local/lib/python3.12/site-packages/airflow/example_dags/example_latest_only_with_trigger.py for tasks to queue
[2025-06-05T16:10:37.331+0000] {logging_mixin.py:190} INFO - [2025-06-05T16:10:37.330+0000] {dagbag.py:588} INFO - Filling up the DagBag from /home/airflow/.local/lib/python3.12/site-packages/airflow/example_dags/example_latest_only_with_trigger.py
[2025-06-05T16:10:37.346+0000] {processor.py:925} INFO - DAG(s) 'latest_only_with_trigger' retrieved from /home/airflow/.local/lib/python3.12/site-packages/airflow/example_dags/example_latest_only_with_trigger.py
[2025-06-05T16:10:37.379+0000] {logging_mixin.py:190} INFO - [2025-06-05T16:10:37.379+0000] {dag.py:3239} INFO - Sync 1 DAGs
[2025-06-05T16:10:37.421+0000] {logging_mixin.py:190} INFO - [2025-06-05T16:10:37.421+0000] {dag.py:4180} INFO - Setting next_dagrun for latest_only_with_trigger to 2025-06-05 12:00:00+00:00, run_after=2025-06-05 16:00:00+00:00
[2025-06-05T16:10:37.452+0000] {processor.py:208} INFO - Processing /home/airflow/.local/lib/python3.12/site-packages/airflow/example_dags/example_latest_only_with_trigger.py took 0.135 seconds
[2025-06-05T16:11:09.534+0000] {processor.py:186} INFO - Started process (PID=4703) to work on /home/airflow/.local/lib/python3.12/site-packages/airflow/example_dags/example_latest_only_with_trigger.py
[2025-06-05T16:11:09.536+0000] {processor.py:914} INFO - Processing file /home/airflow/.local/lib/python3.12/site-packages/airflow/example_dags/example_latest_only_with_trigger.py for tasks to queue
[2025-06-05T16:11:09.539+0000] {logging_mixin.py:190} INFO - [2025-06-05T16:11:09.538+0000] {dagbag.py:588} INFO - Filling up the DagBag from /home/airflow/.local/lib/python3.12/site-packages/airflow/example_dags/example_latest_only_with_trigger.py
[2025-06-05T16:11:09.560+0000] {processor.py:925} INFO - DAG(s) 'latest_only_with_trigger' retrieved from /home/airflow/.local/lib/python3.12/site-packages/airflow/example_dags/example_latest_only_with_trigger.py
[2025-06-05T16:11:09.605+0000] {logging_mixin.py:190} INFO - [2025-06-05T16:11:09.605+0000] {dag.py:3239} INFO - Sync 1 DAGs
[2025-06-05T16:11:09.909+0000] {logging_mixin.py:190} INFO - [2025-06-05T16:11:09.908+0000] {dag.py:4180} INFO - Setting next_dagrun for latest_only_with_trigger to 2025-06-05 12:00:00+00:00, run_after=2025-06-05 16:00:00+00:00
[2025-06-05T16:11:09.950+0000] {processor.py:208} INFO - Processing /home/airflow/.local/lib/python3.12/site-packages/airflow/example_dags/example_latest_only_with_trigger.py took 0.426 seconds
[2025-06-05T16:11:40.557+0000] {processor.py:186} INFO - Started process (PID=4768) to work on /home/airflow/.local/lib/python3.12/site-packages/airflow/example_dags/example_latest_only_with_trigger.py
[2025-06-05T16:11:40.559+0000] {processor.py:914} INFO - Processing file /home/airflow/.local/lib/python3.12/site-packages/airflow/example_dags/example_latest_only_with_trigger.py for tasks to queue
[2025-06-05T16:11:40.561+0000] {logging_mixin.py:190} INFO - [2025-06-05T16:11:40.561+0000] {dagbag.py:588} INFO - Filling up the DagBag from /home/airflow/.local/lib/python3.12/site-packages/airflow/example_dags/example_latest_only_with_trigger.py
[2025-06-05T16:11:40.576+0000] {processor.py:925} INFO - DAG(s) 'latest_only_with_trigger' retrieved from /home/airflow/.local/lib/python3.12/site-packages/airflow/example_dags/example_latest_only_with_trigger.py
[2025-06-05T16:11:40.608+0000] {logging_mixin.py:190} INFO - [2025-06-05T16:11:40.608+0000] {dag.py:3239} INFO - Sync 1 DAGs
[2025-06-05T16:11:40.645+0000] {logging_mixin.py:190} INFO - [2025-06-05T16:11:40.644+0000] {dag.py:4180} INFO - Setting next_dagrun for latest_only_with_trigger to 2025-06-05 12:00:00+00:00, run_after=2025-06-05 16:00:00+00:00
[2025-06-05T16:11:40.675+0000] {processor.py:208} INFO - Processing /home/airflow/.local/lib/python3.12/site-packages/airflow/example_dags/example_latest_only_with_trigger.py took 0.128 seconds
[2025-06-05T16:12:10.875+0000] {processor.py:186} INFO - Started process (PID=4832) to work on /home/airflow/.local/lib/python3.12/site-packages/airflow/example_dags/example_latest_only_with_trigger.py
[2025-06-05T16:12:10.877+0000] {processor.py:914} INFO - Processing file /home/airflow/.local/lib/python3.12/site-packages/airflow/example_dags/example_latest_only_with_trigger.py for tasks to queue
[2025-06-05T16:12:10.880+0000] {logging_mixin.py:190} INFO - [2025-06-05T16:12:10.879+0000] {dagbag.py:588} INFO - Filling up the DagBag from /home/airflow/.local/lib/python3.12/site-packages/airflow/example_dags/example_latest_only_with_trigger.py
[2025-06-05T16:12:10.895+0000] {processor.py:925} INFO - DAG(s) 'latest_only_with_trigger' retrieved from /home/airflow/.local/lib/python3.12/site-packages/airflow/example_dags/example_latest_only_with_trigger.py
[2025-06-05T16:12:10.928+0000] {logging_mixin.py:190} INFO - [2025-06-05T16:12:10.927+0000] {dag.py:3239} INFO - Sync 1 DAGs
[2025-06-05T16:12:10.965+0000] {logging_mixin.py:190} INFO - [2025-06-05T16:12:10.964+0000] {dag.py:4180} INFO - Setting next_dagrun for latest_only_with_trigger to 2025-06-05 12:00:00+00:00, run_after=2025-06-05 16:00:00+00:00
[2025-06-05T16:12:10.996+0000] {processor.py:208} INFO - Processing /home/airflow/.local/lib/python3.12/site-packages/airflow/example_dags/example_latest_only_with_trigger.py took 0.131 seconds
[2025-06-05T16:12:41.428+0000] {processor.py:186} INFO - Started process (PID=4897) to work on /home/airflow/.local/lib/python3.12/site-packages/airflow/example_dags/example_latest_only_with_trigger.py
[2025-06-05T16:12:41.430+0000] {processor.py:914} INFO - Processing file /home/airflow/.local/lib/python3.12/site-packages/airflow/example_dags/example_latest_only_with_trigger.py for tasks to queue
[2025-06-05T16:12:41.432+0000] {logging_mixin.py:190} INFO - [2025-06-05T16:12:41.432+0000] {dagbag.py:588} INFO - Filling up the DagBag from /home/airflow/.local/lib/python3.12/site-packages/airflow/example_dags/example_latest_only_with_trigger.py
[2025-06-05T16:12:41.446+0000] {processor.py:925} INFO - DAG(s) 'latest_only_with_trigger' retrieved from /home/airflow/.local/lib/python3.12/site-packages/airflow/example_dags/example_latest_only_with_trigger.py
[2025-06-05T16:12:41.481+0000] {logging_mixin.py:190} INFO - [2025-06-05T16:12:41.481+0000] {dag.py:3239} INFO - Sync 1 DAGs
[2025-06-05T16:12:41.517+0000] {logging_mixin.py:190} INFO - [2025-06-05T16:12:41.516+0000] {dag.py:4180} INFO - Setting next_dagrun for latest_only_with_trigger to 2025-06-05 12:00:00+00:00, run_after=2025-06-05 16:00:00+00:00
[2025-06-05T16:12:41.548+0000] {processor.py:208} INFO - Processing /home/airflow/.local/lib/python3.12/site-packages/airflow/example_dags/example_latest_only_with_trigger.py took 0.129 seconds
[2025-06-05T16:13:11.818+0000] {processor.py:186} INFO - Started process (PID=4962) to work on /home/airflow/.local/lib/python3.12/site-packages/airflow/example_dags/example_latest_only_with_trigger.py
[2025-06-05T16:13:11.820+0000] {processor.py:914} INFO - Processing file /home/airflow/.local/lib/python3.12/site-packages/airflow/example_dags/example_latest_only_with_trigger.py for tasks to queue
[2025-06-05T16:13:11.822+0000] {logging_mixin.py:190} INFO - [2025-06-05T16:13:11.822+0000] {dagbag.py:588} INFO - Filling up the DagBag from /home/airflow/.local/lib/python3.12/site-packages/airflow/example_dags/example_latest_only_with_trigger.py
[2025-06-05T16:13:11.836+0000] {processor.py:925} INFO - DAG(s) 'latest_only_with_trigger' retrieved from /home/airflow/.local/lib/python3.12/site-packages/airflow/example_dags/example_latest_only_with_trigger.py
[2025-06-05T16:13:11.868+0000] {logging_mixin.py:190} INFO - [2025-06-05T16:13:11.868+0000] {dag.py:3239} INFO - Sync 1 DAGs
[2025-06-05T16:13:11.906+0000] {logging_mixin.py:190} INFO - [2025-06-05T16:13:11.905+0000] {dag.py:4180} INFO - Setting next_dagrun for latest_only_with_trigger to 2025-06-05 12:00:00+00:00, run_after=2025-06-05 16:00:00+00:00
[2025-06-05T16:13:11.937+0000] {processor.py:208} INFO - Processing /home/airflow/.local/lib/python3.12/site-packages/airflow/example_dags/example_latest_only_with_trigger.py took 0.129 seconds
[2025-06-05T16:13:42.603+0000] {processor.py:186} INFO - Started process (PID=5027) to work on /home/airflow/.local/lib/python3.12/site-packages/airflow/example_dags/example_latest_only_with_trigger.py
[2025-06-05T16:13:42.605+0000] {processor.py:914} INFO - Processing file /home/airflow/.local/lib/python3.12/site-packages/airflow/example_dags/example_latest_only_with_trigger.py for tasks to queue
[2025-06-05T16:13:42.607+0000] {logging_mixin.py:190} INFO - [2025-06-05T16:13:42.607+0000] {dagbag.py:588} INFO - Filling up the DagBag from /home/airflow/.local/lib/python3.12/site-packages/airflow/example_dags/example_latest_only_with_trigger.py
[2025-06-05T16:13:42.622+0000] {processor.py:925} INFO - DAG(s) 'latest_only_with_trigger' retrieved from /home/airflow/.local/lib/python3.12/site-packages/airflow/example_dags/example_latest_only_with_trigger.py
[2025-06-05T16:13:42.660+0000] {logging_mixin.py:190} INFO - [2025-06-05T16:13:42.659+0000] {dag.py:3239} INFO - Sync 1 DAGs
[2025-06-05T16:13:42.700+0000] {logging_mixin.py:190} INFO - [2025-06-05T16:13:42.698+0000] {dag.py:4180} INFO - Setting next_dagrun for latest_only_with_trigger to 2025-06-05 12:00:00+00:00, run_after=2025-06-05 16:00:00+00:00
[2025-06-05T16:13:42.735+0000] {processor.py:208} INFO - Processing /home/airflow/.local/lib/python3.12/site-packages/airflow/example_dags/example_latest_only_with_trigger.py took 0.143 seconds
[2025-06-05T16:14:13.438+0000] {processor.py:186} INFO - Started process (PID=5091) to work on /home/airflow/.local/lib/python3.12/site-packages/airflow/example_dags/example_latest_only_with_trigger.py
[2025-06-05T16:14:13.439+0000] {processor.py:914} INFO - Processing file /home/airflow/.local/lib/python3.12/site-packages/airflow/example_dags/example_latest_only_with_trigger.py for tasks to queue
[2025-06-05T16:14:13.442+0000] {logging_mixin.py:190} INFO - [2025-06-05T16:14:13.441+0000] {dagbag.py:588} INFO - Filling up the DagBag from /home/airflow/.local/lib/python3.12/site-packages/airflow/example_dags/example_latest_only_with_trigger.py
[2025-06-05T16:14:13.457+0000] {processor.py:925} INFO - DAG(s) 'latest_only_with_trigger' retrieved from /home/airflow/.local/lib/python3.12/site-packages/airflow/example_dags/example_latest_only_with_trigger.py
[2025-06-05T16:14:13.489+0000] {logging_mixin.py:190} INFO - [2025-06-05T16:14:13.488+0000] {dag.py:3239} INFO - Sync 1 DAGs
[2025-06-05T16:14:13.528+0000] {logging_mixin.py:190} INFO - [2025-06-05T16:14:13.528+0000] {dag.py:4180} INFO - Setting next_dagrun for latest_only_with_trigger to 2025-06-05 12:00:00+00:00, run_after=2025-06-05 16:00:00+00:00
[2025-06-05T16:14:13.557+0000] {processor.py:208} INFO - Processing /home/airflow/.local/lib/python3.12/site-packages/airflow/example_dags/example_latest_only_with_trigger.py took 0.130 seconds
[2025-06-05T16:14:47.679+0000] {processor.py:186} INFO - Started process (PID=5157) to work on /home/airflow/.local/lib/python3.12/site-packages/airflow/example_dags/example_latest_only_with_trigger.py
[2025-06-05T16:14:47.681+0000] {processor.py:914} INFO - Processing file /home/airflow/.local/lib/python3.12/site-packages/airflow/example_dags/example_latest_only_with_trigger.py for tasks to queue
[2025-06-05T16:14:47.683+0000] {logging_mixin.py:190} INFO - [2025-06-05T16:14:47.682+0000] {dagbag.py:588} INFO - Filling up the DagBag from /home/airflow/.local/lib/python3.12/site-packages/airflow/example_dags/example_latest_only_with_trigger.py
[2025-06-05T16:14:47.697+0000] {processor.py:925} INFO - DAG(s) 'latest_only_with_trigger' retrieved from /home/airflow/.local/lib/python3.12/site-packages/airflow/example_dags/example_latest_only_with_trigger.py
[2025-06-05T16:14:47.730+0000] {logging_mixin.py:190} INFO - [2025-06-05T16:14:47.730+0000] {dag.py:3239} INFO - Sync 1 DAGs
[2025-06-05T16:14:47.769+0000] {logging_mixin.py:190} INFO - [2025-06-05T16:14:47.769+0000] {dag.py:4180} INFO - Setting next_dagrun for latest_only_with_trigger to 2025-06-05 12:00:00+00:00, run_after=2025-06-05 16:00:00+00:00
[2025-06-05T16:14:47.804+0000] {processor.py:208} INFO - Processing /home/airflow/.local/lib/python3.12/site-packages/airflow/example_dags/example_latest_only_with_trigger.py took 0.135 seconds
[2025-06-05T16:15:19.315+0000] {processor.py:186} INFO - Started process (PID=5222) to work on /home/airflow/.local/lib/python3.12/site-packages/airflow/example_dags/example_latest_only_with_trigger.py
[2025-06-05T16:15:19.316+0000] {processor.py:914} INFO - Processing file /home/airflow/.local/lib/python3.12/site-packages/airflow/example_dags/example_latest_only_with_trigger.py for tasks to queue
[2025-06-05T16:15:19.319+0000] {logging_mixin.py:190} INFO - [2025-06-05T16:15:19.318+0000] {dagbag.py:588} INFO - Filling up the DagBag from /home/airflow/.local/lib/python3.12/site-packages/airflow/example_dags/example_latest_only_with_trigger.py
[2025-06-05T16:15:19.336+0000] {processor.py:925} INFO - DAG(s) 'latest_only_with_trigger' retrieved from /home/airflow/.local/lib/python3.12/site-packages/airflow/example_dags/example_latest_only_with_trigger.py
[2025-06-05T16:15:19.373+0000] {logging_mixin.py:190} INFO - [2025-06-05T16:15:19.373+0000] {dag.py:3239} INFO - Sync 1 DAGs
[2025-06-05T16:15:19.415+0000] {logging_mixin.py:190} INFO - [2025-06-05T16:15:19.414+0000] {dag.py:4180} INFO - Setting next_dagrun for latest_only_with_trigger to 2025-06-05 12:00:00+00:00, run_after=2025-06-05 16:00:00+00:00
[2025-06-05T16:15:19.449+0000] {processor.py:208} INFO - Processing /home/airflow/.local/lib/python3.12/site-packages/airflow/example_dags/example_latest_only_with_trigger.py took 0.144 seconds
[2025-06-05T16:15:50.621+0000] {processor.py:186} INFO - Started process (PID=5287) to work on /home/airflow/.local/lib/python3.12/site-packages/airflow/example_dags/example_latest_only_with_trigger.py
[2025-06-05T16:15:50.622+0000] {processor.py:914} INFO - Processing file /home/airflow/.local/lib/python3.12/site-packages/airflow/example_dags/example_latest_only_with_trigger.py for tasks to queue
[2025-06-05T16:15:50.625+0000] {logging_mixin.py:190} INFO - [2025-06-05T16:15:50.624+0000] {dagbag.py:588} INFO - Filling up the DagBag from /home/airflow/.local/lib/python3.12/site-packages/airflow/example_dags/example_latest_only_with_trigger.py
[2025-06-05T16:15:50.642+0000] {processor.py:925} INFO - DAG(s) 'latest_only_with_trigger' retrieved from /home/airflow/.local/lib/python3.12/site-packages/airflow/example_dags/example_latest_only_with_trigger.py
[2025-06-05T16:15:50.677+0000] {logging_mixin.py:190} INFO - [2025-06-05T16:15:50.676+0000] {dag.py:3239} INFO - Sync 1 DAGs
[2025-06-05T16:15:50.718+0000] {logging_mixin.py:190} INFO - [2025-06-05T16:15:50.717+0000] {dag.py:4180} INFO - Setting next_dagrun for latest_only_with_trigger to 2025-06-05 12:00:00+00:00, run_after=2025-06-05 16:00:00+00:00
[2025-06-05T16:15:50.752+0000] {processor.py:208} INFO - Processing /home/airflow/.local/lib/python3.12/site-packages/airflow/example_dags/example_latest_only_with_trigger.py took 0.140 seconds
