[2025-06-05T16:10:37.502+0000] {processor.py:186} INFO - Started process (PID=4639) to work on /home/airflow/.local/lib/python3.12/site-packages/airflow/example_dags/example_trigger_controller_dag.py
[2025-06-05T16:10:37.503+0000] {processor.py:914} INFO - Processing file /home/airflow/.local/lib/python3.12/site-packages/airflow/example_dags/example_trigger_controller_dag.py for tasks to queue
[2025-06-05T16:10:37.505+0000] {logging_mixin.py:190} INFO - [2025-06-05T16:10:37.505+0000] {dagbag.py:588} INFO - Filling up the DagBag from /home/airflow/.local/lib/python3.12/site-packages/airflow/example_dags/example_trigger_controller_dag.py
[2025-06-05T16:10:37.518+0000] {processor.py:925} INFO - DAG(s) 'example_trigger_controller_dag' retrieved from /home/airflow/.local/lib/python3.12/site-packages/airflow/example_dags/example_trigger_controller_dag.py
[2025-06-05T16:10:37.548+0000] {logging_mixin.py:190} INFO - [2025-06-05T16:10:37.547+0000] {dag.py:3239} INFO - Sync 1 DAGs
[2025-06-05T16:10:37.587+0000] {logging_mixin.py:190} INFO - [2025-06-05T16:10:37.587+0000] {dag.py:4180} INFO - Setting next_dagrun for example_trigger_controller_dag to 2021-01-01 00:00:00+00:00, run_after=2021-01-01 00:00:00+00:00
[2025-06-05T16:10:37.617+0000] {processor.py:208} INFO - Processing /home/airflow/.local/lib/python3.12/site-packages/airflow/example_dags/example_trigger_controller_dag.py took 0.125 seconds
[2025-06-05T16:11:09.627+0000] {processor.py:186} INFO - Started process (PID=4704) to work on /home/airflow/.local/lib/python3.12/site-packages/airflow/example_dags/example_trigger_controller_dag.py
[2025-06-05T16:11:09.629+0000] {processor.py:914} INFO - Processing file /home/airflow/.local/lib/python3.12/site-packages/airflow/example_dags/example_trigger_controller_dag.py for tasks to queue
[2025-06-05T16:11:09.633+0000] {logging_mixin.py:190} INFO - [2025-06-05T16:11:09.632+0000] {dagbag.py:588} INFO - Filling up the DagBag from /home/airflow/.local/lib/python3.12/site-packages/airflow/example_dags/example_trigger_controller_dag.py
[2025-06-05T16:11:09.649+0000] {processor.py:925} INFO - DAG(s) 'example_trigger_controller_dag' retrieved from /home/airflow/.local/lib/python3.12/site-packages/airflow/example_dags/example_trigger_controller_dag.py
[2025-06-05T16:11:09.681+0000] {logging_mixin.py:190} INFO - [2025-06-05T16:11:09.681+0000] {dag.py:3239} INFO - Sync 1 DAGs
[2025-06-05T16:11:10.007+0000] {logging_mixin.py:190} INFO - [2025-06-05T16:11:10.007+0000] {dag.py:4180} INFO - Setting next_dagrun for example_trigger_controller_dag to 2021-01-01 00:00:00+00:00, run_after=2021-01-01 00:00:00+00:00
[2025-06-05T16:11:10.038+0000] {processor.py:208} INFO - Processing /home/airflow/.local/lib/python3.12/site-packages/airflow/example_dags/example_trigger_controller_dag.py took 0.423 seconds
[2025-06-05T16:11:40.724+0000] {processor.py:186} INFO - Started process (PID=4769) to work on /home/airflow/.local/lib/python3.12/site-packages/airflow/example_dags/example_trigger_controller_dag.py
[2025-06-05T16:11:40.726+0000] {processor.py:914} INFO - Processing file /home/airflow/.local/lib/python3.12/site-packages/airflow/example_dags/example_trigger_controller_dag.py for tasks to queue
[2025-06-05T16:11:40.728+0000] {logging_mixin.py:190} INFO - [2025-06-05T16:11:40.728+0000] {dagbag.py:588} INFO - Filling up the DagBag from /home/airflow/.local/lib/python3.12/site-packages/airflow/example_dags/example_trigger_controller_dag.py
[2025-06-05T16:11:40.742+0000] {processor.py:925} INFO - DAG(s) 'example_trigger_controller_dag' retrieved from /home/airflow/.local/lib/python3.12/site-packages/airflow/example_dags/example_trigger_controller_dag.py
[2025-06-05T16:11:40.773+0000] {logging_mixin.py:190} INFO - [2025-06-05T16:11:40.773+0000] {dag.py:3239} INFO - Sync 1 DAGs
[2025-06-05T16:11:40.810+0000] {logging_mixin.py:190} INFO - [2025-06-05T16:11:40.809+0000] {dag.py:4180} INFO - Setting next_dagrun for example_trigger_controller_dag to 2021-01-01 00:00:00+00:00, run_after=2021-01-01 00:00:00+00:00
[2025-06-05T16:11:40.839+0000] {processor.py:208} INFO - Processing /home/airflow/.local/lib/python3.12/site-packages/airflow/example_dags/example_trigger_controller_dag.py took 0.125 seconds
[2025-06-05T16:12:11.066+0000] {processor.py:186} INFO - Started process (PID=4833) to work on /home/airflow/.local/lib/python3.12/site-packages/airflow/example_dags/example_trigger_controller_dag.py
[2025-06-05T16:12:11.067+0000] {processor.py:914} INFO - Processing file /home/airflow/.local/lib/python3.12/site-packages/airflow/example_dags/example_trigger_controller_dag.py for tasks to queue
[2025-06-05T16:12:11.070+0000] {logging_mixin.py:190} INFO - [2025-06-05T16:12:11.069+0000] {dagbag.py:588} INFO - Filling up the DagBag from /home/airflow/.local/lib/python3.12/site-packages/airflow/example_dags/example_trigger_controller_dag.py
[2025-06-05T16:12:11.081+0000] {processor.py:925} INFO - DAG(s) 'example_trigger_controller_dag' retrieved from /home/airflow/.local/lib/python3.12/site-packages/airflow/example_dags/example_trigger_controller_dag.py
[2025-06-05T16:12:11.111+0000] {logging_mixin.py:190} INFO - [2025-06-05T16:12:11.111+0000] {dag.py:3239} INFO - Sync 1 DAGs
[2025-06-05T16:12:11.148+0000] {logging_mixin.py:190} INFO - [2025-06-05T16:12:11.147+0000] {dag.py:4180} INFO - Setting next_dagrun for example_trigger_controller_dag to 2021-01-01 00:00:00+00:00, run_after=2021-01-01 00:00:00+00:00
[2025-06-05T16:12:11.177+0000] {processor.py:208} INFO - Processing /home/airflow/.local/lib/python3.12/site-packages/airflow/example_dags/example_trigger_controller_dag.py took 0.121 seconds
[2025-06-05T16:12:41.593+0000] {processor.py:186} INFO - Started process (PID=4898) to work on /home/airflow/.local/lib/python3.12/site-packages/airflow/example_dags/example_trigger_controller_dag.py
[2025-06-05T16:12:41.594+0000] {processor.py:914} INFO - Processing file /home/airflow/.local/lib/python3.12/site-packages/airflow/example_dags/example_trigger_controller_dag.py for tasks to queue
[2025-06-05T16:12:41.597+0000] {logging_mixin.py:190} INFO - [2025-06-05T16:12:41.596+0000] {dagbag.py:588} INFO - Filling up the DagBag from /home/airflow/.local/lib/python3.12/site-packages/airflow/example_dags/example_trigger_controller_dag.py
[2025-06-05T16:12:41.609+0000] {processor.py:925} INFO - DAG(s) 'example_trigger_controller_dag' retrieved from /home/airflow/.local/lib/python3.12/site-packages/airflow/example_dags/example_trigger_controller_dag.py
[2025-06-05T16:12:41.647+0000] {logging_mixin.py:190} INFO - [2025-06-05T16:12:41.646+0000] {dag.py:3239} INFO - Sync 1 DAGs
[2025-06-05T16:12:41.687+0000] {logging_mixin.py:190} INFO - [2025-06-05T16:12:41.687+0000] {dag.py:4180} INFO - Setting next_dagrun for example_trigger_controller_dag to 2021-01-01 00:00:00+00:00, run_after=2021-01-01 00:00:00+00:00
[2025-06-05T16:12:41.724+0000] {processor.py:208} INFO - Processing /home/airflow/.local/lib/python3.12/site-packages/airflow/example_dags/example_trigger_controller_dag.py took 0.141 seconds
[2025-06-05T16:13:11.988+0000] {processor.py:186} INFO - Started process (PID=4963) to work on /home/airflow/.local/lib/python3.12/site-packages/airflow/example_dags/example_trigger_controller_dag.py
[2025-06-05T16:13:11.990+0000] {processor.py:914} INFO - Processing file /home/airflow/.local/lib/python3.12/site-packages/airflow/example_dags/example_trigger_controller_dag.py for tasks to queue
[2025-06-05T16:13:11.993+0000] {logging_mixin.py:190} INFO - [2025-06-05T16:13:11.992+0000] {dagbag.py:588} INFO - Filling up the DagBag from /home/airflow/.local/lib/python3.12/site-packages/airflow/example_dags/example_trigger_controller_dag.py
[2025-06-05T16:13:12.005+0000] {processor.py:925} INFO - DAG(s) 'example_trigger_controller_dag' retrieved from /home/airflow/.local/lib/python3.12/site-packages/airflow/example_dags/example_trigger_controller_dag.py
[2025-06-05T16:13:12.037+0000] {logging_mixin.py:190} INFO - [2025-06-05T16:13:12.037+0000] {dag.py:3239} INFO - Sync 1 DAGs
[2025-06-05T16:13:12.075+0000] {logging_mixin.py:190} INFO - [2025-06-05T16:13:12.074+0000] {dag.py:4180} INFO - Setting next_dagrun for example_trigger_controller_dag to 2021-01-01 00:00:00+00:00, run_after=2021-01-01 00:00:00+00:00
[2025-06-05T16:13:12.104+0000] {processor.py:208} INFO - Processing /home/airflow/.local/lib/python3.12/site-packages/airflow/example_dags/example_trigger_controller_dag.py took 0.126 seconds
[2025-06-05T16:13:42.788+0000] {processor.py:186} INFO - Started process (PID=5028) to work on /home/airflow/.local/lib/python3.12/site-packages/airflow/example_dags/example_trigger_controller_dag.py
[2025-06-05T16:13:42.790+0000] {processor.py:914} INFO - Processing file /home/airflow/.local/lib/python3.12/site-packages/airflow/example_dags/example_trigger_controller_dag.py for tasks to queue
[2025-06-05T16:13:42.792+0000] {logging_mixin.py:190} INFO - [2025-06-05T16:13:42.791+0000] {dagbag.py:588} INFO - Filling up the DagBag from /home/airflow/.local/lib/python3.12/site-packages/airflow/example_dags/example_trigger_controller_dag.py
[2025-06-05T16:13:42.804+0000] {processor.py:925} INFO - DAG(s) 'example_trigger_controller_dag' retrieved from /home/airflow/.local/lib/python3.12/site-packages/airflow/example_dags/example_trigger_controller_dag.py
[2025-06-05T16:13:42.839+0000] {logging_mixin.py:190} INFO - [2025-06-05T16:13:42.839+0000] {dag.py:3239} INFO - Sync 1 DAGs
[2025-06-05T16:13:42.880+0000] {logging_mixin.py:190} INFO - [2025-06-05T16:13:42.880+0000] {dag.py:4180} INFO - Setting next_dagrun for example_trigger_controller_dag to 2021-01-01 00:00:00+00:00, run_after=2021-01-01 00:00:00+00:00
[2025-06-05T16:13:42.917+0000] {processor.py:208} INFO - Processing /home/airflow/.local/lib/python3.12/site-packages/airflow/example_dags/example_trigger_controller_dag.py took 0.140 seconds
[2025-06-05T16:14:13.615+0000] {processor.py:186} INFO - Started process (PID=5092) to work on /home/airflow/.local/lib/python3.12/site-packages/airflow/example_dags/example_trigger_controller_dag.py
[2025-06-05T16:14:13.616+0000] {processor.py:914} INFO - Processing file /home/airflow/.local/lib/python3.12/site-packages/airflow/example_dags/example_trigger_controller_dag.py for tasks to queue
[2025-06-05T16:14:13.618+0000] {logging_mixin.py:190} INFO - [2025-06-05T16:14:13.618+0000] {dagbag.py:588} INFO - Filling up the DagBag from /home/airflow/.local/lib/python3.12/site-packages/airflow/example_dags/example_trigger_controller_dag.py
[2025-06-05T16:14:13.630+0000] {processor.py:925} INFO - DAG(s) 'example_trigger_controller_dag' retrieved from /home/airflow/.local/lib/python3.12/site-packages/airflow/example_dags/example_trigger_controller_dag.py
[2025-06-05T16:14:13.662+0000] {logging_mixin.py:190} INFO - [2025-06-05T16:14:13.662+0000] {dag.py:3239} INFO - Sync 1 DAGs
[2025-06-05T16:14:13.699+0000] {logging_mixin.py:190} INFO - [2025-06-05T16:14:13.698+0000] {dag.py:4180} INFO - Setting next_dagrun for example_trigger_controller_dag to 2021-01-01 00:00:00+00:00, run_after=2021-01-01 00:00:00+00:00
[2025-06-05T16:14:13.727+0000] {processor.py:208} INFO - Processing /home/airflow/.local/lib/python3.12/site-packages/airflow/example_dags/example_trigger_controller_dag.py took 0.122 seconds
[2025-06-05T16:14:47.762+0000] {processor.py:186} INFO - Started process (PID=5158) to work on /home/airflow/.local/lib/python3.12/site-packages/airflow/example_dags/example_trigger_controller_dag.py
[2025-06-05T16:14:47.764+0000] {processor.py:914} INFO - Processing file /home/airflow/.local/lib/python3.12/site-packages/airflow/example_dags/example_trigger_controller_dag.py for tasks to queue
[2025-06-05T16:14:47.767+0000] {logging_mixin.py:190} INFO - [2025-06-05T16:14:47.766+0000] {dagbag.py:588} INFO - Filling up the DagBag from /home/airflow/.local/lib/python3.12/site-packages/airflow/example_dags/example_trigger_controller_dag.py
[2025-06-05T16:14:47.779+0000] {processor.py:925} INFO - DAG(s) 'example_trigger_controller_dag' retrieved from /home/airflow/.local/lib/python3.12/site-packages/airflow/example_dags/example_trigger_controller_dag.py
[2025-06-05T16:14:47.811+0000] {logging_mixin.py:190} INFO - [2025-06-05T16:14:47.810+0000] {dag.py:3239} INFO - Sync 1 DAGs
[2025-06-05T16:14:47.850+0000] {logging_mixin.py:190} INFO - [2025-06-05T16:14:47.850+0000] {dag.py:4180} INFO - Setting next_dagrun for example_trigger_controller_dag to 2021-01-01 00:00:00+00:00, run_after=2021-01-01 00:00:00+00:00
[2025-06-05T16:14:47.881+0000] {processor.py:208} INFO - Processing /home/airflow/.local/lib/python3.12/site-packages/airflow/example_dags/example_trigger_controller_dag.py took 0.130 seconds
[2025-06-05T16:15:19.511+0000] {processor.py:186} INFO - Started process (PID=5223) to work on /home/airflow/.local/lib/python3.12/site-packages/airflow/example_dags/example_trigger_controller_dag.py
[2025-06-05T16:15:19.513+0000] {processor.py:914} INFO - Processing file /home/airflow/.local/lib/python3.12/site-packages/airflow/example_dags/example_trigger_controller_dag.py for tasks to queue
[2025-06-05T16:15:19.515+0000] {logging_mixin.py:190} INFO - [2025-06-05T16:15:19.515+0000] {dagbag.py:588} INFO - Filling up the DagBag from /home/airflow/.local/lib/python3.12/site-packages/airflow/example_dags/example_trigger_controller_dag.py
[2025-06-05T16:15:19.528+0000] {processor.py:925} INFO - DAG(s) 'example_trigger_controller_dag' retrieved from /home/airflow/.local/lib/python3.12/site-packages/airflow/example_dags/example_trigger_controller_dag.py
[2025-06-05T16:15:19.564+0000] {logging_mixin.py:190} INFO - [2025-06-05T16:15:19.564+0000] {dag.py:3239} INFO - Sync 1 DAGs
[2025-06-05T16:15:19.610+0000] {logging_mixin.py:190} INFO - [2025-06-05T16:15:19.610+0000] {dag.py:4180} INFO - Setting next_dagrun for example_trigger_controller_dag to 2021-01-01 00:00:00+00:00, run_after=2021-01-01 00:00:00+00:00
[2025-06-05T16:15:19.663+0000] {processor.py:208} INFO - Processing /home/airflow/.local/lib/python3.12/site-packages/airflow/example_dags/example_trigger_controller_dag.py took 0.161 seconds
[2025-06-05T16:15:50.691+0000] {processor.py:186} INFO - Started process (PID=5288) to work on /home/airflow/.local/lib/python3.12/site-packages/airflow/example_dags/example_trigger_controller_dag.py
[2025-06-05T16:15:50.693+0000] {processor.py:914} INFO - Processing file /home/airflow/.local/lib/python3.12/site-packages/airflow/example_dags/example_trigger_controller_dag.py for tasks to queue
[2025-06-05T16:15:50.695+0000] {logging_mixin.py:190} INFO - [2025-06-05T16:15:50.694+0000] {dagbag.py:588} INFO - Filling up the DagBag from /home/airflow/.local/lib/python3.12/site-packages/airflow/example_dags/example_trigger_controller_dag.py
[2025-06-05T16:15:50.710+0000] {processor.py:925} INFO - DAG(s) 'example_trigger_controller_dag' retrieved from /home/airflow/.local/lib/python3.12/site-packages/airflow/example_dags/example_trigger_controller_dag.py
[2025-06-05T16:15:50.741+0000] {logging_mixin.py:190} INFO - [2025-06-05T16:15:50.741+0000] {dag.py:3239} INFO - Sync 1 DAGs
[2025-06-05T16:15:50.783+0000] {logging_mixin.py:190} INFO - [2025-06-05T16:15:50.782+0000] {dag.py:4180} INFO - Setting next_dagrun for example_trigger_controller_dag to 2021-01-01 00:00:00+00:00, run_after=2021-01-01 00:00:00+00:00
[2025-06-05T16:15:50.817+0000] {processor.py:208} INFO - Processing /home/airflow/.local/lib/python3.12/site-packages/airflow/example_dags/example_trigger_controller_dag.py took 0.136 seconds
