[2025-06-05T16:10:27.928+0000] {processor.py:186} INFO - Started process (PID=4602) to work on /home/airflow/.local/lib/python3.12/site-packages/airflow/example_dags/example_latest_only.py
[2025-06-05T16:10:27.930+0000] {processor.py:914} INFO - Processing file /home/airflow/.local/lib/python3.12/site-packages/airflow/example_dags/example_latest_only.py for tasks to queue
[2025-06-05T16:10:27.933+0000] {logging_mixin.py:190} INFO - [2025-06-05T16:10:27.932+0000] {dagbag.py:588} INFO - Filling up the DagBag from /home/airflow/.local/lib/python3.12/site-packages/airflow/example_dags/example_latest_only.py
[2025-06-05T16:10:27.952+0000] {processor.py:925} INFO - DAG(s) 'latest_only' retrieved from /home/airflow/.local/lib/python3.12/site-packages/airflow/example_dags/example_latest_only.py
[2025-06-05T16:10:27.990+0000] {logging_mixin.py:190} INFO - [2025-06-05T16:10:27.990+0000] {dag.py:3239} INFO - Sync 1 DAGs
[2025-06-05T16:10:28.034+0000] {logging_mixin.py:190} INFO - [2025-06-05T16:10:28.034+0000] {dag.py:4180} INFO - Setting next_dagrun for latest_only to 2025-06-05 12:00:00+00:00, run_after=2025-06-05 16:00:00+00:00
[2025-06-05T16:10:28.066+0000] {processor.py:208} INFO - Processing /home/airflow/.local/lib/python3.12/site-packages/airflow/example_dags/example_latest_only.py took 0.150 seconds
[2025-06-05T16:10:58.950+0000] {processor.py:186} INFO - Started process (PID=4667) to work on /home/airflow/.local/lib/python3.12/site-packages/airflow/example_dags/example_latest_only.py
[2025-06-05T16:10:58.952+0000] {processor.py:914} INFO - Processing file /home/airflow/.local/lib/python3.12/site-packages/airflow/example_dags/example_latest_only.py for tasks to queue
[2025-06-05T16:10:58.954+0000] {logging_mixin.py:190} INFO - [2025-06-05T16:10:58.953+0000] {dagbag.py:588} INFO - Filling up the DagBag from /home/airflow/.local/lib/python3.12/site-packages/airflow/example_dags/example_latest_only.py
[2025-06-05T16:10:58.967+0000] {processor.py:925} INFO - DAG(s) 'latest_only' retrieved from /home/airflow/.local/lib/python3.12/site-packages/airflow/example_dags/example_latest_only.py
[2025-06-05T16:10:59.000+0000] {logging_mixin.py:190} INFO - [2025-06-05T16:10:59.000+0000] {dag.py:3239} INFO - Sync 1 DAGs
[2025-06-05T16:10:59.036+0000] {logging_mixin.py:190} INFO - [2025-06-05T16:10:59.036+0000] {dag.py:4180} INFO - Setting next_dagrun for latest_only to 2025-06-05 12:00:00+00:00, run_after=2025-06-05 16:00:00+00:00
[2025-06-05T16:10:59.069+0000] {processor.py:208} INFO - Processing /home/airflow/.local/lib/python3.12/site-packages/airflow/example_dags/example_latest_only.py took 0.129 seconds
[2025-06-05T16:11:29.175+0000] {processor.py:186} INFO - Started process (PID=4732) to work on /home/airflow/.local/lib/python3.12/site-packages/airflow/example_dags/example_latest_only.py
[2025-06-05T16:11:29.177+0000] {processor.py:914} INFO - Processing file /home/airflow/.local/lib/python3.12/site-packages/airflow/example_dags/example_latest_only.py for tasks to queue
[2025-06-05T16:11:29.179+0000] {logging_mixin.py:190} INFO - [2025-06-05T16:11:29.178+0000] {dagbag.py:588} INFO - Filling up the DagBag from /home/airflow/.local/lib/python3.12/site-packages/airflow/example_dags/example_latest_only.py
[2025-06-05T16:11:29.192+0000] {processor.py:925} INFO - DAG(s) 'latest_only' retrieved from /home/airflow/.local/lib/python3.12/site-packages/airflow/example_dags/example_latest_only.py
[2025-06-05T16:11:29.223+0000] {logging_mixin.py:190} INFO - [2025-06-05T16:11:29.223+0000] {dag.py:3239} INFO - Sync 1 DAGs
[2025-06-05T16:11:29.260+0000] {logging_mixin.py:190} INFO - [2025-06-05T16:11:29.259+0000] {dag.py:4180} INFO - Setting next_dagrun for latest_only to 2025-06-05 12:00:00+00:00, run_after=2025-06-05 16:00:00+00:00
[2025-06-05T16:11:29.291+0000] {processor.py:208} INFO - Processing /home/airflow/.local/lib/python3.12/site-packages/airflow/example_dags/example_latest_only.py took 0.126 seconds
[2025-06-05T16:11:59.557+0000] {processor.py:186} INFO - Started process (PID=4797) to work on /home/airflow/.local/lib/python3.12/site-packages/airflow/example_dags/example_latest_only.py
[2025-06-05T16:11:59.558+0000] {processor.py:914} INFO - Processing file /home/airflow/.local/lib/python3.12/site-packages/airflow/example_dags/example_latest_only.py for tasks to queue
[2025-06-05T16:11:59.561+0000] {logging_mixin.py:190} INFO - [2025-06-05T16:11:59.560+0000] {dagbag.py:588} INFO - Filling up the DagBag from /home/airflow/.local/lib/python3.12/site-packages/airflow/example_dags/example_latest_only.py
[2025-06-05T16:11:59.577+0000] {processor.py:925} INFO - DAG(s) 'latest_only' retrieved from /home/airflow/.local/lib/python3.12/site-packages/airflow/example_dags/example_latest_only.py
[2025-06-05T16:11:59.608+0000] {logging_mixin.py:190} INFO - [2025-06-05T16:11:59.608+0000] {dag.py:3239} INFO - Sync 1 DAGs
[2025-06-05T16:11:59.643+0000] {logging_mixin.py:190} INFO - [2025-06-05T16:11:59.643+0000] {dag.py:4180} INFO - Setting next_dagrun for latest_only to 2025-06-05 12:00:00+00:00, run_after=2025-06-05 16:00:00+00:00
[2025-06-05T16:11:59.675+0000] {processor.py:208} INFO - Processing /home/airflow/.local/lib/python3.12/site-packages/airflow/example_dags/example_latest_only.py took 0.128 seconds
[2025-06-05T16:12:30.568+0000] {processor.py:186} INFO - Started process (PID=4862) to work on /home/airflow/.local/lib/python3.12/site-packages/airflow/example_dags/example_latest_only.py
[2025-06-05T16:12:30.570+0000] {processor.py:914} INFO - Processing file /home/airflow/.local/lib/python3.12/site-packages/airflow/example_dags/example_latest_only.py for tasks to queue
[2025-06-05T16:12:30.573+0000] {logging_mixin.py:190} INFO - [2025-06-05T16:12:30.572+0000] {dagbag.py:588} INFO - Filling up the DagBag from /home/airflow/.local/lib/python3.12/site-packages/airflow/example_dags/example_latest_only.py
[2025-06-05T16:12:30.589+0000] {processor.py:925} INFO - DAG(s) 'latest_only' retrieved from /home/airflow/.local/lib/python3.12/site-packages/airflow/example_dags/example_latest_only.py
[2025-06-05T16:12:30.620+0000] {logging_mixin.py:190} INFO - [2025-06-05T16:12:30.620+0000] {dag.py:3239} INFO - Sync 1 DAGs
[2025-06-05T16:12:30.660+0000] {logging_mixin.py:190} INFO - [2025-06-05T16:12:30.659+0000] {dag.py:4180} INFO - Setting next_dagrun for latest_only to 2025-06-05 12:00:00+00:00, run_after=2025-06-05 16:00:00+00:00
[2025-06-05T16:12:30.691+0000] {processor.py:208} INFO - Processing /home/airflow/.local/lib/python3.12/site-packages/airflow/example_dags/example_latest_only.py took 0.134 seconds
[2025-06-05T16:13:00.929+0000] {processor.py:186} INFO - Started process (PID=4927) to work on /home/airflow/.local/lib/python3.12/site-packages/airflow/example_dags/example_latest_only.py
[2025-06-05T16:13:00.931+0000] {processor.py:914} INFO - Processing file /home/airflow/.local/lib/python3.12/site-packages/airflow/example_dags/example_latest_only.py for tasks to queue
[2025-06-05T16:13:00.934+0000] {logging_mixin.py:190} INFO - [2025-06-05T16:13:00.933+0000] {dagbag.py:588} INFO - Filling up the DagBag from /home/airflow/.local/lib/python3.12/site-packages/airflow/example_dags/example_latest_only.py
[2025-06-05T16:13:00.947+0000] {processor.py:925} INFO - DAG(s) 'latest_only' retrieved from /home/airflow/.local/lib/python3.12/site-packages/airflow/example_dags/example_latest_only.py
[2025-06-05T16:13:00.980+0000] {logging_mixin.py:190} INFO - [2025-06-05T16:13:00.979+0000] {dag.py:3239} INFO - Sync 1 DAGs
[2025-06-05T16:13:01.016+0000] {logging_mixin.py:190} INFO - [2025-06-05T16:13:01.016+0000] {dag.py:4180} INFO - Setting next_dagrun for latest_only to 2025-06-05 12:00:00+00:00, run_after=2025-06-05 16:00:00+00:00
[2025-06-05T16:13:01.047+0000] {processor.py:208} INFO - Processing /home/airflow/.local/lib/python3.12/site-packages/airflow/example_dags/example_latest_only.py took 0.128 seconds
[2025-06-05T16:13:31.493+0000] {processor.py:186} INFO - Started process (PID=4992) to work on /home/airflow/.local/lib/python3.12/site-packages/airflow/example_dags/example_latest_only.py
[2025-06-05T16:13:31.495+0000] {processor.py:914} INFO - Processing file /home/airflow/.local/lib/python3.12/site-packages/airflow/example_dags/example_latest_only.py for tasks to queue
[2025-06-05T16:13:31.497+0000] {logging_mixin.py:190} INFO - [2025-06-05T16:13:31.497+0000] {dagbag.py:588} INFO - Filling up the DagBag from /home/airflow/.local/lib/python3.12/site-packages/airflow/example_dags/example_latest_only.py
[2025-06-05T16:13:31.511+0000] {processor.py:925} INFO - DAG(s) 'latest_only' retrieved from /home/airflow/.local/lib/python3.12/site-packages/airflow/example_dags/example_latest_only.py
[2025-06-05T16:13:31.541+0000] {logging_mixin.py:190} INFO - [2025-06-05T16:13:31.540+0000] {dag.py:3239} INFO - Sync 1 DAGs
[2025-06-05T16:13:31.576+0000] {logging_mixin.py:190} INFO - [2025-06-05T16:13:31.576+0000] {dag.py:4180} INFO - Setting next_dagrun for latest_only to 2025-06-05 12:00:00+00:00, run_after=2025-06-05 16:00:00+00:00
[2025-06-05T16:13:31.607+0000] {processor.py:208} INFO - Processing /home/airflow/.local/lib/python3.12/site-packages/airflow/example_dags/example_latest_only.py took 0.123 seconds
[2025-06-05T16:14:02.372+0000] {processor.py:186} INFO - Started process (PID=5057) to work on /home/airflow/.local/lib/python3.12/site-packages/airflow/example_dags/example_latest_only.py
[2025-06-05T16:14:02.374+0000] {processor.py:914} INFO - Processing file /home/airflow/.local/lib/python3.12/site-packages/airflow/example_dags/example_latest_only.py for tasks to queue
[2025-06-05T16:14:02.376+0000] {logging_mixin.py:190} INFO - [2025-06-05T16:14:02.376+0000] {dagbag.py:588} INFO - Filling up the DagBag from /home/airflow/.local/lib/python3.12/site-packages/airflow/example_dags/example_latest_only.py
[2025-06-05T16:14:02.390+0000] {processor.py:925} INFO - DAG(s) 'latest_only' retrieved from /home/airflow/.local/lib/python3.12/site-packages/airflow/example_dags/example_latest_only.py
[2025-06-05T16:14:02.422+0000] {logging_mixin.py:190} INFO - [2025-06-05T16:14:02.421+0000] {dag.py:3239} INFO - Sync 1 DAGs
[2025-06-05T16:14:02.458+0000] {logging_mixin.py:190} INFO - [2025-06-05T16:14:02.458+0000] {dag.py:4180} INFO - Setting next_dagrun for latest_only to 2025-06-05 12:00:00+00:00, run_after=2025-06-05 16:00:00+00:00
[2025-06-05T16:14:02.491+0000] {processor.py:208} INFO - Processing /home/airflow/.local/lib/python3.12/site-packages/airflow/example_dags/example_latest_only.py took 0.129 seconds
[2025-06-05T16:14:43.516+0000] {processor.py:186} INFO - Started process (PID=5122) to work on /home/airflow/.local/lib/python3.12/site-packages/airflow/example_dags/example_latest_only.py
[2025-06-05T16:14:43.518+0000] {processor.py:914} INFO - Processing file /home/airflow/.local/lib/python3.12/site-packages/airflow/example_dags/example_latest_only.py for tasks to queue
[2025-06-05T16:14:43.520+0000] {logging_mixin.py:190} INFO - [2025-06-05T16:14:43.520+0000] {dagbag.py:588} INFO - Filling up the DagBag from /home/airflow/.local/lib/python3.12/site-packages/airflow/example_dags/example_latest_only.py
[2025-06-05T16:14:43.533+0000] {processor.py:925} INFO - DAG(s) 'latest_only' retrieved from /home/airflow/.local/lib/python3.12/site-packages/airflow/example_dags/example_latest_only.py
[2025-06-05T16:14:43.565+0000] {logging_mixin.py:190} INFO - [2025-06-05T16:14:43.564+0000] {dag.py:3239} INFO - Sync 1 DAGs
[2025-06-05T16:14:43.606+0000] {logging_mixin.py:190} INFO - [2025-06-05T16:14:43.606+0000] {dag.py:4180} INFO - Setting next_dagrun for latest_only to 2025-06-05 12:00:00+00:00, run_after=2025-06-05 16:00:00+00:00
[2025-06-05T16:14:43.636+0000] {processor.py:208} INFO - Processing /home/airflow/.local/lib/python3.12/site-packages/airflow/example_dags/example_latest_only.py took 0.129 seconds
[2025-06-05T16:15:13.771+0000] {processor.py:186} INFO - Started process (PID=5187) to work on /home/airflow/.local/lib/python3.12/site-packages/airflow/example_dags/example_latest_only.py
[2025-06-05T16:15:13.773+0000] {processor.py:914} INFO - Processing file /home/airflow/.local/lib/python3.12/site-packages/airflow/example_dags/example_latest_only.py for tasks to queue
[2025-06-05T16:15:13.775+0000] {logging_mixin.py:190} INFO - [2025-06-05T16:15:13.774+0000] {dagbag.py:588} INFO - Filling up the DagBag from /home/airflow/.local/lib/python3.12/site-packages/airflow/example_dags/example_latest_only.py
[2025-06-05T16:15:13.788+0000] {processor.py:925} INFO - DAG(s) 'latest_only' retrieved from /home/airflow/.local/lib/python3.12/site-packages/airflow/example_dags/example_latest_only.py
[2025-06-05T16:15:13.818+0000] {logging_mixin.py:190} INFO - [2025-06-05T16:15:13.818+0000] {dag.py:3239} INFO - Sync 1 DAGs
[2025-06-05T16:15:13.858+0000] {logging_mixin.py:190} INFO - [2025-06-05T16:15:13.858+0000] {dag.py:4180} INFO - Setting next_dagrun for latest_only to 2025-06-05 12:00:00+00:00, run_after=2025-06-05 16:00:00+00:00
[2025-06-05T16:15:13.888+0000] {processor.py:208} INFO - Processing /home/airflow/.local/lib/python3.12/site-packages/airflow/example_dags/example_latest_only.py took 0.126 seconds
[2025-06-05T16:15:44.176+0000] {processor.py:186} INFO - Started process (PID=5252) to work on /home/airflow/.local/lib/python3.12/site-packages/airflow/example_dags/example_latest_only.py
[2025-06-05T16:15:44.178+0000] {processor.py:914} INFO - Processing file /home/airflow/.local/lib/python3.12/site-packages/airflow/example_dags/example_latest_only.py for tasks to queue
[2025-06-05T16:15:44.181+0000] {logging_mixin.py:190} INFO - [2025-06-05T16:15:44.180+0000] {dagbag.py:588} INFO - Filling up the DagBag from /home/airflow/.local/lib/python3.12/site-packages/airflow/example_dags/example_latest_only.py
[2025-06-05T16:15:44.194+0000] {processor.py:925} INFO - DAG(s) 'latest_only' retrieved from /home/airflow/.local/lib/python3.12/site-packages/airflow/example_dags/example_latest_only.py
[2025-06-05T16:15:44.231+0000] {logging_mixin.py:190} INFO - [2025-06-05T16:15:44.230+0000] {dag.py:3239} INFO - Sync 1 DAGs
[2025-06-05T16:15:44.276+0000] {logging_mixin.py:190} INFO - [2025-06-05T16:15:44.275+0000] {dag.py:4180} INFO - Setting next_dagrun for latest_only to 2025-06-05 12:00:00+00:00, run_after=2025-06-05 16:00:00+00:00
[2025-06-05T16:15:44.309+0000] {processor.py:208} INFO - Processing /home/airflow/.local/lib/python3.12/site-packages/airflow/example_dags/example_latest_only.py took 0.147 seconds
