[2025-06-05T16:10:40.352+0000] {processor.py:186} INFO - Started process (PID=4645) to work on /home/airflow/.local/lib/python3.12/site-packages/airflow/example_dags/example_bash_decorator.py
[2025-06-05T16:10:40.358+0000] {processor.py:914} INFO - Processing file /home/airflow/.local/lib/python3.12/site-packages/airflow/example_dags/example_bash_decorator.py for tasks to queue
[2025-06-05T16:10:40.363+0000] {logging_mixin.py:190} INFO - [2025-06-05T16:10:40.362+0000] {dagbag.py:588} INFO - Filling up the DagBag from /home/airflow/.local/lib/python3.12/site-packages/airflow/example_dags/example_bash_decorator.py
[2025-06-05T16:10:40.429+0000] {processor.py:925} INFO - DAG(s) 'example_bash_decorator' retrieved from /home/airflow/.local/lib/python3.12/site-packages/airflow/example_dags/example_bash_decorator.py
[2025-06-05T16:10:40.497+0000] {logging_mixin.py:190} INFO - [2025-06-05T16:10:40.496+0000] {dag.py:3239} INFO - Sync 1 DAGs
[2025-06-05T16:10:40.536+0000] {logging_mixin.py:190} INFO - [2025-06-05T16:10:40.535+0000] {dag.py:4180} INFO - Setting next_dagrun for example_bash_decorator to None, run_after=None
[2025-06-05T16:10:40.573+0000] {processor.py:208} INFO - Processing /home/airflow/.local/lib/python3.12/site-packages/airflow/example_dags/example_bash_decorator.py took 0.245 seconds
[2025-06-05T16:11:12.063+0000] {processor.py:186} INFO - Started process (PID=4710) to work on /home/airflow/.local/lib/python3.12/site-packages/airflow/example_dags/example_bash_decorator.py
[2025-06-05T16:11:12.064+0000] {processor.py:914} INFO - Processing file /home/airflow/.local/lib/python3.12/site-packages/airflow/example_dags/example_bash_decorator.py for tasks to queue
[2025-06-05T16:11:12.067+0000] {logging_mixin.py:190} INFO - [2025-06-05T16:11:12.066+0000] {dagbag.py:588} INFO - Filling up the DagBag from /home/airflow/.local/lib/python3.12/site-packages/airflow/example_dags/example_bash_decorator.py
[2025-06-05T16:11:12.092+0000] {processor.py:925} INFO - DAG(s) 'example_bash_decorator' retrieved from /home/airflow/.local/lib/python3.12/site-packages/airflow/example_dags/example_bash_decorator.py
[2025-06-05T16:11:12.372+0000] {logging_mixin.py:190} INFO - [2025-06-05T16:11:12.372+0000] {dag.py:3239} INFO - Sync 1 DAGs
[2025-06-05T16:11:12.391+0000] {logging_mixin.py:190} INFO - [2025-06-05T16:11:12.390+0000] {dag.py:4180} INFO - Setting next_dagrun for example_bash_decorator to None, run_after=None
[2025-06-05T16:11:12.421+0000] {processor.py:208} INFO - Processing /home/airflow/.local/lib/python3.12/site-packages/airflow/example_dags/example_bash_decorator.py took 0.368 seconds
[2025-06-05T16:11:43.143+0000] {processor.py:186} INFO - Started process (PID=4775) to work on /home/airflow/.local/lib/python3.12/site-packages/airflow/example_dags/example_bash_decorator.py
[2025-06-05T16:11:43.145+0000] {processor.py:914} INFO - Processing file /home/airflow/.local/lib/python3.12/site-packages/airflow/example_dags/example_bash_decorator.py for tasks to queue
[2025-06-05T16:11:43.147+0000] {logging_mixin.py:190} INFO - [2025-06-05T16:11:43.146+0000] {dagbag.py:588} INFO - Filling up the DagBag from /home/airflow/.local/lib/python3.12/site-packages/airflow/example_dags/example_bash_decorator.py
[2025-06-05T16:11:43.178+0000] {processor.py:925} INFO - DAG(s) 'example_bash_decorator' retrieved from /home/airflow/.local/lib/python3.12/site-packages/airflow/example_dags/example_bash_decorator.py
[2025-06-05T16:11:43.220+0000] {logging_mixin.py:190} INFO - [2025-06-05T16:11:43.219+0000] {dag.py:3239} INFO - Sync 1 DAGs
[2025-06-05T16:11:43.245+0000] {logging_mixin.py:190} INFO - [2025-06-05T16:11:43.245+0000] {dag.py:4180} INFO - Setting next_dagrun for example_bash_decorator to None, run_after=None
[2025-06-05T16:11:43.280+0000] {processor.py:208} INFO - Processing /home/airflow/.local/lib/python3.12/site-packages/airflow/example_dags/example_bash_decorator.py took 0.149 seconds
[2025-06-05T16:12:14.142+0000] {processor.py:186} INFO - Started process (PID=4840) to work on /home/airflow/.local/lib/python3.12/site-packages/airflow/example_dags/example_bash_decorator.py
[2025-06-05T16:12:14.143+0000] {processor.py:914} INFO - Processing file /home/airflow/.local/lib/python3.12/site-packages/airflow/example_dags/example_bash_decorator.py for tasks to queue
[2025-06-05T16:12:14.146+0000] {logging_mixin.py:190} INFO - [2025-06-05T16:12:14.146+0000] {dagbag.py:588} INFO - Filling up the DagBag from /home/airflow/.local/lib/python3.12/site-packages/airflow/example_dags/example_bash_decorator.py
[2025-06-05T16:12:14.171+0000] {processor.py:925} INFO - DAG(s) 'example_bash_decorator' retrieved from /home/airflow/.local/lib/python3.12/site-packages/airflow/example_dags/example_bash_decorator.py
[2025-06-05T16:12:14.210+0000] {logging_mixin.py:190} INFO - [2025-06-05T16:12:14.209+0000] {dag.py:3239} INFO - Sync 1 DAGs
[2025-06-05T16:12:14.235+0000] {logging_mixin.py:190} INFO - [2025-06-05T16:12:14.234+0000] {dag.py:4180} INFO - Setting next_dagrun for example_bash_decorator to None, run_after=None
[2025-06-05T16:12:14.267+0000] {processor.py:208} INFO - Processing /home/airflow/.local/lib/python3.12/site-packages/airflow/example_dags/example_bash_decorator.py took 0.136 seconds
[2025-06-05T16:12:45.008+0000] {processor.py:186} INFO - Started process (PID=4905) to work on /home/airflow/.local/lib/python3.12/site-packages/airflow/example_dags/example_bash_decorator.py
[2025-06-05T16:12:45.010+0000] {processor.py:914} INFO - Processing file /home/airflow/.local/lib/python3.12/site-packages/airflow/example_dags/example_bash_decorator.py for tasks to queue
[2025-06-05T16:12:45.012+0000] {logging_mixin.py:190} INFO - [2025-06-05T16:12:45.012+0000] {dagbag.py:588} INFO - Filling up the DagBag from /home/airflow/.local/lib/python3.12/site-packages/airflow/example_dags/example_bash_decorator.py
[2025-06-05T16:12:45.037+0000] {processor.py:925} INFO - DAG(s) 'example_bash_decorator' retrieved from /home/airflow/.local/lib/python3.12/site-packages/airflow/example_dags/example_bash_decorator.py
[2025-06-05T16:12:45.075+0000] {logging_mixin.py:190} INFO - [2025-06-05T16:12:45.075+0000] {dag.py:3239} INFO - Sync 1 DAGs
[2025-06-05T16:12:45.101+0000] {logging_mixin.py:190} INFO - [2025-06-05T16:12:45.100+0000] {dag.py:4180} INFO - Setting next_dagrun for example_bash_decorator to None, run_after=None
[2025-06-05T16:12:45.140+0000] {processor.py:208} INFO - Processing /home/airflow/.local/lib/python3.12/site-packages/airflow/example_dags/example_bash_decorator.py took 0.142 seconds
[2025-06-05T16:13:15.432+0000] {processor.py:186} INFO - Started process (PID=4969) to work on /home/airflow/.local/lib/python3.12/site-packages/airflow/example_dags/example_bash_decorator.py
[2025-06-05T16:13:15.434+0000] {processor.py:914} INFO - Processing file /home/airflow/.local/lib/python3.12/site-packages/airflow/example_dags/example_bash_decorator.py for tasks to queue
[2025-06-05T16:13:15.436+0000] {logging_mixin.py:190} INFO - [2025-06-05T16:13:15.436+0000] {dagbag.py:588} INFO - Filling up the DagBag from /home/airflow/.local/lib/python3.12/site-packages/airflow/example_dags/example_bash_decorator.py
[2025-06-05T16:13:15.461+0000] {processor.py:925} INFO - DAG(s) 'example_bash_decorator' retrieved from /home/airflow/.local/lib/python3.12/site-packages/airflow/example_dags/example_bash_decorator.py
[2025-06-05T16:13:15.501+0000] {logging_mixin.py:190} INFO - [2025-06-05T16:13:15.500+0000] {dag.py:3239} INFO - Sync 1 DAGs
[2025-06-05T16:13:15.525+0000] {logging_mixin.py:190} INFO - [2025-06-05T16:13:15.524+0000] {dag.py:4180} INFO - Setting next_dagrun for example_bash_decorator to None, run_after=None
[2025-06-05T16:13:15.556+0000] {processor.py:208} INFO - Processing /home/airflow/.local/lib/python3.12/site-packages/airflow/example_dags/example_bash_decorator.py took 0.134 seconds
[2025-06-05T16:13:45.791+0000] {processor.py:186} INFO - Started process (PID=5033) to work on /home/airflow/.local/lib/python3.12/site-packages/airflow/example_dags/example_bash_decorator.py
[2025-06-05T16:13:45.794+0000] {processor.py:914} INFO - Processing file /home/airflow/.local/lib/python3.12/site-packages/airflow/example_dags/example_bash_decorator.py for tasks to queue
[2025-06-05T16:13:45.796+0000] {logging_mixin.py:190} INFO - [2025-06-05T16:13:45.795+0000] {dagbag.py:588} INFO - Filling up the DagBag from /home/airflow/.local/lib/python3.12/site-packages/airflow/example_dags/example_bash_decorator.py
[2025-06-05T16:13:45.828+0000] {processor.py:925} INFO - DAG(s) 'example_bash_decorator' retrieved from /home/airflow/.local/lib/python3.12/site-packages/airflow/example_dags/example_bash_decorator.py
[2025-06-05T16:13:45.867+0000] {logging_mixin.py:190} INFO - [2025-06-05T16:13:45.866+0000] {dag.py:3239} INFO - Sync 1 DAGs
[2025-06-05T16:13:45.891+0000] {logging_mixin.py:190} INFO - [2025-06-05T16:13:45.891+0000] {dag.py:4180} INFO - Setting next_dagrun for example_bash_decorator to None, run_after=None
[2025-06-05T16:13:45.921+0000] {processor.py:208} INFO - Processing /home/airflow/.local/lib/python3.12/site-packages/airflow/example_dags/example_bash_decorator.py took 0.142 seconds
[2025-06-05T16:14:16.489+0000] {processor.py:186} INFO - Started process (PID=5098) to work on /home/airflow/.local/lib/python3.12/site-packages/airflow/example_dags/example_bash_decorator.py
[2025-06-05T16:14:16.491+0000] {processor.py:914} INFO - Processing file /home/airflow/.local/lib/python3.12/site-packages/airflow/example_dags/example_bash_decorator.py for tasks to queue
[2025-06-05T16:14:16.493+0000] {logging_mixin.py:190} INFO - [2025-06-05T16:14:16.492+0000] {dagbag.py:588} INFO - Filling up the DagBag from /home/airflow/.local/lib/python3.12/site-packages/airflow/example_dags/example_bash_decorator.py
[2025-06-05T16:14:16.517+0000] {processor.py:925} INFO - DAG(s) 'example_bash_decorator' retrieved from /home/airflow/.local/lib/python3.12/site-packages/airflow/example_dags/example_bash_decorator.py
[2025-06-05T16:14:16.554+0000] {logging_mixin.py:190} INFO - [2025-06-05T16:14:16.553+0000] {dag.py:3239} INFO - Sync 1 DAGs
[2025-06-05T16:14:16.577+0000] {logging_mixin.py:190} INFO - [2025-06-05T16:14:16.577+0000] {dag.py:4180} INFO - Setting next_dagrun for example_bash_decorator to None, run_after=None
[2025-06-05T16:14:16.606+0000] {processor.py:208} INFO - Processing /home/airflow/.local/lib/python3.12/site-packages/airflow/example_dags/example_bash_decorator.py took 0.127 seconds
[2025-06-05T16:14:48.108+0000] {processor.py:186} INFO - Started process (PID=5162) to work on /home/airflow/.local/lib/python3.12/site-packages/airflow/example_dags/example_bash_decorator.py
[2025-06-05T16:14:48.110+0000] {processor.py:914} INFO - Processing file /home/airflow/.local/lib/python3.12/site-packages/airflow/example_dags/example_bash_decorator.py for tasks to queue
[2025-06-05T16:14:48.112+0000] {logging_mixin.py:190} INFO - [2025-06-05T16:14:48.112+0000] {dagbag.py:588} INFO - Filling up the DagBag from /home/airflow/.local/lib/python3.12/site-packages/airflow/example_dags/example_bash_decorator.py
[2025-06-05T16:14:48.137+0000] {processor.py:925} INFO - DAG(s) 'example_bash_decorator' retrieved from /home/airflow/.local/lib/python3.12/site-packages/airflow/example_dags/example_bash_decorator.py
[2025-06-05T16:14:48.177+0000] {logging_mixin.py:190} INFO - [2025-06-05T16:14:48.177+0000] {dag.py:3239} INFO - Sync 1 DAGs
[2025-06-05T16:14:48.203+0000] {logging_mixin.py:190} INFO - [2025-06-05T16:14:48.203+0000] {dag.py:4180} INFO - Setting next_dagrun for example_bash_decorator to None, run_after=None
[2025-06-05T16:14:48.235+0000] {processor.py:208} INFO - Processing /home/airflow/.local/lib/python3.12/site-packages/airflow/example_dags/example_bash_decorator.py took 0.136 seconds
[2025-06-05T16:15:20.978+0000] {processor.py:186} INFO - Started process (PID=5229) to work on /home/airflow/.local/lib/python3.12/site-packages/airflow/example_dags/example_bash_decorator.py
[2025-06-05T16:15:20.981+0000] {processor.py:914} INFO - Processing file /home/airflow/.local/lib/python3.12/site-packages/airflow/example_dags/example_bash_decorator.py for tasks to queue
[2025-06-05T16:15:20.985+0000] {logging_mixin.py:190} INFO - [2025-06-05T16:15:20.984+0000] {dagbag.py:588} INFO - Filling up the DagBag from /home/airflow/.local/lib/python3.12/site-packages/airflow/example_dags/example_bash_decorator.py
[2025-06-05T16:15:21.029+0000] {processor.py:925} INFO - DAG(s) 'example_bash_decorator' retrieved from /home/airflow/.local/lib/python3.12/site-packages/airflow/example_dags/example_bash_decorator.py
[2025-06-05T16:15:21.072+0000] {logging_mixin.py:190} INFO - [2025-06-05T16:15:21.072+0000] {dag.py:3239} INFO - Sync 1 DAGs
[2025-06-05T16:15:21.102+0000] {logging_mixin.py:190} INFO - [2025-06-05T16:15:21.102+0000] {dag.py:4180} INFO - Setting next_dagrun for example_bash_decorator to None, run_after=None
[2025-06-05T16:15:21.140+0000] {processor.py:208} INFO - Processing /home/airflow/.local/lib/python3.12/site-packages/airflow/example_dags/example_bash_decorator.py took 0.175 seconds
[2025-06-05T16:15:52.290+0000] {processor.py:186} INFO - Started process (PID=5294) to work on /home/airflow/.local/lib/python3.12/site-packages/airflow/example_dags/example_bash_decorator.py
[2025-06-05T16:15:52.292+0000] {processor.py:914} INFO - Processing file /home/airflow/.local/lib/python3.12/site-packages/airflow/example_dags/example_bash_decorator.py for tasks to queue
[2025-06-05T16:15:52.295+0000] {logging_mixin.py:190} INFO - [2025-06-05T16:15:52.295+0000] {dagbag.py:588} INFO - Filling up the DagBag from /home/airflow/.local/lib/python3.12/site-packages/airflow/example_dags/example_bash_decorator.py
[2025-06-05T16:15:52.330+0000] {processor.py:925} INFO - DAG(s) 'example_bash_decorator' retrieved from /home/airflow/.local/lib/python3.12/site-packages/airflow/example_dags/example_bash_decorator.py
[2025-06-05T16:15:52.383+0000] {logging_mixin.py:190} INFO - [2025-06-05T16:15:52.383+0000] {dag.py:3239} INFO - Sync 1 DAGs
[2025-06-05T16:15:52.417+0000] {logging_mixin.py:190} INFO - [2025-06-05T16:15:52.416+0000] {dag.py:4180} INFO - Setting next_dagrun for example_bash_decorator to None, run_after=None
[2025-06-05T16:15:52.450+0000] {processor.py:208} INFO - Processing /home/airflow/.local/lib/python3.12/site-packages/airflow/example_dags/example_bash_decorator.py took 0.177 seconds
