[2025-06-05T16:10:34.040+0000] {processor.py:186} INFO - Started process (PID=4625) to work on /home/airflow/.local/lib/python3.12/site-packages/airflow/example_dags/example_workday_timetable.py
[2025-06-05T16:10:34.042+0000] {processor.py:914} INFO - Processing file /home/airflow/.local/lib/python3.12/site-packages/airflow/example_dags/example_workday_timetable.py for tasks to queue
[2025-06-05T16:10:34.044+0000] {logging_mixin.py:190} INFO - [2025-06-05T16:10:34.044+0000] {dagbag.py:588} INFO - Filling up the DagBag from /home/airflow/.local/lib/python3.12/site-packages/airflow/example_dags/example_workday_timetable.py
[2025-06-05T16:10:34.056+0000] {processor.py:925} INFO - DAG(s) 'example_workday_timetable' retrieved from /home/airflow/.local/lib/python3.12/site-packages/airflow/example_dags/example_workday_timetable.py
[2025-06-05T16:10:34.087+0000] {logging_mixin.py:190} INFO - [2025-06-05T16:10:34.087+0000] {dag.py:3239} INFO - Sync 1 DAGs
[2025-06-05T16:10:34.428+0000] {logging_mixin.py:190} INFO - [2025-06-05T16:10:34.427+0000] {dag.py:4180} INFO - Setting next_dagrun for example_workday_timetable to 2021-01-04 00:00:00+00:00, run_after=2021-01-05 00:00:00+00:00
[2025-06-05T16:10:34.457+0000] {processor.py:208} INFO - Processing /home/airflow/.local/lib/python3.12/site-packages/airflow/example_dags/example_workday_timetable.py took 0.427 seconds
[2025-06-05T16:11:04.699+0000] {processor.py:186} INFO - Started process (PID=4689) to work on /home/airflow/.local/lib/python3.12/site-packages/airflow/example_dags/example_workday_timetable.py
[2025-06-05T16:11:04.701+0000] {processor.py:914} INFO - Processing file /home/airflow/.local/lib/python3.12/site-packages/airflow/example_dags/example_workday_timetable.py for tasks to queue
[2025-06-05T16:11:04.703+0000] {logging_mixin.py:190} INFO - [2025-06-05T16:11:04.703+0000] {dagbag.py:588} INFO - Filling up the DagBag from /home/airflow/.local/lib/python3.12/site-packages/airflow/example_dags/example_workday_timetable.py
[2025-06-05T16:11:04.713+0000] {processor.py:925} INFO - DAG(s) 'example_workday_timetable' retrieved from /home/airflow/.local/lib/python3.12/site-packages/airflow/example_dags/example_workday_timetable.py
[2025-06-05T16:11:04.746+0000] {logging_mixin.py:190} INFO - [2025-06-05T16:11:04.746+0000] {dag.py:3239} INFO - Sync 1 DAGs
[2025-06-05T16:11:05.090+0000] {logging_mixin.py:190} INFO - [2025-06-05T16:11:05.090+0000] {dag.py:4180} INFO - Setting next_dagrun for example_workday_timetable to 2021-01-04 00:00:00+00:00, run_after=2021-01-05 00:00:00+00:00
[2025-06-05T16:11:05.121+0000] {processor.py:208} INFO - Processing /home/airflow/.local/lib/python3.12/site-packages/airflow/example_dags/example_workday_timetable.py took 0.432 seconds
[2025-06-05T16:11:35.230+0000] {processor.py:186} INFO - Started process (PID=4754) to work on /home/airflow/.local/lib/python3.12/site-packages/airflow/example_dags/example_workday_timetable.py
[2025-06-05T16:11:35.232+0000] {processor.py:914} INFO - Processing file /home/airflow/.local/lib/python3.12/site-packages/airflow/example_dags/example_workday_timetable.py for tasks to queue
[2025-06-05T16:11:35.235+0000] {logging_mixin.py:190} INFO - [2025-06-05T16:11:35.234+0000] {dagbag.py:588} INFO - Filling up the DagBag from /home/airflow/.local/lib/python3.12/site-packages/airflow/example_dags/example_workday_timetable.py
[2025-06-05T16:11:35.245+0000] {processor.py:925} INFO - DAG(s) 'example_workday_timetable' retrieved from /home/airflow/.local/lib/python3.12/site-packages/airflow/example_dags/example_workday_timetable.py
[2025-06-05T16:11:35.277+0000] {logging_mixin.py:190} INFO - [2025-06-05T16:11:35.277+0000] {dag.py:3239} INFO - Sync 1 DAGs
[2025-06-05T16:11:35.380+0000] {logging_mixin.py:190} INFO - [2025-06-05T16:11:35.379+0000] {dag.py:4180} INFO - Setting next_dagrun for example_workday_timetable to 2021-01-04 00:00:00+00:00, run_after=2021-01-05 00:00:00+00:00
[2025-06-05T16:11:35.414+0000] {processor.py:208} INFO - Processing /home/airflow/.local/lib/python3.12/site-packages/airflow/example_dags/example_workday_timetable.py took 0.194 seconds
[2025-06-05T16:12:05.840+0000] {processor.py:186} INFO - Started process (PID=4819) to work on /home/airflow/.local/lib/python3.12/site-packages/airflow/example_dags/example_workday_timetable.py
[2025-06-05T16:12:05.842+0000] {processor.py:914} INFO - Processing file /home/airflow/.local/lib/python3.12/site-packages/airflow/example_dags/example_workday_timetable.py for tasks to queue
[2025-06-05T16:12:05.845+0000] {logging_mixin.py:190} INFO - [2025-06-05T16:12:05.844+0000] {dagbag.py:588} INFO - Filling up the DagBag from /home/airflow/.local/lib/python3.12/site-packages/airflow/example_dags/example_workday_timetable.py
[2025-06-05T16:12:05.855+0000] {processor.py:925} INFO - DAG(s) 'example_workday_timetable' retrieved from /home/airflow/.local/lib/python3.12/site-packages/airflow/example_dags/example_workday_timetable.py
[2025-06-05T16:12:05.887+0000] {logging_mixin.py:190} INFO - [2025-06-05T16:12:05.886+0000] {dag.py:3239} INFO - Sync 1 DAGs
[2025-06-05T16:12:05.982+0000] {logging_mixin.py:190} INFO - [2025-06-05T16:12:05.982+0000] {dag.py:4180} INFO - Setting next_dagrun for example_workday_timetable to 2021-01-04 00:00:00+00:00, run_after=2021-01-05 00:00:00+00:00
[2025-06-05T16:12:06.016+0000] {processor.py:208} INFO - Processing /home/airflow/.local/lib/python3.12/site-packages/airflow/example_dags/example_workday_timetable.py took 0.186 seconds
[2025-06-05T16:12:36.575+0000] {processor.py:186} INFO - Started process (PID=4884) to work on /home/airflow/.local/lib/python3.12/site-packages/airflow/example_dags/example_workday_timetable.py
[2025-06-05T16:12:36.577+0000] {processor.py:914} INFO - Processing file /home/airflow/.local/lib/python3.12/site-packages/airflow/example_dags/example_workday_timetable.py for tasks to queue
[2025-06-05T16:12:36.579+0000] {logging_mixin.py:190} INFO - [2025-06-05T16:12:36.579+0000] {dagbag.py:588} INFO - Filling up the DagBag from /home/airflow/.local/lib/python3.12/site-packages/airflow/example_dags/example_workday_timetable.py
[2025-06-05T16:12:36.589+0000] {processor.py:925} INFO - DAG(s) 'example_workday_timetable' retrieved from /home/airflow/.local/lib/python3.12/site-packages/airflow/example_dags/example_workday_timetable.py
[2025-06-05T16:12:36.620+0000] {logging_mixin.py:190} INFO - [2025-06-05T16:12:36.619+0000] {dag.py:3239} INFO - Sync 1 DAGs
[2025-06-05T16:12:36.723+0000] {logging_mixin.py:190} INFO - [2025-06-05T16:12:36.722+0000] {dag.py:4180} INFO - Setting next_dagrun for example_workday_timetable to 2021-01-04 00:00:00+00:00, run_after=2021-01-05 00:00:00+00:00
[2025-06-05T16:12:36.756+0000] {processor.py:208} INFO - Processing /home/airflow/.local/lib/python3.12/site-packages/airflow/example_dags/example_workday_timetable.py took 0.192 seconds
[2025-06-05T16:13:06.919+0000] {processor.py:186} INFO - Started process (PID=4949) to work on /home/airflow/.local/lib/python3.12/site-packages/airflow/example_dags/example_workday_timetable.py
[2025-06-05T16:13:06.921+0000] {processor.py:914} INFO - Processing file /home/airflow/.local/lib/python3.12/site-packages/airflow/example_dags/example_workday_timetable.py for tasks to queue
[2025-06-05T16:13:06.923+0000] {logging_mixin.py:190} INFO - [2025-06-05T16:13:06.923+0000] {dagbag.py:588} INFO - Filling up the DagBag from /home/airflow/.local/lib/python3.12/site-packages/airflow/example_dags/example_workday_timetable.py
[2025-06-05T16:13:06.933+0000] {processor.py:925} INFO - DAG(s) 'example_workday_timetable' retrieved from /home/airflow/.local/lib/python3.12/site-packages/airflow/example_dags/example_workday_timetable.py
[2025-06-05T16:13:06.966+0000] {logging_mixin.py:190} INFO - [2025-06-05T16:13:06.966+0000] {dag.py:3239} INFO - Sync 1 DAGs
[2025-06-05T16:13:07.061+0000] {logging_mixin.py:190} INFO - [2025-06-05T16:13:07.060+0000] {dag.py:4180} INFO - Setting next_dagrun for example_workday_timetable to 2021-01-04 00:00:00+00:00, run_after=2021-01-05 00:00:00+00:00
[2025-06-05T16:13:07.094+0000] {processor.py:208} INFO - Processing /home/airflow/.local/lib/python3.12/site-packages/airflow/example_dags/example_workday_timetable.py took 0.185 seconds
[2025-06-05T16:13:37.546+0000] {processor.py:186} INFO - Started process (PID=5014) to work on /home/airflow/.local/lib/python3.12/site-packages/airflow/example_dags/example_workday_timetable.py
[2025-06-05T16:13:37.548+0000] {processor.py:914} INFO - Processing file /home/airflow/.local/lib/python3.12/site-packages/airflow/example_dags/example_workday_timetable.py for tasks to queue
[2025-06-05T16:13:37.551+0000] {logging_mixin.py:190} INFO - [2025-06-05T16:13:37.550+0000] {dagbag.py:588} INFO - Filling up the DagBag from /home/airflow/.local/lib/python3.12/site-packages/airflow/example_dags/example_workday_timetable.py
[2025-06-05T16:13:37.561+0000] {processor.py:925} INFO - DAG(s) 'example_workday_timetable' retrieved from /home/airflow/.local/lib/python3.12/site-packages/airflow/example_dags/example_workday_timetable.py
[2025-06-05T16:13:37.593+0000] {logging_mixin.py:190} INFO - [2025-06-05T16:13:37.593+0000] {dag.py:3239} INFO - Sync 1 DAGs
[2025-06-05T16:13:37.694+0000] {logging_mixin.py:190} INFO - [2025-06-05T16:13:37.693+0000] {dag.py:4180} INFO - Setting next_dagrun for example_workday_timetable to 2021-01-04 00:00:00+00:00, run_after=2021-01-05 00:00:00+00:00
[2025-06-05T16:13:37.725+0000] {processor.py:208} INFO - Processing /home/airflow/.local/lib/python3.12/site-packages/airflow/example_dags/example_workday_timetable.py took 0.190 seconds
[2025-06-05T16:14:08.414+0000] {processor.py:186} INFO - Started process (PID=5079) to work on /home/airflow/.local/lib/python3.12/site-packages/airflow/example_dags/example_workday_timetable.py
[2025-06-05T16:14:08.415+0000] {processor.py:914} INFO - Processing file /home/airflow/.local/lib/python3.12/site-packages/airflow/example_dags/example_workday_timetable.py for tasks to queue
[2025-06-05T16:14:08.418+0000] {logging_mixin.py:190} INFO - [2025-06-05T16:14:08.417+0000] {dagbag.py:588} INFO - Filling up the DagBag from /home/airflow/.local/lib/python3.12/site-packages/airflow/example_dags/example_workday_timetable.py
[2025-06-05T16:14:08.427+0000] {processor.py:925} INFO - DAG(s) 'example_workday_timetable' retrieved from /home/airflow/.local/lib/python3.12/site-packages/airflow/example_dags/example_workday_timetable.py
[2025-06-05T16:14:08.459+0000] {logging_mixin.py:190} INFO - [2025-06-05T16:14:08.459+0000] {dag.py:3239} INFO - Sync 1 DAGs
[2025-06-05T16:14:08.555+0000] {logging_mixin.py:190} INFO - [2025-06-05T16:14:08.555+0000] {dag.py:4180} INFO - Setting next_dagrun for example_workday_timetable to 2021-01-04 00:00:00+00:00, run_after=2021-01-05 00:00:00+00:00
[2025-06-05T16:14:08.588+0000] {processor.py:208} INFO - Processing /home/airflow/.local/lib/python3.12/site-packages/airflow/example_dags/example_workday_timetable.py took 0.184 seconds
[2025-06-05T16:14:45.868+0000] {processor.py:186} INFO - Started process (PID=5144) to work on /home/airflow/.local/lib/python3.12/site-packages/airflow/example_dags/example_workday_timetable.py
[2025-06-05T16:14:45.870+0000] {processor.py:914} INFO - Processing file /home/airflow/.local/lib/python3.12/site-packages/airflow/example_dags/example_workday_timetable.py for tasks to queue
[2025-06-05T16:14:45.872+0000] {logging_mixin.py:190} INFO - [2025-06-05T16:14:45.872+0000] {dagbag.py:588} INFO - Filling up the DagBag from /home/airflow/.local/lib/python3.12/site-packages/airflow/example_dags/example_workday_timetable.py
[2025-06-05T16:14:45.883+0000] {processor.py:925} INFO - DAG(s) 'example_workday_timetable' retrieved from /home/airflow/.local/lib/python3.12/site-packages/airflow/example_dags/example_workday_timetable.py
[2025-06-05T16:14:45.919+0000] {logging_mixin.py:190} INFO - [2025-06-05T16:14:45.918+0000] {dag.py:3239} INFO - Sync 1 DAGs
[2025-06-05T16:14:46.040+0000] {logging_mixin.py:190} INFO - [2025-06-05T16:14:46.039+0000] {dag.py:4180} INFO - Setting next_dagrun for example_workday_timetable to 2021-01-04 00:00:00+00:00, run_after=2021-01-05 00:00:00+00:00
[2025-06-05T16:14:46.070+0000] {processor.py:208} INFO - Processing /home/airflow/.local/lib/python3.12/site-packages/airflow/example_dags/example_workday_timetable.py took 0.211 seconds
[2025-06-05T16:15:16.178+0000] {processor.py:186} INFO - Started process (PID=5209) to work on /home/airflow/.local/lib/python3.12/site-packages/airflow/example_dags/example_workday_timetable.py
[2025-06-05T16:15:16.180+0000] {processor.py:914} INFO - Processing file /home/airflow/.local/lib/python3.12/site-packages/airflow/example_dags/example_workday_timetable.py for tasks to queue
[2025-06-05T16:15:16.182+0000] {logging_mixin.py:190} INFO - [2025-06-05T16:15:16.182+0000] {dagbag.py:588} INFO - Filling up the DagBag from /home/airflow/.local/lib/python3.12/site-packages/airflow/example_dags/example_workday_timetable.py
[2025-06-05T16:15:16.192+0000] {processor.py:925} INFO - DAG(s) 'example_workday_timetable' retrieved from /home/airflow/.local/lib/python3.12/site-packages/airflow/example_dags/example_workday_timetable.py
[2025-06-05T16:15:16.223+0000] {logging_mixin.py:190} INFO - [2025-06-05T16:15:16.223+0000] {dag.py:3239} INFO - Sync 1 DAGs
[2025-06-05T16:15:16.327+0000] {logging_mixin.py:190} INFO - [2025-06-05T16:15:16.327+0000] {dag.py:4180} INFO - Setting next_dagrun for example_workday_timetable to 2021-01-04 00:00:00+00:00, run_after=2021-01-05 00:00:00+00:00
[2025-06-05T16:15:16.359+0000] {processor.py:208} INFO - Processing /home/airflow/.local/lib/python3.12/site-packages/airflow/example_dags/example_workday_timetable.py took 0.191 seconds
[2025-06-05T16:15:46.527+0000] {processor.py:186} INFO - Started process (PID=5274) to work on /home/airflow/.local/lib/python3.12/site-packages/airflow/example_dags/example_workday_timetable.py
[2025-06-05T16:15:46.528+0000] {processor.py:914} INFO - Processing file /home/airflow/.local/lib/python3.12/site-packages/airflow/example_dags/example_workday_timetable.py for tasks to queue
[2025-06-05T16:15:46.531+0000] {logging_mixin.py:190} INFO - [2025-06-05T16:15:46.530+0000] {dagbag.py:588} INFO - Filling up the DagBag from /home/airflow/.local/lib/python3.12/site-packages/airflow/example_dags/example_workday_timetable.py
[2025-06-05T16:15:46.547+0000] {processor.py:925} INFO - DAG(s) 'example_workday_timetable' retrieved from /home/airflow/.local/lib/python3.12/site-packages/airflow/example_dags/example_workday_timetable.py
[2025-06-05T16:15:46.577+0000] {logging_mixin.py:190} INFO - [2025-06-05T16:15:46.577+0000] {dag.py:3239} INFO - Sync 1 DAGs
[2025-06-05T16:15:46.673+0000] {logging_mixin.py:190} INFO - [2025-06-05T16:15:46.673+0000] {dag.py:4180} INFO - Setting next_dagrun for example_workday_timetable to 2021-01-04 00:00:00+00:00, run_after=2021-01-05 00:00:00+00:00
[2025-06-05T16:15:46.705+0000] {processor.py:208} INFO - Processing /home/airflow/.local/lib/python3.12/site-packages/airflow/example_dags/example_workday_timetable.py took 0.188 seconds
