[2025-06-05T16:10:41.185+0000] {processor.py:186} INFO - Started process (PID=4652) to work on /home/airflow/.local/lib/python3.12/site-packages/airflow/example_dags/example_external_task_marker_dag.py
[2025-06-05T16:10:41.187+0000] {processor.py:914} INFO - Processing file /home/airflow/.local/lib/python3.12/site-packages/airflow/example_dags/example_external_task_marker_dag.py for tasks to queue
[2025-06-05T16:10:41.190+0000] {logging_mixin.py:190} INFO - [2025-06-05T16:10:41.189+0000] {dagbag.py:588} INFO - Filling up the DagBag from /home/airflow/.local/lib/python3.12/site-packages/airflow/example_dags/example_external_task_marker_dag.py
[2025-06-05T16:10:41.206+0000] {processor.py:925} INFO - DAG(s) 'example_external_task_marker_parent', 'example_external_task_marker_child' retrieved from /home/airflow/.local/lib/python3.12/site-packages/airflow/example_dags/example_external_task_marker_dag.py
[2025-06-05T16:10:41.246+0000] {logging_mixin.py:190} INFO - [2025-06-05T16:10:41.246+0000] {dag.py:3239} INFO - Sync 2 DAGs
[2025-06-05T16:10:41.274+0000] {logging_mixin.py:190} INFO - [2025-06-05T16:10:41.274+0000] {dag.py:4180} INFO - Setting next_dagrun for example_external_task_marker_child to None, run_after=None
[2025-06-05T16:10:41.281+0000] {logging_mixin.py:190} INFO - [2025-06-05T16:10:41.280+0000] {dag.py:4180} INFO - Setting next_dagrun for example_external_task_marker_parent to None, run_after=None
[2025-06-05T16:10:41.308+0000] {processor.py:208} INFO - Processing /home/airflow/.local/lib/python3.12/site-packages/airflow/example_dags/example_external_task_marker_dag.py took 0.133 seconds
[2025-06-05T16:11:13.508+0000] {processor.py:186} INFO - Started process (PID=4717) to work on /home/airflow/.local/lib/python3.12/site-packages/airflow/example_dags/example_external_task_marker_dag.py
[2025-06-05T16:11:13.509+0000] {processor.py:914} INFO - Processing file /home/airflow/.local/lib/python3.12/site-packages/airflow/example_dags/example_external_task_marker_dag.py for tasks to queue
[2025-06-05T16:11:13.512+0000] {logging_mixin.py:190} INFO - [2025-06-05T16:11:13.511+0000] {dagbag.py:588} INFO - Filling up the DagBag from /home/airflow/.local/lib/python3.12/site-packages/airflow/example_dags/example_external_task_marker_dag.py
[2025-06-05T16:11:13.525+0000] {processor.py:925} INFO - DAG(s) 'example_external_task_marker_parent', 'example_external_task_marker_child' retrieved from /home/airflow/.local/lib/python3.12/site-packages/airflow/example_dags/example_external_task_marker_dag.py
[2025-06-05T16:11:13.566+0000] {logging_mixin.py:190} INFO - [2025-06-05T16:11:13.566+0000] {dag.py:3239} INFO - Sync 2 DAGs
[2025-06-05T16:11:13.592+0000] {logging_mixin.py:190} INFO - [2025-06-05T16:11:13.591+0000] {dag.py:4180} INFO - Setting next_dagrun for example_external_task_marker_child to None, run_after=None
[2025-06-05T16:11:13.599+0000] {logging_mixin.py:190} INFO - [2025-06-05T16:11:13.599+0000] {dag.py:4180} INFO - Setting next_dagrun for example_external_task_marker_parent to None, run_after=None
[2025-06-05T16:11:13.627+0000] {processor.py:208} INFO - Processing /home/airflow/.local/lib/python3.12/site-packages/airflow/example_dags/example_external_task_marker_dag.py took 0.129 seconds
[2025-06-05T16:11:43.798+0000] {processor.py:186} INFO - Started process (PID=4782) to work on /home/airflow/.local/lib/python3.12/site-packages/airflow/example_dags/example_external_task_marker_dag.py
[2025-06-05T16:11:43.800+0000] {processor.py:914} INFO - Processing file /home/airflow/.local/lib/python3.12/site-packages/airflow/example_dags/example_external_task_marker_dag.py for tasks to queue
[2025-06-05T16:11:43.802+0000] {logging_mixin.py:190} INFO - [2025-06-05T16:11:43.802+0000] {dagbag.py:588} INFO - Filling up the DagBag from /home/airflow/.local/lib/python3.12/site-packages/airflow/example_dags/example_external_task_marker_dag.py
[2025-06-05T16:11:43.817+0000] {processor.py:925} INFO - DAG(s) 'example_external_task_marker_child', 'example_external_task_marker_parent' retrieved from /home/airflow/.local/lib/python3.12/site-packages/airflow/example_dags/example_external_task_marker_dag.py
[2025-06-05T16:11:43.859+0000] {logging_mixin.py:190} INFO - [2025-06-05T16:11:43.858+0000] {dag.py:3239} INFO - Sync 2 DAGs
[2025-06-05T16:11:43.885+0000] {logging_mixin.py:190} INFO - [2025-06-05T16:11:43.885+0000] {dag.py:4180} INFO - Setting next_dagrun for example_external_task_marker_child to None, run_after=None
[2025-06-05T16:11:43.893+0000] {logging_mixin.py:190} INFO - [2025-06-05T16:11:43.892+0000] {dag.py:4180} INFO - Setting next_dagrun for example_external_task_marker_parent to None, run_after=None
[2025-06-05T16:11:43.920+0000] {processor.py:208} INFO - Processing /home/airflow/.local/lib/python3.12/site-packages/airflow/example_dags/example_external_task_marker_dag.py took 0.132 seconds
[2025-06-05T16:12:14.830+0000] {processor.py:186} INFO - Started process (PID=4847) to work on /home/airflow/.local/lib/python3.12/site-packages/airflow/example_dags/example_external_task_marker_dag.py
[2025-06-05T16:12:14.832+0000] {processor.py:914} INFO - Processing file /home/airflow/.local/lib/python3.12/site-packages/airflow/example_dags/example_external_task_marker_dag.py for tasks to queue
[2025-06-05T16:12:14.834+0000] {logging_mixin.py:190} INFO - [2025-06-05T16:12:14.834+0000] {dagbag.py:588} INFO - Filling up the DagBag from /home/airflow/.local/lib/python3.12/site-packages/airflow/example_dags/example_external_task_marker_dag.py
[2025-06-05T16:12:14.851+0000] {processor.py:925} INFO - DAG(s) 'example_external_task_marker_parent', 'example_external_task_marker_child' retrieved from /home/airflow/.local/lib/python3.12/site-packages/airflow/example_dags/example_external_task_marker_dag.py
[2025-06-05T16:12:14.889+0000] {logging_mixin.py:190} INFO - [2025-06-05T16:12:14.888+0000] {dag.py:3239} INFO - Sync 2 DAGs
[2025-06-05T16:12:14.914+0000] {logging_mixin.py:190} INFO - [2025-06-05T16:12:14.914+0000] {dag.py:4180} INFO - Setting next_dagrun for example_external_task_marker_child to None, run_after=None
[2025-06-05T16:12:14.921+0000] {logging_mixin.py:190} INFO - [2025-06-05T16:12:14.921+0000] {dag.py:4180} INFO - Setting next_dagrun for example_external_task_marker_parent to None, run_after=None
[2025-06-05T16:12:14.949+0000] {processor.py:208} INFO - Processing /home/airflow/.local/lib/python3.12/site-packages/airflow/example_dags/example_external_task_marker_dag.py took 0.130 seconds
[2025-06-05T16:12:46.256+0000] {processor.py:186} INFO - Started process (PID=4912) to work on /home/airflow/.local/lib/python3.12/site-packages/airflow/example_dags/example_external_task_marker_dag.py
[2025-06-05T16:12:46.258+0000] {processor.py:914} INFO - Processing file /home/airflow/.local/lib/python3.12/site-packages/airflow/example_dags/example_external_task_marker_dag.py for tasks to queue
[2025-06-05T16:12:46.261+0000] {logging_mixin.py:190} INFO - [2025-06-05T16:12:46.261+0000] {dagbag.py:588} INFO - Filling up the DagBag from /home/airflow/.local/lib/python3.12/site-packages/airflow/example_dags/example_external_task_marker_dag.py
[2025-06-05T16:12:46.278+0000] {processor.py:925} INFO - DAG(s) 'example_external_task_marker_parent', 'example_external_task_marker_child' retrieved from /home/airflow/.local/lib/python3.12/site-packages/airflow/example_dags/example_external_task_marker_dag.py
[2025-06-05T16:12:46.320+0000] {logging_mixin.py:190} INFO - [2025-06-05T16:12:46.320+0000] {dag.py:3239} INFO - Sync 2 DAGs
[2025-06-05T16:12:46.353+0000] {logging_mixin.py:190} INFO - [2025-06-05T16:12:46.353+0000] {dag.py:4180} INFO - Setting next_dagrun for example_external_task_marker_child to None, run_after=None
[2025-06-05T16:12:46.360+0000] {logging_mixin.py:190} INFO - [2025-06-05T16:12:46.359+0000] {dag.py:4180} INFO - Setting next_dagrun for example_external_task_marker_parent to None, run_after=None
[2025-06-05T16:12:46.393+0000] {processor.py:208} INFO - Processing /home/airflow/.local/lib/python3.12/site-packages/airflow/example_dags/example_external_task_marker_dag.py took 0.148 seconds
[2025-06-05T16:13:16.885+0000] {processor.py:186} INFO - Started process (PID=4978) to work on /home/airflow/.local/lib/python3.12/site-packages/airflow/example_dags/example_external_task_marker_dag.py
[2025-06-05T16:13:16.887+0000] {processor.py:914} INFO - Processing file /home/airflow/.local/lib/python3.12/site-packages/airflow/example_dags/example_external_task_marker_dag.py for tasks to queue
[2025-06-05T16:13:16.889+0000] {logging_mixin.py:190} INFO - [2025-06-05T16:13:16.888+0000] {dagbag.py:588} INFO - Filling up the DagBag from /home/airflow/.local/lib/python3.12/site-packages/airflow/example_dags/example_external_task_marker_dag.py
[2025-06-05T16:13:16.902+0000] {processor.py:925} INFO - DAG(s) 'example_external_task_marker_child', 'example_external_task_marker_parent' retrieved from /home/airflow/.local/lib/python3.12/site-packages/airflow/example_dags/example_external_task_marker_dag.py
[2025-06-05T16:13:16.940+0000] {logging_mixin.py:190} INFO - [2025-06-05T16:13:16.939+0000] {dag.py:3239} INFO - Sync 2 DAGs
[2025-06-05T16:13:16.966+0000] {logging_mixin.py:190} INFO - [2025-06-05T16:13:16.965+0000] {dag.py:4180} INFO - Setting next_dagrun for example_external_task_marker_child to None, run_after=None
[2025-06-05T16:13:16.973+0000] {logging_mixin.py:190} INFO - [2025-06-05T16:13:16.973+0000] {dag.py:4180} INFO - Setting next_dagrun for example_external_task_marker_parent to None, run_after=None
[2025-06-05T16:13:17.006+0000] {processor.py:208} INFO - Processing /home/airflow/.local/lib/python3.12/site-packages/airflow/example_dags/example_external_task_marker_dag.py took 0.130 seconds
[2025-06-05T16:13:47.609+0000] {processor.py:186} INFO - Started process (PID=5042) to work on /home/airflow/.local/lib/python3.12/site-packages/airflow/example_dags/example_external_task_marker_dag.py
[2025-06-05T16:13:47.611+0000] {processor.py:914} INFO - Processing file /home/airflow/.local/lib/python3.12/site-packages/airflow/example_dags/example_external_task_marker_dag.py for tasks to queue
[2025-06-05T16:13:47.613+0000] {logging_mixin.py:190} INFO - [2025-06-05T16:13:47.612+0000] {dagbag.py:588} INFO - Filling up the DagBag from /home/airflow/.local/lib/python3.12/site-packages/airflow/example_dags/example_external_task_marker_dag.py
[2025-06-05T16:13:47.627+0000] {processor.py:925} INFO - DAG(s) 'example_external_task_marker_parent', 'example_external_task_marker_child' retrieved from /home/airflow/.local/lib/python3.12/site-packages/airflow/example_dags/example_external_task_marker_dag.py
[2025-06-05T16:13:47.676+0000] {logging_mixin.py:190} INFO - [2025-06-05T16:13:47.676+0000] {dag.py:3239} INFO - Sync 2 DAGs
[2025-06-05T16:13:47.703+0000] {logging_mixin.py:190} INFO - [2025-06-05T16:13:47.703+0000] {dag.py:4180} INFO - Setting next_dagrun for example_external_task_marker_child to None, run_after=None
[2025-06-05T16:13:47.710+0000] {logging_mixin.py:190} INFO - [2025-06-05T16:13:47.709+0000] {dag.py:4180} INFO - Setting next_dagrun for example_external_task_marker_parent to None, run_after=None
[2025-06-05T16:13:47.741+0000] {processor.py:208} INFO - Processing /home/airflow/.local/lib/python3.12/site-packages/airflow/example_dags/example_external_task_marker_dag.py took 0.141 seconds
[2025-06-05T16:14:18.597+0000] {processor.py:186} INFO - Started process (PID=5107) to work on /home/airflow/.local/lib/python3.12/site-packages/airflow/example_dags/example_external_task_marker_dag.py
[2025-06-05T16:14:18.598+0000] {processor.py:914} INFO - Processing file /home/airflow/.local/lib/python3.12/site-packages/airflow/example_dags/example_external_task_marker_dag.py for tasks to queue
[2025-06-05T16:14:18.601+0000] {logging_mixin.py:190} INFO - [2025-06-05T16:14:18.600+0000] {dagbag.py:588} INFO - Filling up the DagBag from /home/airflow/.local/lib/python3.12/site-packages/airflow/example_dags/example_external_task_marker_dag.py
[2025-06-05T16:14:18.614+0000] {processor.py:925} INFO - DAG(s) 'example_external_task_marker_parent', 'example_external_task_marker_child' retrieved from /home/airflow/.local/lib/python3.12/site-packages/airflow/example_dags/example_external_task_marker_dag.py
[2025-06-05T16:14:18.652+0000] {logging_mixin.py:190} INFO - [2025-06-05T16:14:18.651+0000] {dag.py:3239} INFO - Sync 2 DAGs
[2025-06-05T16:14:18.676+0000] {logging_mixin.py:190} INFO - [2025-06-05T16:14:18.676+0000] {dag.py:4180} INFO - Setting next_dagrun for example_external_task_marker_child to None, run_after=None
[2025-06-05T16:14:18.682+0000] {logging_mixin.py:190} INFO - [2025-06-05T16:14:18.682+0000] {dag.py:4180} INFO - Setting next_dagrun for example_external_task_marker_parent to None, run_after=None
[2025-06-05T16:14:18.708+0000] {processor.py:208} INFO - Processing /home/airflow/.local/lib/python3.12/site-packages/airflow/example_dags/example_external_task_marker_dag.py took 0.121 seconds
[2025-06-05T16:14:49.909+0000] {processor.py:186} INFO - Started process (PID=5172) to work on /home/airflow/.local/lib/python3.12/site-packages/airflow/example_dags/example_external_task_marker_dag.py
[2025-06-05T16:14:49.911+0000] {processor.py:914} INFO - Processing file /home/airflow/.local/lib/python3.12/site-packages/airflow/example_dags/example_external_task_marker_dag.py for tasks to queue
[2025-06-05T16:14:49.913+0000] {logging_mixin.py:190} INFO - [2025-06-05T16:14:49.913+0000] {dagbag.py:588} INFO - Filling up the DagBag from /home/airflow/.local/lib/python3.12/site-packages/airflow/example_dags/example_external_task_marker_dag.py
[2025-06-05T16:14:49.927+0000] {processor.py:925} INFO - DAG(s) 'example_external_task_marker_parent', 'example_external_task_marker_child' retrieved from /home/airflow/.local/lib/python3.12/site-packages/airflow/example_dags/example_external_task_marker_dag.py
[2025-06-05T16:14:49.966+0000] {logging_mixin.py:190} INFO - [2025-06-05T16:14:49.966+0000] {dag.py:3239} INFO - Sync 2 DAGs
[2025-06-05T16:14:49.991+0000] {logging_mixin.py:190} INFO - [2025-06-05T16:14:49.991+0000] {dag.py:4180} INFO - Setting next_dagrun for example_external_task_marker_child to None, run_after=None
[2025-06-05T16:14:49.998+0000] {logging_mixin.py:190} INFO - [2025-06-05T16:14:49.997+0000] {dag.py:4180} INFO - Setting next_dagrun for example_external_task_marker_parent to None, run_after=None
[2025-06-05T16:14:50.026+0000] {processor.py:208} INFO - Processing /home/airflow/.local/lib/python3.12/site-packages/airflow/example_dags/example_external_task_marker_dag.py took 0.127 seconds
[2025-06-05T16:15:22.009+0000] {processor.py:186} INFO - Started process (PID=5237) to work on /home/airflow/.local/lib/python3.12/site-packages/airflow/example_dags/example_external_task_marker_dag.py
[2025-06-05T16:15:22.012+0000] {processor.py:914} INFO - Processing file /home/airflow/.local/lib/python3.12/site-packages/airflow/example_dags/example_external_task_marker_dag.py for tasks to queue
[2025-06-05T16:15:22.014+0000] {logging_mixin.py:190} INFO - [2025-06-05T16:15:22.014+0000] {dagbag.py:588} INFO - Filling up the DagBag from /home/airflow/.local/lib/python3.12/site-packages/airflow/example_dags/example_external_task_marker_dag.py
[2025-06-05T16:15:22.033+0000] {processor.py:925} INFO - DAG(s) 'example_external_task_marker_parent', 'example_external_task_marker_child' retrieved from /home/airflow/.local/lib/python3.12/site-packages/airflow/example_dags/example_external_task_marker_dag.py
[2025-06-05T16:15:22.078+0000] {logging_mixin.py:190} INFO - [2025-06-05T16:15:22.078+0000] {dag.py:3239} INFO - Sync 2 DAGs
[2025-06-05T16:15:22.111+0000] {logging_mixin.py:190} INFO - [2025-06-05T16:15:22.111+0000] {dag.py:4180} INFO - Setting next_dagrun for example_external_task_marker_child to None, run_after=None
[2025-06-05T16:15:22.120+0000] {logging_mixin.py:190} INFO - [2025-06-05T16:15:22.119+0000] {dag.py:4180} INFO - Setting next_dagrun for example_external_task_marker_parent to None, run_after=None
[2025-06-05T16:15:22.150+0000] {processor.py:208} INFO - Processing /home/airflow/.local/lib/python3.12/site-packages/airflow/example_dags/example_external_task_marker_dag.py took 0.155 seconds
[2025-06-05T16:15:53.352+0000] {processor.py:186} INFO - Started process (PID=5302) to work on /home/airflow/.local/lib/python3.12/site-packages/airflow/example_dags/example_external_task_marker_dag.py
[2025-06-05T16:15:53.354+0000] {processor.py:914} INFO - Processing file /home/airflow/.local/lib/python3.12/site-packages/airflow/example_dags/example_external_task_marker_dag.py for tasks to queue
[2025-06-05T16:15:53.356+0000] {logging_mixin.py:190} INFO - [2025-06-05T16:15:53.355+0000] {dagbag.py:588} INFO - Filling up the DagBag from /home/airflow/.local/lib/python3.12/site-packages/airflow/example_dags/example_external_task_marker_dag.py
[2025-06-05T16:15:53.373+0000] {processor.py:925} INFO - DAG(s) 'example_external_task_marker_child', 'example_external_task_marker_parent' retrieved from /home/airflow/.local/lib/python3.12/site-packages/airflow/example_dags/example_external_task_marker_dag.py
[2025-06-05T16:15:53.414+0000] {logging_mixin.py:190} INFO - [2025-06-05T16:15:53.413+0000] {dag.py:3239} INFO - Sync 2 DAGs
[2025-06-05T16:15:53.447+0000] {logging_mixin.py:190} INFO - [2025-06-05T16:15:53.446+0000] {dag.py:4180} INFO - Setting next_dagrun for example_external_task_marker_child to None, run_after=None
[2025-06-05T16:15:53.454+0000] {logging_mixin.py:190} INFO - [2025-06-05T16:15:53.454+0000] {dag.py:4180} INFO - Setting next_dagrun for example_external_task_marker_parent to None, run_after=None
[2025-06-05T16:15:53.485+0000] {processor.py:208} INFO - Processing /home/airflow/.local/lib/python3.12/site-packages/airflow/example_dags/example_external_task_marker_dag.py took 0.145 seconds
