[2025-06-05T16:10:29.280+0000] {processor.py:186} INFO - Started process (PID=4606) to work on /home/airflow/.local/lib/python3.12/site-packages/airflow/example_dags/example_sensor_decorator.py
[2025-06-05T16:10:29.282+0000] {processor.py:914} INFO - Processing file /home/airflow/.local/lib/python3.12/site-packages/airflow/example_dags/example_sensor_decorator.py for tasks to queue
[2025-06-05T16:10:29.285+0000] {logging_mixin.py:190} INFO - [2025-06-05T16:10:29.284+0000] {dagbag.py:588} INFO - Filling up the DagBag from /home/airflow/.local/lib/python3.12/site-packages/airflow/example_dags/example_sensor_decorator.py
[2025-06-05T16:10:29.299+0000] {processor.py:925} INFO - DAG(s) 'example_sensor_decorator' retrieved from /home/airflow/.local/lib/python3.12/site-packages/airflow/example_dags/example_sensor_decorator.py
[2025-06-05T16:10:29.331+0000] {logging_mixin.py:190} INFO - [2025-06-05T16:10:29.331+0000] {dag.py:3239} INFO - Sync 1 DAGs
[2025-06-05T16:10:29.357+0000] {logging_mixin.py:190} INFO - [2025-06-05T16:10:29.357+0000] {dag.py:4180} INFO - Setting next_dagrun for example_sensor_decorator to None, run_after=None
[2025-06-05T16:10:29.390+0000] {processor.py:208} INFO - Processing /home/airflow/.local/lib/python3.12/site-packages/airflow/example_dags/example_sensor_decorator.py took 0.119 seconds
[2025-06-05T16:11:00.259+0000] {processor.py:186} INFO - Started process (PID=4671) to work on /home/airflow/.local/lib/python3.12/site-packages/airflow/example_dags/example_sensor_decorator.py
[2025-06-05T16:11:00.260+0000] {processor.py:914} INFO - Processing file /home/airflow/.local/lib/python3.12/site-packages/airflow/example_dags/example_sensor_decorator.py for tasks to queue
[2025-06-05T16:11:00.263+0000] {logging_mixin.py:190} INFO - [2025-06-05T16:11:00.262+0000] {dagbag.py:588} INFO - Filling up the DagBag from /home/airflow/.local/lib/python3.12/site-packages/airflow/example_dags/example_sensor_decorator.py
[2025-06-05T16:11:00.275+0000] {processor.py:925} INFO - DAG(s) 'example_sensor_decorator' retrieved from /home/airflow/.local/lib/python3.12/site-packages/airflow/example_dags/example_sensor_decorator.py
[2025-06-05T16:11:00.306+0000] {logging_mixin.py:190} INFO - [2025-06-05T16:11:00.306+0000] {dag.py:3239} INFO - Sync 1 DAGs
[2025-06-05T16:11:00.330+0000] {logging_mixin.py:190} INFO - [2025-06-05T16:11:00.330+0000] {dag.py:4180} INFO - Setting next_dagrun for example_sensor_decorator to None, run_after=None
[2025-06-05T16:11:00.360+0000] {processor.py:208} INFO - Processing /home/airflow/.local/lib/python3.12/site-packages/airflow/example_dags/example_sensor_decorator.py took 0.111 seconds
[2025-06-05T16:11:30.487+0000] {processor.py:186} INFO - Started process (PID=4736) to work on /home/airflow/.local/lib/python3.12/site-packages/airflow/example_dags/example_sensor_decorator.py
[2025-06-05T16:11:30.489+0000] {processor.py:914} INFO - Processing file /home/airflow/.local/lib/python3.12/site-packages/airflow/example_dags/example_sensor_decorator.py for tasks to queue
[2025-06-05T16:11:30.491+0000] {logging_mixin.py:190} INFO - [2025-06-05T16:11:30.490+0000] {dagbag.py:588} INFO - Filling up the DagBag from /home/airflow/.local/lib/python3.12/site-packages/airflow/example_dags/example_sensor_decorator.py
[2025-06-05T16:11:30.505+0000] {processor.py:925} INFO - DAG(s) 'example_sensor_decorator' retrieved from /home/airflow/.local/lib/python3.12/site-packages/airflow/example_dags/example_sensor_decorator.py
[2025-06-05T16:11:30.536+0000] {logging_mixin.py:190} INFO - [2025-06-05T16:11:30.536+0000] {dag.py:3239} INFO - Sync 1 DAGs
[2025-06-05T16:11:30.564+0000] {logging_mixin.py:190} INFO - [2025-06-05T16:11:30.564+0000] {dag.py:4180} INFO - Setting next_dagrun for example_sensor_decorator to None, run_after=None
[2025-06-05T16:11:30.593+0000] {processor.py:208} INFO - Processing /home/airflow/.local/lib/python3.12/site-packages/airflow/example_dags/example_sensor_decorator.py took 0.116 seconds
[2025-06-05T16:12:00.873+0000] {processor.py:186} INFO - Started process (PID=4801) to work on /home/airflow/.local/lib/python3.12/site-packages/airflow/example_dags/example_sensor_decorator.py
[2025-06-05T16:12:00.874+0000] {processor.py:914} INFO - Processing file /home/airflow/.local/lib/python3.12/site-packages/airflow/example_dags/example_sensor_decorator.py for tasks to queue
[2025-06-05T16:12:00.877+0000] {logging_mixin.py:190} INFO - [2025-06-05T16:12:00.876+0000] {dagbag.py:588} INFO - Filling up the DagBag from /home/airflow/.local/lib/python3.12/site-packages/airflow/example_dags/example_sensor_decorator.py
[2025-06-05T16:12:00.891+0000] {processor.py:925} INFO - DAG(s) 'example_sensor_decorator' retrieved from /home/airflow/.local/lib/python3.12/site-packages/airflow/example_dags/example_sensor_decorator.py
[2025-06-05T16:12:00.923+0000] {logging_mixin.py:190} INFO - [2025-06-05T16:12:00.923+0000] {dag.py:3239} INFO - Sync 1 DAGs
[2025-06-05T16:12:00.948+0000] {logging_mixin.py:190} INFO - [2025-06-05T16:12:00.948+0000] {dag.py:4180} INFO - Setting next_dagrun for example_sensor_decorator to None, run_after=None
[2025-06-05T16:12:00.978+0000] {processor.py:208} INFO - Processing /home/airflow/.local/lib/python3.12/site-packages/airflow/example_dags/example_sensor_decorator.py took 0.114 seconds
[2025-06-05T16:12:31.882+0000] {processor.py:186} INFO - Started process (PID=4866) to work on /home/airflow/.local/lib/python3.12/site-packages/airflow/example_dags/example_sensor_decorator.py
[2025-06-05T16:12:31.884+0000] {processor.py:914} INFO - Processing file /home/airflow/.local/lib/python3.12/site-packages/airflow/example_dags/example_sensor_decorator.py for tasks to queue
[2025-06-05T16:12:31.886+0000] {logging_mixin.py:190} INFO - [2025-06-05T16:12:31.885+0000] {dagbag.py:588} INFO - Filling up the DagBag from /home/airflow/.local/lib/python3.12/site-packages/airflow/example_dags/example_sensor_decorator.py
[2025-06-05T16:12:31.903+0000] {processor.py:925} INFO - DAG(s) 'example_sensor_decorator' retrieved from /home/airflow/.local/lib/python3.12/site-packages/airflow/example_dags/example_sensor_decorator.py
[2025-06-05T16:12:31.937+0000] {logging_mixin.py:190} INFO - [2025-06-05T16:12:31.937+0000] {dag.py:3239} INFO - Sync 1 DAGs
[2025-06-05T16:12:31.963+0000] {logging_mixin.py:190} INFO - [2025-06-05T16:12:31.963+0000] {dag.py:4180} INFO - Setting next_dagrun for example_sensor_decorator to None, run_after=None
[2025-06-05T16:12:31.998+0000] {processor.py:208} INFO - Processing /home/airflow/.local/lib/python3.12/site-packages/airflow/example_dags/example_sensor_decorator.py took 0.126 seconds
[2025-06-05T16:13:02.244+0000] {processor.py:186} INFO - Started process (PID=4931) to work on /home/airflow/.local/lib/python3.12/site-packages/airflow/example_dags/example_sensor_decorator.py
[2025-06-05T16:13:02.246+0000] {processor.py:914} INFO - Processing file /home/airflow/.local/lib/python3.12/site-packages/airflow/example_dags/example_sensor_decorator.py for tasks to queue
[2025-06-05T16:13:02.248+0000] {logging_mixin.py:190} INFO - [2025-06-05T16:13:02.247+0000] {dagbag.py:588} INFO - Filling up the DagBag from /home/airflow/.local/lib/python3.12/site-packages/airflow/example_dags/example_sensor_decorator.py
[2025-06-05T16:13:02.261+0000] {processor.py:925} INFO - DAG(s) 'example_sensor_decorator' retrieved from /home/airflow/.local/lib/python3.12/site-packages/airflow/example_dags/example_sensor_decorator.py
[2025-06-05T16:13:02.293+0000] {logging_mixin.py:190} INFO - [2025-06-05T16:13:02.293+0000] {dag.py:3239} INFO - Sync 1 DAGs
[2025-06-05T16:13:02.318+0000] {logging_mixin.py:190} INFO - [2025-06-05T16:13:02.318+0000] {dag.py:4180} INFO - Setting next_dagrun for example_sensor_decorator to None, run_after=None
[2025-06-05T16:13:02.349+0000] {processor.py:208} INFO - Processing /home/airflow/.local/lib/python3.12/site-packages/airflow/example_dags/example_sensor_decorator.py took 0.114 seconds
[2025-06-05T16:13:32.818+0000] {processor.py:186} INFO - Started process (PID=4996) to work on /home/airflow/.local/lib/python3.12/site-packages/airflow/example_dags/example_sensor_decorator.py
[2025-06-05T16:13:32.820+0000] {processor.py:914} INFO - Processing file /home/airflow/.local/lib/python3.12/site-packages/airflow/example_dags/example_sensor_decorator.py for tasks to queue
[2025-06-05T16:13:32.822+0000] {logging_mixin.py:190} INFO - [2025-06-05T16:13:32.822+0000] {dagbag.py:588} INFO - Filling up the DagBag from /home/airflow/.local/lib/python3.12/site-packages/airflow/example_dags/example_sensor_decorator.py
[2025-06-05T16:13:32.838+0000] {processor.py:925} INFO - DAG(s) 'example_sensor_decorator' retrieved from /home/airflow/.local/lib/python3.12/site-packages/airflow/example_dags/example_sensor_decorator.py
[2025-06-05T16:13:32.869+0000] {logging_mixin.py:190} INFO - [2025-06-05T16:13:32.869+0000] {dag.py:3239} INFO - Sync 1 DAGs
[2025-06-05T16:13:32.893+0000] {logging_mixin.py:190} INFO - [2025-06-05T16:13:32.893+0000] {dag.py:4180} INFO - Setting next_dagrun for example_sensor_decorator to None, run_after=None
[2025-06-05T16:13:32.924+0000] {processor.py:208} INFO - Processing /home/airflow/.local/lib/python3.12/site-packages/airflow/example_dags/example_sensor_decorator.py took 0.116 seconds
[2025-06-05T16:14:03.695+0000] {processor.py:186} INFO - Started process (PID=5061) to work on /home/airflow/.local/lib/python3.12/site-packages/airflow/example_dags/example_sensor_decorator.py
[2025-06-05T16:14:03.697+0000] {processor.py:914} INFO - Processing file /home/airflow/.local/lib/python3.12/site-packages/airflow/example_dags/example_sensor_decorator.py for tasks to queue
[2025-06-05T16:14:03.699+0000] {logging_mixin.py:190} INFO - [2025-06-05T16:14:03.699+0000] {dagbag.py:588} INFO - Filling up the DagBag from /home/airflow/.local/lib/python3.12/site-packages/airflow/example_dags/example_sensor_decorator.py
[2025-06-05T16:14:03.713+0000] {processor.py:925} INFO - DAG(s) 'example_sensor_decorator' retrieved from /home/airflow/.local/lib/python3.12/site-packages/airflow/example_dags/example_sensor_decorator.py
[2025-06-05T16:14:03.751+0000] {logging_mixin.py:190} INFO - [2025-06-05T16:14:03.750+0000] {dag.py:3239} INFO - Sync 1 DAGs
[2025-06-05T16:14:03.779+0000] {logging_mixin.py:190} INFO - [2025-06-05T16:14:03.779+0000] {dag.py:4180} INFO - Setting next_dagrun for example_sensor_decorator to None, run_after=None
[2025-06-05T16:14:03.811+0000] {processor.py:208} INFO - Processing /home/airflow/.local/lib/python3.12/site-packages/airflow/example_dags/example_sensor_decorator.py took 0.127 seconds
[2025-06-05T16:14:43.857+0000] {processor.py:186} INFO - Started process (PID=5126) to work on /home/airflow/.local/lib/python3.12/site-packages/airflow/example_dags/example_sensor_decorator.py
[2025-06-05T16:14:43.859+0000] {processor.py:914} INFO - Processing file /home/airflow/.local/lib/python3.12/site-packages/airflow/example_dags/example_sensor_decorator.py for tasks to queue
[2025-06-05T16:14:43.861+0000] {logging_mixin.py:190} INFO - [2025-06-05T16:14:43.861+0000] {dagbag.py:588} INFO - Filling up the DagBag from /home/airflow/.local/lib/python3.12/site-packages/airflow/example_dags/example_sensor_decorator.py
[2025-06-05T16:14:43.875+0000] {processor.py:925} INFO - DAG(s) 'example_sensor_decorator' retrieved from /home/airflow/.local/lib/python3.12/site-packages/airflow/example_dags/example_sensor_decorator.py
[2025-06-05T16:14:43.907+0000] {logging_mixin.py:190} INFO - [2025-06-05T16:14:43.907+0000] {dag.py:3239} INFO - Sync 1 DAGs
[2025-06-05T16:14:43.931+0000] {logging_mixin.py:190} INFO - [2025-06-05T16:14:43.931+0000] {dag.py:4180} INFO - Setting next_dagrun for example_sensor_decorator to None, run_after=None
[2025-06-05T16:14:43.961+0000] {processor.py:208} INFO - Processing /home/airflow/.local/lib/python3.12/site-packages/airflow/example_dags/example_sensor_decorator.py took 0.113 seconds
[2025-06-05T16:15:14.109+0000] {processor.py:186} INFO - Started process (PID=5191) to work on /home/airflow/.local/lib/python3.12/site-packages/airflow/example_dags/example_sensor_decorator.py
[2025-06-05T16:15:14.110+0000] {processor.py:914} INFO - Processing file /home/airflow/.local/lib/python3.12/site-packages/airflow/example_dags/example_sensor_decorator.py for tasks to queue
[2025-06-05T16:15:14.113+0000] {logging_mixin.py:190} INFO - [2025-06-05T16:15:14.112+0000] {dagbag.py:588} INFO - Filling up the DagBag from /home/airflow/.local/lib/python3.12/site-packages/airflow/example_dags/example_sensor_decorator.py
[2025-06-05T16:15:14.126+0000] {processor.py:925} INFO - DAG(s) 'example_sensor_decorator' retrieved from /home/airflow/.local/lib/python3.12/site-packages/airflow/example_dags/example_sensor_decorator.py
[2025-06-05T16:15:14.158+0000] {logging_mixin.py:190} INFO - [2025-06-05T16:15:14.158+0000] {dag.py:3239} INFO - Sync 1 DAGs
[2025-06-05T16:15:14.182+0000] {logging_mixin.py:190} INFO - [2025-06-05T16:15:14.181+0000] {dag.py:4180} INFO - Setting next_dagrun for example_sensor_decorator to None, run_after=None
[2025-06-05T16:15:14.213+0000] {processor.py:208} INFO - Processing /home/airflow/.local/lib/python3.12/site-packages/airflow/example_dags/example_sensor_decorator.py took 0.114 seconds
[2025-06-05T16:15:44.554+0000] {processor.py:186} INFO - Started process (PID=5256) to work on /home/airflow/.local/lib/python3.12/site-packages/airflow/example_dags/example_sensor_decorator.py
[2025-06-05T16:15:44.556+0000] {processor.py:914} INFO - Processing file /home/airflow/.local/lib/python3.12/site-packages/airflow/example_dags/example_sensor_decorator.py for tasks to queue
[2025-06-05T16:15:44.559+0000] {logging_mixin.py:190} INFO - [2025-06-05T16:15:44.558+0000] {dagbag.py:588} INFO - Filling up the DagBag from /home/airflow/.local/lib/python3.12/site-packages/airflow/example_dags/example_sensor_decorator.py
[2025-06-05T16:15:44.573+0000] {processor.py:925} INFO - DAG(s) 'example_sensor_decorator' retrieved from /home/airflow/.local/lib/python3.12/site-packages/airflow/example_dags/example_sensor_decorator.py
[2025-06-05T16:15:44.606+0000] {logging_mixin.py:190} INFO - [2025-06-05T16:15:44.605+0000] {dag.py:3239} INFO - Sync 1 DAGs
[2025-06-05T16:15:44.634+0000] {logging_mixin.py:190} INFO - [2025-06-05T16:15:44.633+0000] {dag.py:4180} INFO - Setting next_dagrun for example_sensor_decorator to None, run_after=None
[2025-06-05T16:15:44.667+0000] {processor.py:208} INFO - Processing /home/airflow/.local/lib/python3.12/site-packages/airflow/example_dags/example_sensor_decorator.py took 0.126 seconds
