[2025-06-05T16:10:40.638+0000] {processor.py:186} INFO - Started process (PID=4647) to work on /home/airflow/.local/lib/python3.12/site-packages/airflow/example_dags/example_xcomargs.py
[2025-06-05T16:10:40.640+0000] {processor.py:914} INFO - Processing file /home/airflow/.local/lib/python3.12/site-packages/airflow/example_dags/example_xcomargs.py for tasks to queue
[2025-06-05T16:10:40.644+0000] {logging_mixin.py:190} INFO - [2025-06-05T16:10:40.643+0000] {dagbag.py:588} INFO - Filling up the DagBag from /home/airflow/.local/lib/python3.12/site-packages/airflow/example_dags/example_xcomargs.py
[2025-06-05T16:10:40.669+0000] {processor.py:925} INFO - DAG(s) 'example_xcom_args', 'example_xcom_args_with_operators' retrieved from /home/airflow/.local/lib/python3.12/site-packages/airflow/example_dags/example_xcomargs.py
[2025-06-05T16:10:40.723+0000] {logging_mixin.py:190} INFO - [2025-06-05T16:10:40.723+0000] {dag.py:3239} INFO - Sync 2 DAGs
[2025-06-05T16:10:40.753+0000] {logging_mixin.py:190} INFO - [2025-06-05T16:10:40.753+0000] {dag.py:4180} INFO - Setting next_dagrun for example_xcom_args to None, run_after=None
[2025-06-05T16:10:40.761+0000] {logging_mixin.py:190} INFO - [2025-06-05T16:10:40.760+0000] {dag.py:4180} INFO - Setting next_dagrun for example_xcom_args_with_operators to None, run_after=None
[2025-06-05T16:10:40.795+0000] {processor.py:208} INFO - Processing /home/airflow/.local/lib/python3.12/site-packages/airflow/example_dags/example_xcomargs.py took 0.172 seconds
[2025-06-05T16:11:12.495+0000] {processor.py:186} INFO - Started process (PID=4712) to work on /home/airflow/.local/lib/python3.12/site-packages/airflow/example_dags/example_xcomargs.py
[2025-06-05T16:11:12.497+0000] {processor.py:914} INFO - Processing file /home/airflow/.local/lib/python3.12/site-packages/airflow/example_dags/example_xcomargs.py for tasks to queue
[2025-06-05T16:11:12.499+0000] {logging_mixin.py:190} INFO - [2025-06-05T16:11:12.499+0000] {dagbag.py:588} INFO - Filling up the DagBag from /home/airflow/.local/lib/python3.12/site-packages/airflow/example_dags/example_xcomargs.py
[2025-06-05T16:11:12.517+0000] {processor.py:925} INFO - DAG(s) 'example_xcom_args', 'example_xcom_args_with_operators' retrieved from /home/airflow/.local/lib/python3.12/site-packages/airflow/example_dags/example_xcomargs.py
[2025-06-05T16:11:12.795+0000] {logging_mixin.py:190} INFO - [2025-06-05T16:11:12.795+0000] {dag.py:3239} INFO - Sync 2 DAGs
[2025-06-05T16:11:12.816+0000] {logging_mixin.py:190} INFO - [2025-06-05T16:11:12.815+0000] {dag.py:4180} INFO - Setting next_dagrun for example_xcom_args to None, run_after=None
[2025-06-05T16:11:12.822+0000] {logging_mixin.py:190} INFO - [2025-06-05T16:11:12.822+0000] {dag.py:4180} INFO - Setting next_dagrun for example_xcom_args_with_operators to None, run_after=None
[2025-06-05T16:11:12.847+0000] {processor.py:208} INFO - Processing /home/airflow/.local/lib/python3.12/site-packages/airflow/example_dags/example_xcomargs.py took 0.363 seconds
[2025-06-05T16:11:43.338+0000] {processor.py:186} INFO - Started process (PID=4777) to work on /home/airflow/.local/lib/python3.12/site-packages/airflow/example_dags/example_xcomargs.py
[2025-06-05T16:11:43.339+0000] {processor.py:914} INFO - Processing file /home/airflow/.local/lib/python3.12/site-packages/airflow/example_dags/example_xcomargs.py for tasks to queue
[2025-06-05T16:11:43.342+0000] {logging_mixin.py:190} INFO - [2025-06-05T16:11:43.341+0000] {dagbag.py:588} INFO - Filling up the DagBag from /home/airflow/.local/lib/python3.12/site-packages/airflow/example_dags/example_xcomargs.py
[2025-06-05T16:11:43.361+0000] {processor.py:925} INFO - DAG(s) 'example_xcom_args_with_operators', 'example_xcom_args' retrieved from /home/airflow/.local/lib/python3.12/site-packages/airflow/example_dags/example_xcomargs.py
[2025-06-05T16:11:43.401+0000] {logging_mixin.py:190} INFO - [2025-06-05T16:11:43.400+0000] {dag.py:3239} INFO - Sync 2 DAGs
[2025-06-05T16:11:43.427+0000] {logging_mixin.py:190} INFO - [2025-06-05T16:11:43.426+0000] {dag.py:4180} INFO - Setting next_dagrun for example_xcom_args to None, run_after=None
[2025-06-05T16:11:43.433+0000] {logging_mixin.py:190} INFO - [2025-06-05T16:11:43.433+0000] {dag.py:4180} INFO - Setting next_dagrun for example_xcom_args_with_operators to None, run_after=None
[2025-06-05T16:11:43.461+0000] {processor.py:208} INFO - Processing /home/airflow/.local/lib/python3.12/site-packages/airflow/example_dags/example_xcomargs.py took 0.134 seconds
[2025-06-05T16:12:14.344+0000] {processor.py:186} INFO - Started process (PID=4842) to work on /home/airflow/.local/lib/python3.12/site-packages/airflow/example_dags/example_xcomargs.py
[2025-06-05T16:12:14.346+0000] {processor.py:914} INFO - Processing file /home/airflow/.local/lib/python3.12/site-packages/airflow/example_dags/example_xcomargs.py for tasks to queue
[2025-06-05T16:12:14.348+0000] {logging_mixin.py:190} INFO - [2025-06-05T16:12:14.347+0000] {dagbag.py:588} INFO - Filling up the DagBag from /home/airflow/.local/lib/python3.12/site-packages/airflow/example_dags/example_xcomargs.py
[2025-06-05T16:12:14.366+0000] {processor.py:925} INFO - DAG(s) 'example_xcom_args_with_operators', 'example_xcom_args' retrieved from /home/airflow/.local/lib/python3.12/site-packages/airflow/example_dags/example_xcomargs.py
[2025-06-05T16:12:14.403+0000] {logging_mixin.py:190} INFO - [2025-06-05T16:12:14.403+0000] {dag.py:3239} INFO - Sync 2 DAGs
[2025-06-05T16:12:14.430+0000] {logging_mixin.py:190} INFO - [2025-06-05T16:12:14.430+0000] {dag.py:4180} INFO - Setting next_dagrun for example_xcom_args to None, run_after=None
[2025-06-05T16:12:14.437+0000] {logging_mixin.py:190} INFO - [2025-06-05T16:12:14.436+0000] {dag.py:4180} INFO - Setting next_dagrun for example_xcom_args_with_operators to None, run_after=None
[2025-06-05T16:12:14.465+0000] {processor.py:208} INFO - Processing /home/airflow/.local/lib/python3.12/site-packages/airflow/example_dags/example_xcomargs.py took 0.133 seconds
[2025-06-05T16:12:45.405+0000] {processor.py:186} INFO - Started process (PID=4907) to work on /home/airflow/.local/lib/python3.12/site-packages/airflow/example_dags/example_xcomargs.py
[2025-06-05T16:12:45.407+0000] {processor.py:914} INFO - Processing file /home/airflow/.local/lib/python3.12/site-packages/airflow/example_dags/example_xcomargs.py for tasks to queue
[2025-06-05T16:12:45.409+0000] {logging_mixin.py:190} INFO - [2025-06-05T16:12:45.409+0000] {dagbag.py:588} INFO - Filling up the DagBag from /home/airflow/.local/lib/python3.12/site-packages/airflow/example_dags/example_xcomargs.py
[2025-06-05T16:12:45.427+0000] {processor.py:925} INFO - DAG(s) 'example_xcom_args_with_operators', 'example_xcom_args' retrieved from /home/airflow/.local/lib/python3.12/site-packages/airflow/example_dags/example_xcomargs.py
[2025-06-05T16:12:45.463+0000] {logging_mixin.py:190} INFO - [2025-06-05T16:12:45.462+0000] {dag.py:3239} INFO - Sync 2 DAGs
[2025-06-05T16:12:45.487+0000] {logging_mixin.py:190} INFO - [2025-06-05T16:12:45.487+0000] {dag.py:4180} INFO - Setting next_dagrun for example_xcom_args to None, run_after=None
[2025-06-05T16:12:45.494+0000] {logging_mixin.py:190} INFO - [2025-06-05T16:12:45.493+0000] {dag.py:4180} INFO - Setting next_dagrun for example_xcom_args_with_operators to None, run_after=None
[2025-06-05T16:12:45.521+0000] {processor.py:208} INFO - Processing /home/airflow/.local/lib/python3.12/site-packages/airflow/example_dags/example_xcomargs.py took 0.127 seconds
[2025-06-05T16:13:16.220+0000] {processor.py:186} INFO - Started process (PID=4972) to work on /home/airflow/.local/lib/python3.12/site-packages/airflow/example_dags/example_xcomargs.py
[2025-06-05T16:13:16.223+0000] {processor.py:914} INFO - Processing file /home/airflow/.local/lib/python3.12/site-packages/airflow/example_dags/example_xcomargs.py for tasks to queue
[2025-06-05T16:13:16.226+0000] {logging_mixin.py:190} INFO - [2025-06-05T16:13:16.225+0000] {dagbag.py:588} INFO - Filling up the DagBag from /home/airflow/.local/lib/python3.12/site-packages/airflow/example_dags/example_xcomargs.py
[2025-06-05T16:13:16.247+0000] {processor.py:925} INFO - DAG(s) 'example_xcom_args_with_operators', 'example_xcom_args' retrieved from /home/airflow/.local/lib/python3.12/site-packages/airflow/example_dags/example_xcomargs.py
[2025-06-05T16:13:16.285+0000] {logging_mixin.py:190} INFO - [2025-06-05T16:13:16.285+0000] {dag.py:3239} INFO - Sync 2 DAGs
[2025-06-05T16:13:16.312+0000] {logging_mixin.py:190} INFO - [2025-06-05T16:13:16.311+0000] {dag.py:4180} INFO - Setting next_dagrun for example_xcom_args to None, run_after=None
[2025-06-05T16:13:16.318+0000] {logging_mixin.py:190} INFO - [2025-06-05T16:13:16.318+0000] {dag.py:4180} INFO - Setting next_dagrun for example_xcom_args_with_operators to None, run_after=None
[2025-06-05T16:13:16.348+0000] {processor.py:208} INFO - Processing /home/airflow/.local/lib/python3.12/site-packages/airflow/example_dags/example_xcomargs.py took 0.139 seconds
[2025-06-05T16:13:46.477+0000] {processor.py:186} INFO - Started process (PID=5036) to work on /home/airflow/.local/lib/python3.12/site-packages/airflow/example_dags/example_xcomargs.py
[2025-06-05T16:13:46.479+0000] {processor.py:914} INFO - Processing file /home/airflow/.local/lib/python3.12/site-packages/airflow/example_dags/example_xcomargs.py for tasks to queue
[2025-06-05T16:13:46.481+0000] {logging_mixin.py:190} INFO - [2025-06-05T16:13:46.481+0000] {dagbag.py:588} INFO - Filling up the DagBag from /home/airflow/.local/lib/python3.12/site-packages/airflow/example_dags/example_xcomargs.py
[2025-06-05T16:13:46.499+0000] {processor.py:925} INFO - DAG(s) 'example_xcom_args_with_operators', 'example_xcom_args' retrieved from /home/airflow/.local/lib/python3.12/site-packages/airflow/example_dags/example_xcomargs.py
[2025-06-05T16:13:46.535+0000] {logging_mixin.py:190} INFO - [2025-06-05T16:13:46.534+0000] {dag.py:3239} INFO - Sync 2 DAGs
[2025-06-05T16:13:46.560+0000] {logging_mixin.py:190} INFO - [2025-06-05T16:13:46.559+0000] {dag.py:4180} INFO - Setting next_dagrun for example_xcom_args to None, run_after=None
[2025-06-05T16:13:46.566+0000] {logging_mixin.py:190} INFO - [2025-06-05T16:13:46.566+0000] {dag.py:4180} INFO - Setting next_dagrun for example_xcom_args_with_operators to None, run_after=None
[2025-06-05T16:13:46.592+0000] {processor.py:208} INFO - Processing /home/airflow/.local/lib/python3.12/site-packages/airflow/example_dags/example_xcomargs.py took 0.128 seconds
[2025-06-05T16:14:16.830+0000] {processor.py:186} INFO - Started process (PID=5100) to work on /home/airflow/.local/lib/python3.12/site-packages/airflow/example_dags/example_xcomargs.py
[2025-06-05T16:14:16.832+0000] {processor.py:914} INFO - Processing file /home/airflow/.local/lib/python3.12/site-packages/airflow/example_dags/example_xcomargs.py for tasks to queue
[2025-06-05T16:14:16.834+0000] {logging_mixin.py:190} INFO - [2025-06-05T16:14:16.834+0000] {dagbag.py:588} INFO - Filling up the DagBag from /home/airflow/.local/lib/python3.12/site-packages/airflow/example_dags/example_xcomargs.py
[2025-06-05T16:14:16.851+0000] {processor.py:925} INFO - DAG(s) 'example_xcom_args_with_operators', 'example_xcom_args' retrieved from /home/airflow/.local/lib/python3.12/site-packages/airflow/example_dags/example_xcomargs.py
[2025-06-05T16:14:16.887+0000] {logging_mixin.py:190} INFO - [2025-06-05T16:14:16.887+0000] {dag.py:3239} INFO - Sync 2 DAGs
[2025-06-05T16:14:16.912+0000] {logging_mixin.py:190} INFO - [2025-06-05T16:14:16.912+0000] {dag.py:4180} INFO - Setting next_dagrun for example_xcom_args to None, run_after=None
[2025-06-05T16:14:16.918+0000] {logging_mixin.py:190} INFO - [2025-06-05T16:14:16.918+0000] {dag.py:4180} INFO - Setting next_dagrun for example_xcom_args_with_operators to None, run_after=None
[2025-06-05T16:14:16.944+0000] {processor.py:208} INFO - Processing /home/airflow/.local/lib/python3.12/site-packages/airflow/example_dags/example_xcomargs.py took 0.125 seconds
[2025-06-05T16:14:49.088+0000] {processor.py:186} INFO - Started process (PID=5166) to work on /home/airflow/.local/lib/python3.12/site-packages/airflow/example_dags/example_xcomargs.py
[2025-06-05T16:14:49.089+0000] {processor.py:914} INFO - Processing file /home/airflow/.local/lib/python3.12/site-packages/airflow/example_dags/example_xcomargs.py for tasks to queue
[2025-06-05T16:14:49.092+0000] {logging_mixin.py:190} INFO - [2025-06-05T16:14:49.091+0000] {dagbag.py:588} INFO - Filling up the DagBag from /home/airflow/.local/lib/python3.12/site-packages/airflow/example_dags/example_xcomargs.py
[2025-06-05T16:14:49.109+0000] {processor.py:925} INFO - DAG(s) 'example_xcom_args_with_operators', 'example_xcom_args' retrieved from /home/airflow/.local/lib/python3.12/site-packages/airflow/example_dags/example_xcomargs.py
[2025-06-05T16:14:49.146+0000] {logging_mixin.py:190} INFO - [2025-06-05T16:14:49.145+0000] {dag.py:3239} INFO - Sync 2 DAGs
[2025-06-05T16:14:49.170+0000] {logging_mixin.py:190} INFO - [2025-06-05T16:14:49.169+0000] {dag.py:4180} INFO - Setting next_dagrun for example_xcom_args to None, run_after=None
[2025-06-05T16:14:49.176+0000] {logging_mixin.py:190} INFO - [2025-06-05T16:14:49.176+0000] {dag.py:4180} INFO - Setting next_dagrun for example_xcom_args_with_operators to None, run_after=None
[2025-06-05T16:14:49.202+0000] {processor.py:208} INFO - Processing /home/airflow/.local/lib/python3.12/site-packages/airflow/example_dags/example_xcomargs.py took 0.124 seconds
[2025-06-05T16:15:21.206+0000] {processor.py:186} INFO - Started process (PID=5231) to work on /home/airflow/.local/lib/python3.12/site-packages/airflow/example_dags/example_xcomargs.py
[2025-06-05T16:15:21.208+0000] {processor.py:914} INFO - Processing file /home/airflow/.local/lib/python3.12/site-packages/airflow/example_dags/example_xcomargs.py for tasks to queue
[2025-06-05T16:15:21.211+0000] {logging_mixin.py:190} INFO - [2025-06-05T16:15:21.211+0000] {dagbag.py:588} INFO - Filling up the DagBag from /home/airflow/.local/lib/python3.12/site-packages/airflow/example_dags/example_xcomargs.py
[2025-06-05T16:15:21.241+0000] {processor.py:925} INFO - DAG(s) 'example_xcom_args', 'example_xcom_args_with_operators' retrieved from /home/airflow/.local/lib/python3.12/site-packages/airflow/example_dags/example_xcomargs.py
[2025-06-05T16:15:21.298+0000] {logging_mixin.py:190} INFO - [2025-06-05T16:15:21.298+0000] {dag.py:3239} INFO - Sync 2 DAGs
[2025-06-05T16:15:21.339+0000] {logging_mixin.py:190} INFO - [2025-06-05T16:15:21.339+0000] {dag.py:4180} INFO - Setting next_dagrun for example_xcom_args to None, run_after=None
[2025-06-05T16:15:21.348+0000] {logging_mixin.py:190} INFO - [2025-06-05T16:15:21.347+0000] {dag.py:4180} INFO - Setting next_dagrun for example_xcom_args_with_operators to None, run_after=None
[2025-06-05T16:15:21.381+0000] {processor.py:208} INFO - Processing /home/airflow/.local/lib/python3.12/site-packages/airflow/example_dags/example_xcomargs.py took 0.188 seconds
[2025-06-05T16:15:52.784+0000] {processor.py:186} INFO - Started process (PID=5296) to work on /home/airflow/.local/lib/python3.12/site-packages/airflow/example_dags/example_xcomargs.py
[2025-06-05T16:15:52.786+0000] {processor.py:914} INFO - Processing file /home/airflow/.local/lib/python3.12/site-packages/airflow/example_dags/example_xcomargs.py for tasks to queue
[2025-06-05T16:15:52.789+0000] {logging_mixin.py:190} INFO - [2025-06-05T16:15:52.788+0000] {dagbag.py:588} INFO - Filling up the DagBag from /home/airflow/.local/lib/python3.12/site-packages/airflow/example_dags/example_xcomargs.py
[2025-06-05T16:15:52.810+0000] {processor.py:925} INFO - DAG(s) 'example_xcom_args', 'example_xcom_args_with_operators' retrieved from /home/airflow/.local/lib/python3.12/site-packages/airflow/example_dags/example_xcomargs.py
[2025-06-05T16:15:52.861+0000] {logging_mixin.py:190} INFO - [2025-06-05T16:15:52.860+0000] {dag.py:3239} INFO - Sync 2 DAGs
[2025-06-05T16:15:52.887+0000] {logging_mixin.py:190} INFO - [2025-06-05T16:15:52.887+0000] {dag.py:4180} INFO - Setting next_dagrun for example_xcom_args to None, run_after=None
[2025-06-05T16:15:52.896+0000] {logging_mixin.py:190} INFO - [2025-06-05T16:15:52.896+0000] {dag.py:4180} INFO - Setting next_dagrun for example_xcom_args_with_operators to None, run_after=None
[2025-06-05T16:15:52.925+0000] {processor.py:208} INFO - Processing /home/airflow/.local/lib/python3.12/site-packages/airflow/example_dags/example_xcomargs.py took 0.155 seconds
