[2025-06-05T16:10:40.866+0000] {processor.py:186} INFO - Started process (PID=4649) to work on /home/airflow/.local/lib/python3.12/site-packages/airflow/example_dags/example_short_circuit_decorator.py
[2025-06-05T16:10:40.867+0000] {processor.py:914} INFO - Processing file /home/airflow/.local/lib/python3.12/site-packages/airflow/example_dags/example_short_circuit_decorator.py for tasks to queue
[2025-06-05T16:10:40.870+0000] {logging_mixin.py:190} INFO - [2025-06-05T16:10:40.869+0000] {dagbag.py:588} INFO - Filling up the DagBag from /home/airflow/.local/lib/python3.12/site-packages/airflow/example_dags/example_short_circuit_decorator.py
[2025-06-05T16:10:40.889+0000] {processor.py:925} INFO - DAG(s) 'example_short_circuit_decorator' retrieved from /home/airflow/.local/lib/python3.12/site-packages/airflow/example_dags/example_short_circuit_decorator.py
[2025-06-05T16:10:40.935+0000] {logging_mixin.py:190} INFO - [2025-06-05T16:10:40.934+0000] {dag.py:3239} INFO - Sync 1 DAGs
[2025-06-05T16:10:40.966+0000] {logging_mixin.py:190} INFO - [2025-06-05T16:10:40.965+0000] {dag.py:4180} INFO - Setting next_dagrun for example_short_circuit_decorator to None, run_after=None
[2025-06-05T16:10:41.002+0000] {processor.py:208} INFO - Processing /home/airflow/.local/lib/python3.12/site-packages/airflow/example_dags/example_short_circuit_decorator.py took 0.149 seconds
[2025-06-05T16:11:12.915+0000] {processor.py:186} INFO - Started process (PID=4714) to work on /home/airflow/.local/lib/python3.12/site-packages/airflow/example_dags/example_short_circuit_decorator.py
[2025-06-05T16:11:12.916+0000] {processor.py:914} INFO - Processing file /home/airflow/.local/lib/python3.12/site-packages/airflow/example_dags/example_short_circuit_decorator.py for tasks to queue
[2025-06-05T16:11:12.918+0000] {logging_mixin.py:190} INFO - [2025-06-05T16:11:12.918+0000] {dagbag.py:588} INFO - Filling up the DagBag from /home/airflow/.local/lib/python3.12/site-packages/airflow/example_dags/example_short_circuit_decorator.py
[2025-06-05T16:11:12.937+0000] {processor.py:925} INFO - DAG(s) 'example_short_circuit_decorator' retrieved from /home/airflow/.local/lib/python3.12/site-packages/airflow/example_dags/example_short_circuit_decorator.py
[2025-06-05T16:11:13.240+0000] {logging_mixin.py:190} INFO - [2025-06-05T16:11:13.240+0000] {dag.py:3239} INFO - Sync 1 DAGs
[2025-06-05T16:11:13.262+0000] {logging_mixin.py:190} INFO - [2025-06-05T16:11:13.261+0000] {dag.py:4180} INFO - Setting next_dagrun for example_short_circuit_decorator to None, run_after=None
[2025-06-05T16:11:13.291+0000] {processor.py:208} INFO - Processing /home/airflow/.local/lib/python3.12/site-packages/airflow/example_dags/example_short_circuit_decorator.py took 0.386 seconds
[2025-06-05T16:11:43.515+0000] {processor.py:186} INFO - Started process (PID=4779) to work on /home/airflow/.local/lib/python3.12/site-packages/airflow/example_dags/example_short_circuit_decorator.py
[2025-06-05T16:11:43.517+0000] {processor.py:914} INFO - Processing file /home/airflow/.local/lib/python3.12/site-packages/airflow/example_dags/example_short_circuit_decorator.py for tasks to queue
[2025-06-05T16:11:43.519+0000] {logging_mixin.py:190} INFO - [2025-06-05T16:11:43.518+0000] {dagbag.py:588} INFO - Filling up the DagBag from /home/airflow/.local/lib/python3.12/site-packages/airflow/example_dags/example_short_circuit_decorator.py
[2025-06-05T16:11:43.536+0000] {processor.py:925} INFO - DAG(s) 'example_short_circuit_decorator' retrieved from /home/airflow/.local/lib/python3.12/site-packages/airflow/example_dags/example_short_circuit_decorator.py
[2025-06-05T16:11:43.580+0000] {logging_mixin.py:190} INFO - [2025-06-05T16:11:43.579+0000] {dag.py:3239} INFO - Sync 1 DAGs
[2025-06-05T16:11:43.606+0000] {logging_mixin.py:190} INFO - [2025-06-05T16:11:43.605+0000] {dag.py:4180} INFO - Setting next_dagrun for example_short_circuit_decorator to None, run_after=None
[2025-06-05T16:11:43.643+0000] {processor.py:208} INFO - Processing /home/airflow/.local/lib/python3.12/site-packages/airflow/example_dags/example_short_circuit_decorator.py took 0.139 seconds
[2025-06-05T16:12:14.529+0000] {processor.py:186} INFO - Started process (PID=4844) to work on /home/airflow/.local/lib/python3.12/site-packages/airflow/example_dags/example_short_circuit_decorator.py
[2025-06-05T16:12:14.530+0000] {processor.py:914} INFO - Processing file /home/airflow/.local/lib/python3.12/site-packages/airflow/example_dags/example_short_circuit_decorator.py for tasks to queue
[2025-06-05T16:12:14.533+0000] {logging_mixin.py:190} INFO - [2025-06-05T16:12:14.532+0000] {dagbag.py:588} INFO - Filling up the DagBag from /home/airflow/.local/lib/python3.12/site-packages/airflow/example_dags/example_short_circuit_decorator.py
[2025-06-05T16:12:14.552+0000] {processor.py:925} INFO - DAG(s) 'example_short_circuit_decorator' retrieved from /home/airflow/.local/lib/python3.12/site-packages/airflow/example_dags/example_short_circuit_decorator.py
[2025-06-05T16:12:14.592+0000] {logging_mixin.py:190} INFO - [2025-06-05T16:12:14.591+0000] {dag.py:3239} INFO - Sync 1 DAGs
[2025-06-05T16:12:14.623+0000] {logging_mixin.py:190} INFO - [2025-06-05T16:12:14.623+0000] {dag.py:4180} INFO - Setting next_dagrun for example_short_circuit_decorator to None, run_after=None
[2025-06-05T16:12:14.657+0000] {processor.py:208} INFO - Processing /home/airflow/.local/lib/python3.12/site-packages/airflow/example_dags/example_short_circuit_decorator.py took 0.140 seconds
[2025-06-05T16:12:45.799+0000] {processor.py:186} INFO - Started process (PID=4909) to work on /home/airflow/.local/lib/python3.12/site-packages/airflow/example_dags/example_short_circuit_decorator.py
[2025-06-05T16:12:45.801+0000] {processor.py:914} INFO - Processing file /home/airflow/.local/lib/python3.12/site-packages/airflow/example_dags/example_short_circuit_decorator.py for tasks to queue
[2025-06-05T16:12:45.804+0000] {logging_mixin.py:190} INFO - [2025-06-05T16:12:45.803+0000] {dagbag.py:588} INFO - Filling up the DagBag from /home/airflow/.local/lib/python3.12/site-packages/airflow/example_dags/example_short_circuit_decorator.py
[2025-06-05T16:12:45.821+0000] {processor.py:925} INFO - DAG(s) 'example_short_circuit_decorator' retrieved from /home/airflow/.local/lib/python3.12/site-packages/airflow/example_dags/example_short_circuit_decorator.py
[2025-06-05T16:12:45.863+0000] {logging_mixin.py:190} INFO - [2025-06-05T16:12:45.862+0000] {dag.py:3239} INFO - Sync 1 DAGs
[2025-06-05T16:12:45.892+0000] {logging_mixin.py:190} INFO - [2025-06-05T16:12:45.891+0000] {dag.py:4180} INFO - Setting next_dagrun for example_short_circuit_decorator to None, run_after=None
[2025-06-05T16:12:45.925+0000] {processor.py:208} INFO - Processing /home/airflow/.local/lib/python3.12/site-packages/airflow/example_dags/example_short_circuit_decorator.py took 0.135 seconds
[2025-06-05T16:13:16.567+0000] {processor.py:186} INFO - Started process (PID=4974) to work on /home/airflow/.local/lib/python3.12/site-packages/airflow/example_dags/example_short_circuit_decorator.py
[2025-06-05T16:13:16.569+0000] {processor.py:914} INFO - Processing file /home/airflow/.local/lib/python3.12/site-packages/airflow/example_dags/example_short_circuit_decorator.py for tasks to queue
[2025-06-05T16:13:16.572+0000] {logging_mixin.py:190} INFO - [2025-06-05T16:13:16.571+0000] {dagbag.py:588} INFO - Filling up the DagBag from /home/airflow/.local/lib/python3.12/site-packages/airflow/example_dags/example_short_circuit_decorator.py
[2025-06-05T16:13:16.589+0000] {processor.py:925} INFO - DAG(s) 'example_short_circuit_decorator' retrieved from /home/airflow/.local/lib/python3.12/site-packages/airflow/example_dags/example_short_circuit_decorator.py
[2025-06-05T16:13:16.628+0000] {logging_mixin.py:190} INFO - [2025-06-05T16:13:16.627+0000] {dag.py:3239} INFO - Sync 1 DAGs
[2025-06-05T16:13:16.653+0000] {logging_mixin.py:190} INFO - [2025-06-05T16:13:16.652+0000] {dag.py:4180} INFO - Setting next_dagrun for example_short_circuit_decorator to None, run_after=None
[2025-06-05T16:13:16.684+0000] {processor.py:208} INFO - Processing /home/airflow/.local/lib/python3.12/site-packages/airflow/example_dags/example_short_circuit_decorator.py took 0.127 seconds
[2025-06-05T16:13:47.287+0000] {processor.py:186} INFO - Started process (PID=5039) to work on /home/airflow/.local/lib/python3.12/site-packages/airflow/example_dags/example_short_circuit_decorator.py
[2025-06-05T16:13:47.289+0000] {processor.py:914} INFO - Processing file /home/airflow/.local/lib/python3.12/site-packages/airflow/example_dags/example_short_circuit_decorator.py for tasks to queue
[2025-06-05T16:13:47.291+0000] {logging_mixin.py:190} INFO - [2025-06-05T16:13:47.291+0000] {dagbag.py:588} INFO - Filling up the DagBag from /home/airflow/.local/lib/python3.12/site-packages/airflow/example_dags/example_short_circuit_decorator.py
[2025-06-05T16:13:47.309+0000] {processor.py:925} INFO - DAG(s) 'example_short_circuit_decorator' retrieved from /home/airflow/.local/lib/python3.12/site-packages/airflow/example_dags/example_short_circuit_decorator.py
[2025-06-05T16:13:47.346+0000] {logging_mixin.py:190} INFO - [2025-06-05T16:13:47.346+0000] {dag.py:3239} INFO - Sync 1 DAGs
[2025-06-05T16:13:47.370+0000] {logging_mixin.py:190} INFO - [2025-06-05T16:13:47.370+0000] {dag.py:4180} INFO - Setting next_dagrun for example_short_circuit_decorator to None, run_after=None
[2025-06-05T16:13:47.401+0000] {processor.py:208} INFO - Processing /home/airflow/.local/lib/python3.12/site-packages/airflow/example_dags/example_short_circuit_decorator.py took 0.124 seconds
[2025-06-05T16:14:18.099+0000] {processor.py:186} INFO - Started process (PID=5104) to work on /home/airflow/.local/lib/python3.12/site-packages/airflow/example_dags/example_short_circuit_decorator.py
[2025-06-05T16:14:18.100+0000] {processor.py:914} INFO - Processing file /home/airflow/.local/lib/python3.12/site-packages/airflow/example_dags/example_short_circuit_decorator.py for tasks to queue
[2025-06-05T16:14:18.103+0000] {logging_mixin.py:190} INFO - [2025-06-05T16:14:18.102+0000] {dagbag.py:588} INFO - Filling up the DagBag from /home/airflow/.local/lib/python3.12/site-packages/airflow/example_dags/example_short_circuit_decorator.py
[2025-06-05T16:14:18.121+0000] {processor.py:925} INFO - DAG(s) 'example_short_circuit_decorator' retrieved from /home/airflow/.local/lib/python3.12/site-packages/airflow/example_dags/example_short_circuit_decorator.py
[2025-06-05T16:14:18.159+0000] {logging_mixin.py:190} INFO - [2025-06-05T16:14:18.158+0000] {dag.py:3239} INFO - Sync 1 DAGs
[2025-06-05T16:14:18.184+0000] {logging_mixin.py:190} INFO - [2025-06-05T16:14:18.183+0000] {dag.py:4180} INFO - Setting next_dagrun for example_short_circuit_decorator to None, run_after=None
[2025-06-05T16:14:18.217+0000] {processor.py:208} INFO - Processing /home/airflow/.local/lib/python3.12/site-packages/airflow/example_dags/example_short_circuit_decorator.py took 0.130 seconds
[2025-06-05T16:14:49.398+0000] {processor.py:186} INFO - Started process (PID=5169) to work on /home/airflow/.local/lib/python3.12/site-packages/airflow/example_dags/example_short_circuit_decorator.py
[2025-06-05T16:14:49.399+0000] {processor.py:914} INFO - Processing file /home/airflow/.local/lib/python3.12/site-packages/airflow/example_dags/example_short_circuit_decorator.py for tasks to queue
[2025-06-05T16:14:49.402+0000] {logging_mixin.py:190} INFO - [2025-06-05T16:14:49.401+0000] {dagbag.py:588} INFO - Filling up the DagBag from /home/airflow/.local/lib/python3.12/site-packages/airflow/example_dags/example_short_circuit_decorator.py
[2025-06-05T16:14:49.421+0000] {processor.py:925} INFO - DAG(s) 'example_short_circuit_decorator' retrieved from /home/airflow/.local/lib/python3.12/site-packages/airflow/example_dags/example_short_circuit_decorator.py
[2025-06-05T16:14:49.459+0000] {logging_mixin.py:190} INFO - [2025-06-05T16:14:49.458+0000] {dag.py:3239} INFO - Sync 1 DAGs
[2025-06-05T16:14:49.492+0000] {logging_mixin.py:190} INFO - [2025-06-05T16:14:49.491+0000] {dag.py:4180} INFO - Setting next_dagrun for example_short_circuit_decorator to None, run_after=None
[2025-06-05T16:14:49.526+0000] {processor.py:208} INFO - Processing /home/airflow/.local/lib/python3.12/site-packages/airflow/example_dags/example_short_circuit_decorator.py took 0.139 seconds
[2025-06-05T16:15:21.441+0000] {processor.py:186} INFO - Started process (PID=5233) to work on /home/airflow/.local/lib/python3.12/site-packages/airflow/example_dags/example_short_circuit_decorator.py
[2025-06-05T16:15:21.443+0000] {processor.py:914} INFO - Processing file /home/airflow/.local/lib/python3.12/site-packages/airflow/example_dags/example_short_circuit_decorator.py for tasks to queue
[2025-06-05T16:15:21.445+0000] {logging_mixin.py:190} INFO - [2025-06-05T16:15:21.445+0000] {dagbag.py:588} INFO - Filling up the DagBag from /home/airflow/.local/lib/python3.12/site-packages/airflow/example_dags/example_short_circuit_decorator.py
[2025-06-05T16:15:21.464+0000] {processor.py:925} INFO - DAG(s) 'example_short_circuit_decorator' retrieved from /home/airflow/.local/lib/python3.12/site-packages/airflow/example_dags/example_short_circuit_decorator.py
[2025-06-05T16:15:21.507+0000] {logging_mixin.py:190} INFO - [2025-06-05T16:15:21.507+0000] {dag.py:3239} INFO - Sync 1 DAGs
[2025-06-05T16:15:21.533+0000] {logging_mixin.py:190} INFO - [2025-06-05T16:15:21.532+0000] {dag.py:4180} INFO - Setting next_dagrun for example_short_circuit_decorator to None, run_after=None
[2025-06-05T16:15:21.570+0000] {processor.py:208} INFO - Processing /home/airflow/.local/lib/python3.12/site-packages/airflow/example_dags/example_short_circuit_decorator.py took 0.140 seconds
[2025-06-05T16:15:52.979+0000] {processor.py:186} INFO - Started process (PID=5298) to work on /home/airflow/.local/lib/python3.12/site-packages/airflow/example_dags/example_short_circuit_decorator.py
[2025-06-05T16:15:52.980+0000] {processor.py:914} INFO - Processing file /home/airflow/.local/lib/python3.12/site-packages/airflow/example_dags/example_short_circuit_decorator.py for tasks to queue
[2025-06-05T16:15:52.983+0000] {logging_mixin.py:190} INFO - [2025-06-05T16:15:52.982+0000] {dagbag.py:588} INFO - Filling up the DagBag from /home/airflow/.local/lib/python3.12/site-packages/airflow/example_dags/example_short_circuit_decorator.py
[2025-06-05T16:15:53.000+0000] {processor.py:925} INFO - DAG(s) 'example_short_circuit_decorator' retrieved from /home/airflow/.local/lib/python3.12/site-packages/airflow/example_dags/example_short_circuit_decorator.py
[2025-06-05T16:15:53.036+0000] {logging_mixin.py:190} INFO - [2025-06-05T16:15:53.036+0000] {dag.py:3239} INFO - Sync 1 DAGs
[2025-06-05T16:15:53.060+0000] {logging_mixin.py:190} INFO - [2025-06-05T16:15:53.059+0000] {dag.py:4180} INFO - Setting next_dagrun for example_short_circuit_decorator to None, run_after=None
[2025-06-05T16:15:53.095+0000] {processor.py:208} INFO - Processing /home/airflow/.local/lib/python3.12/site-packages/airflow/example_dags/example_short_circuit_decorator.py took 0.127 seconds
