[2025-06-05T16:10:30.095+0000] {processor.py:186} INFO - Started process (PID=4611) to work on /home/airflow/.local/lib/python3.12/site-packages/airflow/example_dags/example_sla_dag.py
[2025-06-05T16:10:30.096+0000] {processor.py:914} INFO - Processing file /home/airflow/.local/lib/python3.12/site-packages/airflow/example_dags/example_sla_dag.py for tasks to queue
[2025-06-05T16:10:30.098+0000] {logging_mixin.py:190} INFO - [2025-06-05T16:10:30.098+0000] {dagbag.py:588} INFO - Filling up the DagBag from /home/airflow/.local/lib/python3.12/site-packages/airflow/example_dags/example_sla_dag.py
[2025-06-05T16:10:30.116+0000] {processor.py:925} INFO - DAG(s) 'example_sla_dag' retrieved from /home/airflow/.local/lib/python3.12/site-packages/airflow/example_dags/example_sla_dag.py
[2025-06-05T16:10:30.148+0000] {logging_mixin.py:190} INFO - [2025-06-05T16:10:30.148+0000] {dag.py:3239} INFO - Sync 1 DAGs
[2025-06-05T16:10:30.194+0000] {logging_mixin.py:190} INFO - [2025-06-05T16:10:30.193+0000] {dag.py:4180} INFO - Setting next_dagrun for example_sla_dag to 2025-06-05 16:08:00+00:00, run_after=2025-06-05 16:10:00+00:00
[2025-06-05T16:10:30.470+0000] {processor.py:208} INFO - Processing /home/airflow/.local/lib/python3.12/site-packages/airflow/example_dags/example_sla_dag.py took 0.385 seconds
[2025-06-05T16:11:00.635+0000] {processor.py:186} INFO - Started process (PID=4675) to work on /home/airflow/.local/lib/python3.12/site-packages/airflow/example_dags/example_sla_dag.py
[2025-06-05T16:11:00.637+0000] {processor.py:914} INFO - Processing file /home/airflow/.local/lib/python3.12/site-packages/airflow/example_dags/example_sla_dag.py for tasks to queue
[2025-06-05T16:11:00.639+0000] {logging_mixin.py:190} INFO - [2025-06-05T16:11:00.639+0000] {dagbag.py:588} INFO - Filling up the DagBag from /home/airflow/.local/lib/python3.12/site-packages/airflow/example_dags/example_sla_dag.py
[2025-06-05T16:11:00.657+0000] {processor.py:925} INFO - DAG(s) 'example_sla_dag' retrieved from /home/airflow/.local/lib/python3.12/site-packages/airflow/example_dags/example_sla_dag.py
[2025-06-05T16:11:00.688+0000] {logging_mixin.py:190} INFO - [2025-06-05T16:11:00.687+0000] {dag.py:3239} INFO - Sync 1 DAGs
[2025-06-05T16:11:00.730+0000] {logging_mixin.py:190} INFO - [2025-06-05T16:11:00.730+0000] {dag.py:4180} INFO - Setting next_dagrun for example_sla_dag to 2025-06-05 16:08:00+00:00, run_after=2025-06-05 16:10:00+00:00
[2025-06-05T16:11:00.762+0000] {processor.py:208} INFO - Processing /home/airflow/.local/lib/python3.12/site-packages/airflow/example_dags/example_sla_dag.py took 0.138 seconds
[2025-06-05T16:11:30.844+0000] {processor.py:186} INFO - Started process (PID=4740) to work on /home/airflow/.local/lib/python3.12/site-packages/airflow/example_dags/example_sla_dag.py
[2025-06-05T16:11:30.846+0000] {processor.py:914} INFO - Processing file /home/airflow/.local/lib/python3.12/site-packages/airflow/example_dags/example_sla_dag.py for tasks to queue
[2025-06-05T16:11:30.849+0000] {logging_mixin.py:190} INFO - [2025-06-05T16:11:30.848+0000] {dagbag.py:588} INFO - Filling up the DagBag from /home/airflow/.local/lib/python3.12/site-packages/airflow/example_dags/example_sla_dag.py
[2025-06-05T16:11:30.865+0000] {processor.py:925} INFO - DAG(s) 'example_sla_dag' retrieved from /home/airflow/.local/lib/python3.12/site-packages/airflow/example_dags/example_sla_dag.py
[2025-06-05T16:11:30.895+0000] {logging_mixin.py:190} INFO - [2025-06-05T16:11:30.894+0000] {dag.py:3239} INFO - Sync 1 DAGs
[2025-06-05T16:11:30.935+0000] {logging_mixin.py:190} INFO - [2025-06-05T16:11:30.935+0000] {dag.py:4180} INFO - Setting next_dagrun for example_sla_dag to 2025-06-05 16:08:00+00:00, run_after=2025-06-05 16:10:00+00:00
[2025-06-05T16:11:30.966+0000] {processor.py:208} INFO - Processing /home/airflow/.local/lib/python3.12/site-packages/airflow/example_dags/example_sla_dag.py took 0.132 seconds
[2025-06-05T16:12:01.398+0000] {processor.py:186} INFO - Started process (PID=4805) to work on /home/airflow/.local/lib/python3.12/site-packages/airflow/example_dags/example_sla_dag.py
[2025-06-05T16:12:01.400+0000] {processor.py:914} INFO - Processing file /home/airflow/.local/lib/python3.12/site-packages/airflow/example_dags/example_sla_dag.py for tasks to queue
[2025-06-05T16:12:01.403+0000] {logging_mixin.py:190} INFO - [2025-06-05T16:12:01.402+0000] {dagbag.py:588} INFO - Filling up the DagBag from /home/airflow/.local/lib/python3.12/site-packages/airflow/example_dags/example_sla_dag.py
[2025-06-05T16:12:01.420+0000] {processor.py:925} INFO - DAG(s) 'example_sla_dag' retrieved from /home/airflow/.local/lib/python3.12/site-packages/airflow/example_dags/example_sla_dag.py
[2025-06-05T16:12:01.451+0000] {logging_mixin.py:190} INFO - [2025-06-05T16:12:01.450+0000] {dag.py:3239} INFO - Sync 1 DAGs
[2025-06-05T16:12:01.501+0000] {logging_mixin.py:190} INFO - [2025-06-05T16:12:01.501+0000] {dag.py:4180} INFO - Setting next_dagrun for example_sla_dag to 2025-06-05 16:10:00+00:00, run_after=2025-06-05 16:12:00+00:00
[2025-06-05T16:12:01.533+0000] {processor.py:208} INFO - Processing /home/airflow/.local/lib/python3.12/site-packages/airflow/example_dags/example_sla_dag.py took 0.146 seconds
[2025-06-05T16:12:32.255+0000] {processor.py:186} INFO - Started process (PID=4870) to work on /home/airflow/.local/lib/python3.12/site-packages/airflow/example_dags/example_sla_dag.py
[2025-06-05T16:12:32.257+0000] {processor.py:914} INFO - Processing file /home/airflow/.local/lib/python3.12/site-packages/airflow/example_dags/example_sla_dag.py for tasks to queue
[2025-06-05T16:12:32.260+0000] {logging_mixin.py:190} INFO - [2025-06-05T16:12:32.260+0000] {dagbag.py:588} INFO - Filling up the DagBag from /home/airflow/.local/lib/python3.12/site-packages/airflow/example_dags/example_sla_dag.py
[2025-06-05T16:12:32.279+0000] {processor.py:925} INFO - DAG(s) 'example_sla_dag' retrieved from /home/airflow/.local/lib/python3.12/site-packages/airflow/example_dags/example_sla_dag.py
[2025-06-05T16:12:32.314+0000] {logging_mixin.py:190} INFO - [2025-06-05T16:12:32.313+0000] {dag.py:3239} INFO - Sync 1 DAGs
[2025-06-05T16:12:32.360+0000] {logging_mixin.py:190} INFO - [2025-06-05T16:12:32.360+0000] {dag.py:4180} INFO - Setting next_dagrun for example_sla_dag to 2025-06-05 16:10:00+00:00, run_after=2025-06-05 16:12:00+00:00
[2025-06-05T16:12:32.390+0000] {processor.py:208} INFO - Processing /home/airflow/.local/lib/python3.12/site-packages/airflow/example_dags/example_sla_dag.py took 0.147 seconds
[2025-06-05T16:13:02.599+0000] {processor.py:186} INFO - Started process (PID=4935) to work on /home/airflow/.local/lib/python3.12/site-packages/airflow/example_dags/example_sla_dag.py
[2025-06-05T16:13:02.601+0000] {processor.py:914} INFO - Processing file /home/airflow/.local/lib/python3.12/site-packages/airflow/example_dags/example_sla_dag.py for tasks to queue
[2025-06-05T16:13:02.604+0000] {logging_mixin.py:190} INFO - [2025-06-05T16:13:02.603+0000] {dagbag.py:588} INFO - Filling up the DagBag from /home/airflow/.local/lib/python3.12/site-packages/airflow/example_dags/example_sla_dag.py
[2025-06-05T16:13:02.620+0000] {processor.py:925} INFO - DAG(s) 'example_sla_dag' retrieved from /home/airflow/.local/lib/python3.12/site-packages/airflow/example_dags/example_sla_dag.py
[2025-06-05T16:13:02.652+0000] {logging_mixin.py:190} INFO - [2025-06-05T16:13:02.651+0000] {dag.py:3239} INFO - Sync 1 DAGs
[2025-06-05T16:13:02.694+0000] {logging_mixin.py:190} INFO - [2025-06-05T16:13:02.694+0000] {dag.py:4180} INFO - Setting next_dagrun for example_sla_dag to 2025-06-05 16:10:00+00:00, run_after=2025-06-05 16:12:00+00:00
[2025-06-05T16:13:02.722+0000] {processor.py:208} INFO - Processing /home/airflow/.local/lib/python3.12/site-packages/airflow/example_dags/example_sla_dag.py took 0.133 seconds
[2025-06-05T16:13:33.175+0000] {processor.py:186} INFO - Started process (PID=5000) to work on /home/airflow/.local/lib/python3.12/site-packages/airflow/example_dags/example_sla_dag.py
[2025-06-05T16:13:33.177+0000] {processor.py:914} INFO - Processing file /home/airflow/.local/lib/python3.12/site-packages/airflow/example_dags/example_sla_dag.py for tasks to queue
[2025-06-05T16:13:33.180+0000] {logging_mixin.py:190} INFO - [2025-06-05T16:13:33.179+0000] {dagbag.py:588} INFO - Filling up the DagBag from /home/airflow/.local/lib/python3.12/site-packages/airflow/example_dags/example_sla_dag.py
[2025-06-05T16:13:33.197+0000] {processor.py:925} INFO - DAG(s) 'example_sla_dag' retrieved from /home/airflow/.local/lib/python3.12/site-packages/airflow/example_dags/example_sla_dag.py
[2025-06-05T16:13:33.230+0000] {logging_mixin.py:190} INFO - [2025-06-05T16:13:33.230+0000] {dag.py:3239} INFO - Sync 1 DAGs
[2025-06-05T16:13:33.275+0000] {logging_mixin.py:190} INFO - [2025-06-05T16:13:33.275+0000] {dag.py:4180} INFO - Setting next_dagrun for example_sla_dag to 2025-06-05 16:10:00+00:00, run_after=2025-06-05 16:12:00+00:00
[2025-06-05T16:13:33.306+0000] {processor.py:208} INFO - Processing /home/airflow/.local/lib/python3.12/site-packages/airflow/example_dags/example_sla_dag.py took 0.141 seconds
[2025-06-05T16:14:04.075+0000] {processor.py:186} INFO - Started process (PID=5065) to work on /home/airflow/.local/lib/python3.12/site-packages/airflow/example_dags/example_sla_dag.py
[2025-06-05T16:14:04.077+0000] {processor.py:914} INFO - Processing file /home/airflow/.local/lib/python3.12/site-packages/airflow/example_dags/example_sla_dag.py for tasks to queue
[2025-06-05T16:14:04.080+0000] {logging_mixin.py:190} INFO - [2025-06-05T16:14:04.079+0000] {dagbag.py:588} INFO - Filling up the DagBag from /home/airflow/.local/lib/python3.12/site-packages/airflow/example_dags/example_sla_dag.py
[2025-06-05T16:14:04.099+0000] {processor.py:925} INFO - DAG(s) 'example_sla_dag' retrieved from /home/airflow/.local/lib/python3.12/site-packages/airflow/example_dags/example_sla_dag.py
[2025-06-05T16:14:04.136+0000] {logging_mixin.py:190} INFO - [2025-06-05T16:14:04.136+0000] {dag.py:3239} INFO - Sync 1 DAGs
[2025-06-05T16:14:04.190+0000] {logging_mixin.py:190} INFO - [2025-06-05T16:14:04.190+0000] {dag.py:4180} INFO - Setting next_dagrun for example_sla_dag to 2025-06-05 16:12:00+00:00, run_after=2025-06-05 16:14:00+00:00
[2025-06-05T16:14:04.228+0000] {processor.py:208} INFO - Processing /home/airflow/.local/lib/python3.12/site-packages/airflow/example_dags/example_sla_dag.py took 0.164 seconds
[2025-06-05T16:14:44.351+0000] {processor.py:186} INFO - Started process (PID=5131) to work on /home/airflow/.local/lib/python3.12/site-packages/airflow/example_dags/example_sla_dag.py
[2025-06-05T16:14:44.352+0000] {processor.py:914} INFO - Processing file /home/airflow/.local/lib/python3.12/site-packages/airflow/example_dags/example_sla_dag.py for tasks to queue
[2025-06-05T16:14:44.355+0000] {logging_mixin.py:190} INFO - [2025-06-05T16:14:44.354+0000] {dagbag.py:588} INFO - Filling up the DagBag from /home/airflow/.local/lib/python3.12/site-packages/airflow/example_dags/example_sla_dag.py
[2025-06-05T16:14:44.372+0000] {processor.py:925} INFO - DAG(s) 'example_sla_dag' retrieved from /home/airflow/.local/lib/python3.12/site-packages/airflow/example_dags/example_sla_dag.py
[2025-06-05T16:14:44.403+0000] {logging_mixin.py:190} INFO - [2025-06-05T16:14:44.403+0000] {dag.py:3239} INFO - Sync 1 DAGs
[2025-06-05T16:14:44.446+0000] {logging_mixin.py:190} INFO - [2025-06-05T16:14:44.446+0000] {dag.py:4180} INFO - Setting next_dagrun for example_sla_dag to 2025-06-05 16:12:00+00:00, run_after=2025-06-05 16:14:00+00:00
[2025-06-05T16:14:44.477+0000] {processor.py:208} INFO - Processing /home/airflow/.local/lib/python3.12/site-packages/airflow/example_dags/example_sla_dag.py took 0.136 seconds
[2025-06-05T16:15:14.661+0000] {processor.py:186} INFO - Started process (PID=5195) to work on /home/airflow/.local/lib/python3.12/site-packages/airflow/example_dags/example_sla_dag.py
[2025-06-05T16:15:14.662+0000] {processor.py:914} INFO - Processing file /home/airflow/.local/lib/python3.12/site-packages/airflow/example_dags/example_sla_dag.py for tasks to queue
[2025-06-05T16:15:14.665+0000] {logging_mixin.py:190} INFO - [2025-06-05T16:15:14.664+0000] {dagbag.py:588} INFO - Filling up the DagBag from /home/airflow/.local/lib/python3.12/site-packages/airflow/example_dags/example_sla_dag.py
[2025-06-05T16:15:14.683+0000] {processor.py:925} INFO - DAG(s) 'example_sla_dag' retrieved from /home/airflow/.local/lib/python3.12/site-packages/airflow/example_dags/example_sla_dag.py
[2025-06-05T16:15:14.714+0000] {logging_mixin.py:190} INFO - [2025-06-05T16:15:14.714+0000] {dag.py:3239} INFO - Sync 1 DAGs
[2025-06-05T16:15:14.758+0000] {logging_mixin.py:190} INFO - [2025-06-05T16:15:14.757+0000] {dag.py:4180} INFO - Setting next_dagrun for example_sla_dag to 2025-06-05 16:12:00+00:00, run_after=2025-06-05 16:14:00+00:00
[2025-06-05T16:15:14.789+0000] {processor.py:208} INFO - Processing /home/airflow/.local/lib/python3.12/site-packages/airflow/example_dags/example_sla_dag.py took 0.138 seconds
[2025-06-05T16:15:44.855+0000] {processor.py:186} INFO - Started process (PID=5259) to work on /home/airflow/.local/lib/python3.12/site-packages/airflow/example_dags/example_sla_dag.py
[2025-06-05T16:15:44.857+0000] {processor.py:914} INFO - Processing file /home/airflow/.local/lib/python3.12/site-packages/airflow/example_dags/example_sla_dag.py for tasks to queue
[2025-06-05T16:15:44.860+0000] {logging_mixin.py:190} INFO - [2025-06-05T16:15:44.859+0000] {dagbag.py:588} INFO - Filling up the DagBag from /home/airflow/.local/lib/python3.12/site-packages/airflow/example_dags/example_sla_dag.py
[2025-06-05T16:15:44.877+0000] {processor.py:925} INFO - DAG(s) 'example_sla_dag' retrieved from /home/airflow/.local/lib/python3.12/site-packages/airflow/example_dags/example_sla_dag.py
[2025-06-05T16:15:44.908+0000] {logging_mixin.py:190} INFO - [2025-06-05T16:15:44.908+0000] {dag.py:3239} INFO - Sync 1 DAGs
[2025-06-05T16:15:44.953+0000] {logging_mixin.py:190} INFO - [2025-06-05T16:15:44.952+0000] {dag.py:4180} INFO - Setting next_dagrun for example_sla_dag to 2025-06-05 16:12:00+00:00, run_after=2025-06-05 16:14:00+00:00
[2025-06-05T16:15:44.984+0000] {processor.py:208} INFO - Processing /home/airflow/.local/lib/python3.12/site-packages/airflow/example_dags/example_sla_dag.py took 0.139 seconds
