[2025-06-05T16:10:34.948+0000] {processor.py:186} INFO - Started process (PID=4627) to work on /home/airflow/.local/lib/python3.12/site-packages/airflow/example_dags/example_dataset_alias.py
[2025-06-05T16:10:34.950+0000] {processor.py:914} INFO - Processing file /home/airflow/.local/lib/python3.12/site-packages/airflow/example_dags/example_dataset_alias.py for tasks to queue
[2025-06-05T16:10:34.953+0000] {logging_mixin.py:190} INFO - [2025-06-05T16:10:34.952+0000] {dagbag.py:588} INFO - Filling up the DagBag from /home/airflow/.local/lib/python3.12/site-packages/airflow/example_dags/example_dataset_alias.py
[2025-06-05T16:10:35.786+0000] {processor.py:925} INFO - DAG(s) 'dataset_alias_example_alias_producer', 'dataset_s3_bucket_producer', 'dataset_s3_bucket_consumer', 'dataset_alias_example_alias_consumer' retrieved from /home/airflow/.local/lib/python3.12/site-packages/airflow/example_dags/example_dataset_alias.py
[2025-06-05T16:10:35.820+0000] {logging_mixin.py:190} INFO - [2025-06-05T16:10:35.819+0000] {dag.py:3239} INFO - Sync 4 DAGs
[2025-06-05T16:10:35.855+0000] {logging_mixin.py:190} INFO - [2025-06-05T16:10:35.855+0000] {dag.py:4180} INFO - Setting next_dagrun for dataset_alias_example_alias_consumer to None, run_after=None
[2025-06-05T16:10:35.860+0000] {logging_mixin.py:190} INFO - [2025-06-05T16:10:35.860+0000] {dag.py:4180} INFO - Setting next_dagrun for dataset_alias_example_alias_producer to None, run_after=None
[2025-06-05T16:10:35.862+0000] {logging_mixin.py:190} INFO - [2025-06-05T16:10:35.862+0000] {dag.py:4180} INFO - Setting next_dagrun for dataset_s3_bucket_consumer to None, run_after=None
[2025-06-05T16:10:35.865+0000] {logging_mixin.py:190} INFO - [2025-06-05T16:10:35.864+0000] {dag.py:4180} INFO - Setting next_dagrun for dataset_s3_bucket_producer to None, run_after=None
[2025-06-05T16:10:35.900+0000] {processor.py:208} INFO - Processing /home/airflow/.local/lib/python3.12/site-packages/airflow/example_dags/example_dataset_alias.py took 0.965 seconds
[2025-06-05T16:11:06.046+0000] {processor.py:186} INFO - Started process (PID=4693) to work on /home/airflow/.local/lib/python3.12/site-packages/airflow/example_dags/example_dataset_alias.py
[2025-06-05T16:11:06.048+0000] {processor.py:914} INFO - Processing file /home/airflow/.local/lib/python3.12/site-packages/airflow/example_dags/example_dataset_alias.py for tasks to queue
[2025-06-05T16:11:06.050+0000] {logging_mixin.py:190} INFO - [2025-06-05T16:11:06.049+0000] {dagbag.py:588} INFO - Filling up the DagBag from /home/airflow/.local/lib/python3.12/site-packages/airflow/example_dags/example_dataset_alias.py
[2025-06-05T16:11:06.986+0000] {processor.py:925} INFO - DAG(s) 'dataset_s3_bucket_consumer', 'dataset_s3_bucket_producer', 'dataset_alias_example_alias_consumer', 'dataset_alias_example_alias_producer' retrieved from /home/airflow/.local/lib/python3.12/site-packages/airflow/example_dags/example_dataset_alias.py
[2025-06-05T16:11:07.024+0000] {logging_mixin.py:190} INFO - [2025-06-05T16:11:07.023+0000] {dag.py:3239} INFO - Sync 4 DAGs
[2025-06-05T16:11:07.065+0000] {logging_mixin.py:190} INFO - [2025-06-05T16:11:07.064+0000] {dag.py:4180} INFO - Setting next_dagrun for dataset_alias_example_alias_consumer to None, run_after=None
[2025-06-05T16:11:07.070+0000] {logging_mixin.py:190} INFO - [2025-06-05T16:11:07.069+0000] {dag.py:4180} INFO - Setting next_dagrun for dataset_alias_example_alias_producer to None, run_after=None
[2025-06-05T16:11:07.073+0000] {logging_mixin.py:190} INFO - [2025-06-05T16:11:07.072+0000] {dag.py:4180} INFO - Setting next_dagrun for dataset_s3_bucket_consumer to None, run_after=None
[2025-06-05T16:11:07.075+0000] {logging_mixin.py:190} INFO - [2025-06-05T16:11:07.075+0000] {dag.py:4180} INFO - Setting next_dagrun for dataset_s3_bucket_producer to None, run_after=None
[2025-06-05T16:11:07.109+0000] {processor.py:208} INFO - Processing /home/airflow/.local/lib/python3.12/site-packages/airflow/example_dags/example_dataset_alias.py took 1.073 seconds
[2025-06-05T16:11:37.288+0000] {processor.py:186} INFO - Started process (PID=4758) to work on /home/airflow/.local/lib/python3.12/site-packages/airflow/example_dags/example_dataset_alias.py
[2025-06-05T16:11:37.290+0000] {processor.py:914} INFO - Processing file /home/airflow/.local/lib/python3.12/site-packages/airflow/example_dags/example_dataset_alias.py for tasks to queue
[2025-06-05T16:11:37.292+0000] {logging_mixin.py:190} INFO - [2025-06-05T16:11:37.291+0000] {dagbag.py:588} INFO - Filling up the DagBag from /home/airflow/.local/lib/python3.12/site-packages/airflow/example_dags/example_dataset_alias.py
[2025-06-05T16:11:37.966+0000] {processor.py:925} INFO - DAG(s) 'dataset_alias_example_alias_producer', 'dataset_s3_bucket_consumer', 'dataset_alias_example_alias_consumer', 'dataset_s3_bucket_producer' retrieved from /home/airflow/.local/lib/python3.12/site-packages/airflow/example_dags/example_dataset_alias.py
[2025-06-05T16:11:38.000+0000] {logging_mixin.py:190} INFO - [2025-06-05T16:11:37.999+0000] {dag.py:3239} INFO - Sync 4 DAGs
[2025-06-05T16:11:38.042+0000] {logging_mixin.py:190} INFO - [2025-06-05T16:11:38.041+0000] {dag.py:4180} INFO - Setting next_dagrun for dataset_alias_example_alias_consumer to None, run_after=None
[2025-06-05T16:11:38.046+0000] {logging_mixin.py:190} INFO - [2025-06-05T16:11:38.046+0000] {dag.py:4180} INFO - Setting next_dagrun for dataset_alias_example_alias_producer to None, run_after=None
[2025-06-05T16:11:38.049+0000] {logging_mixin.py:190} INFO - [2025-06-05T16:11:38.048+0000] {dag.py:4180} INFO - Setting next_dagrun for dataset_s3_bucket_consumer to None, run_after=None
[2025-06-05T16:11:38.052+0000] {logging_mixin.py:190} INFO - [2025-06-05T16:11:38.052+0000] {dag.py:4180} INFO - Setting next_dagrun for dataset_s3_bucket_producer to None, run_after=None
[2025-06-05T16:11:38.087+0000] {processor.py:208} INFO - Processing /home/airflow/.local/lib/python3.12/site-packages/airflow/example_dags/example_dataset_alias.py took 0.810 seconds
[2025-06-05T16:12:08.825+0000] {processor.py:186} INFO - Started process (PID=4827) to work on /home/airflow/.local/lib/python3.12/site-packages/airflow/example_dags/example_dataset_alias.py
[2025-06-05T16:12:08.827+0000] {processor.py:914} INFO - Processing file /home/airflow/.local/lib/python3.12/site-packages/airflow/example_dags/example_dataset_alias.py for tasks to queue
[2025-06-05T16:12:08.829+0000] {logging_mixin.py:190} INFO - [2025-06-05T16:12:08.828+0000] {dagbag.py:588} INFO - Filling up the DagBag from /home/airflow/.local/lib/python3.12/site-packages/airflow/example_dags/example_dataset_alias.py
[2025-06-05T16:12:09.473+0000] {processor.py:925} INFO - DAG(s) 'dataset_alias_example_alias_consumer', 'dataset_s3_bucket_consumer', 'dataset_s3_bucket_producer', 'dataset_alias_example_alias_producer' retrieved from /home/airflow/.local/lib/python3.12/site-packages/airflow/example_dags/example_dataset_alias.py
[2025-06-05T16:12:09.512+0000] {logging_mixin.py:190} INFO - [2025-06-05T16:12:09.512+0000] {dag.py:3239} INFO - Sync 4 DAGs
[2025-06-05T16:12:09.552+0000] {logging_mixin.py:190} INFO - [2025-06-05T16:12:09.552+0000] {dag.py:4180} INFO - Setting next_dagrun for dataset_alias_example_alias_consumer to None, run_after=None
[2025-06-05T16:12:09.557+0000] {logging_mixin.py:190} INFO - [2025-06-05T16:12:09.557+0000] {dag.py:4180} INFO - Setting next_dagrun for dataset_alias_example_alias_producer to None, run_after=None
[2025-06-05T16:12:09.560+0000] {logging_mixin.py:190} INFO - [2025-06-05T16:12:09.560+0000] {dag.py:4180} INFO - Setting next_dagrun for dataset_s3_bucket_consumer to None, run_after=None
[2025-06-05T16:12:09.562+0000] {logging_mixin.py:190} INFO - [2025-06-05T16:12:09.562+0000] {dag.py:4180} INFO - Setting next_dagrun for dataset_s3_bucket_producer to None, run_after=None
[2025-06-05T16:12:09.600+0000] {processor.py:208} INFO - Processing /home/airflow/.local/lib/python3.12/site-packages/airflow/example_dags/example_dataset_alias.py took 0.786 seconds
[2025-06-05T16:12:40.041+0000] {processor.py:186} INFO - Started process (PID=4893) to work on /home/airflow/.local/lib/python3.12/site-packages/airflow/example_dags/example_dataset_alias.py
[2025-06-05T16:12:40.043+0000] {processor.py:914} INFO - Processing file /home/airflow/.local/lib/python3.12/site-packages/airflow/example_dags/example_dataset_alias.py for tasks to queue
[2025-06-05T16:12:40.045+0000] {logging_mixin.py:190} INFO - [2025-06-05T16:12:40.044+0000] {dagbag.py:588} INFO - Filling up the DagBag from /home/airflow/.local/lib/python3.12/site-packages/airflow/example_dags/example_dataset_alias.py
[2025-06-05T16:12:40.682+0000] {processor.py:925} INFO - DAG(s) 'dataset_alias_example_alias_producer', 'dataset_s3_bucket_producer', 'dataset_s3_bucket_consumer', 'dataset_alias_example_alias_consumer' retrieved from /home/airflow/.local/lib/python3.12/site-packages/airflow/example_dags/example_dataset_alias.py
[2025-06-05T16:12:40.718+0000] {logging_mixin.py:190} INFO - [2025-06-05T16:12:40.717+0000] {dag.py:3239} INFO - Sync 4 DAGs
[2025-06-05T16:12:40.755+0000] {logging_mixin.py:190} INFO - [2025-06-05T16:12:40.755+0000] {dag.py:4180} INFO - Setting next_dagrun for dataset_alias_example_alias_consumer to None, run_after=None
[2025-06-05T16:12:40.760+0000] {logging_mixin.py:190} INFO - [2025-06-05T16:12:40.760+0000] {dag.py:4180} INFO - Setting next_dagrun for dataset_alias_example_alias_producer to None, run_after=None
[2025-06-05T16:12:40.763+0000] {logging_mixin.py:190} INFO - [2025-06-05T16:12:40.763+0000] {dag.py:4180} INFO - Setting next_dagrun for dataset_s3_bucket_consumer to None, run_after=None
[2025-06-05T16:12:40.765+0000] {logging_mixin.py:190} INFO - [2025-06-05T16:12:40.765+0000] {dag.py:4180} INFO - Setting next_dagrun for dataset_s3_bucket_producer to None, run_after=None
[2025-06-05T16:12:40.806+0000] {processor.py:208} INFO - Processing /home/airflow/.local/lib/python3.12/site-packages/airflow/example_dags/example_dataset_alias.py took 0.775 seconds
[2025-06-05T16:13:10.979+0000] {processor.py:186} INFO - Started process (PID=4960) to work on /home/airflow/.local/lib/python3.12/site-packages/airflow/example_dags/example_dataset_alias.py
[2025-06-05T16:13:10.980+0000] {processor.py:914} INFO - Processing file /home/airflow/.local/lib/python3.12/site-packages/airflow/example_dags/example_dataset_alias.py for tasks to queue
[2025-06-05T16:13:10.983+0000] {logging_mixin.py:190} INFO - [2025-06-05T16:13:10.982+0000] {dagbag.py:588} INFO - Filling up the DagBag from /home/airflow/.local/lib/python3.12/site-packages/airflow/example_dags/example_dataset_alias.py
[2025-06-05T16:13:11.621+0000] {processor.py:925} INFO - DAG(s) 'dataset_alias_example_alias_producer', 'dataset_s3_bucket_producer', 'dataset_alias_example_alias_consumer', 'dataset_s3_bucket_consumer' retrieved from /home/airflow/.local/lib/python3.12/site-packages/airflow/example_dags/example_dataset_alias.py
[2025-06-05T16:13:11.658+0000] {logging_mixin.py:190} INFO - [2025-06-05T16:13:11.657+0000] {dag.py:3239} INFO - Sync 4 DAGs
[2025-06-05T16:13:11.696+0000] {logging_mixin.py:190} INFO - [2025-06-05T16:13:11.695+0000] {dag.py:4180} INFO - Setting next_dagrun for dataset_alias_example_alias_consumer to None, run_after=None
[2025-06-05T16:13:11.700+0000] {logging_mixin.py:190} INFO - [2025-06-05T16:13:11.700+0000] {dag.py:4180} INFO - Setting next_dagrun for dataset_alias_example_alias_producer to None, run_after=None
[2025-06-05T16:13:11.703+0000] {logging_mixin.py:190} INFO - [2025-06-05T16:13:11.703+0000] {dag.py:4180} INFO - Setting next_dagrun for dataset_s3_bucket_consumer to None, run_after=None
[2025-06-05T16:13:11.706+0000] {logging_mixin.py:190} INFO - [2025-06-05T16:13:11.706+0000] {dag.py:4180} INFO - Setting next_dagrun for dataset_s3_bucket_producer to None, run_after=None
[2025-06-05T16:13:11.746+0000] {processor.py:208} INFO - Processing /home/airflow/.local/lib/python3.12/site-packages/airflow/example_dags/example_dataset_alias.py took 0.778 seconds
[2025-06-05T16:13:42.443+0000] {processor.py:186} INFO - Started process (PID=5025) to work on /home/airflow/.local/lib/python3.12/site-packages/airflow/example_dags/example_dataset_alias.py
[2025-06-05T16:13:42.445+0000] {processor.py:914} INFO - Processing file /home/airflow/.local/lib/python3.12/site-packages/airflow/example_dags/example_dataset_alias.py for tasks to queue
[2025-06-05T16:13:42.447+0000] {logging_mixin.py:190} INFO - [2025-06-05T16:13:42.446+0000] {dagbag.py:588} INFO - Filling up the DagBag from /home/airflow/.local/lib/python3.12/site-packages/airflow/example_dags/example_dataset_alias.py
[2025-06-05T16:13:43.145+0000] {processor.py:925} INFO - DAG(s) 'dataset_s3_bucket_consumer', 'dataset_s3_bucket_producer', 'dataset_alias_example_alias_consumer', 'dataset_alias_example_alias_producer' retrieved from /home/airflow/.local/lib/python3.12/site-packages/airflow/example_dags/example_dataset_alias.py
[2025-06-05T16:13:43.199+0000] {logging_mixin.py:190} INFO - [2025-06-05T16:13:43.198+0000] {dag.py:3239} INFO - Sync 4 DAGs
[2025-06-05T16:13:43.244+0000] {logging_mixin.py:190} INFO - [2025-06-05T16:13:43.244+0000] {dag.py:4180} INFO - Setting next_dagrun for dataset_alias_example_alias_consumer to None, run_after=None
[2025-06-05T16:13:43.251+0000] {logging_mixin.py:190} INFO - [2025-06-05T16:13:43.250+0000] {dag.py:4180} INFO - Setting next_dagrun for dataset_alias_example_alias_producer to None, run_after=None
[2025-06-05T16:13:43.254+0000] {logging_mixin.py:190} INFO - [2025-06-05T16:13:43.254+0000] {dag.py:4180} INFO - Setting next_dagrun for dataset_s3_bucket_consumer to None, run_after=None
[2025-06-05T16:13:43.257+0000] {logging_mixin.py:190} INFO - [2025-06-05T16:13:43.257+0000] {dag.py:4180} INFO - Setting next_dagrun for dataset_s3_bucket_producer to None, run_after=None
[2025-06-05T16:13:43.299+0000] {processor.py:208} INFO - Processing /home/airflow/.local/lib/python3.12/site-packages/airflow/example_dags/example_dataset_alias.py took 0.867 seconds
[2025-06-05T16:14:13.933+0000] {processor.py:186} INFO - Started process (PID=5094) to work on /home/airflow/.local/lib/python3.12/site-packages/airflow/example_dags/example_dataset_alias.py
[2025-06-05T16:14:13.935+0000] {processor.py:914} INFO - Processing file /home/airflow/.local/lib/python3.12/site-packages/airflow/example_dags/example_dataset_alias.py for tasks to queue
[2025-06-05T16:14:13.937+0000] {logging_mixin.py:190} INFO - [2025-06-05T16:14:13.937+0000] {dagbag.py:588} INFO - Filling up the DagBag from /home/airflow/.local/lib/python3.12/site-packages/airflow/example_dags/example_dataset_alias.py
[2025-06-05T16:14:14.567+0000] {processor.py:925} INFO - DAG(s) 'dataset_s3_bucket_producer', 'dataset_alias_example_alias_producer', 'dataset_alias_example_alias_consumer', 'dataset_s3_bucket_consumer' retrieved from /home/airflow/.local/lib/python3.12/site-packages/airflow/example_dags/example_dataset_alias.py
[2025-06-05T16:14:14.603+0000] {logging_mixin.py:190} INFO - [2025-06-05T16:14:14.602+0000] {dag.py:3239} INFO - Sync 4 DAGs
[2025-06-05T16:14:14.642+0000] {logging_mixin.py:190} INFO - [2025-06-05T16:14:14.642+0000] {dag.py:4180} INFO - Setting next_dagrun for dataset_alias_example_alias_consumer to None, run_after=None
[2025-06-05T16:14:14.647+0000] {logging_mixin.py:190} INFO - [2025-06-05T16:14:14.647+0000] {dag.py:4180} INFO - Setting next_dagrun for dataset_alias_example_alias_producer to None, run_after=None
[2025-06-05T16:14:14.650+0000] {logging_mixin.py:190} INFO - [2025-06-05T16:14:14.649+0000] {dag.py:4180} INFO - Setting next_dagrun for dataset_s3_bucket_consumer to None, run_after=None
[2025-06-05T16:14:14.652+0000] {logging_mixin.py:190} INFO - [2025-06-05T16:14:14.652+0000] {dag.py:4180} INFO - Setting next_dagrun for dataset_s3_bucket_producer to None, run_after=None
[2025-06-05T16:14:14.687+0000] {processor.py:208} INFO - Processing /home/airflow/.local/lib/python3.12/site-packages/airflow/example_dags/example_dataset_alias.py took 0.764 seconds
[2025-06-05T16:14:46.876+0000] {processor.py:186} INFO - Started process (PID=5155) to work on /home/airflow/.local/lib/python3.12/site-packages/airflow/example_dags/example_dataset_alias.py
[2025-06-05T16:14:46.877+0000] {processor.py:914} INFO - Processing file /home/airflow/.local/lib/python3.12/site-packages/airflow/example_dags/example_dataset_alias.py for tasks to queue
[2025-06-05T16:14:46.880+0000] {logging_mixin.py:190} INFO - [2025-06-05T16:14:46.879+0000] {dagbag.py:588} INFO - Filling up the DagBag from /home/airflow/.local/lib/python3.12/site-packages/airflow/example_dags/example_dataset_alias.py
[2025-06-05T16:14:47.501+0000] {processor.py:925} INFO - DAG(s) 'dataset_s3_bucket_consumer', 'dataset_alias_example_alias_consumer', 'dataset_s3_bucket_producer', 'dataset_alias_example_alias_producer' retrieved from /home/airflow/.local/lib/python3.12/site-packages/airflow/example_dags/example_dataset_alias.py
[2025-06-05T16:14:47.535+0000] {logging_mixin.py:190} INFO - [2025-06-05T16:14:47.534+0000] {dag.py:3239} INFO - Sync 4 DAGs
[2025-06-05T16:14:47.575+0000] {logging_mixin.py:190} INFO - [2025-06-05T16:14:47.575+0000] {dag.py:4180} INFO - Setting next_dagrun for dataset_alias_example_alias_consumer to None, run_after=None
[2025-06-05T16:14:47.580+0000] {logging_mixin.py:190} INFO - [2025-06-05T16:14:47.579+0000] {dag.py:4180} INFO - Setting next_dagrun for dataset_alias_example_alias_producer to None, run_after=None
[2025-06-05T16:14:47.583+0000] {logging_mixin.py:190} INFO - [2025-06-05T16:14:47.583+0000] {dag.py:4180} INFO - Setting next_dagrun for dataset_s3_bucket_consumer to None, run_after=None
[2025-06-05T16:14:47.585+0000] {logging_mixin.py:190} INFO - [2025-06-05T16:14:47.585+0000] {dag.py:4180} INFO - Setting next_dagrun for dataset_s3_bucket_producer to None, run_after=None
[2025-06-05T16:14:47.621+0000] {processor.py:208} INFO - Processing /home/airflow/.local/lib/python3.12/site-packages/airflow/example_dags/example_dataset_alias.py took 0.756 seconds
[2025-06-05T16:15:18.168+0000] {processor.py:186} INFO - Started process (PID=5220) to work on /home/airflow/.local/lib/python3.12/site-packages/airflow/example_dags/example_dataset_alias.py
[2025-06-05T16:15:18.170+0000] {processor.py:914} INFO - Processing file /home/airflow/.local/lib/python3.12/site-packages/airflow/example_dags/example_dataset_alias.py for tasks to queue
[2025-06-05T16:15:18.172+0000] {logging_mixin.py:190} INFO - [2025-06-05T16:15:18.172+0000] {dagbag.py:588} INFO - Filling up the DagBag from /home/airflow/.local/lib/python3.12/site-packages/airflow/example_dags/example_dataset_alias.py
[2025-06-05T16:15:18.900+0000] {processor.py:925} INFO - DAG(s) 'dataset_alias_example_alias_producer', 'dataset_s3_bucket_producer', 'dataset_alias_example_alias_consumer', 'dataset_s3_bucket_consumer' retrieved from /home/airflow/.local/lib/python3.12/site-packages/airflow/example_dags/example_dataset_alias.py
[2025-06-05T16:15:18.944+0000] {logging_mixin.py:190} INFO - [2025-06-05T16:15:18.944+0000] {dag.py:3239} INFO - Sync 4 DAGs
[2025-06-05T16:15:19.000+0000] {logging_mixin.py:190} INFO - [2025-06-05T16:15:18.999+0000] {dag.py:4180} INFO - Setting next_dagrun for dataset_alias_example_alias_consumer to None, run_after=None
[2025-06-05T16:15:19.006+0000] {logging_mixin.py:190} INFO - [2025-06-05T16:15:19.005+0000] {dag.py:4180} INFO - Setting next_dagrun for dataset_alias_example_alias_producer to None, run_after=None
[2025-06-05T16:15:19.009+0000] {logging_mixin.py:190} INFO - [2025-06-05T16:15:19.008+0000] {dag.py:4180} INFO - Setting next_dagrun for dataset_s3_bucket_consumer to None, run_after=None
[2025-06-05T16:15:19.012+0000] {logging_mixin.py:190} INFO - [2025-06-05T16:15:19.011+0000] {dag.py:4180} INFO - Setting next_dagrun for dataset_s3_bucket_producer to None, run_after=None
[2025-06-05T16:15:19.058+0000] {processor.py:208} INFO - Processing /home/airflow/.local/lib/python3.12/site-packages/airflow/example_dags/example_dataset_alias.py took 0.900 seconds
[2025-06-05T16:15:49.511+0000] {processor.py:186} INFO - Started process (PID=5285) to work on /home/airflow/.local/lib/python3.12/site-packages/airflow/example_dags/example_dataset_alias.py
[2025-06-05T16:15:49.513+0000] {processor.py:914} INFO - Processing file /home/airflow/.local/lib/python3.12/site-packages/airflow/example_dags/example_dataset_alias.py for tasks to queue
[2025-06-05T16:15:49.516+0000] {logging_mixin.py:190} INFO - [2025-06-05T16:15:49.516+0000] {dagbag.py:588} INFO - Filling up the DagBag from /home/airflow/.local/lib/python3.12/site-packages/airflow/example_dags/example_dataset_alias.py
[2025-06-05T16:15:50.278+0000] {processor.py:925} INFO - DAG(s) 'dataset_alias_example_alias_producer', 'dataset_s3_bucket_producer', 'dataset_s3_bucket_consumer', 'dataset_alias_example_alias_consumer' retrieved from /home/airflow/.local/lib/python3.12/site-packages/airflow/example_dags/example_dataset_alias.py
[2025-06-05T16:15:50.322+0000] {logging_mixin.py:190} INFO - [2025-06-05T16:15:50.321+0000] {dag.py:3239} INFO - Sync 4 DAGs
[2025-06-05T16:15:50.373+0000] {logging_mixin.py:190} INFO - [2025-06-05T16:15:50.373+0000] {dag.py:4180} INFO - Setting next_dagrun for dataset_alias_example_alias_consumer to None, run_after=None
[2025-06-05T16:15:50.379+0000] {logging_mixin.py:190} INFO - [2025-06-05T16:15:50.378+0000] {dag.py:4180} INFO - Setting next_dagrun for dataset_alias_example_alias_producer to None, run_after=None
[2025-06-05T16:15:50.386+0000] {logging_mixin.py:190} INFO - [2025-06-05T16:15:50.385+0000] {dag.py:4180} INFO - Setting next_dagrun for dataset_s3_bucket_consumer to None, run_after=None
[2025-06-05T16:15:50.388+0000] {logging_mixin.py:190} INFO - [2025-06-05T16:15:50.388+0000] {dag.py:4180} INFO - Setting next_dagrun for dataset_s3_bucket_producer to None, run_after=None
[2025-06-05T16:15:50.435+0000] {processor.py:208} INFO - Processing /home/airflow/.local/lib/python3.12/site-packages/airflow/example_dags/example_dataset_alias.py took 0.937 seconds
