[2025-06-05T16:10:31.200+0000] {processor.py:186} INFO - Started process (PID=4615) to work on /home/airflow/.local/lib/python3.12/site-packages/airflow/example_dags/example_branch_python_dop_operator_3.py
[2025-06-05T16:10:31.202+0000] {processor.py:914} INFO - Processing file /home/airflow/.local/lib/python3.12/site-packages/airflow/example_dags/example_branch_python_dop_operator_3.py for tasks to queue
[2025-06-05T16:10:31.205+0000] {logging_mixin.py:190} INFO - [2025-06-05T16:10:31.204+0000] {dagbag.py:588} INFO - Filling up the DagBag from /home/airflow/.local/lib/python3.12/site-packages/airflow/example_dags/example_branch_python_dop_operator_3.py
[2025-06-05T16:10:31.223+0000] {processor.py:925} INFO - DAG(s) 'example_branch_dop_operator_v3' retrieved from /home/airflow/.local/lib/python3.12/site-packages/airflow/example_dags/example_branch_python_dop_operator_3.py
[2025-06-05T16:10:31.254+0000] {logging_mixin.py:190} INFO - [2025-06-05T16:10:31.254+0000] {dag.py:3239} INFO - Sync 1 DAGs
[2025-06-05T16:10:31.525+0000] {logging_mixin.py:190} INFO - [2025-06-05T16:10:31.525+0000] {dag.py:4180} INFO - Setting next_dagrun for example_branch_dop_operator_v3 to 2025-06-05 16:09:00+00:00, run_after=2025-06-05 16:10:00+00:00
[2025-06-05T16:10:31.554+0000] {processor.py:208} INFO - Processing /home/airflow/.local/lib/python3.12/site-packages/airflow/example_dags/example_branch_python_dop_operator_3.py took 0.364 seconds
[2025-06-05T16:11:01.930+0000] {processor.py:186} INFO - Started process (PID=4680) to work on /home/airflow/.local/lib/python3.12/site-packages/airflow/example_dags/example_branch_python_dop_operator_3.py
[2025-06-05T16:11:01.931+0000] {processor.py:914} INFO - Processing file /home/airflow/.local/lib/python3.12/site-packages/airflow/example_dags/example_branch_python_dop_operator_3.py for tasks to queue
[2025-06-05T16:11:01.934+0000] {logging_mixin.py:190} INFO - [2025-06-05T16:11:01.933+0000] {dagbag.py:588} INFO - Filling up the DagBag from /home/airflow/.local/lib/python3.12/site-packages/airflow/example_dags/example_branch_python_dop_operator_3.py
[2025-06-05T16:11:01.956+0000] {processor.py:925} INFO - DAG(s) 'example_branch_dop_operator_v3' retrieved from /home/airflow/.local/lib/python3.12/site-packages/airflow/example_dags/example_branch_python_dop_operator_3.py
[2025-06-05T16:11:01.987+0000] {logging_mixin.py:190} INFO - [2025-06-05T16:11:01.987+0000] {dag.py:3239} INFO - Sync 1 DAGs
[2025-06-05T16:11:02.031+0000] {logging_mixin.py:190} INFO - [2025-06-05T16:11:02.031+0000] {dag.py:4180} INFO - Setting next_dagrun for example_branch_dop_operator_v3 to 2025-06-05 16:10:00+00:00, run_after=2025-06-05 16:11:00+00:00
[2025-06-05T16:11:02.325+0000] {processor.py:208} INFO - Processing /home/airflow/.local/lib/python3.12/site-packages/airflow/example_dags/example_branch_python_dop_operator_3.py took 0.406 seconds
[2025-06-05T16:11:32.498+0000] {processor.py:186} INFO - Started process (PID=4747) to work on /home/airflow/.local/lib/python3.12/site-packages/airflow/example_dags/example_branch_python_dop_operator_3.py
[2025-06-05T16:11:32.500+0000] {processor.py:914} INFO - Processing file /home/airflow/.local/lib/python3.12/site-packages/airflow/example_dags/example_branch_python_dop_operator_3.py for tasks to queue
[2025-06-05T16:11:32.502+0000] {logging_mixin.py:190} INFO - [2025-06-05T16:11:32.501+0000] {dagbag.py:588} INFO - Filling up the DagBag from /home/airflow/.local/lib/python3.12/site-packages/airflow/example_dags/example_branch_python_dop_operator_3.py
[2025-06-05T16:11:32.521+0000] {processor.py:925} INFO - DAG(s) 'example_branch_dop_operator_v3' retrieved from /home/airflow/.local/lib/python3.12/site-packages/airflow/example_dags/example_branch_python_dop_operator_3.py
[2025-06-05T16:11:32.555+0000] {logging_mixin.py:190} INFO - [2025-06-05T16:11:32.555+0000] {dag.py:3239} INFO - Sync 1 DAGs
[2025-06-05T16:11:32.597+0000] {logging_mixin.py:190} INFO - [2025-06-05T16:11:32.597+0000] {dag.py:4180} INFO - Setting next_dagrun for example_branch_dop_operator_v3 to 2025-06-05 16:10:00+00:00, run_after=2025-06-05 16:11:00+00:00
[2025-06-05T16:11:32.627+0000] {processor.py:208} INFO - Processing /home/airflow/.local/lib/python3.12/site-packages/airflow/example_dags/example_branch_python_dop_operator_3.py took 0.139 seconds
[2025-06-05T16:12:03.159+0000] {processor.py:186} INFO - Started process (PID=4812) to work on /home/airflow/.local/lib/python3.12/site-packages/airflow/example_dags/example_branch_python_dop_operator_3.py
[2025-06-05T16:12:03.161+0000] {processor.py:914} INFO - Processing file /home/airflow/.local/lib/python3.12/site-packages/airflow/example_dags/example_branch_python_dop_operator_3.py for tasks to queue
[2025-06-05T16:12:03.163+0000] {logging_mixin.py:190} INFO - [2025-06-05T16:12:03.163+0000] {dagbag.py:588} INFO - Filling up the DagBag from /home/airflow/.local/lib/python3.12/site-packages/airflow/example_dags/example_branch_python_dop_operator_3.py
[2025-06-05T16:12:03.181+0000] {processor.py:925} INFO - DAG(s) 'example_branch_dop_operator_v3' retrieved from /home/airflow/.local/lib/python3.12/site-packages/airflow/example_dags/example_branch_python_dop_operator_3.py
[2025-06-05T16:12:03.214+0000] {logging_mixin.py:190} INFO - [2025-06-05T16:12:03.213+0000] {dag.py:3239} INFO - Sync 1 DAGs
[2025-06-05T16:12:03.260+0000] {logging_mixin.py:190} INFO - [2025-06-05T16:12:03.259+0000] {dag.py:4180} INFO - Setting next_dagrun for example_branch_dop_operator_v3 to 2025-06-05 16:11:00+00:00, run_after=2025-06-05 16:12:00+00:00
[2025-06-05T16:12:03.290+0000] {processor.py:208} INFO - Processing /home/airflow/.local/lib/python3.12/site-packages/airflow/example_dags/example_branch_python_dop_operator_3.py took 0.141 seconds
[2025-06-05T16:12:33.867+0000] {processor.py:186} INFO - Started process (PID=4877) to work on /home/airflow/.local/lib/python3.12/site-packages/airflow/example_dags/example_branch_python_dop_operator_3.py
[2025-06-05T16:12:33.869+0000] {processor.py:914} INFO - Processing file /home/airflow/.local/lib/python3.12/site-packages/airflow/example_dags/example_branch_python_dop_operator_3.py for tasks to queue
[2025-06-05T16:12:33.872+0000] {logging_mixin.py:190} INFO - [2025-06-05T16:12:33.871+0000] {dagbag.py:588} INFO - Filling up the DagBag from /home/airflow/.local/lib/python3.12/site-packages/airflow/example_dags/example_branch_python_dop_operator_3.py
[2025-06-05T16:12:33.892+0000] {processor.py:925} INFO - DAG(s) 'example_branch_dop_operator_v3' retrieved from /home/airflow/.local/lib/python3.12/site-packages/airflow/example_dags/example_branch_python_dop_operator_3.py
[2025-06-05T16:12:33.929+0000] {logging_mixin.py:190} INFO - [2025-06-05T16:12:33.928+0000] {dag.py:3239} INFO - Sync 1 DAGs
[2025-06-05T16:12:33.977+0000] {logging_mixin.py:190} INFO - [2025-06-05T16:12:33.977+0000] {dag.py:4180} INFO - Setting next_dagrun for example_branch_dop_operator_v3 to 2025-06-05 16:11:00+00:00, run_after=2025-06-05 16:12:00+00:00
[2025-06-05T16:12:34.014+0000] {processor.py:208} INFO - Processing /home/airflow/.local/lib/python3.12/site-packages/airflow/example_dags/example_branch_python_dop_operator_3.py took 0.157 seconds
[2025-06-05T16:13:04.101+0000] {processor.py:186} INFO - Started process (PID=4940) to work on /home/airflow/.local/lib/python3.12/site-packages/airflow/example_dags/example_branch_python_dop_operator_3.py
[2025-06-05T16:13:04.102+0000] {processor.py:914} INFO - Processing file /home/airflow/.local/lib/python3.12/site-packages/airflow/example_dags/example_branch_python_dop_operator_3.py for tasks to queue
[2025-06-05T16:13:04.105+0000] {logging_mixin.py:190} INFO - [2025-06-05T16:13:04.104+0000] {dagbag.py:588} INFO - Filling up the DagBag from /home/airflow/.local/lib/python3.12/site-packages/airflow/example_dags/example_branch_python_dop_operator_3.py
[2025-06-05T16:13:04.127+0000] {processor.py:925} INFO - DAG(s) 'example_branch_dop_operator_v3' retrieved from /home/airflow/.local/lib/python3.12/site-packages/airflow/example_dags/example_branch_python_dop_operator_3.py
[2025-06-05T16:13:04.164+0000] {logging_mixin.py:190} INFO - [2025-06-05T16:13:04.164+0000] {dag.py:3239} INFO - Sync 1 DAGs
[2025-06-05T16:13:04.219+0000] {logging_mixin.py:190} INFO - [2025-06-05T16:13:04.219+0000] {dag.py:4180} INFO - Setting next_dagrun for example_branch_dop_operator_v3 to 2025-06-05 16:12:00+00:00, run_after=2025-06-05 16:13:00+00:00
[2025-06-05T16:13:04.250+0000] {processor.py:208} INFO - Processing /home/airflow/.local/lib/python3.12/site-packages/airflow/example_dags/example_branch_python_dop_operator_3.py took 0.160 seconds
[2025-06-05T16:13:34.698+0000] {processor.py:186} INFO - Started process (PID=5005) to work on /home/airflow/.local/lib/python3.12/site-packages/airflow/example_dags/example_branch_python_dop_operator_3.py
[2025-06-05T16:13:34.700+0000] {processor.py:914} INFO - Processing file /home/airflow/.local/lib/python3.12/site-packages/airflow/example_dags/example_branch_python_dop_operator_3.py for tasks to queue
[2025-06-05T16:13:34.702+0000] {logging_mixin.py:190} INFO - [2025-06-05T16:13:34.701+0000] {dagbag.py:588} INFO - Filling up the DagBag from /home/airflow/.local/lib/python3.12/site-packages/airflow/example_dags/example_branch_python_dop_operator_3.py
[2025-06-05T16:13:34.720+0000] {processor.py:925} INFO - DAG(s) 'example_branch_dop_operator_v3' retrieved from /home/airflow/.local/lib/python3.12/site-packages/airflow/example_dags/example_branch_python_dop_operator_3.py
[2025-06-05T16:13:34.754+0000] {logging_mixin.py:190} INFO - [2025-06-05T16:13:34.754+0000] {dag.py:3239} INFO - Sync 1 DAGs
[2025-06-05T16:13:34.796+0000] {logging_mixin.py:190} INFO - [2025-06-05T16:13:34.796+0000] {dag.py:4180} INFO - Setting next_dagrun for example_branch_dop_operator_v3 to 2025-06-05 16:12:00+00:00, run_after=2025-06-05 16:13:00+00:00
[2025-06-05T16:13:34.827+0000] {processor.py:208} INFO - Processing /home/airflow/.local/lib/python3.12/site-packages/airflow/example_dags/example_branch_python_dop_operator_3.py took 0.139 seconds
[2025-06-05T16:14:05.543+0000] {processor.py:186} INFO - Started process (PID=5070) to work on /home/airflow/.local/lib/python3.12/site-packages/airflow/example_dags/example_branch_python_dop_operator_3.py
[2025-06-05T16:14:05.544+0000] {processor.py:914} INFO - Processing file /home/airflow/.local/lib/python3.12/site-packages/airflow/example_dags/example_branch_python_dop_operator_3.py for tasks to queue
[2025-06-05T16:14:05.546+0000] {logging_mixin.py:190} INFO - [2025-06-05T16:14:05.546+0000] {dagbag.py:588} INFO - Filling up the DagBag from /home/airflow/.local/lib/python3.12/site-packages/airflow/example_dags/example_branch_python_dop_operator_3.py
[2025-06-05T16:14:05.563+0000] {processor.py:925} INFO - DAG(s) 'example_branch_dop_operator_v3' retrieved from /home/airflow/.local/lib/python3.12/site-packages/airflow/example_dags/example_branch_python_dop_operator_3.py
[2025-06-05T16:14:05.595+0000] {logging_mixin.py:190} INFO - [2025-06-05T16:14:05.595+0000] {dag.py:3239} INFO - Sync 1 DAGs
[2025-06-05T16:14:05.638+0000] {logging_mixin.py:190} INFO - [2025-06-05T16:14:05.638+0000] {dag.py:4180} INFO - Setting next_dagrun for example_branch_dop_operator_v3 to 2025-06-05 16:13:00+00:00, run_after=2025-06-05 16:14:00+00:00
[2025-06-05T16:14:05.669+0000] {processor.py:208} INFO - Processing /home/airflow/.local/lib/python3.12/site-packages/airflow/example_dags/example_branch_python_dop_operator_3.py took 0.136 seconds
[2025-06-05T16:14:44.836+0000] {processor.py:186} INFO - Started process (PID=5135) to work on /home/airflow/.local/lib/python3.12/site-packages/airflow/example_dags/example_branch_python_dop_operator_3.py
[2025-06-05T16:14:44.837+0000] {processor.py:914} INFO - Processing file /home/airflow/.local/lib/python3.12/site-packages/airflow/example_dags/example_branch_python_dop_operator_3.py for tasks to queue
[2025-06-05T16:14:44.840+0000] {logging_mixin.py:190} INFO - [2025-06-05T16:14:44.839+0000] {dagbag.py:588} INFO - Filling up the DagBag from /home/airflow/.local/lib/python3.12/site-packages/airflow/example_dags/example_branch_python_dop_operator_3.py
[2025-06-05T16:14:44.858+0000] {processor.py:925} INFO - DAG(s) 'example_branch_dop_operator_v3' retrieved from /home/airflow/.local/lib/python3.12/site-packages/airflow/example_dags/example_branch_python_dop_operator_3.py
[2025-06-05T16:14:44.888+0000] {logging_mixin.py:190} INFO - [2025-06-05T16:14:44.888+0000] {dag.py:3239} INFO - Sync 1 DAGs
[2025-06-05T16:14:44.929+0000] {logging_mixin.py:190} INFO - [2025-06-05T16:14:44.929+0000] {dag.py:4180} INFO - Setting next_dagrun for example_branch_dop_operator_v3 to 2025-06-05 16:13:00+00:00, run_after=2025-06-05 16:14:00+00:00
[2025-06-05T16:14:44.963+0000] {processor.py:208} INFO - Processing /home/airflow/.local/lib/python3.12/site-packages/airflow/example_dags/example_branch_python_dop_operator_3.py took 0.138 seconds
[2025-06-05T16:15:15.298+0000] {processor.py:186} INFO - Started process (PID=5200) to work on /home/airflow/.local/lib/python3.12/site-packages/airflow/example_dags/example_branch_python_dop_operator_3.py
[2025-06-05T16:15:15.300+0000] {processor.py:914} INFO - Processing file /home/airflow/.local/lib/python3.12/site-packages/airflow/example_dags/example_branch_python_dop_operator_3.py for tasks to queue
[2025-06-05T16:15:15.303+0000] {logging_mixin.py:190} INFO - [2025-06-05T16:15:15.302+0000] {dagbag.py:588} INFO - Filling up the DagBag from /home/airflow/.local/lib/python3.12/site-packages/airflow/example_dags/example_branch_python_dop_operator_3.py
[2025-06-05T16:15:15.321+0000] {processor.py:925} INFO - DAG(s) 'example_branch_dop_operator_v3' retrieved from /home/airflow/.local/lib/python3.12/site-packages/airflow/example_dags/example_branch_python_dop_operator_3.py
[2025-06-05T16:15:15.354+0000] {logging_mixin.py:190} INFO - [2025-06-05T16:15:15.354+0000] {dag.py:3239} INFO - Sync 1 DAGs
[2025-06-05T16:15:15.408+0000] {logging_mixin.py:190} INFO - [2025-06-05T16:15:15.407+0000] {dag.py:4180} INFO - Setting next_dagrun for example_branch_dop_operator_v3 to 2025-06-05 16:14:00+00:00, run_after=2025-06-05 16:15:00+00:00
[2025-06-05T16:15:15.447+0000] {processor.py:208} INFO - Processing /home/airflow/.local/lib/python3.12/site-packages/airflow/example_dags/example_branch_python_dop_operator_3.py took 0.159 seconds
[2025-06-05T16:15:45.729+0000] {processor.py:186} INFO - Started process (PID=5265) to work on /home/airflow/.local/lib/python3.12/site-packages/airflow/example_dags/example_branch_python_dop_operator_3.py
[2025-06-05T16:15:45.731+0000] {processor.py:914} INFO - Processing file /home/airflow/.local/lib/python3.12/site-packages/airflow/example_dags/example_branch_python_dop_operator_3.py for tasks to queue
[2025-06-05T16:15:45.733+0000] {logging_mixin.py:190} INFO - [2025-06-05T16:15:45.732+0000] {dagbag.py:588} INFO - Filling up the DagBag from /home/airflow/.local/lib/python3.12/site-packages/airflow/example_dags/example_branch_python_dop_operator_3.py
[2025-06-05T16:15:45.751+0000] {processor.py:925} INFO - DAG(s) 'example_branch_dop_operator_v3' retrieved from /home/airflow/.local/lib/python3.12/site-packages/airflow/example_dags/example_branch_python_dop_operator_3.py
[2025-06-05T16:15:45.784+0000] {logging_mixin.py:190} INFO - [2025-06-05T16:15:45.783+0000] {dag.py:3239} INFO - Sync 1 DAGs
[2025-06-05T16:15:45.829+0000] {logging_mixin.py:190} INFO - [2025-06-05T16:15:45.829+0000] {dag.py:4180} INFO - Setting next_dagrun for example_branch_dop_operator_v3 to 2025-06-05 16:14:00+00:00, run_after=2025-06-05 16:15:00+00:00
[2025-06-05T16:15:45.861+0000] {processor.py:208} INFO - Processing /home/airflow/.local/lib/python3.12/site-packages/airflow/example_dags/example_branch_python_dop_operator_3.py took 0.142 seconds
