[2025-06-05T16:10:29.602+0000] {processor.py:186} INFO - Started process (PID=4609) to work on /home/airflow/.local/lib/python3.12/site-packages/airflow/example_dags/example_subdag_operator.py
[2025-06-05T16:10:29.604+0000] {processor.py:914} INFO - Processing file /home/airflow/.local/lib/python3.12/site-packages/airflow/example_dags/example_subdag_operator.py for tasks to queue
[2025-06-05T16:10:29.606+0000] {logging_mixin.py:190} INFO - [2025-06-05T16:10:29.606+0000] {dagbag.py:588} INFO - Filling up the DagBag from /home/airflow/.local/lib/python3.12/site-packages/airflow/example_dags/example_subdag_operator.py
[2025-06-05T16:10:29.649+0000] {processor.py:925} INFO - DAG(s) 'example_subdag_operator.section-1', 'example_subdag_operator.section-2', 'example_subdag_operator' retrieved from /home/airflow/.local/lib/python3.12/site-packages/airflow/example_dags/example_subdag_operator.py
[2025-06-05T16:10:29.673+0000] {logging_mixin.py:190} INFO - [2025-06-05T16:10:29.673+0000] {dag.py:3239} INFO - Sync 3 DAGs
[2025-06-05T16:10:29.712+0000] {logging_mixin.py:190} INFO - [2025-06-05T16:10:29.712+0000] {dag.py:4180} INFO - Setting next_dagrun for example_subdag_operator to 2022-01-01 00:00:00+00:00, run_after=2022-01-01 00:00:00+00:00
[2025-06-05T16:10:29.719+0000] {logging_mixin.py:190} INFO - [2025-06-05T16:10:29.718+0000] {dag.py:4180} INFO - Setting next_dagrun for example_subdag_operator.section-1 to None, run_after=None
[2025-06-05T16:10:29.721+0000] {logging_mixin.py:190} INFO - [2025-06-05T16:10:29.721+0000] {dag.py:4180} INFO - Setting next_dagrun for example_subdag_operator.section-2 to None, run_after=None
[2025-06-05T16:10:29.988+0000] {logging_mixin.py:190} INFO - [2025-06-05T16:10:29.988+0000] {dag.py:3239} INFO - Sync 2 DAGs
[2025-06-05T16:10:29.998+0000] {logging_mixin.py:190} INFO - [2025-06-05T16:10:29.997+0000] {dag.py:4180} INFO - Setting next_dagrun for example_subdag_operator.section-1 to None, run_after=None
[2025-06-05T16:10:29.999+0000] {logging_mixin.py:190} INFO - [2025-06-05T16:10:29.999+0000] {dag.py:4180} INFO - Setting next_dagrun for example_subdag_operator.section-2 to None, run_after=None
[2025-06-05T16:10:30.018+0000] {processor.py:208} INFO - Processing /home/airflow/.local/lib/python3.12/site-packages/airflow/example_dags/example_subdag_operator.py took 0.425 seconds
[2025-06-05T16:11:00.592+0000] {processor.py:186} INFO - Started process (PID=4674) to work on /home/airflow/.local/lib/python3.12/site-packages/airflow/example_dags/example_subdag_operator.py
[2025-06-05T16:11:00.593+0000] {processor.py:914} INFO - Processing file /home/airflow/.local/lib/python3.12/site-packages/airflow/example_dags/example_subdag_operator.py for tasks to queue
[2025-06-05T16:11:00.596+0000] {logging_mixin.py:190} INFO - [2025-06-05T16:11:00.595+0000] {dagbag.py:588} INFO - Filling up the DagBag from /home/airflow/.local/lib/python3.12/site-packages/airflow/example_dags/example_subdag_operator.py
[2025-06-05T16:11:00.641+0000] {processor.py:925} INFO - DAG(s) 'example_subdag_operator.section-1', 'example_subdag_operator.section-2', 'example_subdag_operator' retrieved from /home/airflow/.local/lib/python3.12/site-packages/airflow/example_dags/example_subdag_operator.py
[2025-06-05T16:11:00.665+0000] {logging_mixin.py:190} INFO - [2025-06-05T16:11:00.665+0000] {dag.py:3239} INFO - Sync 3 DAGs
[2025-06-05T16:11:00.704+0000] {logging_mixin.py:190} INFO - [2025-06-05T16:11:00.703+0000] {dag.py:4180} INFO - Setting next_dagrun for example_subdag_operator to 2022-01-01 00:00:00+00:00, run_after=2022-01-01 00:00:00+00:00
[2025-06-05T16:11:00.711+0000] {logging_mixin.py:190} INFO - [2025-06-05T16:11:00.710+0000] {dag.py:4180} INFO - Setting next_dagrun for example_subdag_operator.section-1 to None, run_after=None
[2025-06-05T16:11:00.713+0000] {logging_mixin.py:190} INFO - [2025-06-05T16:11:00.713+0000] {dag.py:4180} INFO - Setting next_dagrun for example_subdag_operator.section-2 to None, run_after=None
[2025-06-05T16:11:00.726+0000] {logging_mixin.py:190} INFO - [2025-06-05T16:11:00.726+0000] {dag.py:3239} INFO - Sync 2 DAGs
[2025-06-05T16:11:00.735+0000] {logging_mixin.py:190} INFO - [2025-06-05T16:11:00.735+0000] {dag.py:4180} INFO - Setting next_dagrun for example_subdag_operator.section-1 to None, run_after=None
[2025-06-05T16:11:00.736+0000] {logging_mixin.py:190} INFO - [2025-06-05T16:11:00.736+0000] {dag.py:4180} INFO - Setting next_dagrun for example_subdag_operator.section-2 to None, run_after=None
[2025-06-05T16:11:00.754+0000] {processor.py:208} INFO - Processing /home/airflow/.local/lib/python3.12/site-packages/airflow/example_dags/example_subdag_operator.py took 0.173 seconds
[2025-06-05T16:11:30.812+0000] {processor.py:186} INFO - Started process (PID=4739) to work on /home/airflow/.local/lib/python3.12/site-packages/airflow/example_dags/example_subdag_operator.py
[2025-06-05T16:11:30.814+0000] {processor.py:914} INFO - Processing file /home/airflow/.local/lib/python3.12/site-packages/airflow/example_dags/example_subdag_operator.py for tasks to queue
[2025-06-05T16:11:30.816+0000] {logging_mixin.py:190} INFO - [2025-06-05T16:11:30.816+0000] {dagbag.py:588} INFO - Filling up the DagBag from /home/airflow/.local/lib/python3.12/site-packages/airflow/example_dags/example_subdag_operator.py
[2025-06-05T16:11:30.858+0000] {processor.py:925} INFO - DAG(s) 'example_subdag_operator.section-1', 'example_subdag_operator.section-2', 'example_subdag_operator' retrieved from /home/airflow/.local/lib/python3.12/site-packages/airflow/example_dags/example_subdag_operator.py
[2025-06-05T16:11:30.882+0000] {logging_mixin.py:190} INFO - [2025-06-05T16:11:30.882+0000] {dag.py:3239} INFO - Sync 3 DAGs
[2025-06-05T16:11:30.919+0000] {logging_mixin.py:190} INFO - [2025-06-05T16:11:30.919+0000] {dag.py:4180} INFO - Setting next_dagrun for example_subdag_operator to 2022-01-01 00:00:00+00:00, run_after=2022-01-01 00:00:00+00:00
[2025-06-05T16:11:30.925+0000] {logging_mixin.py:190} INFO - [2025-06-05T16:11:30.925+0000] {dag.py:4180} INFO - Setting next_dagrun for example_subdag_operator.section-1 to None, run_after=None
[2025-06-05T16:11:30.928+0000] {logging_mixin.py:190} INFO - [2025-06-05T16:11:30.928+0000] {dag.py:4180} INFO - Setting next_dagrun for example_subdag_operator.section-2 to None, run_after=None
[2025-06-05T16:11:30.939+0000] {logging_mixin.py:190} INFO - [2025-06-05T16:11:30.939+0000] {dag.py:3239} INFO - Sync 2 DAGs
[2025-06-05T16:11:30.949+0000] {logging_mixin.py:190} INFO - [2025-06-05T16:11:30.948+0000] {dag.py:4180} INFO - Setting next_dagrun for example_subdag_operator.section-1 to None, run_after=None
[2025-06-05T16:11:30.950+0000] {logging_mixin.py:190} INFO - [2025-06-05T16:11:30.950+0000] {dag.py:4180} INFO - Setting next_dagrun for example_subdag_operator.section-2 to None, run_after=None
[2025-06-05T16:11:30.971+0000] {processor.py:208} INFO - Processing /home/airflow/.local/lib/python3.12/site-packages/airflow/example_dags/example_subdag_operator.py took 0.169 seconds
[2025-06-05T16:12:01.395+0000] {processor.py:186} INFO - Started process (PID=4804) to work on /home/airflow/.local/lib/python3.12/site-packages/airflow/example_dags/example_subdag_operator.py
[2025-06-05T16:12:01.398+0000] {processor.py:914} INFO - Processing file /home/airflow/.local/lib/python3.12/site-packages/airflow/example_dags/example_subdag_operator.py for tasks to queue
[2025-06-05T16:12:01.400+0000] {logging_mixin.py:190} INFO - [2025-06-05T16:12:01.399+0000] {dagbag.py:588} INFO - Filling up the DagBag from /home/airflow/.local/lib/python3.12/site-packages/airflow/example_dags/example_subdag_operator.py
[2025-06-05T16:12:01.448+0000] {processor.py:925} INFO - DAG(s) 'example_subdag_operator.section-1', 'example_subdag_operator.section-2', 'example_subdag_operator' retrieved from /home/airflow/.local/lib/python3.12/site-packages/airflow/example_dags/example_subdag_operator.py
[2025-06-05T16:12:01.475+0000] {logging_mixin.py:190} INFO - [2025-06-05T16:12:01.474+0000] {dag.py:3239} INFO - Sync 3 DAGs
[2025-06-05T16:12:01.519+0000] {logging_mixin.py:190} INFO - [2025-06-05T16:12:01.518+0000] {dag.py:4180} INFO - Setting next_dagrun for example_subdag_operator to 2022-01-01 00:00:00+00:00, run_after=2022-01-01 00:00:00+00:00
[2025-06-05T16:12:01.525+0000] {logging_mixin.py:190} INFO - [2025-06-05T16:12:01.525+0000] {dag.py:4180} INFO - Setting next_dagrun for example_subdag_operator.section-1 to None, run_after=None
[2025-06-05T16:12:01.528+0000] {logging_mixin.py:190} INFO - [2025-06-05T16:12:01.528+0000] {dag.py:4180} INFO - Setting next_dagrun for example_subdag_operator.section-2 to None, run_after=None
[2025-06-05T16:12:01.539+0000] {logging_mixin.py:190} INFO - [2025-06-05T16:12:01.539+0000] {dag.py:3239} INFO - Sync 2 DAGs
[2025-06-05T16:12:01.552+0000] {logging_mixin.py:190} INFO - [2025-06-05T16:12:01.551+0000] {dag.py:4180} INFO - Setting next_dagrun for example_subdag_operator.section-1 to None, run_after=None
[2025-06-05T16:12:01.553+0000] {logging_mixin.py:190} INFO - [2025-06-05T16:12:01.553+0000] {dag.py:4180} INFO - Setting next_dagrun for example_subdag_operator.section-2 to None, run_after=None
[2025-06-05T16:12:01.575+0000] {processor.py:208} INFO - Processing /home/airflow/.local/lib/python3.12/site-packages/airflow/example_dags/example_subdag_operator.py took 0.190 seconds
[2025-06-05T16:12:32.210+0000] {processor.py:186} INFO - Started process (PID=4869) to work on /home/airflow/.local/lib/python3.12/site-packages/airflow/example_dags/example_subdag_operator.py
[2025-06-05T16:12:32.212+0000] {processor.py:914} INFO - Processing file /home/airflow/.local/lib/python3.12/site-packages/airflow/example_dags/example_subdag_operator.py for tasks to queue
[2025-06-05T16:12:32.215+0000] {logging_mixin.py:190} INFO - [2025-06-05T16:12:32.214+0000] {dagbag.py:588} INFO - Filling up the DagBag from /home/airflow/.local/lib/python3.12/site-packages/airflow/example_dags/example_subdag_operator.py
[2025-06-05T16:12:32.260+0000] {processor.py:925} INFO - DAG(s) 'example_subdag_operator.section-1', 'example_subdag_operator.section-2', 'example_subdag_operator' retrieved from /home/airflow/.local/lib/python3.12/site-packages/airflow/example_dags/example_subdag_operator.py
[2025-06-05T16:12:32.286+0000] {logging_mixin.py:190} INFO - [2025-06-05T16:12:32.286+0000] {dag.py:3239} INFO - Sync 3 DAGs
[2025-06-05T16:12:32.330+0000] {logging_mixin.py:190} INFO - [2025-06-05T16:12:32.329+0000] {dag.py:4180} INFO - Setting next_dagrun for example_subdag_operator to 2022-01-01 00:00:00+00:00, run_after=2022-01-01 00:00:00+00:00
[2025-06-05T16:12:32.338+0000] {logging_mixin.py:190} INFO - [2025-06-05T16:12:32.337+0000] {dag.py:4180} INFO - Setting next_dagrun for example_subdag_operator.section-1 to None, run_after=None
[2025-06-05T16:12:32.341+0000] {logging_mixin.py:190} INFO - [2025-06-05T16:12:32.341+0000] {dag.py:4180} INFO - Setting next_dagrun for example_subdag_operator.section-2 to None, run_after=None
[2025-06-05T16:12:32.355+0000] {logging_mixin.py:190} INFO - [2025-06-05T16:12:32.355+0000] {dag.py:3239} INFO - Sync 2 DAGs
[2025-06-05T16:12:32.365+0000] {logging_mixin.py:190} INFO - [2025-06-05T16:12:32.365+0000] {dag.py:4180} INFO - Setting next_dagrun for example_subdag_operator.section-1 to None, run_after=None
[2025-06-05T16:12:32.367+0000] {logging_mixin.py:190} INFO - [2025-06-05T16:12:32.367+0000] {dag.py:4180} INFO - Setting next_dagrun for example_subdag_operator.section-2 to None, run_after=None
[2025-06-05T16:12:32.387+0000] {processor.py:208} INFO - Processing /home/airflow/.local/lib/python3.12/site-packages/airflow/example_dags/example_subdag_operator.py took 0.188 seconds
[2025-06-05T16:13:02.567+0000] {processor.py:186} INFO - Started process (PID=4934) to work on /home/airflow/.local/lib/python3.12/site-packages/airflow/example_dags/example_subdag_operator.py
[2025-06-05T16:13:02.569+0000] {processor.py:914} INFO - Processing file /home/airflow/.local/lib/python3.12/site-packages/airflow/example_dags/example_subdag_operator.py for tasks to queue
[2025-06-05T16:13:02.572+0000] {logging_mixin.py:190} INFO - [2025-06-05T16:13:02.572+0000] {dagbag.py:588} INFO - Filling up the DagBag from /home/airflow/.local/lib/python3.12/site-packages/airflow/example_dags/example_subdag_operator.py
[2025-06-05T16:13:02.610+0000] {processor.py:925} INFO - DAG(s) 'example_subdag_operator.section-1', 'example_subdag_operator.section-2', 'example_subdag_operator' retrieved from /home/airflow/.local/lib/python3.12/site-packages/airflow/example_dags/example_subdag_operator.py
[2025-06-05T16:13:02.635+0000] {logging_mixin.py:190} INFO - [2025-06-05T16:13:02.634+0000] {dag.py:3239} INFO - Sync 3 DAGs
[2025-06-05T16:13:02.671+0000] {logging_mixin.py:190} INFO - [2025-06-05T16:13:02.671+0000] {dag.py:4180} INFO - Setting next_dagrun for example_subdag_operator to 2022-01-01 00:00:00+00:00, run_after=2022-01-01 00:00:00+00:00
[2025-06-05T16:13:02.679+0000] {logging_mixin.py:190} INFO - [2025-06-05T16:13:02.678+0000] {dag.py:4180} INFO - Setting next_dagrun for example_subdag_operator.section-1 to None, run_after=None
[2025-06-05T16:13:02.682+0000] {logging_mixin.py:190} INFO - [2025-06-05T16:13:02.681+0000] {dag.py:4180} INFO - Setting next_dagrun for example_subdag_operator.section-2 to None, run_after=None
[2025-06-05T16:13:02.693+0000] {logging_mixin.py:190} INFO - [2025-06-05T16:13:02.693+0000] {dag.py:3239} INFO - Sync 2 DAGs
[2025-06-05T16:13:02.702+0000] {logging_mixin.py:190} INFO - [2025-06-05T16:13:02.702+0000] {dag.py:4180} INFO - Setting next_dagrun for example_subdag_operator.section-1 to None, run_after=None
[2025-06-05T16:13:02.703+0000] {logging_mixin.py:190} INFO - [2025-06-05T16:13:02.703+0000] {dag.py:4180} INFO - Setting next_dagrun for example_subdag_operator.section-2 to None, run_after=None
[2025-06-05T16:13:02.723+0000] {processor.py:208} INFO - Processing /home/airflow/.local/lib/python3.12/site-packages/airflow/example_dags/example_subdag_operator.py took 0.165 seconds
[2025-06-05T16:13:33.148+0000] {processor.py:186} INFO - Started process (PID=4999) to work on /home/airflow/.local/lib/python3.12/site-packages/airflow/example_dags/example_subdag_operator.py
[2025-06-05T16:13:33.149+0000] {processor.py:914} INFO - Processing file /home/airflow/.local/lib/python3.12/site-packages/airflow/example_dags/example_subdag_operator.py for tasks to queue
[2025-06-05T16:13:33.153+0000] {logging_mixin.py:190} INFO - [2025-06-05T16:13:33.152+0000] {dagbag.py:588} INFO - Filling up the DagBag from /home/airflow/.local/lib/python3.12/site-packages/airflow/example_dags/example_subdag_operator.py
[2025-06-05T16:13:33.194+0000] {processor.py:925} INFO - DAG(s) 'example_subdag_operator.section-1', 'example_subdag_operator.section-2', 'example_subdag_operator' retrieved from /home/airflow/.local/lib/python3.12/site-packages/airflow/example_dags/example_subdag_operator.py
[2025-06-05T16:13:33.218+0000] {logging_mixin.py:190} INFO - [2025-06-05T16:13:33.218+0000] {dag.py:3239} INFO - Sync 3 DAGs
[2025-06-05T16:13:33.262+0000] {logging_mixin.py:190} INFO - [2025-06-05T16:13:33.261+0000] {dag.py:4180} INFO - Setting next_dagrun for example_subdag_operator to 2022-01-01 00:00:00+00:00, run_after=2022-01-01 00:00:00+00:00
[2025-06-05T16:13:33.270+0000] {logging_mixin.py:190} INFO - [2025-06-05T16:13:33.270+0000] {dag.py:4180} INFO - Setting next_dagrun for example_subdag_operator.section-1 to None, run_after=None
[2025-06-05T16:13:33.273+0000] {logging_mixin.py:190} INFO - [2025-06-05T16:13:33.273+0000] {dag.py:4180} INFO - Setting next_dagrun for example_subdag_operator.section-2 to None, run_after=None
[2025-06-05T16:13:33.285+0000] {logging_mixin.py:190} INFO - [2025-06-05T16:13:33.285+0000] {dag.py:3239} INFO - Sync 2 DAGs
[2025-06-05T16:13:33.293+0000] {logging_mixin.py:190} INFO - [2025-06-05T16:13:33.293+0000] {dag.py:4180} INFO - Setting next_dagrun for example_subdag_operator.section-1 to None, run_after=None
[2025-06-05T16:13:33.294+0000] {logging_mixin.py:190} INFO - [2025-06-05T16:13:33.294+0000] {dag.py:4180} INFO - Setting next_dagrun for example_subdag_operator.section-2 to None, run_after=None
[2025-06-05T16:13:33.311+0000] {processor.py:208} INFO - Processing /home/airflow/.local/lib/python3.12/site-packages/airflow/example_dags/example_subdag_operator.py took 0.172 seconds
[2025-06-05T16:14:04.034+0000] {processor.py:186} INFO - Started process (PID=5064) to work on /home/airflow/.local/lib/python3.12/site-packages/airflow/example_dags/example_subdag_operator.py
[2025-06-05T16:14:04.036+0000] {processor.py:914} INFO - Processing file /home/airflow/.local/lib/python3.12/site-packages/airflow/example_dags/example_subdag_operator.py for tasks to queue
[2025-06-05T16:14:04.040+0000] {logging_mixin.py:190} INFO - [2025-06-05T16:14:04.039+0000] {dagbag.py:588} INFO - Filling up the DagBag from /home/airflow/.local/lib/python3.12/site-packages/airflow/example_dags/example_subdag_operator.py
[2025-06-05T16:14:04.087+0000] {processor.py:925} INFO - DAG(s) 'example_subdag_operator.section-1', 'example_subdag_operator.section-2', 'example_subdag_operator' retrieved from /home/airflow/.local/lib/python3.12/site-packages/airflow/example_dags/example_subdag_operator.py
[2025-06-05T16:14:04.116+0000] {logging_mixin.py:190} INFO - [2025-06-05T16:14:04.116+0000] {dag.py:3239} INFO - Sync 3 DAGs
[2025-06-05T16:14:04.163+0000] {logging_mixin.py:190} INFO - [2025-06-05T16:14:04.162+0000] {dag.py:4180} INFO - Setting next_dagrun for example_subdag_operator to 2022-01-01 00:00:00+00:00, run_after=2022-01-01 00:00:00+00:00
[2025-06-05T16:14:04.173+0000] {logging_mixin.py:190} INFO - [2025-06-05T16:14:04.172+0000] {dag.py:4180} INFO - Setting next_dagrun for example_subdag_operator.section-1 to None, run_after=None
[2025-06-05T16:14:04.176+0000] {logging_mixin.py:190} INFO - [2025-06-05T16:14:04.176+0000] {dag.py:4180} INFO - Setting next_dagrun for example_subdag_operator.section-2 to None, run_after=None
[2025-06-05T16:14:04.191+0000] {logging_mixin.py:190} INFO - [2025-06-05T16:14:04.191+0000] {dag.py:3239} INFO - Sync 2 DAGs
[2025-06-05T16:14:04.204+0000] {logging_mixin.py:190} INFO - [2025-06-05T16:14:04.203+0000] {dag.py:4180} INFO - Setting next_dagrun for example_subdag_operator.section-1 to None, run_after=None
[2025-06-05T16:14:04.205+0000] {logging_mixin.py:190} INFO - [2025-06-05T16:14:04.205+0000] {dag.py:4180} INFO - Setting next_dagrun for example_subdag_operator.section-2 to None, run_after=None
[2025-06-05T16:14:04.229+0000] {processor.py:208} INFO - Processing /home/airflow/.local/lib/python3.12/site-packages/airflow/example_dags/example_subdag_operator.py took 0.205 seconds
[2025-06-05T16:14:44.141+0000] {processor.py:186} INFO - Started process (PID=5129) to work on /home/airflow/.local/lib/python3.12/site-packages/airflow/example_dags/example_subdag_operator.py
[2025-06-05T16:14:44.143+0000] {processor.py:914} INFO - Processing file /home/airflow/.local/lib/python3.12/site-packages/airflow/example_dags/example_subdag_operator.py for tasks to queue
[2025-06-05T16:14:44.146+0000] {logging_mixin.py:190} INFO - [2025-06-05T16:14:44.145+0000] {dagbag.py:588} INFO - Filling up the DagBag from /home/airflow/.local/lib/python3.12/site-packages/airflow/example_dags/example_subdag_operator.py
[2025-06-05T16:14:44.188+0000] {processor.py:925} INFO - DAG(s) 'example_subdag_operator.section-1', 'example_subdag_operator.section-2', 'example_subdag_operator' retrieved from /home/airflow/.local/lib/python3.12/site-packages/airflow/example_dags/example_subdag_operator.py
[2025-06-05T16:14:44.214+0000] {logging_mixin.py:190} INFO - [2025-06-05T16:14:44.213+0000] {dag.py:3239} INFO - Sync 3 DAGs
[2025-06-05T16:14:44.251+0000] {logging_mixin.py:190} INFO - [2025-06-05T16:14:44.251+0000] {dag.py:4180} INFO - Setting next_dagrun for example_subdag_operator to 2022-01-01 00:00:00+00:00, run_after=2022-01-01 00:00:00+00:00
[2025-06-05T16:14:44.257+0000] {logging_mixin.py:190} INFO - [2025-06-05T16:14:44.257+0000] {dag.py:4180} INFO - Setting next_dagrun for example_subdag_operator.section-1 to None, run_after=None
[2025-06-05T16:14:44.260+0000] {logging_mixin.py:190} INFO - [2025-06-05T16:14:44.259+0000] {dag.py:4180} INFO - Setting next_dagrun for example_subdag_operator.section-2 to None, run_after=None
[2025-06-05T16:14:44.271+0000] {logging_mixin.py:190} INFO - [2025-06-05T16:14:44.271+0000] {dag.py:3239} INFO - Sync 2 DAGs
[2025-06-05T16:14:44.281+0000] {logging_mixin.py:190} INFO - [2025-06-05T16:14:44.280+0000] {dag.py:4180} INFO - Setting next_dagrun for example_subdag_operator.section-1 to None, run_after=None
[2025-06-05T16:14:44.282+0000] {logging_mixin.py:190} INFO - [2025-06-05T16:14:44.282+0000] {dag.py:4180} INFO - Setting next_dagrun for example_subdag_operator.section-2 to None, run_after=None
[2025-06-05T16:14:44.300+0000] {processor.py:208} INFO - Processing /home/airflow/.local/lib/python3.12/site-packages/airflow/example_dags/example_subdag_operator.py took 0.168 seconds
[2025-06-05T16:15:14.659+0000] {processor.py:186} INFO - Started process (PID=5194) to work on /home/airflow/.local/lib/python3.12/site-packages/airflow/example_dags/example_subdag_operator.py
[2025-06-05T16:15:14.661+0000] {processor.py:914} INFO - Processing file /home/airflow/.local/lib/python3.12/site-packages/airflow/example_dags/example_subdag_operator.py for tasks to queue
[2025-06-05T16:15:14.663+0000] {logging_mixin.py:190} INFO - [2025-06-05T16:15:14.663+0000] {dagbag.py:588} INFO - Filling up the DagBag from /home/airflow/.local/lib/python3.12/site-packages/airflow/example_dags/example_subdag_operator.py
[2025-06-05T16:15:14.707+0000] {processor.py:925} INFO - DAG(s) 'example_subdag_operator.section-1', 'example_subdag_operator.section-2', 'example_subdag_operator' retrieved from /home/airflow/.local/lib/python3.12/site-packages/airflow/example_dags/example_subdag_operator.py
[2025-06-05T16:15:14.734+0000] {logging_mixin.py:190} INFO - [2025-06-05T16:15:14.733+0000] {dag.py:3239} INFO - Sync 3 DAGs
[2025-06-05T16:15:14.772+0000] {logging_mixin.py:190} INFO - [2025-06-05T16:15:14.771+0000] {dag.py:4180} INFO - Setting next_dagrun for example_subdag_operator to 2022-01-01 00:00:00+00:00, run_after=2022-01-01 00:00:00+00:00
[2025-06-05T16:15:14.778+0000] {logging_mixin.py:190} INFO - [2025-06-05T16:15:14.777+0000] {dag.py:4180} INFO - Setting next_dagrun for example_subdag_operator.section-1 to None, run_after=None
[2025-06-05T16:15:14.781+0000] {logging_mixin.py:190} INFO - [2025-06-05T16:15:14.780+0000] {dag.py:4180} INFO - Setting next_dagrun for example_subdag_operator.section-2 to None, run_after=None
[2025-06-05T16:15:14.792+0000] {logging_mixin.py:190} INFO - [2025-06-05T16:15:14.791+0000] {dag.py:3239} INFO - Sync 2 DAGs
[2025-06-05T16:15:14.800+0000] {logging_mixin.py:190} INFO - [2025-06-05T16:15:14.800+0000] {dag.py:4180} INFO - Setting next_dagrun for example_subdag_operator.section-1 to None, run_after=None
[2025-06-05T16:15:14.801+0000] {logging_mixin.py:190} INFO - [2025-06-05T16:15:14.801+0000] {dag.py:4180} INFO - Setting next_dagrun for example_subdag_operator.section-2 to None, run_after=None
[2025-06-05T16:15:14.819+0000] {processor.py:208} INFO - Processing /home/airflow/.local/lib/python3.12/site-packages/airflow/example_dags/example_subdag_operator.py took 0.170 seconds
[2025-06-05T16:15:44.906+0000] {processor.py:186} INFO - Started process (PID=5260) to work on /home/airflow/.local/lib/python3.12/site-packages/airflow/example_dags/example_subdag_operator.py
[2025-06-05T16:15:44.907+0000] {processor.py:914} INFO - Processing file /home/airflow/.local/lib/python3.12/site-packages/airflow/example_dags/example_subdag_operator.py for tasks to queue
[2025-06-05T16:15:44.910+0000] {logging_mixin.py:190} INFO - [2025-06-05T16:15:44.909+0000] {dagbag.py:588} INFO - Filling up the DagBag from /home/airflow/.local/lib/python3.12/site-packages/airflow/example_dags/example_subdag_operator.py
[2025-06-05T16:15:44.956+0000] {processor.py:925} INFO - DAG(s) 'example_subdag_operator.section-1', 'example_subdag_operator.section-2', 'example_subdag_operator' retrieved from /home/airflow/.local/lib/python3.12/site-packages/airflow/example_dags/example_subdag_operator.py
[2025-06-05T16:15:44.981+0000] {logging_mixin.py:190} INFO - [2025-06-05T16:15:44.981+0000] {dag.py:3239} INFO - Sync 3 DAGs
[2025-06-05T16:15:45.022+0000] {logging_mixin.py:190} INFO - [2025-06-05T16:15:45.021+0000] {dag.py:4180} INFO - Setting next_dagrun for example_subdag_operator to 2022-01-01 00:00:00+00:00, run_after=2022-01-01 00:00:00+00:00
[2025-06-05T16:15:45.028+0000] {logging_mixin.py:190} INFO - [2025-06-05T16:15:45.027+0000] {dag.py:4180} INFO - Setting next_dagrun for example_subdag_operator.section-1 to None, run_after=None
[2025-06-05T16:15:45.030+0000] {logging_mixin.py:190} INFO - [2025-06-05T16:15:45.030+0000] {dag.py:4180} INFO - Setting next_dagrun for example_subdag_operator.section-2 to None, run_after=None
[2025-06-05T16:15:45.041+0000] {logging_mixin.py:190} INFO - [2025-06-05T16:15:45.041+0000] {dag.py:3239} INFO - Sync 2 DAGs
[2025-06-05T16:15:45.050+0000] {logging_mixin.py:190} INFO - [2025-06-05T16:15:45.049+0000] {dag.py:4180} INFO - Setting next_dagrun for example_subdag_operator.section-1 to None, run_after=None
[2025-06-05T16:15:45.051+0000] {logging_mixin.py:190} INFO - [2025-06-05T16:15:45.050+0000] {dag.py:4180} INFO - Setting next_dagrun for example_subdag_operator.section-2 to None, run_after=None
[2025-06-05T16:15:45.069+0000] {processor.py:208} INFO - Processing /home/airflow/.local/lib/python3.12/site-packages/airflow/example_dags/example_subdag_operator.py took 0.174 seconds
