[2025-06-05T16:10:30.094+0000] {processor.py:186} INFO - Started process (PID=4610) to work on /home/airflow/.local/lib/python3.12/site-packages/airflow/example_dags/example_dag_decorator.py
[2025-06-05T16:10:30.096+0000] {processor.py:914} INFO - Processing file /home/airflow/.local/lib/python3.12/site-packages/airflow/example_dags/example_dag_decorator.py for tasks to queue
[2025-06-05T16:10:30.098+0000] {logging_mixin.py:190} INFO - [2025-06-05T16:10:30.098+0000] {dagbag.py:588} INFO - Filling up the DagBag from /home/airflow/.local/lib/python3.12/site-packages/airflow/example_dags/example_dag_decorator.py
[2025-06-05T16:10:30.531+0000] {processor.py:925} INFO - DAG(s) 'example_dag_decorator' retrieved from /home/airflow/.local/lib/python3.12/site-packages/airflow/example_dags/example_dag_decorator.py
[2025-06-05T16:10:30.686+0000] {logging_mixin.py:190} INFO - [2025-06-05T16:10:30.686+0000] {dag.py:3239} INFO - Sync 1 DAGs
[2025-06-05T16:10:30.702+0000] {logging_mixin.py:190} INFO - [2025-06-05T16:10:30.702+0000] {dag.py:4180} INFO - Setting next_dagrun for example_dag_decorator to None, run_after=None
[2025-06-05T16:10:30.729+0000] {processor.py:208} INFO - Processing /home/airflow/.local/lib/python3.12/site-packages/airflow/example_dags/example_dag_decorator.py took 0.645 seconds
[2025-06-05T16:11:00.814+0000] {processor.py:186} INFO - Started process (PID=4676) to work on /home/airflow/.local/lib/python3.12/site-packages/airflow/example_dags/example_dag_decorator.py
[2025-06-05T16:11:00.816+0000] {processor.py:914} INFO - Processing file /home/airflow/.local/lib/python3.12/site-packages/airflow/example_dags/example_dag_decorator.py for tasks to queue
[2025-06-05T16:11:00.818+0000] {logging_mixin.py:190} INFO - [2025-06-05T16:11:00.817+0000] {dagbag.py:588} INFO - Filling up the DagBag from /home/airflow/.local/lib/python3.12/site-packages/airflow/example_dags/example_dag_decorator.py
[2025-06-05T16:11:01.219+0000] {processor.py:925} INFO - DAG(s) 'example_dag_decorator' retrieved from /home/airflow/.local/lib/python3.12/site-packages/airflow/example_dags/example_dag_decorator.py
[2025-06-05T16:11:01.398+0000] {logging_mixin.py:190} INFO - [2025-06-05T16:11:01.398+0000] {dag.py:3239} INFO - Sync 1 DAGs
[2025-06-05T16:11:01.420+0000] {logging_mixin.py:190} INFO - [2025-06-05T16:11:01.420+0000] {dag.py:4180} INFO - Setting next_dagrun for example_dag_decorator to None, run_after=None
[2025-06-05T16:11:01.461+0000] {processor.py:208} INFO - Processing /home/airflow/.local/lib/python3.12/site-packages/airflow/example_dags/example_dag_decorator.py took 0.657 seconds
[2025-06-05T16:11:31.876+0000] {processor.py:186} INFO - Started process (PID=4741) to work on /home/airflow/.local/lib/python3.12/site-packages/airflow/example_dags/example_dag_decorator.py
[2025-06-05T16:11:31.877+0000] {processor.py:914} INFO - Processing file /home/airflow/.local/lib/python3.12/site-packages/airflow/example_dags/example_dag_decorator.py for tasks to queue
[2025-06-05T16:11:31.881+0000] {logging_mixin.py:190} INFO - [2025-06-05T16:11:31.880+0000] {dagbag.py:588} INFO - Filling up the DagBag from /home/airflow/.local/lib/python3.12/site-packages/airflow/example_dags/example_dag_decorator.py
[2025-06-05T16:11:32.038+0000] {processor.py:925} INFO - DAG(s) 'example_dag_decorator' retrieved from /home/airflow/.local/lib/python3.12/site-packages/airflow/example_dags/example_dag_decorator.py
[2025-06-05T16:11:32.223+0000] {logging_mixin.py:190} INFO - [2025-06-05T16:11:32.222+0000] {dag.py:3239} INFO - Sync 1 DAGs
[2025-06-05T16:11:32.244+0000] {logging_mixin.py:190} INFO - [2025-06-05T16:11:32.244+0000] {dag.py:4180} INFO - Setting next_dagrun for example_dag_decorator to None, run_after=None
[2025-06-05T16:11:32.275+0000] {processor.py:208} INFO - Processing /home/airflow/.local/lib/python3.12/site-packages/airflow/example_dags/example_dag_decorator.py took 0.408 seconds
[2025-06-05T16:12:02.612+0000] {processor.py:186} INFO - Started process (PID=4806) to work on /home/airflow/.local/lib/python3.12/site-packages/airflow/example_dags/example_dag_decorator.py
[2025-06-05T16:12:02.614+0000] {processor.py:914} INFO - Processing file /home/airflow/.local/lib/python3.12/site-packages/airflow/example_dags/example_dag_decorator.py for tasks to queue
[2025-06-05T16:12:02.616+0000] {logging_mixin.py:190} INFO - [2025-06-05T16:12:02.616+0000] {dagbag.py:588} INFO - Filling up the DagBag from /home/airflow/.local/lib/python3.12/site-packages/airflow/example_dags/example_dag_decorator.py
[2025-06-05T16:12:02.776+0000] {processor.py:925} INFO - DAG(s) 'example_dag_decorator' retrieved from /home/airflow/.local/lib/python3.12/site-packages/airflow/example_dags/example_dag_decorator.py
[2025-06-05T16:12:02.814+0000] {logging_mixin.py:190} INFO - [2025-06-05T16:12:02.814+0000] {dag.py:3239} INFO - Sync 1 DAGs
[2025-06-05T16:12:02.837+0000] {logging_mixin.py:190} INFO - [2025-06-05T16:12:02.837+0000] {dag.py:4180} INFO - Setting next_dagrun for example_dag_decorator to None, run_after=None
[2025-06-05T16:12:02.866+0000] {processor.py:208} INFO - Processing /home/airflow/.local/lib/python3.12/site-packages/airflow/example_dags/example_dag_decorator.py took 0.264 seconds
[2025-06-05T16:12:33.290+0000] {processor.py:186} INFO - Started process (PID=4871) to work on /home/airflow/.local/lib/python3.12/site-packages/airflow/example_dags/example_dag_decorator.py
[2025-06-05T16:12:33.291+0000] {processor.py:914} INFO - Processing file /home/airflow/.local/lib/python3.12/site-packages/airflow/example_dags/example_dag_decorator.py for tasks to queue
[2025-06-05T16:12:33.294+0000] {logging_mixin.py:190} INFO - [2025-06-05T16:12:33.293+0000] {dagbag.py:588} INFO - Filling up the DagBag from /home/airflow/.local/lib/python3.12/site-packages/airflow/example_dags/example_dag_decorator.py
[2025-06-05T16:12:33.449+0000] {processor.py:925} INFO - DAG(s) 'example_dag_decorator' retrieved from /home/airflow/.local/lib/python3.12/site-packages/airflow/example_dags/example_dag_decorator.py
[2025-06-05T16:12:33.487+0000] {logging_mixin.py:190} INFO - [2025-06-05T16:12:33.486+0000] {dag.py:3239} INFO - Sync 1 DAGs
[2025-06-05T16:12:33.511+0000] {logging_mixin.py:190} INFO - [2025-06-05T16:12:33.510+0000] {dag.py:4180} INFO - Setting next_dagrun for example_dag_decorator to None, run_after=None
[2025-06-05T16:12:33.540+0000] {processor.py:208} INFO - Processing /home/airflow/.local/lib/python3.12/site-packages/airflow/example_dags/example_dag_decorator.py took 0.260 seconds
[2025-06-05T16:13:03.634+0000] {processor.py:186} INFO - Started process (PID=4936) to work on /home/airflow/.local/lib/python3.12/site-packages/airflow/example_dags/example_dag_decorator.py
[2025-06-05T16:13:03.636+0000] {processor.py:914} INFO - Processing file /home/airflow/.local/lib/python3.12/site-packages/airflow/example_dags/example_dag_decorator.py for tasks to queue
[2025-06-05T16:13:03.639+0000] {logging_mixin.py:190} INFO - [2025-06-05T16:13:03.639+0000] {dagbag.py:588} INFO - Filling up the DagBag from /home/airflow/.local/lib/python3.12/site-packages/airflow/example_dags/example_dag_decorator.py
[2025-06-05T16:13:03.810+0000] {processor.py:925} INFO - DAG(s) 'example_dag_decorator' retrieved from /home/airflow/.local/lib/python3.12/site-packages/airflow/example_dags/example_dag_decorator.py
[2025-06-05T16:13:03.988+0000] {logging_mixin.py:190} INFO - [2025-06-05T16:13:03.988+0000] {dag.py:3239} INFO - Sync 1 DAGs
[2025-06-05T16:13:04.010+0000] {logging_mixin.py:190} INFO - [2025-06-05T16:13:04.010+0000] {dag.py:4180} INFO - Setting next_dagrun for example_dag_decorator to None, run_after=None
[2025-06-05T16:13:04.041+0000] {processor.py:208} INFO - Processing /home/airflow/.local/lib/python3.12/site-packages/airflow/example_dags/example_dag_decorator.py took 0.416 seconds
[2025-06-05T16:13:34.214+0000] {processor.py:186} INFO - Started process (PID=5001) to work on /home/airflow/.local/lib/python3.12/site-packages/airflow/example_dags/example_dag_decorator.py
[2025-06-05T16:13:34.216+0000] {processor.py:914} INFO - Processing file /home/airflow/.local/lib/python3.12/site-packages/airflow/example_dags/example_dag_decorator.py for tasks to queue
[2025-06-05T16:13:34.218+0000] {logging_mixin.py:190} INFO - [2025-06-05T16:13:34.217+0000] {dagbag.py:588} INFO - Filling up the DagBag from /home/airflow/.local/lib/python3.12/site-packages/airflow/example_dags/example_dag_decorator.py
[2025-06-05T16:13:34.381+0000] {processor.py:925} INFO - DAG(s) 'example_dag_decorator' retrieved from /home/airflow/.local/lib/python3.12/site-packages/airflow/example_dags/example_dag_decorator.py
[2025-06-05T16:13:34.565+0000] {logging_mixin.py:190} INFO - [2025-06-05T16:13:34.564+0000] {dag.py:3239} INFO - Sync 1 DAGs
[2025-06-05T16:13:34.599+0000] {logging_mixin.py:190} INFO - [2025-06-05T16:13:34.599+0000] {dag.py:4180} INFO - Setting next_dagrun for example_dag_decorator to None, run_after=None
[2025-06-05T16:13:34.640+0000] {processor.py:208} INFO - Processing /home/airflow/.local/lib/python3.12/site-packages/airflow/example_dags/example_dag_decorator.py took 0.435 seconds
[2025-06-05T16:14:05.105+0000] {processor.py:186} INFO - Started process (PID=5066) to work on /home/airflow/.local/lib/python3.12/site-packages/airflow/example_dags/example_dag_decorator.py
[2025-06-05T16:14:05.107+0000] {processor.py:914} INFO - Processing file /home/airflow/.local/lib/python3.12/site-packages/airflow/example_dags/example_dag_decorator.py for tasks to queue
[2025-06-05T16:14:05.110+0000] {logging_mixin.py:190} INFO - [2025-06-05T16:14:05.109+0000] {dagbag.py:588} INFO - Filling up the DagBag from /home/airflow/.local/lib/python3.12/site-packages/airflow/example_dags/example_dag_decorator.py
[2025-06-05T16:14:05.265+0000] {processor.py:925} INFO - DAG(s) 'example_dag_decorator' retrieved from /home/airflow/.local/lib/python3.12/site-packages/airflow/example_dags/example_dag_decorator.py
[2025-06-05T16:14:05.432+0000] {logging_mixin.py:190} INFO - [2025-06-05T16:14:05.432+0000] {dag.py:3239} INFO - Sync 1 DAGs
[2025-06-05T16:14:05.453+0000] {logging_mixin.py:190} INFO - [2025-06-05T16:14:05.453+0000] {dag.py:4180} INFO - Setting next_dagrun for example_dag_decorator to None, run_after=None
[2025-06-05T16:14:05.485+0000] {processor.py:208} INFO - Processing /home/airflow/.local/lib/python3.12/site-packages/airflow/example_dags/example_dag_decorator.py took 0.389 seconds
[2025-06-05T16:14:44.193+0000] {processor.py:186} INFO - Started process (PID=5130) to work on /home/airflow/.local/lib/python3.12/site-packages/airflow/example_dags/example_dag_decorator.py
[2025-06-05T16:14:44.194+0000] {processor.py:914} INFO - Processing file /home/airflow/.local/lib/python3.12/site-packages/airflow/example_dags/example_dag_decorator.py for tasks to queue
[2025-06-05T16:14:44.197+0000] {logging_mixin.py:190} INFO - [2025-06-05T16:14:44.196+0000] {dagbag.py:588} INFO - Filling up the DagBag from /home/airflow/.local/lib/python3.12/site-packages/airflow/example_dags/example_dag_decorator.py
[2025-06-05T16:14:44.360+0000] {processor.py:925} INFO - DAG(s) 'example_dag_decorator' retrieved from /home/airflow/.local/lib/python3.12/site-packages/airflow/example_dags/example_dag_decorator.py
[2025-06-05T16:14:44.543+0000] {logging_mixin.py:190} INFO - [2025-06-05T16:14:44.543+0000] {dag.py:3239} INFO - Sync 1 DAGs
[2025-06-05T16:14:44.564+0000] {logging_mixin.py:190} INFO - [2025-06-05T16:14:44.563+0000] {dag.py:4180} INFO - Setting next_dagrun for example_dag_decorator to None, run_after=None
[2025-06-05T16:14:44.594+0000] {processor.py:208} INFO - Processing /home/airflow/.local/lib/python3.12/site-packages/airflow/example_dags/example_dag_decorator.py took 0.411 seconds
[2025-06-05T16:15:14.842+0000] {processor.py:186} INFO - Started process (PID=5196) to work on /home/airflow/.local/lib/python3.12/site-packages/airflow/example_dags/example_dag_decorator.py
[2025-06-05T16:15:14.844+0000] {processor.py:914} INFO - Processing file /home/airflow/.local/lib/python3.12/site-packages/airflow/example_dags/example_dag_decorator.py for tasks to queue
[2025-06-05T16:15:14.846+0000] {logging_mixin.py:190} INFO - [2025-06-05T16:15:14.845+0000] {dagbag.py:588} INFO - Filling up the DagBag from /home/airflow/.local/lib/python3.12/site-packages/airflow/example_dags/example_dag_decorator.py
[2025-06-05T16:15:15.011+0000] {processor.py:925} INFO - DAG(s) 'example_dag_decorator' retrieved from /home/airflow/.local/lib/python3.12/site-packages/airflow/example_dags/example_dag_decorator.py
[2025-06-05T16:15:15.186+0000] {logging_mixin.py:190} INFO - [2025-06-05T16:15:15.185+0000] {dag.py:3239} INFO - Sync 1 DAGs
[2025-06-05T16:15:15.208+0000] {logging_mixin.py:190} INFO - [2025-06-05T16:15:15.208+0000] {dag.py:4180} INFO - Setting next_dagrun for example_dag_decorator to None, run_after=None
[2025-06-05T16:15:15.238+0000] {processor.py:208} INFO - Processing /home/airflow/.local/lib/python3.12/site-packages/airflow/example_dags/example_dag_decorator.py took 0.405 seconds
[2025-06-05T16:15:45.380+0000] {processor.py:186} INFO - Started process (PID=5262) to work on /home/airflow/.local/lib/python3.12/site-packages/airflow/example_dags/example_dag_decorator.py
[2025-06-05T16:15:45.382+0000] {processor.py:914} INFO - Processing file /home/airflow/.local/lib/python3.12/site-packages/airflow/example_dags/example_dag_decorator.py for tasks to queue
[2025-06-05T16:15:45.384+0000] {logging_mixin.py:190} INFO - [2025-06-05T16:15:45.383+0000] {dagbag.py:588} INFO - Filling up the DagBag from /home/airflow/.local/lib/python3.12/site-packages/airflow/example_dags/example_dag_decorator.py
[2025-06-05T16:15:45.538+0000] {processor.py:925} INFO - DAG(s) 'example_dag_decorator' retrieved from /home/airflow/.local/lib/python3.12/site-packages/airflow/example_dags/example_dag_decorator.py
[2025-06-05T16:15:45.713+0000] {logging_mixin.py:190} INFO - [2025-06-05T16:15:45.712+0000] {dag.py:3239} INFO - Sync 1 DAGs
[2025-06-05T16:15:45.733+0000] {logging_mixin.py:190} INFO - [2025-06-05T16:15:45.733+0000] {dag.py:4180} INFO - Setting next_dagrun for example_dag_decorator to None, run_after=None
[2025-06-05T16:15:45.766+0000] {processor.py:208} INFO - Processing /home/airflow/.local/lib/python3.12/site-packages/airflow/example_dags/example_dag_decorator.py took 0.397 seconds
