[2025-06-05T16:10:35.969+0000] {processor.py:186} INFO - Started process (PID=4631) to work on /home/airflow/.local/lib/python3.12/site-packages/airflow/example_dags/tutorial_taskflow_templates.py
[2025-06-05T16:10:35.970+0000] {processor.py:914} INFO - Processing file /home/airflow/.local/lib/python3.12/site-packages/airflow/example_dags/tutorial_taskflow_templates.py for tasks to queue
[2025-06-05T16:10:35.972+0000] {logging_mixin.py:190} INFO - [2025-06-05T16:10:35.972+0000] {dagbag.py:588} INFO - Filling up the DagBag from /home/airflow/.local/lib/python3.12/site-packages/airflow/example_dags/tutorial_taskflow_templates.py
[2025-06-05T16:10:35.994+0000] {processor.py:925} INFO - DAG(s) 'tutorial_taskflow_templates' retrieved from /home/airflow/.local/lib/python3.12/site-packages/airflow/example_dags/tutorial_taskflow_templates.py
[2025-06-05T16:10:36.026+0000] {logging_mixin.py:190} INFO - [2025-06-05T16:10:36.026+0000] {dag.py:3239} INFO - Sync 1 DAGs
[2025-06-05T16:10:36.291+0000] {logging_mixin.py:190} INFO - [2025-06-05T16:10:36.291+0000] {dag.py:4180} INFO - Setting next_dagrun for tutorial_taskflow_templates to 2025-06-04 00:00:00+00:00, run_after=2025-06-05 00:00:00+00:00
[2025-06-05T16:10:36.318+0000] {processor.py:208} INFO - Processing /home/airflow/.local/lib/python3.12/site-packages/airflow/example_dags/tutorial_taskflow_templates.py took 0.360 seconds
[2025-06-05T16:11:07.174+0000] {processor.py:186} INFO - Started process (PID=4696) to work on /home/airflow/.local/lib/python3.12/site-packages/airflow/example_dags/tutorial_taskflow_templates.py
[2025-06-05T16:11:07.175+0000] {processor.py:914} INFO - Processing file /home/airflow/.local/lib/python3.12/site-packages/airflow/example_dags/tutorial_taskflow_templates.py for tasks to queue
[2025-06-05T16:11:07.177+0000] {logging_mixin.py:190} INFO - [2025-06-05T16:11:07.177+0000] {dagbag.py:588} INFO - Filling up the DagBag from /home/airflow/.local/lib/python3.12/site-packages/airflow/example_dags/tutorial_taskflow_templates.py
[2025-06-05T16:11:07.200+0000] {processor.py:925} INFO - DAG(s) 'tutorial_taskflow_templates' retrieved from /home/airflow/.local/lib/python3.12/site-packages/airflow/example_dags/tutorial_taskflow_templates.py
[2025-06-05T16:11:07.233+0000] {logging_mixin.py:190} INFO - [2025-06-05T16:11:07.232+0000] {dag.py:3239} INFO - Sync 1 DAGs
[2025-06-05T16:11:07.509+0000] {logging_mixin.py:190} INFO - [2025-06-05T16:11:07.508+0000] {dag.py:4180} INFO - Setting next_dagrun for tutorial_taskflow_templates to 2025-06-04 00:00:00+00:00, run_after=2025-06-05 00:00:00+00:00
[2025-06-05T16:11:07.536+0000] {processor.py:208} INFO - Processing /home/airflow/.local/lib/python3.12/site-packages/airflow/example_dags/tutorial_taskflow_templates.py took 0.372 seconds
[2025-06-05T16:11:37.658+0000] {processor.py:186} INFO - Started process (PID=4761) to work on /home/airflow/.local/lib/python3.12/site-packages/airflow/example_dags/tutorial_taskflow_templates.py
[2025-06-05T16:11:37.660+0000] {processor.py:914} INFO - Processing file /home/airflow/.local/lib/python3.12/site-packages/airflow/example_dags/tutorial_taskflow_templates.py for tasks to queue
[2025-06-05T16:11:37.662+0000] {logging_mixin.py:190} INFO - [2025-06-05T16:11:37.661+0000] {dagbag.py:588} INFO - Filling up the DagBag from /home/airflow/.local/lib/python3.12/site-packages/airflow/example_dags/tutorial_taskflow_templates.py
[2025-06-05T16:11:37.684+0000] {processor.py:925} INFO - DAG(s) 'tutorial_taskflow_templates' retrieved from /home/airflow/.local/lib/python3.12/site-packages/airflow/example_dags/tutorial_taskflow_templates.py
[2025-06-05T16:11:37.718+0000] {logging_mixin.py:190} INFO - [2025-06-05T16:11:37.718+0000] {dag.py:3239} INFO - Sync 1 DAGs
[2025-06-05T16:11:37.761+0000] {logging_mixin.py:190} INFO - [2025-06-05T16:11:37.761+0000] {dag.py:4180} INFO - Setting next_dagrun for tutorial_taskflow_templates to 2025-06-04 00:00:00+00:00, run_after=2025-06-05 00:00:00+00:00
[2025-06-05T16:11:37.795+0000] {processor.py:208} INFO - Processing /home/airflow/.local/lib/python3.12/site-packages/airflow/example_dags/tutorial_taskflow_templates.py took 0.147 seconds
[2025-06-05T16:12:08.466+0000] {processor.py:186} INFO - Started process (PID=4825) to work on /home/airflow/.local/lib/python3.12/site-packages/airflow/example_dags/tutorial_taskflow_templates.py
[2025-06-05T16:12:08.468+0000] {processor.py:914} INFO - Processing file /home/airflow/.local/lib/python3.12/site-packages/airflow/example_dags/tutorial_taskflow_templates.py for tasks to queue
[2025-06-05T16:12:08.470+0000] {logging_mixin.py:190} INFO - [2025-06-05T16:12:08.469+0000] {dagbag.py:588} INFO - Filling up the DagBag from /home/airflow/.local/lib/python3.12/site-packages/airflow/example_dags/tutorial_taskflow_templates.py
[2025-06-05T16:12:08.493+0000] {processor.py:925} INFO - DAG(s) 'tutorial_taskflow_templates' retrieved from /home/airflow/.local/lib/python3.12/site-packages/airflow/example_dags/tutorial_taskflow_templates.py
[2025-06-05T16:12:08.528+0000] {logging_mixin.py:190} INFO - [2025-06-05T16:12:08.528+0000] {dag.py:3239} INFO - Sync 1 DAGs
[2025-06-05T16:12:08.567+0000] {logging_mixin.py:190} INFO - [2025-06-05T16:12:08.567+0000] {dag.py:4180} INFO - Setting next_dagrun for tutorial_taskflow_templates to 2025-06-04 00:00:00+00:00, run_after=2025-06-05 00:00:00+00:00
[2025-06-05T16:12:08.600+0000] {processor.py:208} INFO - Processing /home/airflow/.local/lib/python3.12/site-packages/airflow/example_dags/tutorial_taskflow_templates.py took 0.144 seconds
[2025-06-05T16:12:39.011+0000] {processor.py:186} INFO - Started process (PID=4889) to work on /home/airflow/.local/lib/python3.12/site-packages/airflow/example_dags/tutorial_taskflow_templates.py
[2025-06-05T16:12:39.013+0000] {processor.py:914} INFO - Processing file /home/airflow/.local/lib/python3.12/site-packages/airflow/example_dags/tutorial_taskflow_templates.py for tasks to queue
[2025-06-05T16:12:39.016+0000] {logging_mixin.py:190} INFO - [2025-06-05T16:12:39.015+0000] {dagbag.py:588} INFO - Filling up the DagBag from /home/airflow/.local/lib/python3.12/site-packages/airflow/example_dags/tutorial_taskflow_templates.py
[2025-06-05T16:12:39.038+0000] {processor.py:925} INFO - DAG(s) 'tutorial_taskflow_templates' retrieved from /home/airflow/.local/lib/python3.12/site-packages/airflow/example_dags/tutorial_taskflow_templates.py
[2025-06-05T16:12:39.074+0000] {logging_mixin.py:190} INFO - [2025-06-05T16:12:39.073+0000] {dag.py:3239} INFO - Sync 1 DAGs
[2025-06-05T16:12:39.112+0000] {logging_mixin.py:190} INFO - [2025-06-05T16:12:39.112+0000] {dag.py:4180} INFO - Setting next_dagrun for tutorial_taskflow_templates to 2025-06-04 00:00:00+00:00, run_after=2025-06-05 00:00:00+00:00
[2025-06-05T16:12:39.143+0000] {processor.py:208} INFO - Processing /home/airflow/.local/lib/python3.12/site-packages/airflow/example_dags/tutorial_taskflow_templates.py took 0.142 seconds
[2025-06-05T16:13:09.212+0000] {processor.py:186} INFO - Started process (PID=4954) to work on /home/airflow/.local/lib/python3.12/site-packages/airflow/example_dags/tutorial_taskflow_templates.py
[2025-06-05T16:13:09.214+0000] {processor.py:914} INFO - Processing file /home/airflow/.local/lib/python3.12/site-packages/airflow/example_dags/tutorial_taskflow_templates.py for tasks to queue
[2025-06-05T16:13:09.217+0000] {logging_mixin.py:190} INFO - [2025-06-05T16:13:09.216+0000] {dagbag.py:588} INFO - Filling up the DagBag from /home/airflow/.local/lib/python3.12/site-packages/airflow/example_dags/tutorial_taskflow_templates.py
[2025-06-05T16:13:09.240+0000] {processor.py:925} INFO - DAG(s) 'tutorial_taskflow_templates' retrieved from /home/airflow/.local/lib/python3.12/site-packages/airflow/example_dags/tutorial_taskflow_templates.py
[2025-06-05T16:13:09.275+0000] {logging_mixin.py:190} INFO - [2025-06-05T16:13:09.274+0000] {dag.py:3239} INFO - Sync 1 DAGs
[2025-06-05T16:13:09.315+0000] {logging_mixin.py:190} INFO - [2025-06-05T16:13:09.315+0000] {dag.py:4180} INFO - Setting next_dagrun for tutorial_taskflow_templates to 2025-06-04 00:00:00+00:00, run_after=2025-06-05 00:00:00+00:00
[2025-06-05T16:13:09.348+0000] {processor.py:208} INFO - Processing /home/airflow/.local/lib/python3.12/site-packages/airflow/example_dags/tutorial_taskflow_templates.py took 0.146 seconds
[2025-06-05T16:13:40.019+0000] {processor.py:186} INFO - Started process (PID=5019) to work on /home/airflow/.local/lib/python3.12/site-packages/airflow/example_dags/tutorial_taskflow_templates.py
[2025-06-05T16:13:40.021+0000] {processor.py:914} INFO - Processing file /home/airflow/.local/lib/python3.12/site-packages/airflow/example_dags/tutorial_taskflow_templates.py for tasks to queue
[2025-06-05T16:13:40.024+0000] {logging_mixin.py:190} INFO - [2025-06-05T16:13:40.023+0000] {dagbag.py:588} INFO - Filling up the DagBag from /home/airflow/.local/lib/python3.12/site-packages/airflow/example_dags/tutorial_taskflow_templates.py
[2025-06-05T16:13:40.049+0000] {processor.py:925} INFO - DAG(s) 'tutorial_taskflow_templates' retrieved from /home/airflow/.local/lib/python3.12/site-packages/airflow/example_dags/tutorial_taskflow_templates.py
[2025-06-05T16:13:40.087+0000] {logging_mixin.py:190} INFO - [2025-06-05T16:13:40.086+0000] {dag.py:3239} INFO - Sync 1 DAGs
[2025-06-05T16:13:40.131+0000] {logging_mixin.py:190} INFO - [2025-06-05T16:13:40.130+0000] {dag.py:4180} INFO - Setting next_dagrun for tutorial_taskflow_templates to 2025-06-04 00:00:00+00:00, run_after=2025-06-05 00:00:00+00:00
[2025-06-05T16:13:40.167+0000] {processor.py:208} INFO - Processing /home/airflow/.local/lib/python3.12/site-packages/airflow/example_dags/tutorial_taskflow_templates.py took 0.160 seconds
[2025-06-05T16:14:10.842+0000] {processor.py:186} INFO - Started process (PID=5084) to work on /home/airflow/.local/lib/python3.12/site-packages/airflow/example_dags/tutorial_taskflow_templates.py
[2025-06-05T16:14:10.844+0000] {processor.py:914} INFO - Processing file /home/airflow/.local/lib/python3.12/site-packages/airflow/example_dags/tutorial_taskflow_templates.py for tasks to queue
[2025-06-05T16:14:10.847+0000] {logging_mixin.py:190} INFO - [2025-06-05T16:14:10.846+0000] {dagbag.py:588} INFO - Filling up the DagBag from /home/airflow/.local/lib/python3.12/site-packages/airflow/example_dags/tutorial_taskflow_templates.py
[2025-06-05T16:14:10.870+0000] {processor.py:925} INFO - DAG(s) 'tutorial_taskflow_templates' retrieved from /home/airflow/.local/lib/python3.12/site-packages/airflow/example_dags/tutorial_taskflow_templates.py
[2025-06-05T16:14:10.905+0000] {logging_mixin.py:190} INFO - [2025-06-05T16:14:10.904+0000] {dag.py:3239} INFO - Sync 1 DAGs
[2025-06-05T16:14:10.945+0000] {logging_mixin.py:190} INFO - [2025-06-05T16:14:10.945+0000] {dag.py:4180} INFO - Setting next_dagrun for tutorial_taskflow_templates to 2025-06-04 00:00:00+00:00, run_after=2025-06-05 00:00:00+00:00
[2025-06-05T16:14:10.977+0000] {processor.py:208} INFO - Processing /home/airflow/.local/lib/python3.12/site-packages/airflow/example_dags/tutorial_taskflow_templates.py took 0.146 seconds
[2025-06-05T16:14:46.315+0000] {processor.py:186} INFO - Started process (PID=5149) to work on /home/airflow/.local/lib/python3.12/site-packages/airflow/example_dags/tutorial_taskflow_templates.py
[2025-06-05T16:14:46.317+0000] {processor.py:914} INFO - Processing file /home/airflow/.local/lib/python3.12/site-packages/airflow/example_dags/tutorial_taskflow_templates.py for tasks to queue
[2025-06-05T16:14:46.319+0000] {logging_mixin.py:190} INFO - [2025-06-05T16:14:46.319+0000] {dagbag.py:588} INFO - Filling up the DagBag from /home/airflow/.local/lib/python3.12/site-packages/airflow/example_dags/tutorial_taskflow_templates.py
[2025-06-05T16:14:46.341+0000] {processor.py:925} INFO - DAG(s) 'tutorial_taskflow_templates' retrieved from /home/airflow/.local/lib/python3.12/site-packages/airflow/example_dags/tutorial_taskflow_templates.py
[2025-06-05T16:14:46.374+0000] {logging_mixin.py:190} INFO - [2025-06-05T16:14:46.373+0000] {dag.py:3239} INFO - Sync 1 DAGs
[2025-06-05T16:14:46.413+0000] {logging_mixin.py:190} INFO - [2025-06-05T16:14:46.413+0000] {dag.py:4180} INFO - Setting next_dagrun for tutorial_taskflow_templates to 2025-06-04 00:00:00+00:00, run_after=2025-06-05 00:00:00+00:00
[2025-06-05T16:14:46.443+0000] {processor.py:208} INFO - Processing /home/airflow/.local/lib/python3.12/site-packages/airflow/example_dags/tutorial_taskflow_templates.py took 0.138 seconds
[2025-06-05T16:15:16.667+0000] {processor.py:186} INFO - Started process (PID=5214) to work on /home/airflow/.local/lib/python3.12/site-packages/airflow/example_dags/tutorial_taskflow_templates.py
[2025-06-05T16:15:16.670+0000] {processor.py:914} INFO - Processing file /home/airflow/.local/lib/python3.12/site-packages/airflow/example_dags/tutorial_taskflow_templates.py for tasks to queue
[2025-06-05T16:15:16.672+0000] {logging_mixin.py:190} INFO - [2025-06-05T16:15:16.671+0000] {dagbag.py:588} INFO - Filling up the DagBag from /home/airflow/.local/lib/python3.12/site-packages/airflow/example_dags/tutorial_taskflow_templates.py
[2025-06-05T16:15:16.694+0000] {processor.py:925} INFO - DAG(s) 'tutorial_taskflow_templates' retrieved from /home/airflow/.local/lib/python3.12/site-packages/airflow/example_dags/tutorial_taskflow_templates.py
[2025-06-05T16:15:16.739+0000] {logging_mixin.py:190} INFO - [2025-06-05T16:15:16.738+0000] {dag.py:3239} INFO - Sync 1 DAGs
[2025-06-05T16:15:16.786+0000] {logging_mixin.py:190} INFO - [2025-06-05T16:15:16.785+0000] {dag.py:4180} INFO - Setting next_dagrun for tutorial_taskflow_templates to 2025-06-04 00:00:00+00:00, run_after=2025-06-05 00:00:00+00:00
[2025-06-05T16:15:16.819+0000] {processor.py:208} INFO - Processing /home/airflow/.local/lib/python3.12/site-packages/airflow/example_dags/tutorial_taskflow_templates.py took 0.161 seconds
[2025-06-05T16:15:47.006+0000] {processor.py:186} INFO - Started process (PID=5279) to work on /home/airflow/.local/lib/python3.12/site-packages/airflow/example_dags/tutorial_taskflow_templates.py
[2025-06-05T16:15:47.007+0000] {processor.py:914} INFO - Processing file /home/airflow/.local/lib/python3.12/site-packages/airflow/example_dags/tutorial_taskflow_templates.py for tasks to queue
[2025-06-05T16:15:47.010+0000] {logging_mixin.py:190} INFO - [2025-06-05T16:15:47.009+0000] {dagbag.py:588} INFO - Filling up the DagBag from /home/airflow/.local/lib/python3.12/site-packages/airflow/example_dags/tutorial_taskflow_templates.py
[2025-06-05T16:15:47.032+0000] {processor.py:925} INFO - DAG(s) 'tutorial_taskflow_templates' retrieved from /home/airflow/.local/lib/python3.12/site-packages/airflow/example_dags/tutorial_taskflow_templates.py
[2025-06-05T16:15:47.066+0000] {logging_mixin.py:190} INFO - [2025-06-05T16:15:47.065+0000] {dag.py:3239} INFO - Sync 1 DAGs
[2025-06-05T16:15:47.107+0000] {logging_mixin.py:190} INFO - [2025-06-05T16:15:47.107+0000] {dag.py:4180} INFO - Setting next_dagrun for tutorial_taskflow_templates to 2025-06-04 00:00:00+00:00, run_after=2025-06-05 00:00:00+00:00
[2025-06-05T16:15:47.140+0000] {processor.py:208} INFO - Processing /home/airflow/.local/lib/python3.12/site-packages/airflow/example_dags/tutorial_taskflow_templates.py took 0.145 seconds
