[2025-06-05T16:10:37.857+0000] {processor.py:186} INFO - Started process (PID=4641) to work on /home/airflow/.local/lib/python3.12/site-packages/airflow/example_dags/tutorial.py
[2025-06-05T16:10:37.859+0000] {processor.py:914} INFO - Processing file /home/airflow/.local/lib/python3.12/site-packages/airflow/example_dags/tutorial.py for tasks to queue
[2025-06-05T16:10:37.861+0000] {logging_mixin.py:190} INFO - [2025-06-05T16:10:37.860+0000] {dagbag.py:588} INFO - Filling up the DagBag from /home/airflow/.local/lib/python3.12/site-packages/airflow/example_dags/tutorial.py
[2025-06-05T16:10:37.878+0000] {processor.py:925} INFO - DAG(s) 'tutorial' retrieved from /home/airflow/.local/lib/python3.12/site-packages/airflow/example_dags/tutorial.py
[2025-06-05T16:10:37.910+0000] {logging_mixin.py:190} INFO - [2025-06-05T16:10:37.910+0000] {dag.py:3239} INFO - Sync 1 DAGs
[2025-06-05T16:10:37.948+0000] {logging_mixin.py:190} INFO - [2025-06-05T16:10:37.948+0000] {dag.py:4180} INFO - Setting next_dagrun for tutorial to 2025-06-04 00:00:00+00:00, run_after=2025-06-05 00:00:00+00:00
[2025-06-05T16:10:37.981+0000] {processor.py:208} INFO - Processing /home/airflow/.local/lib/python3.12/site-packages/airflow/example_dags/tutorial.py took 0.135 seconds
[2025-06-05T16:11:10.100+0000] {processor.py:186} INFO - Started process (PID=4706) to work on /home/airflow/.local/lib/python3.12/site-packages/airflow/example_dags/tutorial.py
[2025-06-05T16:11:10.102+0000] {processor.py:914} INFO - Processing file /home/airflow/.local/lib/python3.12/site-packages/airflow/example_dags/tutorial.py for tasks to queue
[2025-06-05T16:11:10.105+0000] {logging_mixin.py:190} INFO - [2025-06-05T16:11:10.104+0000] {dagbag.py:588} INFO - Filling up the DagBag from /home/airflow/.local/lib/python3.12/site-packages/airflow/example_dags/tutorial.py
[2025-06-05T16:11:10.120+0000] {processor.py:925} INFO - DAG(s) 'tutorial' retrieved from /home/airflow/.local/lib/python3.12/site-packages/airflow/example_dags/tutorial.py
[2025-06-05T16:11:10.154+0000] {logging_mixin.py:190} INFO - [2025-06-05T16:11:10.154+0000] {dag.py:3239} INFO - Sync 1 DAGs
[2025-06-05T16:11:10.450+0000] {logging_mixin.py:190} INFO - [2025-06-05T16:11:10.450+0000] {dag.py:4180} INFO - Setting next_dagrun for tutorial to 2025-06-04 00:00:00+00:00, run_after=2025-06-05 00:00:00+00:00
[2025-06-05T16:11:10.479+0000] {processor.py:208} INFO - Processing /home/airflow/.local/lib/python3.12/site-packages/airflow/example_dags/tutorial.py took 0.389 seconds
[2025-06-05T16:11:41.048+0000] {processor.py:186} INFO - Started process (PID=4771) to work on /home/airflow/.local/lib/python3.12/site-packages/airflow/example_dags/tutorial.py
[2025-06-05T16:11:41.050+0000] {processor.py:914} INFO - Processing file /home/airflow/.local/lib/python3.12/site-packages/airflow/example_dags/tutorial.py for tasks to queue
[2025-06-05T16:11:41.052+0000] {logging_mixin.py:190} INFO - [2025-06-05T16:11:41.051+0000] {dagbag.py:588} INFO - Filling up the DagBag from /home/airflow/.local/lib/python3.12/site-packages/airflow/example_dags/tutorial.py
[2025-06-05T16:11:41.067+0000] {processor.py:925} INFO - DAG(s) 'tutorial' retrieved from /home/airflow/.local/lib/python3.12/site-packages/airflow/example_dags/tutorial.py
[2025-06-05T16:11:41.101+0000] {logging_mixin.py:190} INFO - [2025-06-05T16:11:41.101+0000] {dag.py:3239} INFO - Sync 1 DAGs
[2025-06-05T16:11:41.141+0000] {logging_mixin.py:190} INFO - [2025-06-05T16:11:41.141+0000] {dag.py:4180} INFO - Setting next_dagrun for tutorial to 2025-06-04 00:00:00+00:00, run_after=2025-06-05 00:00:00+00:00
[2025-06-05T16:11:41.173+0000] {processor.py:208} INFO - Processing /home/airflow/.local/lib/python3.12/site-packages/airflow/example_dags/tutorial.py took 0.134 seconds
[2025-06-05T16:12:12.063+0000] {processor.py:186} INFO - Started process (PID=4836) to work on /home/airflow/.local/lib/python3.12/site-packages/airflow/example_dags/tutorial.py
[2025-06-05T16:12:12.064+0000] {processor.py:914} INFO - Processing file /home/airflow/.local/lib/python3.12/site-packages/airflow/example_dags/tutorial.py for tasks to queue
[2025-06-05T16:12:12.067+0000] {logging_mixin.py:190} INFO - [2025-06-05T16:12:12.066+0000] {dagbag.py:588} INFO - Filling up the DagBag from /home/airflow/.local/lib/python3.12/site-packages/airflow/example_dags/tutorial.py
[2025-06-05T16:12:12.082+0000] {processor.py:925} INFO - DAG(s) 'tutorial' retrieved from /home/airflow/.local/lib/python3.12/site-packages/airflow/example_dags/tutorial.py
[2025-06-05T16:12:12.113+0000] {logging_mixin.py:190} INFO - [2025-06-05T16:12:12.113+0000] {dag.py:3239} INFO - Sync 1 DAGs
[2025-06-05T16:12:12.150+0000] {logging_mixin.py:190} INFO - [2025-06-05T16:12:12.150+0000] {dag.py:4180} INFO - Setting next_dagrun for tutorial to 2025-06-04 00:00:00+00:00, run_after=2025-06-05 00:00:00+00:00
[2025-06-05T16:12:12.182+0000] {processor.py:208} INFO - Processing /home/airflow/.local/lib/python3.12/site-packages/airflow/example_dags/tutorial.py took 0.130 seconds
[2025-06-05T16:12:42.820+0000] {processor.py:186} INFO - Started process (PID=4901) to work on /home/airflow/.local/lib/python3.12/site-packages/airflow/example_dags/tutorial.py
[2025-06-05T16:12:42.821+0000] {processor.py:914} INFO - Processing file /home/airflow/.local/lib/python3.12/site-packages/airflow/example_dags/tutorial.py for tasks to queue
[2025-06-05T16:12:42.824+0000] {logging_mixin.py:190} INFO - [2025-06-05T16:12:42.823+0000] {dagbag.py:588} INFO - Filling up the DagBag from /home/airflow/.local/lib/python3.12/site-packages/airflow/example_dags/tutorial.py
[2025-06-05T16:12:42.839+0000] {processor.py:925} INFO - DAG(s) 'tutorial' retrieved from /home/airflow/.local/lib/python3.12/site-packages/airflow/example_dags/tutorial.py
[2025-06-05T16:12:42.871+0000] {logging_mixin.py:190} INFO - [2025-06-05T16:12:42.870+0000] {dag.py:3239} INFO - Sync 1 DAGs
[2025-06-05T16:12:42.907+0000] {logging_mixin.py:190} INFO - [2025-06-05T16:12:42.907+0000] {dag.py:4180} INFO - Setting next_dagrun for tutorial to 2025-06-04 00:00:00+00:00, run_after=2025-06-05 00:00:00+00:00
[2025-06-05T16:12:42.940+0000] {processor.py:208} INFO - Processing /home/airflow/.local/lib/python3.12/site-packages/airflow/example_dags/tutorial.py took 0.130 seconds
[2025-06-05T16:13:13.189+0000] {processor.py:186} INFO - Started process (PID=4965) to work on /home/airflow/.local/lib/python3.12/site-packages/airflow/example_dags/tutorial.py
[2025-06-05T16:13:13.191+0000] {processor.py:914} INFO - Processing file /home/airflow/.local/lib/python3.12/site-packages/airflow/example_dags/tutorial.py for tasks to queue
[2025-06-05T16:13:13.193+0000] {logging_mixin.py:190} INFO - [2025-06-05T16:13:13.192+0000] {dagbag.py:588} INFO - Filling up the DagBag from /home/airflow/.local/lib/python3.12/site-packages/airflow/example_dags/tutorial.py
[2025-06-05T16:13:13.208+0000] {processor.py:925} INFO - DAG(s) 'tutorial' retrieved from /home/airflow/.local/lib/python3.12/site-packages/airflow/example_dags/tutorial.py
[2025-06-05T16:13:13.240+0000] {logging_mixin.py:190} INFO - [2025-06-05T16:13:13.240+0000] {dag.py:3239} INFO - Sync 1 DAGs
[2025-06-05T16:13:13.278+0000] {logging_mixin.py:190} INFO - [2025-06-05T16:13:13.278+0000] {dag.py:4180} INFO - Setting next_dagrun for tutorial to 2025-06-04 00:00:00+00:00, run_after=2025-06-05 00:00:00+00:00
[2025-06-05T16:13:13.310+0000] {processor.py:208} INFO - Processing /home/airflow/.local/lib/python3.12/site-packages/airflow/example_dags/tutorial.py took 0.132 seconds
[2025-06-05T16:13:43.375+0000] {processor.py:186} INFO - Started process (PID=5030) to work on /home/airflow/.local/lib/python3.12/site-packages/airflow/example_dags/tutorial.py
[2025-06-05T16:13:43.377+0000] {processor.py:914} INFO - Processing file /home/airflow/.local/lib/python3.12/site-packages/airflow/example_dags/tutorial.py for tasks to queue
[2025-06-05T16:13:43.380+0000] {logging_mixin.py:190} INFO - [2025-06-05T16:13:43.379+0000] {dagbag.py:588} INFO - Filling up the DagBag from /home/airflow/.local/lib/python3.12/site-packages/airflow/example_dags/tutorial.py
[2025-06-05T16:13:43.397+0000] {processor.py:925} INFO - DAG(s) 'tutorial' retrieved from /home/airflow/.local/lib/python3.12/site-packages/airflow/example_dags/tutorial.py
[2025-06-05T16:13:43.435+0000] {logging_mixin.py:190} INFO - [2025-06-05T16:13:43.435+0000] {dag.py:3239} INFO - Sync 1 DAGs
[2025-06-05T16:13:43.478+0000] {logging_mixin.py:190} INFO - [2025-06-05T16:13:43.478+0000] {dag.py:4180} INFO - Setting next_dagrun for tutorial to 2025-06-04 00:00:00+00:00, run_after=2025-06-05 00:00:00+00:00
[2025-06-05T16:13:43.515+0000] {processor.py:208} INFO - Processing /home/airflow/.local/lib/python3.12/site-packages/airflow/example_dags/tutorial.py took 0.151 seconds
[2025-06-05T16:14:14.100+0000] {processor.py:186} INFO - Started process (PID=5095) to work on /home/airflow/.local/lib/python3.12/site-packages/airflow/example_dags/tutorial.py
[2025-06-05T16:14:14.101+0000] {processor.py:914} INFO - Processing file /home/airflow/.local/lib/python3.12/site-packages/airflow/example_dags/tutorial.py for tasks to queue
[2025-06-05T16:14:14.104+0000] {logging_mixin.py:190} INFO - [2025-06-05T16:14:14.103+0000] {dagbag.py:588} INFO - Filling up the DagBag from /home/airflow/.local/lib/python3.12/site-packages/airflow/example_dags/tutorial.py
[2025-06-05T16:14:14.119+0000] {processor.py:925} INFO - DAG(s) 'tutorial' retrieved from /home/airflow/.local/lib/python3.12/site-packages/airflow/example_dags/tutorial.py
[2025-06-05T16:14:14.151+0000] {logging_mixin.py:190} INFO - [2025-06-05T16:14:14.151+0000] {dag.py:3239} INFO - Sync 1 DAGs
[2025-06-05T16:14:14.187+0000] {logging_mixin.py:190} INFO - [2025-06-05T16:14:14.187+0000] {dag.py:4180} INFO - Setting next_dagrun for tutorial to 2025-06-04 00:00:00+00:00, run_after=2025-06-05 00:00:00+00:00
[2025-06-05T16:14:14.216+0000] {processor.py:208} INFO - Processing /home/airflow/.local/lib/python3.12/site-packages/airflow/example_dags/tutorial.py took 0.126 seconds
[2025-06-05T16:14:47.933+0000] {processor.py:186} INFO - Started process (PID=5160) to work on /home/airflow/.local/lib/python3.12/site-packages/airflow/example_dags/tutorial.py
[2025-06-05T16:14:47.935+0000] {processor.py:914} INFO - Processing file /home/airflow/.local/lib/python3.12/site-packages/airflow/example_dags/tutorial.py for tasks to queue
[2025-06-05T16:14:47.937+0000] {logging_mixin.py:190} INFO - [2025-06-05T16:14:47.937+0000] {dagbag.py:588} INFO - Filling up the DagBag from /home/airflow/.local/lib/python3.12/site-packages/airflow/example_dags/tutorial.py
[2025-06-05T16:14:47.953+0000] {processor.py:925} INFO - DAG(s) 'tutorial' retrieved from /home/airflow/.local/lib/python3.12/site-packages/airflow/example_dags/tutorial.py
[2025-06-05T16:14:47.986+0000] {logging_mixin.py:190} INFO - [2025-06-05T16:14:47.985+0000] {dag.py:3239} INFO - Sync 1 DAGs
[2025-06-05T16:14:48.023+0000] {logging_mixin.py:190} INFO - [2025-06-05T16:14:48.023+0000] {dag.py:4180} INFO - Setting next_dagrun for tutorial to 2025-06-04 00:00:00+00:00, run_after=2025-06-05 00:00:00+00:00
[2025-06-05T16:14:48.055+0000] {processor.py:208} INFO - Processing /home/airflow/.local/lib/python3.12/site-packages/airflow/example_dags/tutorial.py took 0.132 seconds
[2025-06-05T16:15:19.728+0000] {processor.py:186} INFO - Started process (PID=5225) to work on /home/airflow/.local/lib/python3.12/site-packages/airflow/example_dags/tutorial.py
[2025-06-05T16:15:19.730+0000] {processor.py:914} INFO - Processing file /home/airflow/.local/lib/python3.12/site-packages/airflow/example_dags/tutorial.py for tasks to queue
[2025-06-05T16:15:19.732+0000] {logging_mixin.py:190} INFO - [2025-06-05T16:15:19.732+0000] {dagbag.py:588} INFO - Filling up the DagBag from /home/airflow/.local/lib/python3.12/site-packages/airflow/example_dags/tutorial.py
[2025-06-05T16:15:19.749+0000] {processor.py:925} INFO - DAG(s) 'tutorial' retrieved from /home/airflow/.local/lib/python3.12/site-packages/airflow/example_dags/tutorial.py
[2025-06-05T16:15:19.785+0000] {logging_mixin.py:190} INFO - [2025-06-05T16:15:19.784+0000] {dag.py:3239} INFO - Sync 1 DAGs
[2025-06-05T16:15:19.827+0000] {logging_mixin.py:190} INFO - [2025-06-05T16:15:19.827+0000] {dag.py:4180} INFO - Setting next_dagrun for tutorial to 2025-06-04 00:00:00+00:00, run_after=2025-06-05 00:00:00+00:00
[2025-06-05T16:15:19.860+0000] {processor.py:208} INFO - Processing /home/airflow/.local/lib/python3.12/site-packages/airflow/example_dags/tutorial.py took 0.142 seconds
[2025-06-05T16:15:50.872+0000] {processor.py:186} INFO - Started process (PID=5290) to work on /home/airflow/.local/lib/python3.12/site-packages/airflow/example_dags/tutorial.py
[2025-06-05T16:15:50.874+0000] {processor.py:914} INFO - Processing file /home/airflow/.local/lib/python3.12/site-packages/airflow/example_dags/tutorial.py for tasks to queue
[2025-06-05T16:15:50.877+0000] {logging_mixin.py:190} INFO - [2025-06-05T16:15:50.876+0000] {dagbag.py:588} INFO - Filling up the DagBag from /home/airflow/.local/lib/python3.12/site-packages/airflow/example_dags/tutorial.py
[2025-06-05T16:15:50.893+0000] {processor.py:925} INFO - DAG(s) 'tutorial' retrieved from /home/airflow/.local/lib/python3.12/site-packages/airflow/example_dags/tutorial.py
[2025-06-05T16:15:50.926+0000] {logging_mixin.py:190} INFO - [2025-06-05T16:15:50.926+0000] {dag.py:3239} INFO - Sync 1 DAGs
[2025-06-05T16:15:50.971+0000] {logging_mixin.py:190} INFO - [2025-06-05T16:15:50.970+0000] {dag.py:4180} INFO - Setting next_dagrun for tutorial to 2025-06-04 00:00:00+00:00, run_after=2025-06-05 00:00:00+00:00
[2025-06-05T16:15:51.004+0000] {processor.py:208} INFO - Processing /home/airflow/.local/lib/python3.12/site-packages/airflow/example_dags/tutorial.py took 0.143 seconds
